[2022/06/07 14:43:27.128 -05:00] [INFO] [client.go:378] ["[pd] create pd client with endpoints"] [pd-address="[10.10.1.4:2379]"]
[2022/06/07 14:43:27.135 -05:00] [INFO] [base_client.go:350] ["[pd] switch leader"] [new-leader=http://10.10.1.4:2379] [old-leader=]
[2022/06/07 14:43:27.135 -05:00] [INFO] [base_client.go:105] ["[pd] init cluster id"] [cluster-id=7106566731107235629]
[2022/06/07 14:43:27.135 -05:00] [INFO] [client.go:673] ["[pd] tso dispatcher created"] [dc-location=global]
***************** properties *****************
"tikv.batchsize"="128"
"threadcount"="100"
"scanproportion"="0"
"requestdistribution"="uniform"
"updateproportion"="0.5"
"operationcount"="1000000"
"tikv.type"="raw"
"dotransactions"="true"
"readallfields"="true"
"debug.pprof"=":6060"
"recordcount"="1000000"
"workload"="core"
"tikv.conncount"="128"
"verbose"="false"
"readproportion"="0.5"
"insertproportion"="0"
"tikv.pd"="10.10.1.4:2379"
**********************************************
READ   - Takes(s): 10.0, Count: 56869, OPS: 5712.1, Avg(us): 2211, Min(us): 607, Max(us): 110371, 99th(us): 9000, 99.9th(us): 50000, 99.99th(us): 107000
UPDATE - Takes(s): 9.9, Count: 56775, OPS: 5724.3, Avg(us): 15346, Min(us): 4523, Max(us): 136266, 99th(us): 34000, 99.9th(us): 78000, 99.99th(us): 130000
READ   - Takes(s): 20.0, Count: 116720, OPS: 5848.9, Avg(us): 2163, Min(us): 601, Max(us): 110371, 99th(us): 9000, 99.9th(us): 33000, 99.99th(us): 102000
UPDATE - Takes(s): 19.9, Count: 116671, OPS: 5857.5, Avg(us): 14937, Min(us): 4523, Max(us): 136266, 99th(us): 30000, 99.9th(us): 67000, 99.99th(us): 130000
READ   - Takes(s): 30.0, Count: 172153, OPS: 5746.9, Avg(us): 2145, Min(us): 601, Max(us): 110371, 99th(us): 8000, 99.9th(us): 25000, 99.99th(us): 101000
UPDATE - Takes(s): 29.9, Count: 172222, OPS: 5756.5, Avg(us): 15236, Min(us): 4523, Max(us): 136266, 99th(us): 33000, 99.9th(us): 67000, 99.99th(us): 128000
READ   - Takes(s): 40.0, Count: 227011, OPS: 5681.6, Avg(us): 2130, Min(us): 586, Max(us): 110371, 99th(us): 8000, 99.9th(us): 24000, 99.99th(us): 100000
UPDATE - Takes(s): 39.9, Count: 227066, OPS: 5688.3, Avg(us): 15449, Min(us): 4159, Max(us): 136266, 99th(us): 33000, 99.9th(us): 65000, 99.99th(us): 125000
READ   - Takes(s): 50.0, Count: 280899, OPS: 5623.0, Avg(us): 2115, Min(us): 586, Max(us): 110371, 99th(us): 8000, 99.9th(us): 23000, 99.99th(us): 100000
UPDATE - Takes(s): 49.9, Count: 280481, OPS: 5618.8, Avg(us): 15672, Min(us): 4159, Max(us): 136266, 99th(us): 35000, 99.9th(us): 67000, 99.99th(us): 122000
READ   - Takes(s): 60.0, Count: 336924, OPS: 5619.6, Avg(us): 2109, Min(us): 586, Max(us): 110371, 99th(us): 8000, 99.9th(us): 23000, 99.99th(us): 76000
UPDATE - Takes(s): 59.9, Count: 336103, OPS: 5609.4, Avg(us): 15702, Min(us): 4159, Max(us): 136266, 99th(us): 34000, 99.9th(us): 66000, 99.99th(us): 118000
READ   - Takes(s): 70.0, Count: 392089, OPS: 5604.8, Avg(us): 2110, Min(us): 586, Max(us): 110371, 99th(us): 8000, 99.9th(us): 23000, 99.99th(us): 70000
UPDATE - Takes(s): 69.9, Count: 391579, OPS: 5600.5, Avg(us): 15728, Min(us): 4159, Max(us): 136266, 99th(us): 35000, 99.9th(us): 67000, 99.99th(us): 116000
READ   - Takes(s): 80.0, Count: 453274, OPS: 5669.1, Avg(us): 2108, Min(us): 586, Max(us): 110371, 99th(us): 8000, 99.9th(us): 24000, 99.99th(us): 70000
UPDATE - Takes(s): 79.9, Count: 452785, OPS: 5665.6, Avg(us): 15522, Min(us): 4159, Max(us): 136266, 99th(us): 34000, 99.9th(us): 67000, 99.99th(us): 101000
Run finished, takes 1m28.941326814s
READ   - Takes(s): 88.9, Count: 500539, OPS: 5630.6, Avg(us): 2101, Min(us): 586, Max(us): 110371, 99th(us): 8000, 99.9th(us): 22000, 99.99th(us): 70000
UPDATE - Takes(s): 88.9, Count: 499457, OPS: 5620.8, Avg(us): 15502, Min(us): 4159, Max(us): 136266, 99th(us): 35000, 99.9th(us): 68000, 99.99th(us): 105000
[2022/06/07 14:44:56.078 -05:00] [INFO] [client.go:754] ["[pd] stop fetching the pending tso requests due to context canceled"] [dc-location=global]
[2022/06/07 14:44:56.078 -05:00] [INFO] [client.go:692] ["[pd] exit tso dispatcher"] [dc-location=global]
