[2022/06/07 14:11:04.643 -05:00] [INFO] [client.go:378] ["[pd] create pd client with endpoints"] [pd-address="[10.10.1.4:2379]"]
[2022/06/07 14:11:04.651 -05:00] [INFO] [base_client.go:350] ["[pd] switch leader"] [new-leader=http://10.10.1.4:2379] [old-leader=]
[2022/06/07 14:11:04.651 -05:00] [INFO] [base_client.go:105] ["[pd] init cluster id"] [cluster-id=7106566731107235629]
[2022/06/07 14:11:04.651 -05:00] [INFO] [client.go:673] ["[pd] tso dispatcher created"] [dc-location=global]
***************** properties *****************
"threadcount"="25"
"tikv.conncount"="128"
"debug.pprof"=":6060"
"readproportion"="0.5"
"tikv.pd"="10.10.1.4:2379"
"insertproportion"="0"
"requestdistribution"="uniform"
"verbose"="false"
"workload"="core"
"readallfields"="true"
"operationcount"="1000000"
"dotransactions"="true"
"recordcount"="1000000"
"updateproportion"="0.5"
"tikv.type"="raw"
"tikv.batchsize"="128"
"scanproportion"="0"
**********************************************
READ   - Takes(s): 10.0, Count: 22228, OPS: 2230.4, Avg(us): 1785, Min(us): 725, Max(us): 84517, 99th(us): 4000, 99.9th(us): 13000, 99.99th(us): 83000
UPDATE - Takes(s): 9.9, Count: 22224, OPS: 2238.9, Avg(us): 9419, Min(us): 4863, Max(us): 101622, 99th(us): 25000, 99.9th(us): 44000, 99.99th(us): 97000
READ   - Takes(s): 20.0, Count: 46817, OPS: 2344.8, Avg(us): 1737, Min(us): 725, Max(us): 84517, 99th(us): 4000, 99.9th(us): 6000, 99.99th(us): 82000
UPDATE - Takes(s): 19.9, Count: 46950, OPS: 2356.2, Avg(us): 8878, Min(us): 4570, Max(us): 101622, 99th(us): 21000, 99.9th(us): 38000, 99.99th(us): 97000
READ   - Takes(s): 30.0, Count: 71938, OPS: 2400.7, Avg(us): 1719, Min(us): 725, Max(us): 84517, 99th(us): 4000, 99.9th(us): 5000, 99.99th(us): 80000
UPDATE - Takes(s): 29.9, Count: 71802, OPS: 2399.3, Avg(us): 8685, Min(us): 4526, Max(us): 101622, 99th(us): 18000, 99.9th(us): 36000, 99.99th(us): 92000
READ   - Takes(s): 40.0, Count: 97201, OPS: 2432.1, Avg(us): 1709, Min(us): 703, Max(us): 84517, 99th(us): 3000, 99.9th(us): 5000, 99.99th(us): 36000
UPDATE - Takes(s): 39.9, Count: 96932, OPS: 2427.8, Avg(us): 8566, Min(us): 4526, Max(us): 101622, 99th(us): 17000, 99.9th(us): 35000, 99.99th(us): 76000
READ   - Takes(s): 50.0, Count: 122249, OPS: 2446.7, Avg(us): 1704, Min(us): 703, Max(us): 84517, 99th(us): 3000, 99.9th(us): 5000, 99.99th(us): 36000
UPDATE - Takes(s): 49.9, Count: 121903, OPS: 2441.7, Avg(us): 8508, Min(us): 4526, Max(us): 101622, 99th(us): 17000, 99.9th(us): 34000, 99.99th(us): 76000
READ   - Takes(s): 60.0, Count: 145367, OPS: 2424.2, Avg(us): 1703, Min(us): 703, Max(us): 84517, 99th(us): 3000, 99.9th(us): 5000, 99.99th(us): 36000
UPDATE - Takes(s): 59.9, Count: 145528, OPS: 2428.5, Avg(us): 8569, Min(us): 4526, Max(us): 101622, 99th(us): 18000, 99.9th(us): 34000, 99.99th(us): 75000
READ   - Takes(s): 70.0, Count: 170690, OPS: 2439.6, Avg(us): 1701, Min(us): 703, Max(us): 84517, 99th(us): 3000, 99.9th(us): 5000, 99.99th(us): 35000
UPDATE - Takes(s): 69.9, Count: 170834, OPS: 2443.1, Avg(us): 8508, Min(us): 4507, Max(us): 101622, 99th(us): 17000, 99.9th(us): 34000, 99.99th(us): 48000
READ   - Takes(s): 80.0, Count: 196485, OPS: 2457.1, Avg(us): 1697, Min(us): 703, Max(us): 84517, 99th(us): 3000, 99.9th(us): 5000, 99.99th(us): 35000
UPDATE - Takes(s): 79.9, Count: 196245, OPS: 2455.3, Avg(us): 8456, Min(us): 4198, Max(us): 101622, 99th(us): 17000, 99.9th(us): 33000, 99.99th(us): 47000
READ   - Takes(s): 90.0, Count: 222474, OPS: 2472.9, Avg(us): 1695, Min(us): 703, Max(us): 84517, 99th(us): 3000, 99.9th(us): 5000, 99.99th(us): 35000
UPDATE - Takes(s): 89.9, Count: 222102, OPS: 2469.8, Avg(us): 8396, Min(us): 4198, Max(us): 101622, 99th(us): 16000, 99.9th(us): 33000, 99.99th(us): 47000
READ   - Takes(s): 100.0, Count: 246275, OPS: 2463.6, Avg(us): 1694, Min(us): 703, Max(us): 84517, 99th(us): 3000, 99.9th(us): 5000, 99.99th(us): 35000
UPDATE - Takes(s): 99.9, Count: 246033, OPS: 2462.2, Avg(us): 8428, Min(us): 4198, Max(us): 101622, 99th(us): 17000, 99.9th(us): 35000, 99.99th(us): 51000
READ   - Takes(s): 110.0, Count: 267624, OPS: 2433.7, Avg(us): 1698, Min(us): 703, Max(us): 84517, 99th(us): 3000, 99.9th(us): 5000, 99.99th(us): 35000
UPDATE - Takes(s): 109.9, Count: 267469, OPS: 2433.2, Avg(us): 8546, Min(us): 4198, Max(us): 101622, 99th(us): 19000, 99.9th(us): 35000, 99.99th(us): 50000
READ   - Takes(s): 120.0, Count: 288885, OPS: 2408.1, Avg(us): 1700, Min(us): 703, Max(us): 84517, 99th(us): 3000, 99.9th(us): 5000, 99.99th(us): 35000
UPDATE - Takes(s): 119.9, Count: 289089, OPS: 2410.6, Avg(us): 8642, Min(us): 4198, Max(us): 101622, 99th(us): 20000, 99.9th(us): 34000, 99.99th(us): 50000
READ   - Takes(s): 130.0, Count: 310585, OPS: 2389.7, Avg(us): 1703, Min(us): 703, Max(us): 84517, 99th(us): 3000, 99.9th(us): 5000, 99.99th(us): 34000
UPDATE - Takes(s): 129.9, Count: 311230, OPS: 2395.4, Avg(us): 8707, Min(us): 4198, Max(us): 101622, 99th(us): 20000, 99.9th(us): 34000, 99.99th(us): 49000
READ   - Takes(s): 140.0, Count: 334512, OPS: 2390.0, Avg(us): 1705, Min(us): 703, Max(us): 84517, 99th(us): 3000, 99.9th(us): 5000, 99.99th(us): 34000
UPDATE - Takes(s): 139.9, Count: 335151, OPS: 2395.2, Avg(us): 8704, Min(us): 4198, Max(us): 101622, 99th(us): 20000, 99.9th(us): 34000, 99.99th(us): 48000
READ   - Takes(s): 150.0, Count: 358801, OPS: 2392.6, Avg(us): 1703, Min(us): 703, Max(us): 84517, 99th(us): 3000, 99.9th(us): 5000, 99.99th(us): 34000
UPDATE - Takes(s): 149.9, Count: 359391, OPS: 2397.1, Avg(us): 8697, Min(us): 4198, Max(us): 101622, 99th(us): 20000, 99.9th(us): 35000, 99.99th(us): 48000
READ   - Takes(s): 160.0, Count: 383530, OPS: 2397.6, Avg(us): 1700, Min(us): 703, Max(us): 84517, 99th(us): 3000, 99.9th(us): 5000, 99.99th(us): 34000
UPDATE - Takes(s): 159.9, Count: 384014, OPS: 2401.2, Avg(us): 8682, Min(us): 4198, Max(us): 101622, 99th(us): 20000, 99.9th(us): 34000, 99.99th(us): 47000
READ   - Takes(s): 170.0, Count: 408480, OPS: 2403.3, Avg(us): 1698, Min(us): 703, Max(us): 84517, 99th(us): 3000, 99.9th(us): 5000, 99.99th(us): 34000
UPDATE - Takes(s): 169.9, Count: 408765, OPS: 2405.6, Avg(us): 8663, Min(us): 4198, Max(us): 101622, 99th(us): 19000, 99.9th(us): 34000, 99.99th(us): 47000
READ   - Takes(s): 180.0, Count: 433386, OPS: 2408.2, Avg(us): 1696, Min(us): 703, Max(us): 84517, 99th(us): 3000, 99.9th(us): 5000, 99.99th(us): 34000
UPDATE - Takes(s): 179.9, Count: 433872, OPS: 2411.4, Avg(us): 8641, Min(us): 4198, Max(us): 101622, 99th(us): 19000, 99.9th(us): 34000, 99.99th(us): 47000
READ   - Takes(s): 190.0, Count: 458555, OPS: 2413.9, Avg(us): 1694, Min(us): 661, Max(us): 84517, 99th(us): 3000, 99.9th(us): 5000, 99.99th(us): 34000
UPDATE - Takes(s): 189.9, Count: 459063, OPS: 2417.1, Avg(us): 8619, Min(us): 4198, Max(us): 101622, 99th(us): 19000, 99.9th(us): 34000, 99.99th(us): 47000
READ   - Takes(s): 200.0, Count: 482374, OPS: 2412.3, Avg(us): 1693, Min(us): 661, Max(us): 84517, 99th(us): 3000, 99.9th(us): 5000, 99.99th(us): 34000
UPDATE - Takes(s): 199.9, Count: 482727, OPS: 2414.5, Avg(us): 8629, Min(us): 4198, Max(us): 101622, 99th(us): 19000, 99.9th(us): 34000, 99.99th(us): 50000
Run finished, takes 3m28.416926702s
READ   - Takes(s): 208.4, Count: 499989, OPS: 2399.4, Avg(us): 1693, Min(us): 661, Max(us): 84517, 99th(us): 3000, 99.9th(us): 5000, 99.99th(us): 34000
UPDATE - Takes(s): 208.3, Count: 500011, OPS: 2400.0, Avg(us): 8618, Min(us): 4198, Max(us): 101622, 99th(us): 19000, 99.9th(us): 34000, 99.99th(us): 50000
[2022/06/07 14:14:33.069 -05:00] [INFO] [client.go:754] ["[pd] stop fetching the pending tso requests due to context canceled"] [dc-location=global]
[2022/06/07 14:14:33.069 -05:00] [INFO] [client.go:692] ["[pd] exit tso dispatcher"] [dc-location=global]
