[2022/06/07 14:44:56.172 -05:00] [INFO] [client.go:378] ["[pd] create pd client with endpoints"] [pd-address="[10.10.1.4:2379]"]
[2022/06/07 14:44:56.177 -05:00] [INFO] [base_client.go:350] ["[pd] switch leader"] [new-leader=http://10.10.1.4:2379] [old-leader=]
[2022/06/07 14:44:56.177 -05:00] [INFO] [base_client.go:105] ["[pd] init cluster id"] [cluster-id=7106566731107235629]
[2022/06/07 14:44:56.178 -05:00] [INFO] [client.go:673] ["[pd] tso dispatcher created"] [dc-location=global]
***************** properties *****************
"requestdistribution"="uniform"
"workload"="core"
"readproportion"="0.5"
"dotransactions"="true"
"tikv.type"="raw"
"insertproportion"="0"
"tikv.pd"="10.10.1.4:2379"
"tikv.batchsize"="128"
"scanproportion"="0"
"verbose"="false"
"readallfields"="true"
"debug.pprof"=":6060"
"threadcount"="105"
"tikv.conncount"="128"
"updateproportion"="0.5"
"operationcount"="1000000"
"recordcount"="1000000"
**********************************************
READ   - Takes(s): 10.0, Count: 59903, OPS: 6018.5, Avg(us): 2294, Min(us): 581, Max(us): 110779, 99th(us): 9000, 99.9th(us): 50000, 99.99th(us): 102000
UPDATE - Takes(s): 9.9, Count: 59880, OPS: 6033.7, Avg(us): 15186, Min(us): 5091, Max(us): 134159, 99th(us): 29000, 99.9th(us): 94000, 99.99th(us): 126000
READ   - Takes(s): 20.0, Count: 118898, OPS: 5958.9, Avg(us): 2223, Min(us): 581, Max(us): 110779, 99th(us): 9000, 99.9th(us): 27000, 99.99th(us): 95000
UPDATE - Takes(s): 19.9, Count: 118797, OPS: 5962.5, Avg(us): 15408, Min(us): 5091, Max(us): 134159, 99th(us): 35000, 99.9th(us): 70000, 99.99th(us): 125000
READ   - Takes(s): 30.0, Count: 175818, OPS: 5869.7, Avg(us): 2211, Min(us): 581, Max(us): 110779, 99th(us): 9000, 99.9th(us): 29000, 99.99th(us): 93000
UPDATE - Takes(s): 29.9, Count: 175974, OPS: 5880.6, Avg(us): 15650, Min(us): 4952, Max(us): 134159, 99th(us): 34000, 99.9th(us): 65000, 99.99th(us): 122000
READ   - Takes(s): 40.0, Count: 230788, OPS: 5776.5, Avg(us): 2200, Min(us): 581, Max(us): 110779, 99th(us): 8000, 99.9th(us): 30000, 99.99th(us): 91000
UPDATE - Takes(s): 39.9, Count: 230798, OPS: 5780.9, Avg(us): 15959, Min(us): 4952, Max(us): 134159, 99th(us): 37000, 99.9th(us): 73000, 99.99th(us): 121000
READ   - Takes(s): 50.0, Count: 287724, OPS: 5759.9, Avg(us): 2195, Min(us): 581, Max(us): 110779, 99th(us): 8000, 99.9th(us): 29000, 99.99th(us): 82000
UPDATE - Takes(s): 49.9, Count: 288115, OPS: 5771.1, Avg(us): 15992, Min(us): 4733, Max(us): 134159, 99th(us): 36000, 99.9th(us): 72000, 99.99th(us): 119000
READ   - Takes(s): 60.0, Count: 345818, OPS: 5768.2, Avg(us): 2194, Min(us): 581, Max(us): 110779, 99th(us): 8000, 99.9th(us): 27000, 99.99th(us): 75000
UPDATE - Takes(s): 59.9, Count: 346604, OPS: 5784.1, Avg(us): 15951, Min(us): 4733, Max(us): 167629, 99th(us): 36000, 99.9th(us): 74000, 99.99th(us): 149000
READ   - Takes(s): 70.0, Count: 407503, OPS: 5825.4, Avg(us): 2198, Min(us): 581, Max(us): 110779, 99th(us): 8000, 99.9th(us): 27000, 99.99th(us): 75000
UPDATE - Takes(s): 69.9, Count: 408148, OPS: 5837.0, Avg(us): 15778, Min(us): 4733, Max(us): 167629, 99th(us): 35000, 99.9th(us): 72000, 99.99th(us): 146000
READ   - Takes(s): 80.0, Count: 468525, OPS: 5860.0, Avg(us): 2196, Min(us): 581, Max(us): 110779, 99th(us): 8000, 99.9th(us): 27000, 99.99th(us): 72000
UPDATE - Takes(s): 79.9, Count: 468783, OPS: 5865.4, Avg(us): 15689, Min(us): 4733, Max(us): 167629, 99th(us): 34000, 99.9th(us): 71000, 99.99th(us): 145000
Run finished, takes 1m26.330147273s
READ   - Takes(s): 86.3, Count: 500035, OPS: 5795.3, Avg(us): 2197, Min(us): 581, Max(us): 110779, 99th(us): 8000, 99.9th(us): 27000, 99.99th(us): 70000
UPDATE - Takes(s): 86.3, Count: 499879, OPS: 5795.4, Avg(us): 15577, Min(us): 4733, Max(us): 167629, 99th(us): 34000, 99.9th(us): 70000, 99.99th(us): 144000
[2022/06/07 14:46:22.509 -05:00] [INFO] [client.go:754] ["[pd] stop fetching the pending tso requests due to context canceled"] [dc-location=global]
[2022/06/07 14:46:22.509 -05:00] [INFO] [client.go:692] ["[pd] exit tso dispatcher"] [dc-location=global]
