[2022/06/07 14:40:22.942 -05:00] [INFO] [client.go:378] ["[pd] create pd client with endpoints"] [pd-address="[10.10.1.4:2379]"]
[2022/06/07 14:40:22.948 -05:00] [INFO] [base_client.go:350] ["[pd] switch leader"] [new-leader=http://10.10.1.4:2379] [old-leader=]
[2022/06/07 14:40:22.948 -05:00] [INFO] [base_client.go:105] ["[pd] init cluster id"] [cluster-id=7106566731107235629]
[2022/06/07 14:40:22.949 -05:00] [INFO] [client.go:673] ["[pd] tso dispatcher created"] [dc-location=global]
***************** properties *****************
"recordcount"="1000000"
"tikv.pd"="10.10.1.4:2379"
"workload"="core"
"tikv.batchsize"="128"
"updateproportion"="0.5"
"tikv.conncount"="128"
"tikv.type"="raw"
"readallfields"="true"
"debug.pprof"=":6060"
"readproportion"="0.5"
"insertproportion"="0"
"dotransactions"="true"
"operationcount"="1000000"
"requestdistribution"="uniform"
"verbose"="false"
"threadcount"="90"
"scanproportion"="0"
**********************************************
READ   - Takes(s): 10.0, Count: 55358, OPS: 5560.9, Avg(us): 2145, Min(us): 632, Max(us): 101323, 99th(us): 8000, 99.9th(us): 48000, 99.99th(us): 96000
UPDATE - Takes(s): 9.9, Count: 55295, OPS: 5571.5, Avg(us): 14080, Min(us): 5478, Max(us): 124712, 99th(us): 26000, 99.9th(us): 68000, 99.99th(us): 121000
READ   - Takes(s): 20.0, Count: 110553, OPS: 5540.1, Avg(us): 2118, Min(us): 609, Max(us): 101323, 99th(us): 8000, 99.9th(us): 32000, 99.99th(us): 94000
UPDATE - Takes(s): 19.9, Count: 110834, OPS: 5562.6, Avg(us): 14087, Min(us): 4888, Max(us): 124712, 99th(us): 29000, 99.9th(us): 69000, 99.99th(us): 117000
READ   - Takes(s): 30.0, Count: 167473, OPS: 5590.8, Avg(us): 2085, Min(us): 609, Max(us): 101323, 99th(us): 8000, 99.9th(us): 29000, 99.99th(us): 93000
UPDATE - Takes(s): 29.9, Count: 168209, OPS: 5621.1, Avg(us): 13937, Min(us): 4888, Max(us): 124712, 99th(us): 28000, 99.9th(us): 68000, 99.99th(us): 116000
READ   - Takes(s): 40.0, Count: 221644, OPS: 5547.4, Avg(us): 2069, Min(us): 609, Max(us): 101323, 99th(us): 8000, 99.9th(us): 25000, 99.99th(us): 92000
UPDATE - Takes(s): 39.9, Count: 222346, OPS: 5569.2, Avg(us): 14090, Min(us): 4888, Max(us): 124712, 99th(us): 29000, 99.9th(us): 64000, 99.99th(us): 113000
READ   - Takes(s): 50.0, Count: 273708, OPS: 5479.1, Avg(us): 2074, Min(us): 609, Max(us): 101323, 99th(us): 7000, 99.9th(us): 25000, 99.99th(us): 91000
UPDATE - Takes(s): 49.9, Count: 273923, OPS: 5486.8, Avg(us): 14319, Min(us): 4888, Max(us): 124712, 99th(us): 30000, 99.9th(us): 64000, 99.99th(us): 109000
READ   - Takes(s): 60.0, Count: 324126, OPS: 5406.2, Avg(us): 2069, Min(us): 609, Max(us): 101323, 99th(us): 7000, 99.9th(us): 24000, 99.99th(us): 72000
UPDATE - Takes(s): 59.9, Count: 324444, OPS: 5414.2, Avg(us): 14541, Min(us): 4888, Max(us): 124712, 99th(us): 31000, 99.9th(us): 63000, 99.99th(us): 97000
READ   - Takes(s): 70.0, Count: 374421, OPS: 5352.3, Avg(us): 2061, Min(us): 609, Max(us): 101323, 99th(us): 7000, 99.9th(us): 22000, 99.99th(us): 68000
UPDATE - Takes(s): 69.9, Count: 374587, OPS: 5357.0, Avg(us): 14723, Min(us): 4888, Max(us): 124712, 99th(us): 32000, 99.9th(us): 69000, 99.99th(us): 107000
READ   - Takes(s): 80.0, Count: 426551, OPS: 5334.9, Avg(us): 2065, Min(us): 609, Max(us): 101323, 99th(us): 7000, 99.9th(us): 22000, 99.99th(us): 67000
UPDATE - Takes(s): 79.9, Count: 426960, OPS: 5342.0, Avg(us): 14765, Min(us): 4888, Max(us): 124712, 99th(us): 31000, 99.9th(us): 67000, 99.99th(us): 104000
READ   - Takes(s): 90.0, Count: 480343, OPS: 5339.8, Avg(us): 2068, Min(us): 609, Max(us): 101323, 99th(us): 7000, 99.9th(us): 21000, 99.99th(us): 65000
UPDATE - Takes(s): 89.9, Count: 481343, OPS: 5352.7, Avg(us): 14729, Min(us): 4888, Max(us): 124712, 99th(us): 32000, 99.9th(us): 66000, 99.99th(us): 98000
Run finished, takes 1m34.312346561s
READ   - Takes(s): 94.3, Count: 499464, OPS: 5298.4, Avg(us): 2070, Min(us): 609, Max(us): 101323, 99th(us): 7000, 99.9th(us): 23000, 99.99th(us): 68000
UPDATE - Takes(s): 94.2, Count: 500526, OPS: 5311.4, Avg(us): 14678, Min(us): 4888, Max(us): 124712, 99th(us): 31000, 99.9th(us): 66000, 99.99th(us): 97000
[2022/06/07 14:41:57.263 -05:00] [INFO] [client.go:754] ["[pd] stop fetching the pending tso requests due to context canceled"] [dc-location=global]
[2022/06/07 14:41:57.263 -05:00] [INFO] [client.go:692] ["[pd] exit tso dispatcher"] [dc-location=global]
