[2022/06/07 14:38:45.826 -05:00] [INFO] [client.go:378] ["[pd] create pd client with endpoints"] [pd-address="[10.10.1.4:2379]"]
[2022/06/07 14:38:45.832 -05:00] [INFO] [base_client.go:350] ["[pd] switch leader"] [new-leader=http://10.10.1.4:2379] [old-leader=]
[2022/06/07 14:38:45.832 -05:00] [INFO] [base_client.go:105] ["[pd] init cluster id"] [cluster-id=7106566731107235629]
[2022/06/07 14:38:45.832 -05:00] [INFO] [client.go:673] ["[pd] tso dispatcher created"] [dc-location=global]
***************** properties *****************
"insertproportion"="0"
"requestdistribution"="uniform"
"operationcount"="1000000"
"tikv.conncount"="128"
"recordcount"="1000000"
"tikv.pd"="10.10.1.4:2379"
"tikv.batchsize"="128"
"dotransactions"="true"
"tikv.type"="raw"
"readproportion"="0.5"
"debug.pprof"=":6060"
"scanproportion"="0"
"workload"="core"
"verbose"="false"
"readallfields"="true"
"updateproportion"="0.5"
"threadcount"="85"
**********************************************
READ   - Takes(s): 10.0, Count: 50276, OPS: 5048.8, Avg(us): 2195, Min(us): 657, Max(us): 102650, 99th(us): 8000, 99.9th(us): 51000, 99.99th(us): 101000
UPDATE - Takes(s): 9.9, Count: 50228, OPS: 5061.9, Avg(us): 14672, Min(us): 5387, Max(us): 122335, 99th(us): 33000, 99.9th(us): 72000, 99.99th(us): 119000
READ   - Takes(s): 20.0, Count: 104783, OPS: 5250.2, Avg(us): 2144, Min(us): 640, Max(us): 102650, 99th(us): 8000, 99.9th(us): 30000, 99.99th(us): 98000
UPDATE - Takes(s): 19.9, Count: 104756, OPS: 5258.1, Avg(us): 14041, Min(us): 4471, Max(us): 122335, 99th(us): 29000, 99.9th(us): 59000, 99.99th(us): 114000
READ   - Takes(s): 30.0, Count: 158642, OPS: 5295.5, Avg(us): 2115, Min(us): 603, Max(us): 102650, 99th(us): 8000, 99.9th(us): 25000, 99.99th(us): 86000
UPDATE - Takes(s): 29.9, Count: 158571, OPS: 5299.4, Avg(us): 13926, Min(us): 4471, Max(us): 122335, 99th(us): 30000, 99.9th(us): 55000, 99.99th(us): 104000
READ   - Takes(s): 40.0, Count: 214349, OPS: 5364.4, Avg(us): 2092, Min(us): 603, Max(us): 102650, 99th(us): 8000, 99.9th(us): 23000, 99.99th(us): 84000
UPDATE - Takes(s): 39.9, Count: 214630, OPS: 5376.1, Avg(us): 13714, Min(us): 4471, Max(us): 122335, 99th(us): 29000, 99.9th(us): 54000, 99.99th(us): 101000
READ   - Takes(s): 50.0, Count: 267541, OPS: 5355.3, Avg(us): 2076, Min(us): 603, Max(us): 102650, 99th(us): 8000, 99.9th(us): 22000, 99.99th(us): 71000
UPDATE - Takes(s): 49.9, Count: 267831, OPS: 5364.9, Avg(us): 13758, Min(us): 4471, Max(us): 122335, 99th(us): 30000, 99.9th(us): 54000, 99.99th(us): 96000
READ   - Takes(s): 60.0, Count: 318277, OPS: 5308.3, Avg(us): 2057, Min(us): 603, Max(us): 102650, 99th(us): 7000, 99.9th(us): 21000, 99.99th(us): 67000
UPDATE - Takes(s): 59.9, Count: 318566, OPS: 5316.3, Avg(us): 13918, Min(us): 4471, Max(us): 122335, 99th(us): 30000, 99.9th(us): 54000, 99.99th(us): 87000
READ   - Takes(s): 70.0, Count: 367749, OPS: 5256.7, Avg(us): 2058, Min(us): 603, Max(us): 102650, 99th(us): 7000, 99.9th(us): 21000, 99.99th(us): 65000
UPDATE - Takes(s): 69.9, Count: 367839, OPS: 5260.7, Avg(us): 14082, Min(us): 4471, Max(us): 122335, 99th(us): 31000, 99.9th(us): 54000, 99.99th(us): 81000
READ   - Takes(s): 80.0, Count: 417240, OPS: 5218.2, Avg(us): 2050, Min(us): 603, Max(us): 102650, 99th(us): 7000, 99.9th(us): 21000, 99.99th(us): 62000
UPDATE - Takes(s): 79.9, Count: 417320, OPS: 5221.5, Avg(us): 14210, Min(us): 4318, Max(us): 122335, 99th(us): 31000, 99.9th(us): 60000, 99.99th(us): 89000
READ   - Takes(s): 90.0, Count: 471675, OPS: 5243.3, Avg(us): 2053, Min(us): 603, Max(us): 102650, 99th(us): 7000, 99.9th(us): 20000, 99.99th(us): 62000
UPDATE - Takes(s): 89.9, Count: 471777, OPS: 5246.5, Avg(us): 14128, Min(us): 4318, Max(us): 122335, 99th(us): 31000, 99.9th(us): 59000, 99.99th(us): 83000
Run finished, takes 1m37.009162748s
READ   - Takes(s): 97.0, Count: 499807, OPS: 5154.4, Avg(us): 2048, Min(us): 603, Max(us): 102650, 99th(us): 7000, 99.9th(us): 19000, 99.99th(us): 62000
UPDATE - Takes(s): 96.9, Count: 500133, OPS: 5159.6, Avg(us): 14095, Min(us): 4318, Max(us): 122335, 99th(us): 31000, 99.9th(us): 60000, 99.99th(us): 81000
[2022/06/07 14:40:22.843 -05:00] [INFO] [client.go:754] ["[pd] stop fetching the pending tso requests due to context canceled"] [dc-location=global]
[2022/06/07 14:40:22.843 -05:00] [INFO] [client.go:692] ["[pd] exit tso dispatcher"] [dc-location=global]
