[2022/06/07 14:25:18.826 -05:00] [INFO] [client.go:378] ["[pd] create pd client with endpoints"] [pd-address="[10.10.1.4:2379]"]
[2022/06/07 14:25:18.832 -05:00] [INFO] [base_client.go:350] ["[pd] switch leader"] [new-leader=http://10.10.1.4:2379] [old-leader=]
[2022/06/07 14:25:18.832 -05:00] [INFO] [base_client.go:105] ["[pd] init cluster id"] [cluster-id=7106566731107235629]
[2022/06/07 14:25:18.832 -05:00] [INFO] [client.go:673] ["[pd] tso dispatcher created"] [dc-location=global]
***************** properties *****************
"insertproportion"="0"
"tikv.pd"="10.10.1.4:2379"
"tikv.conncount"="128"
"threadcount"="50"
"updateproportion"="0.5"
"readproportion"="0.5"
"tikv.batchsize"="128"
"workload"="core"
"dotransactions"="true"
"readallfields"="true"
"operationcount"="1000000"
"scanproportion"="0"
"recordcount"="1000000"
"verbose"="false"
"requestdistribution"="uniform"
"debug.pprof"=":6060"
"tikv.type"="raw"
**********************************************
READ   - Takes(s): 10.0, Count: 37733, OPS: 3788.0, Avg(us): 1862, Min(us): 656, Max(us): 86962, 99th(us): 5000, 99.9th(us): 34000, 99.99th(us): 84000
UPDATE - Takes(s): 9.9, Count: 37871, OPS: 3815.0, Avg(us): 11301, Min(us): 4846, Max(us): 103188, 99th(us): 21000, 99.9th(us): 52000, 99.99th(us): 102000
READ   - Takes(s): 20.0, Count: 73013, OPS: 3657.8, Avg(us): 1836, Min(us): 656, Max(us): 86962, 99th(us): 5000, 99.9th(us): 14000, 99.99th(us): 63000
UPDATE - Takes(s): 19.9, Count: 73398, OPS: 3683.5, Avg(us): 11757, Min(us): 4846, Max(us): 103188, 99th(us): 27000, 99.9th(us): 46000, 99.99th(us): 97000
READ   - Takes(s): 30.0, Count: 107844, OPS: 3599.5, Avg(us): 1837, Min(us): 656, Max(us): 86962, 99th(us): 5000, 99.9th(us): 12000, 99.99th(us): 49000
UPDATE - Takes(s): 29.9, Count: 108159, OPS: 3614.2, Avg(us): 11997, Min(us): 4846, Max(us): 103188, 99th(us): 27000, 99.9th(us): 44000, 99.99th(us): 97000
READ   - Takes(s): 40.0, Count: 141901, OPS: 3551.0, Avg(us): 1832, Min(us): 656, Max(us): 86962, 99th(us): 5000, 99.9th(us): 10000, 99.99th(us): 46000
UPDATE - Takes(s): 39.9, Count: 142737, OPS: 3575.0, Avg(us): 12151, Min(us): 4846, Max(us): 103188, 99th(us): 28000, 99.9th(us): 43000, 99.99th(us): 75000
READ   - Takes(s): 50.0, Count: 177027, OPS: 3543.3, Avg(us): 1830, Min(us): 656, Max(us): 86962, 99th(us): 5000, 99.9th(us): 9000, 99.99th(us): 46000
UPDATE - Takes(s): 49.9, Count: 178047, OPS: 3566.2, Avg(us): 12183, Min(us): 4846, Max(us): 103188, 99th(us): 28000, 99.9th(us): 50000, 99.99th(us): 86000
READ   - Takes(s): 60.0, Count: 217006, OPS: 3619.1, Avg(us): 1822, Min(us): 641, Max(us): 86962, 99th(us): 5000, 99.9th(us): 9000, 99.99th(us): 45000
UPDATE - Takes(s): 59.9, Count: 218124, OPS: 3639.9, Avg(us): 11904, Min(us): 4846, Max(us): 103188, 99th(us): 27000, 99.9th(us): 47000, 99.99th(us): 83000
READ   - Takes(s): 70.0, Count: 255861, OPS: 3657.2, Avg(us): 1817, Min(us): 635, Max(us): 86962, 99th(us): 5000, 99.9th(us): 8000, 99.99th(us): 44000
UPDATE - Takes(s): 69.9, Count: 257227, OPS: 3678.6, Avg(us): 11762, Min(us): 4476, Max(us): 103188, 99th(us): 27000, 99.9th(us): 46000, 99.99th(us): 81000
READ   - Takes(s): 80.0, Count: 292781, OPS: 3661.6, Avg(us): 1818, Min(us): 635, Max(us): 86962, 99th(us): 5000, 99.9th(us): 9000, 99.99th(us): 43000
UPDATE - Takes(s): 79.9, Count: 294483, OPS: 3684.4, Avg(us): 11738, Min(us): 4476, Max(us): 103188, 99th(us): 27000, 99.9th(us): 46000, 99.99th(us): 77000
READ   - Takes(s): 90.0, Count: 332081, OPS: 3691.4, Avg(us): 1817, Min(us): 635, Max(us): 86962, 99th(us): 5000, 99.9th(us): 8000, 99.99th(us): 43000
UPDATE - Takes(s): 89.9, Count: 333404, OPS: 3707.5, Avg(us): 11651, Min(us): 4135, Max(us): 103188, 99th(us): 26000, 99.9th(us): 45000, 99.99th(us): 75000
READ   - Takes(s): 100.0, Count: 371279, OPS: 3714.2, Avg(us): 1816, Min(us): 635, Max(us): 86962, 99th(us): 5000, 99.9th(us): 8000, 99.99th(us): 42000
UPDATE - Takes(s): 99.9, Count: 372753, OPS: 3730.3, Avg(us): 11568, Min(us): 4135, Max(us): 103188, 99th(us): 26000, 99.9th(us): 44000, 99.99th(us): 73000
READ   - Takes(s): 110.0, Count: 409123, OPS: 3720.6, Avg(us): 1817, Min(us): 635, Max(us): 86962, 99th(us): 5000, 99.9th(us): 8000, 99.99th(us): 42000
UPDATE - Takes(s): 109.9, Count: 410116, OPS: 3730.8, Avg(us): 11562, Min(us): 4135, Max(us): 103188, 99th(us): 26000, 99.9th(us): 46000, 99.99th(us): 81000
READ   - Takes(s): 120.0, Count: 449282, OPS: 3745.2, Avg(us): 1816, Min(us): 635, Max(us): 86962, 99th(us): 5000, 99.9th(us): 8000, 99.99th(us): 43000
UPDATE - Takes(s): 119.9, Count: 450063, OPS: 3752.8, Avg(us): 11483, Min(us): 4135, Max(us): 103188, 99th(us): 25000, 99.9th(us): 45000, 99.99th(us): 81000
READ   - Takes(s): 130.0, Count: 489153, OPS: 3763.8, Avg(us): 1812, Min(us): 635, Max(us): 86962, 99th(us): 5000, 99.9th(us): 8000, 99.99th(us): 43000
UPDATE - Takes(s): 129.9, Count: 490318, OPS: 3773.8, Avg(us): 11413, Min(us): 4135, Max(us): 103188, 99th(us): 25000, 99.9th(us): 44000, 99.99th(us): 77000
Run finished, takes 2m13.753862764s
READ   - Takes(s): 133.7, Count: 499436, OPS: 3735.1, Avg(us): 1811, Min(us): 635, Max(us): 86962, 99th(us): 5000, 99.9th(us): 8000, 99.99th(us): 44000
UPDATE - Takes(s): 133.7, Count: 500564, OPS: 3744.5, Avg(us): 11387, Min(us): 4135, Max(us): 103188, 99th(us): 25000, 99.9th(us): 45000, 99.99th(us): 77000
[2022/06/07 14:27:32.587 -05:00] [INFO] [client.go:754] ["[pd] stop fetching the pending tso requests due to context canceled"] [dc-location=global]
[2022/06/07 14:27:32.587 -05:00] [INFO] [client.go:692] ["[pd] exit tso dispatcher"] [dc-location=global]
