[2022/06/07 14:06:50.014 -05:00] [INFO] [client.go:378] ["[pd] create pd client with endpoints"] [pd-address="[10.10.1.4:2379]"]
[2022/06/07 14:06:50.022 -05:00] [INFO] [base_client.go:350] ["[pd] switch leader"] [new-leader=http://10.10.1.4:2379] [old-leader=]
[2022/06/07 14:06:50.022 -05:00] [INFO] [base_client.go:105] ["[pd] init cluster id"] [cluster-id=7106566731107235629]
[2022/06/07 14:06:50.022 -05:00] [INFO] [client.go:673] ["[pd] tso dispatcher created"] [dc-location=global]
***************** properties *****************
"requestdistribution"="uniform"
"tikv.pd"="10.10.1.4:2379"
"tikv.batchsize"="128"
"threadcount"="20"
"readproportion"="0.5"
"readallfields"="true"
"workload"="core"
"insertproportion"="0"
"verbose"="false"
"tikv.type"="raw"
"recordcount"="1000000"
"debug.pprof"=":6060"
"tikv.conncount"="128"
"operationcount"="1000000"
"scanproportion"="0"
"dotransactions"="true"
"updateproportion"="0.5"
**********************************************
READ   - Takes(s): 10.0, Count: 19462, OPS: 1953.9, Avg(us): 1779, Min(us): 752, Max(us): 85116, 99th(us): 3000, 99.9th(us): 15000, 99.99th(us): 85000
UPDATE - Takes(s): 9.9, Count: 19524, OPS: 1964.8, Avg(us): 8423, Min(us): 4731, Max(us): 97621, 99th(us): 15000, 99.9th(us): 19000, 99.99th(us): 96000
READ   - Takes(s): 20.0, Count: 39385, OPS: 1973.1, Avg(us): 1753, Min(us): 724, Max(us): 85116, 99th(us): 3000, 99.9th(us): 6000, 99.99th(us): 85000
UPDATE - Takes(s): 19.9, Count: 39235, OPS: 1968.0, Avg(us): 8393, Min(us): 4731, Max(us): 97621, 99th(us): 15000, 99.9th(us): 18000, 99.99th(us): 96000
READ   - Takes(s): 30.0, Count: 57790, OPS: 1928.9, Avg(us): 1748, Min(us): 724, Max(us): 85116, 99th(us): 3000, 99.9th(us): 6000, 99.99th(us): 85000
UPDATE - Takes(s): 29.9, Count: 57892, OPS: 1933.8, Avg(us): 8577, Min(us): 4731, Max(us): 97621, 99th(us): 18000, 99.9th(us): 38000, 99.99th(us): 95000
READ   - Takes(s): 40.0, Count: 77164, OPS: 1931.0, Avg(us): 1743, Min(us): 716, Max(us): 85116, 99th(us): 3000, 99.9th(us): 5000, 99.99th(us): 40000
UPDATE - Takes(s): 39.9, Count: 77829, OPS: 1948.8, Avg(us): 8511, Min(us): 4339, Max(us): 97621, 99th(us): 17000, 99.9th(us): 34000, 99.99th(us): 64000
READ   - Takes(s): 50.0, Count: 97531, OPS: 1952.2, Avg(us): 1738, Min(us): 716, Max(us): 85116, 99th(us): 3000, 99.9th(us): 5000, 99.99th(us): 34000
UPDATE - Takes(s): 49.9, Count: 97941, OPS: 1961.3, Avg(us): 8440, Min(us): 4339, Max(us): 97621, 99th(us): 16000, 99.9th(us): 33000, 99.99th(us): 59000
READ   - Takes(s): 60.0, Count: 117875, OPS: 1965.9, Avg(us): 1731, Min(us): 716, Max(us): 85116, 99th(us): 3000, 99.9th(us): 5000, 99.99th(us): 33000
UPDATE - Takes(s): 59.9, Count: 118144, OPS: 1971.2, Avg(us): 8391, Min(us): 4339, Max(us): 97621, 99th(us): 16000, 99.9th(us): 32000, 99.99th(us): 57000
READ   - Takes(s): 70.0, Count: 137744, OPS: 1968.9, Avg(us): 1729, Min(us): 716, Max(us): 85116, 99th(us): 3000, 99.9th(us): 5000, 99.99th(us): 32000
UPDATE - Takes(s): 69.9, Count: 138179, OPS: 1975.8, Avg(us): 8370, Min(us): 4339, Max(us): 97621, 99th(us): 15000, 99.9th(us): 31000, 99.99th(us): 55000
READ   - Takes(s): 80.0, Count: 157811, OPS: 1973.6, Avg(us): 1725, Min(us): 716, Max(us): 85116, 99th(us): 3000, 99.9th(us): 5000, 99.99th(us): 32000
UPDATE - Takes(s): 79.9, Count: 158282, OPS: 1980.1, Avg(us): 8350, Min(us): 4339, Max(us): 97621, 99th(us): 15000, 99.9th(us): 30000, 99.99th(us): 52000
READ   - Takes(s): 90.0, Count: 177391, OPS: 1971.9, Avg(us): 1723, Min(us): 716, Max(us): 85116, 99th(us): 3000, 99.9th(us): 5000, 99.99th(us): 31000
UPDATE - Takes(s): 89.9, Count: 177604, OPS: 1974.8, Avg(us): 8375, Min(us): 4339, Max(us): 97621, 99th(us): 16000, 99.9th(us): 32000, 99.99th(us): 54000
READ   - Takes(s): 100.0, Count: 198222, OPS: 1983.0, Avg(us): 1720, Min(us): 670, Max(us): 85116, 99th(us): 3000, 99.9th(us): 5000, 99.99th(us): 32000
UPDATE - Takes(s): 99.9, Count: 198226, OPS: 1983.5, Avg(us): 8331, Min(us): 4339, Max(us): 97621, 99th(us): 16000, 99.9th(us): 32000, 99.99th(us): 52000
READ   - Takes(s): 110.0, Count: 218931, OPS: 1991.0, Avg(us): 1717, Min(us): 670, Max(us): 85116, 99th(us): 3000, 99.9th(us): 5000, 99.99th(us): 32000
UPDATE - Takes(s): 109.9, Count: 218751, OPS: 1989.8, Avg(us): 8300, Min(us): 4339, Max(us): 97621, 99th(us): 16000, 99.9th(us): 31000, 99.99th(us): 52000
READ   - Takes(s): 120.0, Count: 239204, OPS: 1994.0, Avg(us): 1714, Min(us): 670, Max(us): 85116, 99th(us): 3000, 99.9th(us): 5000, 99.99th(us): 31000
UPDATE - Takes(s): 119.9, Count: 239233, OPS: 1994.7, Avg(us): 8280, Min(us): 4339, Max(us): 97621, 99th(us): 15000, 99.9th(us): 31000, 99.99th(us): 50000
READ   - Takes(s): 130.0, Count: 259758, OPS: 1998.7, Avg(us): 1712, Min(us): 670, Max(us): 85116, 99th(us): 3000, 99.9th(us): 5000, 99.99th(us): 32000
UPDATE - Takes(s): 129.9, Count: 259698, OPS: 1998.7, Avg(us): 8261, Min(us): 4319, Max(us): 97621, 99th(us): 15000, 99.9th(us): 31000, 99.99th(us): 48000
READ   - Takes(s): 140.0, Count: 279505, OPS: 1997.0, Avg(us): 1711, Min(us): 670, Max(us): 85116, 99th(us): 3000, 99.9th(us): 5000, 99.99th(us): 31000
UPDATE - Takes(s): 139.9, Count: 279441, OPS: 1996.9, Avg(us): 8271, Min(us): 4319, Max(us): 97621, 99th(us): 16000, 99.9th(us): 31000, 99.99th(us): 49000
READ   - Takes(s): 150.0, Count: 296287, OPS: 1975.8, Avg(us): 1715, Min(us): 670, Max(us): 85116, 99th(us): 3000, 99.9th(us): 5000, 99.99th(us): 31000
UPDATE - Takes(s): 149.9, Count: 296457, OPS: 1977.2, Avg(us): 8368, Min(us): 4319, Max(us): 97621, 99th(us): 17000, 99.9th(us): 31000, 99.99th(us): 48000
READ   - Takes(s): 160.0, Count: 313523, OPS: 1960.0, Avg(us): 1716, Min(us): 670, Max(us): 85116, 99th(us): 3000, 99.9th(us): 5000, 99.99th(us): 31000
UPDATE - Takes(s): 159.9, Count: 314029, OPS: 1963.5, Avg(us): 8439, Min(us): 4319, Max(us): 97621, 99th(us): 18000, 99.9th(us): 31000, 99.99th(us): 47000
READ   - Takes(s): 170.0, Count: 331456, OPS: 1950.2, Avg(us): 1717, Min(us): 670, Max(us): 85116, 99th(us): 3000, 99.9th(us): 5000, 99.99th(us): 31000
UPDATE - Takes(s): 169.9, Count: 332027, OPS: 1953.8, Avg(us): 8488, Min(us): 4319, Max(us): 97621, 99th(us): 18000, 99.9th(us): 31000, 99.99th(us): 46000
READ   - Takes(s): 180.0, Count: 349881, OPS: 1944.2, Avg(us): 1720, Min(us): 670, Max(us): 85116, 99th(us): 3000, 99.9th(us): 5000, 99.99th(us): 31000
UPDATE - Takes(s): 179.9, Count: 350586, OPS: 1948.4, Avg(us): 8515, Min(us): 4319, Max(us): 97621, 99th(us): 18000, 99.9th(us): 31000, 99.99th(us): 46000
READ   - Takes(s): 190.0, Count: 370160, OPS: 1948.6, Avg(us): 1719, Min(us): 670, Max(us): 85116, 99th(us): 3000, 99.9th(us): 5000, 99.99th(us): 31000
UPDATE - Takes(s): 189.9, Count: 370920, OPS: 1952.9, Avg(us): 8491, Min(us): 4319, Max(us): 97621, 99th(us): 18000, 99.9th(us): 30000, 99.99th(us): 46000
READ   - Takes(s): 200.0, Count: 390501, OPS: 1952.9, Avg(us): 1717, Min(us): 670, Max(us): 85116, 99th(us): 3000, 99.9th(us): 5000, 99.99th(us): 31000
UPDATE - Takes(s): 199.9, Count: 391249, OPS: 1956.9, Avg(us): 8472, Min(us): 4319, Max(us): 97621, 99th(us): 18000, 99.9th(us): 30000, 99.99th(us): 46000
READ   - Takes(s): 210.0, Count: 410191, OPS: 1953.7, Avg(us): 1717, Min(us): 670, Max(us): 85116, 99th(us): 3000, 99.9th(us): 5000, 99.99th(us): 31000
UPDATE - Takes(s): 209.9, Count: 410821, OPS: 1956.9, Avg(us): 8472, Min(us): 4319, Max(us): 97621, 99th(us): 18000, 99.9th(us): 31000, 99.99th(us): 46000
READ   - Takes(s): 220.0, Count: 430438, OPS: 1956.9, Avg(us): 1715, Min(us): 670, Max(us): 85116, 99th(us): 3000, 99.9th(us): 5000, 99.99th(us): 30000
UPDATE - Takes(s): 219.9, Count: 431153, OPS: 1960.3, Avg(us): 8456, Min(us): 4319, Max(us): 142455, 99th(us): 18000, 99.9th(us): 31000, 99.99th(us): 52000
READ   - Takes(s): 230.0, Count: 451422, OPS: 1963.0, Avg(us): 1713, Min(us): 670, Max(us): 85116, 99th(us): 3000, 99.9th(us): 5000, 99.99th(us): 31000
UPDATE - Takes(s): 229.9, Count: 452122, OPS: 1966.3, Avg(us): 8426, Min(us): 4319, Max(us): 142455, 99th(us): 18000, 99.9th(us): 31000, 99.99th(us): 50000
READ   - Takes(s): 240.0, Count: 472453, OPS: 1968.9, Avg(us): 1711, Min(us): 670, Max(us): 85116, 99th(us): 3000, 99.9th(us): 5000, 99.99th(us): 31000
UPDATE - Takes(s): 239.9, Count: 472846, OPS: 1970.7, Avg(us): 8404, Min(us): 4319, Max(us): 154892, 99th(us): 18000, 99.9th(us): 31000, 99.99th(us): 59000
READ   - Takes(s): 250.0, Count: 493126, OPS: 1972.8, Avg(us): 1710, Min(us): 670, Max(us): 85116, 99th(us): 3000, 99.9th(us): 5000, 99.99th(us): 31000
UPDATE - Takes(s): 249.9, Count: 493459, OPS: 1974.3, Avg(us): 8387, Min(us): 4319, Max(us): 154892, 99th(us): 17000, 99.9th(us): 31000, 99.99th(us): 57000
Run finished, takes 4m14.49516202s
READ   - Takes(s): 254.5, Count: 499800, OPS: 1964.2, Avg(us): 1709, Min(us): 670, Max(us): 85116, 99th(us): 3000, 99.9th(us): 5000, 99.99th(us): 31000
UPDATE - Takes(s): 254.4, Count: 500198, OPS: 1965.9, Avg(us): 8382, Min(us): 4319, Max(us): 154892, 99th(us): 17000, 99.9th(us): 31000, 99.99th(us): 57000
[2022/06/07 14:11:04.518 -05:00] [INFO] [client.go:754] ["[pd] stop fetching the pending tso requests due to context canceled"] [dc-location=global]
[2022/06/07 14:11:04.518 -05:00] [INFO] [client.go:692] ["[pd] exit tso dispatcher"] [dc-location=global]
