[2022/06/07 14:29:38.999 -05:00] [INFO] [client.go:378] ["[pd] create pd client with endpoints"] [pd-address="[10.10.1.4:2379]"]
[2022/06/07 14:29:39.004 -05:00] [INFO] [base_client.go:350] ["[pd] switch leader"] [new-leader=http://10.10.1.4:2379] [old-leader=]
[2022/06/07 14:29:39.005 -05:00] [INFO] [base_client.go:105] ["[pd] init cluster id"] [cluster-id=7106566731107235629]
[2022/06/07 14:29:39.005 -05:00] [INFO] [client.go:673] ["[pd] tso dispatcher created"] [dc-location=global]
***************** properties *****************
"recordcount"="1000000"
"verbose"="false"
"threadcount"="60"
"insertproportion"="0"
"tikv.batchsize"="128"
"requestdistribution"="uniform"
"readproportion"="0.5"
"tikv.type"="raw"
"tikv.conncount"="128"
"workload"="core"
"operationcount"="1000000"
"debug.pprof"=":6060"
"tikv.pd"="10.10.1.4:2379"
"scanproportion"="0"
"updateproportion"="0.5"
"dotransactions"="true"
"readallfields"="true"
**********************************************
READ   - Takes(s): 10.0, Count: 37882, OPS: 3802.8, Avg(us): 1962, Min(us): 704, Max(us): 79411, 99th(us): 5000, 99.9th(us): 36000, 99.99th(us): 79000
UPDATE - Takes(s): 9.9, Count: 38212, OPS: 3847.6, Avg(us): 13702, Min(us): 5106, Max(us): 102578, 99th(us): 29000, 99.9th(us): 59000, 99.99th(us): 101000
READ   - Takes(s): 20.0, Count: 77898, OPS: 3902.1, Avg(us): 1913, Min(us): 651, Max(us): 79411, 99th(us): 5000, 99.9th(us): 16000, 99.99th(us): 76000
UPDATE - Takes(s): 19.9, Count: 78236, OPS: 3924.7, Avg(us): 13391, Min(us): 5057, Max(us): 102578, 99th(us): 29000, 99.9th(us): 45000, 99.99th(us): 96000
READ   - Takes(s): 30.0, Count: 117552, OPS: 3923.5, Avg(us): 1903, Min(us): 651, Max(us): 79411, 99th(us): 5000, 99.9th(us): 12000, 99.99th(us): 75000
UPDATE - Takes(s): 29.9, Count: 117691, OPS: 3932.1, Avg(us): 13353, Min(us): 4828, Max(us): 102578, 99th(us): 30000, 99.9th(us): 51000, 99.99th(us): 96000
READ   - Takes(s): 40.0, Count: 160063, OPS: 4005.5, Avg(us): 1892, Min(us): 651, Max(us): 79411, 99th(us): 5000, 99.9th(us): 11000, 99.99th(us): 58000
UPDATE - Takes(s): 39.9, Count: 160408, OPS: 4017.1, Avg(us): 13035, Min(us): 4763, Max(us): 102578, 99th(us): 29000, 99.9th(us): 49000, 99.99th(us): 92000
READ   - Takes(s): 50.0, Count: 203508, OPS: 4073.3, Avg(us): 1881, Min(us): 627, Max(us): 79411, 99th(us): 5000, 99.9th(us): 11000, 99.99th(us): 52000
UPDATE - Takes(s): 49.9, Count: 204166, OPS: 4089.0, Avg(us): 12781, Min(us): 4763, Max(us): 102578, 99th(us): 28000, 99.9th(us): 48000, 99.99th(us): 91000
READ   - Takes(s): 60.0, Count: 246364, OPS: 4108.7, Avg(us): 1871, Min(us): 627, Max(us): 79411, 99th(us): 5000, 99.9th(us): 11000, 99.99th(us): 54000
UPDATE - Takes(s): 59.9, Count: 247201, OPS: 4124.8, Avg(us): 12661, Min(us): 4763, Max(us): 102578, 99th(us): 28000, 99.9th(us): 48000, 99.99th(us): 72000
READ   - Takes(s): 70.0, Count: 290862, OPS: 4157.5, Avg(us): 1868, Min(us): 627, Max(us): 79411, 99th(us): 5000, 99.9th(us): 10000, 99.99th(us): 56000
UPDATE - Takes(s): 69.9, Count: 291665, OPS: 4170.7, Avg(us): 12500, Min(us): 4763, Max(us): 102578, 99th(us): 27000, 99.9th(us): 47000, 99.99th(us): 73000
READ   - Takes(s): 80.0, Count: 333422, OPS: 4169.8, Avg(us): 1864, Min(us): 627, Max(us): 79411, 99th(us): 5000, 99.9th(us): 10000, 99.99th(us): 53000
UPDATE - Takes(s): 79.9, Count: 334335, OPS: 4182.8, Avg(us): 12462, Min(us): 4763, Max(us): 102578, 99th(us): 27000, 99.9th(us): 48000, 99.99th(us): 72000
READ   - Takes(s): 90.0, Count: 378460, OPS: 4206.9, Avg(us): 1858, Min(us): 627, Max(us): 79411, 99th(us): 5000, 99.9th(us): 10000, 99.99th(us): 55000
UPDATE - Takes(s): 89.9, Count: 379607, OPS: 4221.1, Avg(us): 12336, Min(us): 4250, Max(us): 102578, 99th(us): 27000, 99.9th(us): 48000, 99.99th(us): 69000
READ   - Takes(s): 100.0, Count: 423695, OPS: 4238.6, Avg(us): 1855, Min(us): 627, Max(us): 79411, 99th(us): 5000, 99.9th(us): 10000, 99.99th(us): 53000
UPDATE - Takes(s): 99.9, Count: 424108, OPS: 4244.0, Avg(us): 12258, Min(us): 4250, Max(us): 102578, 99th(us): 26000, 99.9th(us): 47000, 99.99th(us): 69000
READ   - Takes(s): 110.0, Count: 464031, OPS: 4219.9, Avg(us): 1855, Min(us): 627, Max(us): 79411, 99th(us): 5000, 99.9th(us): 9000, 99.99th(us): 52000
UPDATE - Takes(s): 109.9, Count: 464370, OPS: 4224.2, Avg(us): 12324, Min(us): 4250, Max(us): 102578, 99th(us): 27000, 99.9th(us): 48000, 99.99th(us): 76000
Run finished, takes 1m59.792566607s
READ   - Takes(s): 119.8, Count: 499772, OPS: 4173.3, Avg(us): 1851, Min(us): 627, Max(us): 79411, 99th(us): 5000, 99.9th(us): 9000, 99.99th(us): 52000
UPDATE - Takes(s): 119.7, Count: 500185, OPS: 4177.8, Avg(us): 12355, Min(us): 4250, Max(us): 102578, 99th(us): 27000, 99.9th(us): 49000, 99.99th(us): 75000
[2022/06/07 14:31:38.798 -05:00] [INFO] [client.go:754] ["[pd] stop fetching the pending tso requests due to context canceled"] [dc-location=global]
[2022/06/07 14:31:38.798 -05:00] [INFO] [client.go:692] ["[pd] exit tso dispatcher"] [dc-location=global]
