[2022/06/07 14:49:09.182 -05:00] [INFO] [client.go:378] ["[pd] create pd client with endpoints"] [pd-address="[10.10.1.4:2379]"]
[2022/06/07 14:49:09.188 -05:00] [INFO] [base_client.go:350] ["[pd] switch leader"] [new-leader=http://10.10.1.4:2379] [old-leader=]
[2022/06/07 14:49:09.188 -05:00] [INFO] [base_client.go:105] ["[pd] init cluster id"] [cluster-id=7106566731107235629]
[2022/06/07 14:49:09.188 -05:00] [INFO] [client.go:673] ["[pd] tso dispatcher created"] [dc-location=global]
***************** properties *****************
"requestdistribution"="uniform"
"tikv.type"="raw"
"tikv.batchsize"="128"
"updateproportion"="0.5"
"verbose"="false"
"tikv.pd"="10.10.1.4:2379"
"operationcount"="1000000"
"scanproportion"="0"
"debug.pprof"=":6060"
"workload"="core"
"insertproportion"="0"
"dotransactions"="true"
"readproportion"="0.5"
"tikv.conncount"="128"
"recordcount"="1000000"
"readallfields"="true"
"threadcount"="120"
**********************************************
READ   - Takes(s): 10.0, Count: 59160, OPS: 5942.0, Avg(us): 2459, Min(us): 598, Max(us): 112089, 99th(us): 10000, 99.9th(us): 74000, 99.99th(us): 105000
UPDATE - Takes(s): 9.9, Count: 58844, OPS: 5930.2, Avg(us): 17859, Min(us): 5175, Max(us): 143275, 99th(us): 37000, 99.9th(us): 93000, 99.99th(us): 128000
READ   - Takes(s): 20.0, Count: 119096, OPS: 5967.9, Avg(us): 2375, Min(us): 598, Max(us): 112089, 99th(us): 9000, 99.9th(us): 54000, 99.99th(us): 103000
UPDATE - Takes(s): 19.9, Count: 118872, OPS: 5966.8, Avg(us): 17767, Min(us): 5175, Max(us): 143275, 99th(us): 41000, 99.9th(us): 81000, 99.99th(us): 128000
READ   - Takes(s): 30.0, Count: 182029, OPS: 6076.5, Avg(us): 2365, Min(us): 598, Max(us): 112089, 99th(us): 9000, 99.9th(us): 43000, 99.99th(us): 102000
UPDATE - Takes(s): 29.9, Count: 181859, OPS: 6077.7, Avg(us): 17388, Min(us): 4699, Max(us): 143275, 99th(us): 39000, 99.9th(us): 79000, 99.99th(us): 120000
READ   - Takes(s): 40.0, Count: 244460, OPS: 6118.2, Avg(us): 2334, Min(us): 598, Max(us): 112089, 99th(us): 9000, 99.9th(us): 36000, 99.99th(us): 101000
UPDATE - Takes(s): 39.9, Count: 244108, OPS: 6114.6, Avg(us): 17287, Min(us): 4375, Max(us): 143275, 99th(us): 40000, 99.9th(us): 78000, 99.99th(us): 114000
READ   - Takes(s): 50.0, Count: 310680, OPS: 6219.1, Avg(us): 2333, Min(us): 598, Max(us): 112089, 99th(us): 10000, 99.9th(us): 36000, 99.99th(us): 98000
UPDATE - Takes(s): 49.9, Count: 310292, OPS: 6215.5, Avg(us): 16963, Min(us): 4375, Max(us): 143275, 99th(us): 38000, 99.9th(us): 76000, 99.99th(us): 112000
READ   - Takes(s): 60.0, Count: 375924, OPS: 6270.0, Avg(us): 2330, Min(us): 598, Max(us): 112089, 99th(us): 10000, 99.9th(us): 35000, 99.99th(us): 95000
UPDATE - Takes(s): 59.9, Count: 375258, OPS: 6262.4, Avg(us): 16817, Min(us): 4375, Max(us): 143275, 99th(us): 38000, 99.9th(us): 75000, 99.99th(us): 107000
READ   - Takes(s): 70.0, Count: 442523, OPS: 6325.7, Avg(us): 2339, Min(us): 598, Max(us): 112089, 99th(us): 10000, 99.9th(us): 34000, 99.99th(us): 92000
UPDATE - Takes(s): 69.9, Count: 441748, OPS: 6317.7, Avg(us): 16636, Min(us): 4375, Max(us): 143275, 99th(us): 37000, 99.9th(us): 75000, 99.99th(us): 104000
READ   - Takes(s): 80.0, Count: 500063, OPS: 6254.2, Avg(us): 2319, Min(us): 598, Max(us): 112089, 99th(us): 10000, 99.9th(us): 32000, 99.99th(us): 90000
UPDATE - Takes(s): 79.9, Count: 499613, OPS: 6251.2, Avg(us): 16642, Min(us): 4375, Max(us): 143275, 99th(us): 37000, 99.9th(us): 74000, 99.99th(us): 103000
Run finished, takes 1m21.085790808s
READ   - Takes(s): 81.0, Count: 500213, OPS: 6172.3, Avg(us): 2319, Min(us): 598, Max(us): 112089, 99th(us): 10000, 99.9th(us): 32000, 99.99th(us): 90000
UPDATE - Takes(s): 81.0, Count: 499747, OPS: 6169.1, Avg(us): 16640, Min(us): 4375, Max(us): 143275, 99th(us): 37000, 99.9th(us): 74000, 99.99th(us): 103000
[2022/06/07 14:50:30.275 -05:00] [INFO] [client.go:754] ["[pd] stop fetching the pending tso requests due to context canceled"] [dc-location=global]
[2022/06/07 14:50:30.275 -05:00] [INFO] [client.go:692] ["[pd] exit tso dispatcher"] [dc-location=global]
