[2022/06/07 14:31:38.891 -05:00] [INFO] [client.go:378] ["[pd] create pd client with endpoints"] [pd-address="[10.10.1.4:2379]"]
[2022/06/07 14:31:38.897 -05:00] [INFO] [base_client.go:350] ["[pd] switch leader"] [new-leader=http://10.10.1.4:2379] [old-leader=]
[2022/06/07 14:31:38.897 -05:00] [INFO] [base_client.go:105] ["[pd] init cluster id"] [cluster-id=7106566731107235629]
[2022/06/07 14:31:38.897 -05:00] [INFO] [client.go:673] ["[pd] tso dispatcher created"] [dc-location=global]
***************** properties *****************
"operationcount"="1000000"
"readallfields"="true"
"dotransactions"="true"
"scanproportion"="0"
"tikv.type"="raw"
"threadcount"="65"
"tikv.batchsize"="128"
"updateproportion"="0.5"
"recordcount"="1000000"
"insertproportion"="0"
"tikv.conncount"="128"
"verbose"="false"
"debug.pprof"=":6060"
"requestdistribution"="uniform"
"tikv.pd"="10.10.1.4:2379"
"readproportion"="0.5"
"workload"="core"
**********************************************
READ   - Takes(s): 10.0, Count: 40148, OPS: 4031.7, Avg(us): 2033, Min(us): 690, Max(us): 102458, 99th(us): 6000, 99.9th(us): 40000, 99.99th(us): 101000
UPDATE - Takes(s): 9.9, Count: 39893, OPS: 4018.4, Avg(us): 14196, Min(us): 5611, Max(us): 165922, 99th(us): 31000, 99.9th(us): 148000, 99.99th(us): 165000
READ   - Takes(s): 20.0, Count: 81383, OPS: 4077.7, Avg(us): 1959, Min(us): 617, Max(us): 102458, 99th(us): 5000, 99.9th(us): 25000, 99.99th(us): 100000
UPDATE - Takes(s): 19.9, Count: 81364, OPS: 4083.0, Avg(us): 13976, Min(us): 4571, Max(us): 165922, 99th(us): 32000, 99.9th(us): 108000, 99.99th(us): 162000
READ   - Takes(s): 30.0, Count: 127537, OPS: 4257.2, Avg(us): 1924, Min(us): 617, Max(us): 102458, 99th(us): 5000, 99.9th(us): 14000, 99.99th(us): 96000
UPDATE - Takes(s): 29.9, Count: 127525, OPS: 4261.1, Avg(us): 13328, Min(us): 4571, Max(us): 165922, 99th(us): 30000, 99.9th(us): 78000, 99.99th(us): 159000
READ   - Takes(s): 40.0, Count: 173792, OPS: 4349.4, Avg(us): 1902, Min(us): 588, Max(us): 102458, 99th(us): 6000, 99.9th(us): 14000, 99.99th(us): 95000
UPDATE - Takes(s): 39.9, Count: 174224, OPS: 4363.5, Avg(us): 12988, Min(us): 4571, Max(us): 165922, 99th(us): 29000, 99.9th(us): 69000, 99.99th(us): 157000
READ   - Takes(s): 50.0, Count: 220915, OPS: 4422.0, Avg(us): 1893, Min(us): 588, Max(us): 102458, 99th(us): 6000, 99.9th(us): 14000, 99.99th(us): 61000
UPDATE - Takes(s): 49.9, Count: 221181, OPS: 4430.0, Avg(us): 12766, Min(us): 4571, Max(us): 165922, 99th(us): 28000, 99.9th(us): 64000, 99.99th(us): 155000
READ   - Takes(s): 60.0, Count: 267899, OPS: 4468.1, Avg(us): 1886, Min(us): 588, Max(us): 102458, 99th(us): 6000, 99.9th(us): 13000, 99.99th(us): 61000
UPDATE - Takes(s): 59.9, Count: 267967, OPS: 4471.5, Avg(us): 12632, Min(us): 4571, Max(us): 165922, 99th(us): 27000, 99.9th(us): 62000, 99.99th(us): 152000
READ   - Takes(s): 70.0, Count: 313216, OPS: 4477.2, Avg(us): 1875, Min(us): 588, Max(us): 102458, 99th(us): 5000, 99.9th(us): 13000, 99.99th(us): 59000
UPDATE - Takes(s): 69.9, Count: 313737, OPS: 4486.6, Avg(us): 12595, Min(us): 4571, Max(us): 165922, 99th(us): 28000, 99.9th(us): 62000, 99.99th(us): 150000
READ   - Takes(s): 80.0, Count: 359643, OPS: 4497.9, Avg(us): 1866, Min(us): 588, Max(us): 102458, 99th(us): 5000, 99.9th(us): 11000, 99.99th(us): 56000
UPDATE - Takes(s): 79.9, Count: 359942, OPS: 4503.3, Avg(us): 12546, Min(us): 4571, Max(us): 165922, 99th(us): 27000, 99.9th(us): 60000, 99.99th(us): 148000
READ   - Takes(s): 90.0, Count: 404095, OPS: 4492.0, Avg(us): 1865, Min(us): 588, Max(us): 102458, 99th(us): 5000, 99.9th(us): 11000, 99.99th(us): 56000
UPDATE - Takes(s): 89.9, Count: 404078, OPS: 4493.4, Avg(us): 12576, Min(us): 4571, Max(us): 165922, 99th(us): 27000, 99.9th(us): 59000, 99.99th(us): 147000
READ   - Takes(s): 100.0, Count: 445637, OPS: 4458.2, Avg(us): 1867, Min(us): 588, Max(us): 102458, 99th(us): 5000, 99.9th(us): 11000, 99.99th(us): 55000
UPDATE - Takes(s): 99.9, Count: 445809, OPS: 4461.3, Avg(us): 12678, Min(us): 4571, Max(us): 165922, 99th(us): 27000, 99.9th(us): 58000, 99.99th(us): 137000
READ   - Takes(s): 110.0, Count: 487458, OPS: 4433.1, Avg(us): 1867, Min(us): 588, Max(us): 102458, 99th(us): 5000, 99.9th(us): 11000, 99.99th(us): 54000
UPDATE - Takes(s): 109.9, Count: 487748, OPS: 4437.0, Avg(us): 12758, Min(us): 4571, Max(us): 165922, 99th(us): 27000, 99.9th(us): 57000, 99.99th(us): 133000
Run finished, takes 1m54.053473235s
READ   - Takes(s): 114.0, Count: 499765, OPS: 4383.5, Avg(us): 1864, Min(us): 588, Max(us): 102458, 99th(us): 5000, 99.9th(us): 10000, 99.99th(us): 54000
UPDATE - Takes(s): 114.0, Count: 500194, OPS: 4388.4, Avg(us): 12749, Min(us): 4571, Max(us): 165922, 99th(us): 27000, 99.9th(us): 56000, 99.99th(us): 129000
[2022/06/07 14:33:32.951 -05:00] [INFO] [client.go:754] ["[pd] stop fetching the pending tso requests due to context canceled"] [dc-location=global]
[2022/06/07 14:33:32.951 -05:00] [INFO] [client.go:692] ["[pd] exit tso dispatcher"] [dc-location=global]
