[2022/06/07 14:37:05.542 -05:00] [INFO] [client.go:378] ["[pd] create pd client with endpoints"] [pd-address="[10.10.1.4:2379]"]
[2022/06/07 14:37:05.549 -05:00] [INFO] [base_client.go:350] ["[pd] switch leader"] [new-leader=http://10.10.1.4:2379] [old-leader=]
[2022/06/07 14:37:05.549 -05:00] [INFO] [base_client.go:105] ["[pd] init cluster id"] [cluster-id=7106566731107235629]
[2022/06/07 14:37:05.549 -05:00] [INFO] [client.go:673] ["[pd] tso dispatcher created"] [dc-location=global]
***************** properties *****************
"insertproportion"="0"
"operationcount"="1000000"
"tikv.pd"="10.10.1.4:2379"
"tikv.batchsize"="128"
"threadcount"="80"
"recordcount"="1000000"
"readproportion"="0.5"
"tikv.type"="raw"
"tikv.conncount"="128"
"scanproportion"="0"
"dotransactions"="true"
"updateproportion"="0.5"
"requestdistribution"="uniform"
"debug.pprof"=":6060"
"readallfields"="true"
"workload"="core"
"verbose"="false"
**********************************************
READ   - Takes(s): 10.0, Count: 51632, OPS: 5183.0, Avg(us): 2056, Min(us): 643, Max(us): 101693, 99th(us): 7000, 99.9th(us): 39000, 99.99th(us): 97000
UPDATE - Takes(s): 9.9, Count: 51335, OPS: 5168.6, Avg(us): 13472, Min(us): 5236, Max(us): 121409, 99th(us): 25000, 99.9th(us): 59000, 99.99th(us): 116000
READ   - Takes(s): 20.0, Count: 103473, OPS: 5183.5, Avg(us): 2003, Min(us): 643, Max(us): 101693, 99th(us): 7000, 99.9th(us): 21000, 99.99th(us): 95000
UPDATE - Takes(s): 19.9, Count: 103153, OPS: 5175.2, Avg(us): 13462, Min(us): 4698, Max(us): 121409, 99th(us): 28000, 99.9th(us): 64000, 99.99th(us): 112000
READ   - Takes(s): 30.0, Count: 156724, OPS: 5230.8, Avg(us): 1986, Min(us): 643, Max(us): 101693, 99th(us): 7000, 99.9th(us): 18000, 99.99th(us): 89000
UPDATE - Takes(s): 29.9, Count: 156875, OPS: 5241.0, Avg(us): 13278, Min(us): 4436, Max(us): 121409, 99th(us): 27000, 99.9th(us): 60000, 99.99th(us): 111000
READ   - Takes(s): 40.0, Count: 207405, OPS: 5190.1, Avg(us): 1975, Min(us): 596, Max(us): 101693, 99th(us): 7000, 99.9th(us): 17000, 99.99th(us): 88000
UPDATE - Takes(s): 39.9, Count: 207716, OPS: 5201.7, Avg(us): 13397, Min(us): 4436, Max(us): 121409, 99th(us): 28000, 99.9th(us): 58000, 99.99th(us): 110000
READ   - Takes(s): 50.0, Count: 261984, OPS: 5243.7, Avg(us): 1977, Min(us): 596, Max(us): 101693, 99th(us): 7000, 99.9th(us): 16000, 99.99th(us): 59000
UPDATE - Takes(s): 49.9, Count: 262069, OPS: 5248.5, Avg(us): 13252, Min(us): 4436, Max(us): 121409, 99th(us): 27000, 99.9th(us): 56000, 99.99th(us): 105000
READ   - Takes(s): 60.0, Count: 312958, OPS: 5219.3, Avg(us): 1978, Min(us): 596, Max(us): 101693, 99th(us): 7000, 99.9th(us): 16000, 99.99th(us): 60000
UPDATE - Takes(s): 59.9, Count: 312597, OPS: 5215.9, Avg(us): 13340, Min(us): 4436, Max(us): 121409, 99th(us): 28000, 99.9th(us): 55000, 99.99th(us): 79000
READ   - Takes(s): 70.0, Count: 361130, OPS: 5161.8, Avg(us): 1977, Min(us): 596, Max(us): 101693, 99th(us): 7000, 99.9th(us): 16000, 99.99th(us): 58000
UPDATE - Takes(s): 69.9, Count: 360668, OPS: 5157.4, Avg(us): 13512, Min(us): 4436, Max(us): 121409, 99th(us): 29000, 99.9th(us): 55000, 99.99th(us): 78000
READ   - Takes(s): 80.0, Count: 407637, OPS: 5097.7, Avg(us): 1981, Min(us): 596, Max(us): 101693, 99th(us): 7000, 99.9th(us): 16000, 99.99th(us): 55000
UPDATE - Takes(s): 79.9, Count: 407041, OPS: 5092.1, Avg(us): 13704, Min(us): 4436, Max(us): 139105, 99th(us): 30000, 99.9th(us): 57000, 99.99th(us): 119000
READ   - Takes(s): 90.0, Count: 455438, OPS: 5062.6, Avg(us): 1985, Min(us): 596, Max(us): 101693, 99th(us): 7000, 99.9th(us): 16000, 99.99th(us): 56000
UPDATE - Takes(s): 89.9, Count: 455045, OPS: 5059.9, Avg(us): 13801, Min(us): 4436, Max(us): 139105, 99th(us): 30000, 99.9th(us): 57000, 99.99th(us): 119000
READ   - Takes(s): 100.0, Count: 500008, OPS: 5002.0, Avg(us): 1977, Min(us): 596, Max(us): 101693, 99th(us): 6000, 99.9th(us): 15000, 99.99th(us): 55000
UPDATE - Takes(s): 99.9, Count: 499957, OPS: 5002.9, Avg(us): 13789, Min(us): 4436, Max(us): 139105, 99th(us): 30000, 99.9th(us): 56000, 99.99th(us): 117000
Run finished, takes 1m40.180454933s
READ   - Takes(s): 100.1, Count: 500027, OPS: 4993.2, Avg(us): 1977, Min(us): 596, Max(us): 101693, 99th(us): 6000, 99.9th(us): 15000, 99.99th(us): 55000
UPDATE - Takes(s): 100.1, Count: 499973, OPS: 4994.1, Avg(us): 13789, Min(us): 4436, Max(us): 139105, 99th(us): 30000, 99.9th(us): 56000, 99.99th(us): 117000
[2022/06/07 14:38:45.731 -05:00] [INFO] [client.go:754] ["[pd] stop fetching the pending tso requests due to context canceled"] [dc-location=global]
[2022/06/07 14:38:45.731 -05:00] [INFO] [client.go:692] ["[pd] exit tso dispatcher"] [dc-location=global]
