[2022/06/07 14:41:57.358 -05:00] [INFO] [client.go:378] ["[pd] create pd client with endpoints"] [pd-address="[10.10.1.4:2379]"]
[2022/06/07 14:41:57.365 -05:00] [INFO] [base_client.go:350] ["[pd] switch leader"] [new-leader=http://10.10.1.4:2379] [old-leader=]
[2022/06/07 14:41:57.366 -05:00] [INFO] [base_client.go:105] ["[pd] init cluster id"] [cluster-id=7106566731107235629]
[2022/06/07 14:41:57.366 -05:00] [INFO] [client.go:673] ["[pd] tso dispatcher created"] [dc-location=global]
***************** properties *****************
"operationcount"="1000000"
"insertproportion"="0"
"tikv.pd"="10.10.1.4:2379"
"tikv.type"="raw"
"verbose"="false"
"threadcount"="95"
"dotransactions"="true"
"tikv.conncount"="128"
"scanproportion"="0"
"tikv.batchsize"="128"
"recordcount"="1000000"
"readproportion"="0.5"
"readallfields"="true"
"debug.pprof"=":6060"
"requestdistribution"="uniform"
"workload"="core"
"updateproportion"="0.5"
**********************************************
READ   - Takes(s): 9.9, Count: 58459, OPS: 5877.6, Avg(us): 2160, Min(us): 611, Max(us): 110225, 99th(us): 9000, 99.9th(us): 48000, 99.99th(us): 107000
UPDATE - Takes(s): 9.9, Count: 58201, OPS: 5864.3, Avg(us): 14107, Min(us): 4986, Max(us): 133747, 99th(us): 28000, 99.9th(us): 70000, 99.99th(us): 127000
READ   - Takes(s): 19.9, Count: 115019, OPS: 5766.5, Avg(us): 2082, Min(us): 611, Max(us): 110225, 99th(us): 8000, 99.9th(us): 28000, 99.99th(us): 103000
UPDATE - Takes(s): 19.9, Count: 115191, OPS: 5781.3, Avg(us): 14376, Min(us): 4953, Max(us): 133747, 99th(us): 34000, 99.9th(us): 62000, 99.99th(us): 126000
READ   - Takes(s): 29.9, Count: 174580, OPS: 5829.8, Avg(us): 2068, Min(us): 608, Max(us): 110225, 99th(us): 8000, 99.9th(us): 26000, 99.99th(us): 103000
UPDATE - Takes(s): 29.9, Count: 174334, OPS: 5825.8, Avg(us): 14240, Min(us): 4802, Max(us): 133747, 99th(us): 31000, 99.9th(us): 61000, 99.99th(us): 125000
READ   - Takes(s): 39.9, Count: 228337, OPS: 5716.1, Avg(us): 2056, Min(us): 608, Max(us): 110225, 99th(us): 8000, 99.9th(us): 26000, 99.99th(us): 102000
UPDATE - Takes(s): 39.9, Count: 227815, OPS: 5706.2, Avg(us): 14582, Min(us): 4802, Max(us): 133747, 99th(us): 33000, 99.9th(us): 61000, 99.99th(us): 122000
READ   - Takes(s): 49.9, Count: 282463, OPS: 5655.4, Avg(us): 2051, Min(us): 608, Max(us): 110225, 99th(us): 8000, 99.9th(us): 24000, 99.99th(us): 67000
UPDATE - Takes(s): 49.9, Count: 282091, OPS: 5650.4, Avg(us): 14749, Min(us): 4802, Max(us): 133747, 99th(us): 33000, 99.9th(us): 61000, 99.99th(us): 118000
READ   - Takes(s): 59.9, Count: 335926, OPS: 5603.8, Avg(us): 2049, Min(us): 608, Max(us): 110225, 99th(us): 8000, 99.9th(us): 23000, 99.99th(us): 66000
UPDATE - Takes(s): 59.9, Count: 334883, OPS: 5588.4, Avg(us): 14930, Min(us): 4802, Max(us): 133747, 99th(us): 34000, 99.9th(us): 61000, 99.99th(us): 84000
READ   - Takes(s): 69.9, Count: 392096, OPS: 5605.7, Avg(us): 2041, Min(us): 603, Max(us): 110225, 99th(us): 8000, 99.9th(us): 23000, 99.99th(us): 67000
UPDATE - Takes(s): 69.9, Count: 391218, OPS: 5594.9, Avg(us): 14918, Min(us): 4802, Max(us): 133747, 99th(us): 33000, 99.9th(us): 60000, 99.99th(us): 82000
READ   - Takes(s): 79.9, Count: 449447, OPS: 5621.9, Avg(us): 2042, Min(us): 603, Max(us): 110225, 99th(us): 8000, 99.9th(us): 22000, 99.99th(us): 67000
UPDATE - Takes(s): 79.9, Count: 448352, OPS: 5609.7, Avg(us): 14869, Min(us): 4802, Max(us): 133747, 99th(us): 33000, 99.9th(us): 61000, 99.99th(us): 84000
Run finished, takes 1m29.670208338s
READ   - Takes(s): 89.6, Count: 500630, OPS: 5586.4, Avg(us): 2039, Min(us): 585, Max(us): 110225, 99th(us): 8000, 99.9th(us): 21000, 99.99th(us): 64000
UPDATE - Takes(s): 89.6, Count: 499340, OPS: 5573.3, Avg(us): 14711, Min(us): 4548, Max(us): 133747, 99th(us): 33000, 99.9th(us): 60000, 99.99th(us): 83000
[2022/06/07 14:43:27.037 -05:00] [INFO] [client.go:754] ["[pd] stop fetching the pending tso requests due to context canceled"] [dc-location=global]
[2022/06/07 14:43:27.037 -05:00] [INFO] [client.go:692] ["[pd] exit tso dispatcher"] [dc-location=global]
