[2022/06/07 13:52:45.517 -05:00] [INFO] [client.go:378] ["[pd] create pd client with endpoints"] [pd-address="[10.10.1.4:2379]"]
[2022/06/07 13:52:45.523 -05:00] [INFO] [base_client.go:350] ["[pd] switch leader"] [new-leader=http://10.10.1.4:2379] [old-leader=]
[2022/06/07 13:52:45.523 -05:00] [INFO] [base_client.go:105] ["[pd] init cluster id"] [cluster-id=7106566731107235629]
[2022/06/07 13:52:45.523 -05:00] [INFO] [client.go:673] ["[pd] tso dispatcher created"] [dc-location=global]
***************** properties *****************
"tikv.type"="raw"
"tikv.batchsize"="128"
"recordcount"="1000000"
"operationcount"="1000000"
"readproportion"="0.5"
"debug.pprof"=":6060"
"updateproportion"="0.5"
"verbose"="false"
"workload"="core"
"insertproportion"="0"
"readallfields"="true"
"scanproportion"="0"
"threadcount"="10"
"tikv.pd"="10.10.1.4:2379"
"dotransactions"="true"
"tikv.conncount"="128"
"requestdistribution"="uniform"
**********************************************
READ   - Takes(s): 10.0, Count: 9368, OPS: 940.7, Avg(us): 1934, Min(us): 1161, Max(us): 94845, 99th(us): 3000, 99.9th(us): 6000, 99.99th(us): 95000
UPDATE - Takes(s): 9.9, Count: 9223, OPS: 928.7, Avg(us): 8831, Min(us): 5850, Max(us): 106837, 99th(us): 21000, 99.9th(us): 54000, 99.99th(us): 107000
READ   - Takes(s): 20.0, Count: 19045, OPS: 954.2, Avg(us): 1906, Min(us): 1135, Max(us): 94845, 99th(us): 3000, 99.9th(us): 5000, 99.99th(us): 95000
UPDATE - Takes(s): 19.9, Count: 19031, OPS: 954.8, Avg(us): 8557, Min(us): 5607, Max(us): 106837, 99th(us): 16000, 99.9th(us): 36000, 99.99th(us): 103000
READ   - Takes(s): 30.0, Count: 28659, OPS: 956.6, Avg(us): 1888, Min(us): 1071, Max(us): 94845, 99th(us): 3000, 99.9th(us): 4000, 99.99th(us): 95000
UPDATE - Takes(s): 29.9, Count: 28864, OPS: 964.3, Avg(us): 8475, Min(us): 5607, Max(us): 106837, 99th(us): 14000, 99.9th(us): 33000, 99.99th(us): 101000
READ   - Takes(s): 40.0, Count: 38582, OPS: 965.5, Avg(us): 1877, Min(us): 1046, Max(us): 94845, 99th(us): 3000, 99.9th(us): 4000, 99.99th(us): 94000
UPDATE - Takes(s): 39.9, Count: 38719, OPS: 969.6, Avg(us): 8417, Min(us): 5607, Max(us): 106837, 99th(us): 13000, 99.9th(us): 29000, 99.99th(us): 68000
READ   - Takes(s): 50.0, Count: 48584, OPS: 972.5, Avg(us): 1868, Min(us): 1046, Max(us): 94845, 99th(us): 3000, 99.9th(us): 4000, 99.99th(us): 72000
UPDATE - Takes(s): 49.9, Count: 48548, OPS: 972.3, Avg(us): 8387, Min(us): 5236, Max(us): 106837, 99th(us): 13000, 99.9th(us): 28000, 99.99th(us): 62000
READ   - Takes(s): 60.0, Count: 58186, OPS: 970.4, Avg(us): 1864, Min(us): 1046, Max(us): 94845, 99th(us): 3000, 99.9th(us): 4000, 99.99th(us): 55000
UPDATE - Takes(s): 59.9, Count: 58468, OPS: 975.6, Avg(us): 8365, Min(us): 5236, Max(us): 106837, 99th(us): 13000, 99.9th(us): 27000, 99.99th(us): 56000
READ   - Takes(s): 70.0, Count: 68038, OPS: 972.5, Avg(us): 1866, Min(us): 1046, Max(us): 94845, 99th(us): 3000, 99.9th(us): 4000, 99.99th(us): 41000
UPDATE - Takes(s): 69.9, Count: 68214, OPS: 975.4, Avg(us): 8359, Min(us): 5236, Max(us): 106837, 99th(us): 13000, 99.9th(us): 26000, 99.99th(us): 56000
READ   - Takes(s): 80.0, Count: 77877, OPS: 974.0, Avg(us): 1863, Min(us): 994, Max(us): 94845, 99th(us): 3000, 99.9th(us): 4000, 99.99th(us): 25000
UPDATE - Takes(s): 79.9, Count: 78090, OPS: 977.0, Avg(us): 8344, Min(us): 5236, Max(us): 106837, 99th(us): 13000, 99.9th(us): 25000, 99.99th(us): 55000
READ   - Takes(s): 90.0, Count: 87984, OPS: 978.0, Avg(us): 1860, Min(us): 994, Max(us): 94845, 99th(us): 3000, 99.9th(us): 4000, 99.99th(us): 25000
UPDATE - Takes(s): 89.9, Count: 88053, OPS: 979.1, Avg(us): 8321, Min(us): 5236, Max(us): 106837, 99th(us): 13000, 99.9th(us): 23000, 99.99th(us): 54000
READ   - Takes(s): 100.0, Count: 97926, OPS: 979.7, Avg(us): 1858, Min(us): 994, Max(us): 94845, 99th(us): 3000, 99.9th(us): 4000, 99.99th(us): 24000
UPDATE - Takes(s): 99.9, Count: 97890, OPS: 979.6, Avg(us): 8316, Min(us): 5236, Max(us): 106837, 99th(us): 13000, 99.9th(us): 23000, 99.99th(us): 54000
READ   - Takes(s): 110.0, Count: 107692, OPS: 979.4, Avg(us): 1856, Min(us): 994, Max(us): 94845, 99th(us): 3000, 99.9th(us): 4000, 99.99th(us): 24000
UPDATE - Takes(s): 109.9, Count: 107769, OPS: 980.3, Avg(us): 8312, Min(us): 5236, Max(us): 106837, 99th(us): 12000, 99.9th(us): 22000, 99.99th(us): 49000
READ   - Takes(s): 120.0, Count: 117597, OPS: 980.3, Avg(us): 1854, Min(us): 994, Max(us): 94845, 99th(us): 3000, 99.9th(us): 4000, 99.99th(us): 23000
UPDATE - Takes(s): 119.9, Count: 117651, OPS: 981.0, Avg(us): 8306, Min(us): 5236, Max(us): 106837, 99th(us): 12000, 99.9th(us): 22000, 99.99th(us): 48000
READ   - Takes(s): 130.0, Count: 127035, OPS: 977.5, Avg(us): 1854, Min(us): 994, Max(us): 94845, 99th(us): 3000, 99.9th(us): 4000, 99.99th(us): 23000
UPDATE - Takes(s): 129.9, Count: 127115, OPS: 978.3, Avg(us): 8333, Min(us): 5236, Max(us): 106837, 99th(us): 13000, 99.9th(us): 24000, 99.99th(us): 48000
READ   - Takes(s): 140.0, Count: 137023, OPS: 979.0, Avg(us): 1853, Min(us): 990, Max(us): 94845, 99th(us): 3000, 99.9th(us): 4000, 99.99th(us): 23000
UPDATE - Takes(s): 139.9, Count: 137000, OPS: 979.1, Avg(us): 8324, Min(us): 5236, Max(us): 106837, 99th(us): 13000, 99.9th(us): 23000, 99.99th(us): 44000
READ   - Takes(s): 150.0, Count: 146796, OPS: 978.9, Avg(us): 1852, Min(us): 990, Max(us): 94845, 99th(us): 3000, 99.9th(us): 4000, 99.99th(us): 23000
UPDATE - Takes(s): 149.9, Count: 146929, OPS: 980.0, Avg(us): 8318, Min(us): 5236, Max(us): 106837, 99th(us): 13000, 99.9th(us): 23000, 99.99th(us): 42000
READ   - Takes(s): 160.0, Count: 156801, OPS: 980.3, Avg(us): 1851, Min(us): 990, Max(us): 94845, 99th(us): 3000, 99.9th(us): 4000, 99.99th(us): 24000
UPDATE - Takes(s): 159.9, Count: 156758, OPS: 980.2, Avg(us): 8315, Min(us): 5236, Max(us): 106837, 99th(us): 13000, 99.9th(us): 23000, 99.99th(us): 40000
READ   - Takes(s): 170.0, Count: 166824, OPS: 981.6, Avg(us): 1849, Min(us): 990, Max(us): 94845, 99th(us): 3000, 99.9th(us): 4000, 99.99th(us): 24000
UPDATE - Takes(s): 169.9, Count: 166677, OPS: 980.8, Avg(us): 8307, Min(us): 5236, Max(us): 106837, 99th(us): 13000, 99.9th(us): 22000, 99.99th(us): 37000
READ   - Takes(s): 180.0, Count: 176805, OPS: 982.5, Avg(us): 1848, Min(us): 990, Max(us): 94845, 99th(us): 3000, 99.9th(us): 4000, 99.99th(us): 24000
UPDATE - Takes(s): 179.9, Count: 176623, OPS: 981.6, Avg(us): 8301, Min(us): 5236, Max(us): 106837, 99th(us): 13000, 99.9th(us): 22000, 99.99th(us): 37000
READ   - Takes(s): 190.0, Count: 186923, OPS: 984.0, Avg(us): 1846, Min(us): 990, Max(us): 94845, 99th(us): 3000, 99.9th(us): 4000, 99.99th(us): 23000
UPDATE - Takes(s): 189.9, Count: 186559, OPS: 982.2, Avg(us): 8294, Min(us): 5236, Max(us): 106837, 99th(us): 12000, 99.9th(us): 22000, 99.99th(us): 37000
READ   - Takes(s): 200.0, Count: 196736, OPS: 983.9, Avg(us): 1845, Min(us): 990, Max(us): 94845, 99th(us): 3000, 99.9th(us): 4000, 99.99th(us): 23000
UPDATE - Takes(s): 199.9, Count: 196566, OPS: 983.2, Avg(us): 8287, Min(us): 5236, Max(us): 106837, 99th(us): 12000, 99.9th(us): 22000, 99.99th(us): 36000
READ   - Takes(s): 210.0, Count: 206687, OPS: 984.4, Avg(us): 1844, Min(us): 990, Max(us): 94845, 99th(us): 3000, 99.9th(us): 4000, 99.99th(us): 23000
UPDATE - Takes(s): 209.9, Count: 206493, OPS: 983.6, Avg(us): 8283, Min(us): 5236, Max(us): 106837, 99th(us): 12000, 99.9th(us): 22000, 99.99th(us): 36000
READ   - Takes(s): 220.0, Count: 216546, OPS: 984.5, Avg(us): 1844, Min(us): 990, Max(us): 94845, 99th(us): 3000, 99.9th(us): 4000, 99.99th(us): 23000
UPDATE - Takes(s): 219.9, Count: 216436, OPS: 984.1, Avg(us): 8280, Min(us): 5236, Max(us): 106837, 99th(us): 12000, 99.9th(us): 21000, 99.99th(us): 36000
READ   - Takes(s): 230.0, Count: 226552, OPS: 985.2, Avg(us): 1843, Min(us): 990, Max(us): 94845, 99th(us): 3000, 99.9th(us): 4000, 99.99th(us): 23000
UPDATE - Takes(s): 229.9, Count: 226388, OPS: 984.6, Avg(us): 8275, Min(us): 5236, Max(us): 106837, 99th(us): 12000, 99.9th(us): 21000, 99.99th(us): 36000
READ   - Takes(s): 240.0, Count: 236504, OPS: 985.6, Avg(us): 1842, Min(us): 990, Max(us): 94845, 99th(us): 3000, 99.9th(us): 4000, 99.99th(us): 23000
UPDATE - Takes(s): 239.9, Count: 236298, OPS: 984.9, Avg(us): 8272, Min(us): 5236, Max(us): 106837, 99th(us): 12000, 99.9th(us): 21000, 99.99th(us): 35000
READ   - Takes(s): 250.0, Count: 246027, OPS: 984.3, Avg(us): 1842, Min(us): 990, Max(us): 94845, 99th(us): 3000, 99.9th(us): 4000, 99.99th(us): 23000
UPDATE - Takes(s): 249.9, Count: 245765, OPS: 983.3, Avg(us): 8287, Min(us): 5236, Max(us): 106837, 99th(us): 13000, 99.9th(us): 23000, 99.99th(us): 37000
READ   - Takes(s): 260.0, Count: 255919, OPS: 984.5, Avg(us): 1842, Min(us): 990, Max(us): 94845, 99th(us): 3000, 99.9th(us): 4000, 99.99th(us): 23000
UPDATE - Takes(s): 259.9, Count: 255664, OPS: 983.6, Avg(us): 8285, Min(us): 5236, Max(us): 106837, 99th(us): 13000, 99.9th(us): 22000, 99.99th(us): 37000
READ   - Takes(s): 270.0, Count: 265731, OPS: 984.3, Avg(us): 1841, Min(us): 937, Max(us): 94845, 99th(us): 3000, 99.9th(us): 4000, 99.99th(us): 23000
UPDATE - Takes(s): 269.9, Count: 265575, OPS: 983.9, Avg(us): 8284, Min(us): 5236, Max(us): 106837, 99th(us): 12000, 99.9th(us): 22000, 99.99th(us): 37000
READ   - Takes(s): 280.0, Count: 275587, OPS: 984.4, Avg(us): 1841, Min(us): 937, Max(us): 94845, 99th(us): 3000, 99.9th(us): 4000, 99.99th(us): 23000
UPDATE - Takes(s): 279.9, Count: 275612, OPS: 984.6, Avg(us): 8278, Min(us): 5236, Max(us): 106837, 99th(us): 12000, 99.9th(us): 22000, 99.99th(us): 36000
READ   - Takes(s): 290.0, Count: 285372, OPS: 984.2, Avg(us): 1840, Min(us): 937, Max(us): 94845, 99th(us): 3000, 99.9th(us): 4000, 99.99th(us): 23000
UPDATE - Takes(s): 289.9, Count: 285606, OPS: 985.1, Avg(us): 8275, Min(us): 5236, Max(us): 106837, 99th(us): 12000, 99.9th(us): 22000, 99.99th(us): 36000
READ   - Takes(s): 300.0, Count: 295481, OPS: 985.1, Avg(us): 1840, Min(us): 937, Max(us): 94845, 99th(us): 3000, 99.9th(us): 4000, 99.99th(us): 23000
UPDATE - Takes(s): 299.9, Count: 295516, OPS: 985.3, Avg(us): 8272, Min(us): 5236, Max(us): 106837, 99th(us): 12000, 99.9th(us): 22000, 99.99th(us): 36000
READ   - Takes(s): 310.0, Count: 305385, OPS: 985.2, Avg(us): 1840, Min(us): 937, Max(us): 94845, 99th(us): 3000, 99.9th(us): 4000, 99.99th(us): 22000
UPDATE - Takes(s): 309.9, Count: 305422, OPS: 985.4, Avg(us): 8270, Min(us): 5236, Max(us): 106837, 99th(us): 12000, 99.9th(us): 22000, 99.99th(us): 36000
READ   - Takes(s): 320.0, Count: 315464, OPS: 985.9, Avg(us): 1840, Min(us): 937, Max(us): 94845, 99th(us): 3000, 99.9th(us): 4000, 99.99th(us): 22000
UPDATE - Takes(s): 319.9, Count: 315285, OPS: 985.5, Avg(us): 8269, Min(us): 5236, Max(us): 106837, 99th(us): 12000, 99.9th(us): 22000, 99.99th(us): 36000
READ   - Takes(s): 330.0, Count: 325493, OPS: 986.5, Avg(us): 1839, Min(us): 937, Max(us): 94845, 99th(us): 3000, 99.9th(us): 4000, 99.99th(us): 22000
UPDATE - Takes(s): 329.9, Count: 325274, OPS: 985.9, Avg(us): 8265, Min(us): 5236, Max(us): 106837, 99th(us): 12000, 99.9th(us): 22000, 99.99th(us): 36000
READ   - Takes(s): 340.0, Count: 335552, OPS: 987.0, Avg(us): 1839, Min(us): 937, Max(us): 94845, 99th(us): 3000, 99.9th(us): 4000, 99.99th(us): 22000
UPDATE - Takes(s): 339.9, Count: 335078, OPS: 985.7, Avg(us): 8265, Min(us): 5236, Max(us): 106837, 99th(us): 12000, 99.9th(us): 21000, 99.99th(us): 35000
READ   - Takes(s): 350.0, Count: 345704, OPS: 987.8, Avg(us): 1838, Min(us): 937, Max(us): 94845, 99th(us): 3000, 99.9th(us): 4000, 99.99th(us): 22000
UPDATE - Takes(s): 349.9, Count: 344933, OPS: 985.7, Avg(us): 8264, Min(us): 5236, Max(us): 106837, 99th(us): 12000, 99.9th(us): 21000, 99.99th(us): 35000
READ   - Takes(s): 360.0, Count: 355318, OPS: 987.1, Avg(us): 1838, Min(us): 937, Max(us): 94845, 99th(us): 3000, 99.9th(us): 4000, 99.99th(us): 22000
UPDATE - Takes(s): 359.9, Count: 354490, OPS: 984.9, Avg(us): 8273, Min(us): 5236, Max(us): 106837, 99th(us): 12000, 99.9th(us): 22000, 99.99th(us): 36000
READ   - Takes(s): 370.0, Count: 364269, OPS: 984.6, Avg(us): 1839, Min(us): 937, Max(us): 94845, 99th(us): 3000, 99.9th(us): 4000, 99.99th(us): 22000
UPDATE - Takes(s): 369.9, Count: 363385, OPS: 982.3, Avg(us): 8298, Min(us): 5236, Max(us): 106837, 99th(us): 13000, 99.9th(us): 23000, 99.99th(us): 36000
READ   - Takes(s): 380.0, Count: 373338, OPS: 982.6, Avg(us): 1839, Min(us): 937, Max(us): 94845, 99th(us): 3000, 99.9th(us): 4000, 99.99th(us): 22000
UPDATE - Takes(s): 379.9, Count: 372324, OPS: 980.0, Avg(us): 8322, Min(us): 5236, Max(us): 106837, 99th(us): 13000, 99.9th(us): 23000, 99.99th(us): 36000
READ   - Takes(s): 390.0, Count: 382347, OPS: 980.5, Avg(us): 1840, Min(us): 934, Max(us): 94845, 99th(us): 3000, 99.9th(us): 4000, 99.99th(us): 22000
UPDATE - Takes(s): 389.9, Count: 381523, OPS: 978.4, Avg(us): 8338, Min(us): 5236, Max(us): 106837, 99th(us): 13000, 99.9th(us): 23000, 99.99th(us): 36000
READ   - Takes(s): 400.0, Count: 391737, OPS: 979.4, Avg(us): 1842, Min(us): 934, Max(us): 94845, 99th(us): 3000, 99.9th(us): 4000, 99.99th(us): 22000
UPDATE - Takes(s): 399.9, Count: 391107, OPS: 977.9, Avg(us): 8342, Min(us): 5236, Max(us): 106837, 99th(us): 13000, 99.9th(us): 23000, 99.99th(us): 35000
READ   - Takes(s): 410.0, Count: 401615, OPS: 979.6, Avg(us): 1842, Min(us): 934, Max(us): 94845, 99th(us): 3000, 99.9th(us): 4000, 99.99th(us): 22000
UPDATE - Takes(s): 409.9, Count: 400971, OPS: 978.1, Avg(us): 8339, Min(us): 5236, Max(us): 106837, 99th(us): 13000, 99.9th(us): 23000, 99.99th(us): 35000
READ   - Takes(s): 420.0, Count: 411555, OPS: 980.0, Avg(us): 1842, Min(us): 934, Max(us): 94845, 99th(us): 3000, 99.9th(us): 4000, 99.99th(us): 22000
UPDATE - Takes(s): 419.9, Count: 410990, OPS: 978.7, Avg(us): 8334, Min(us): 5236, Max(us): 106837, 99th(us): 13000, 99.9th(us): 23000, 99.99th(us): 35000
READ   - Takes(s): 430.0, Count: 421550, OPS: 980.4, Avg(us): 1842, Min(us): 934, Max(us): 94845, 99th(us): 3000, 99.9th(us): 4000, 99.99th(us): 22000
UPDATE - Takes(s): 429.9, Count: 420999, OPS: 979.2, Avg(us): 8329, Min(us): 4825, Max(us): 106837, 99th(us): 13000, 99.9th(us): 23000, 99.99th(us): 35000
READ   - Takes(s): 440.0, Count: 431623, OPS: 981.1, Avg(us): 1841, Min(us): 934, Max(us): 94845, 99th(us): 3000, 99.9th(us): 4000, 99.99th(us): 22000
UPDATE - Takes(s): 439.9, Count: 430947, OPS: 979.6, Avg(us): 8326, Min(us): 4825, Max(us): 106837, 99th(us): 13000, 99.9th(us): 23000, 99.99th(us): 35000
READ   - Takes(s): 450.0, Count: 441770, OPS: 981.8, Avg(us): 1841, Min(us): 934, Max(us): 94845, 99th(us): 3000, 99.9th(us): 4000, 99.99th(us): 22000
UPDATE - Takes(s): 449.9, Count: 440965, OPS: 980.1, Avg(us): 8321, Min(us): 4825, Max(us): 106837, 99th(us): 13000, 99.9th(us): 23000, 99.99th(us): 34000
READ   - Takes(s): 460.0, Count: 451873, OPS: 982.4, Avg(us): 1840, Min(us): 934, Max(us): 94845, 99th(us): 3000, 99.9th(us): 4000, 99.99th(us): 22000
UPDATE - Takes(s): 459.9, Count: 450932, OPS: 980.4, Avg(us): 8317, Min(us): 4825, Max(us): 106837, 99th(us): 13000, 99.9th(us): 23000, 99.99th(us): 34000
READ   - Takes(s): 470.0, Count: 461730, OPS: 982.5, Avg(us): 1839, Min(us): 934, Max(us): 94845, 99th(us): 3000, 99.9th(us): 4000, 99.99th(us): 21000
UPDATE - Takes(s): 469.9, Count: 460911, OPS: 980.8, Avg(us): 8315, Min(us): 4825, Max(us): 106837, 99th(us): 13000, 99.9th(us): 23000, 99.99th(us): 34000
READ   - Takes(s): 480.0, Count: 471445, OPS: 982.3, Avg(us): 1838, Min(us): 934, Max(us): 94845, 99th(us): 3000, 99.9th(us): 4000, 99.99th(us): 21000
UPDATE - Takes(s): 479.9, Count: 470460, OPS: 980.3, Avg(us): 8320, Min(us): 4825, Max(us): 148696, 99th(us): 13000, 99.9th(us): 23000, 99.99th(us): 42000
READ   - Takes(s): 490.0, Count: 481524, OPS: 982.8, Avg(us): 1838, Min(us): 934, Max(us): 94845, 99th(us): 3000, 99.9th(us): 4000, 99.99th(us): 21000
UPDATE - Takes(s): 489.9, Count: 480486, OPS: 980.7, Avg(us): 8316, Min(us): 4825, Max(us): 148696, 99th(us): 13000, 99.9th(us): 23000, 99.99th(us): 42000
READ   - Takes(s): 500.0, Count: 491461, OPS: 983.0, Avg(us): 1838, Min(us): 934, Max(us): 94845, 99th(us): 3000, 99.9th(us): 4000, 99.99th(us): 21000
UPDATE - Takes(s): 499.9, Count: 490513, OPS: 981.2, Avg(us): 8312, Min(us): 4825, Max(us): 148696, 99th(us): 13000, 99.9th(us): 23000, 99.99th(us): 41000
READ   - Takes(s): 510.0, Count: 500482, OPS: 981.4, Avg(us): 1838, Min(us): 934, Max(us): 94845, 99th(us): 3000, 99.9th(us): 4000, 99.99th(us): 21000
UPDATE - Takes(s): 509.9, Count: 499508, OPS: 979.6, Avg(us): 8311, Min(us): 4825, Max(us): 148696, 99th(us): 13000, 99.9th(us): 23000, 99.99th(us): 41000
Run finished, takes 8m30.060171951s
READ   - Takes(s): 510.0, Count: 500486, OPS: 981.3, Avg(us): 1838, Min(us): 934, Max(us): 94845, 99th(us): 3000, 99.9th(us): 4000, 99.99th(us): 21000
UPDATE - Takes(s): 510.0, Count: 499514, OPS: 979.5, Avg(us): 8311, Min(us): 4825, Max(us): 148696, 99th(us): 13000, 99.9th(us): 23000, 99.99th(us): 41000
[2022/06/07 14:01:15.584 -05:00] [INFO] [client.go:754] ["[pd] stop fetching the pending tso requests due to context canceled"] [dc-location=global]
[2022/06/07 14:01:15.584 -05:00] [INFO] [client.go:692] ["[pd] exit tso dispatcher"] [dc-location=global]
