[2022/06/08 10:50:30.292 -05:00] [INFO] [client.go:378] ["[pd] create pd client with endpoints"] [pd-address="[10.10.1.4:2379]"]
[2022/06/08 10:50:30.300 -05:00] [INFO] [base_client.go:350] ["[pd] switch leader"] [new-leader=http://10.10.1.4:2379] [old-leader=]
[2022/06/08 10:50:30.300 -05:00] [INFO] [base_client.go:105] ["[pd] init cluster id"] [cluster-id=7106870844986743687]
[2022/06/08 10:50:30.300 -05:00] [INFO] [client.go:673] ["[pd] tso dispatcher created"] [dc-location=global]
***************** properties *****************
"scanproportion"="0"
"tikv.conncount"="128"
"tikv.batchsize"="128"
"workload"="core"
"debug.pprof"=":6060"
"recordcount"="1000000"
"readallfields"="true"
"verbose"="false"
"updateproportion"="0"
"tikv.pd"="10.10.1.4:2379"
"threadcount"="50"
"operationcount"="1000000"
"tikv.type"="raw"
"readproportion"="0.5"
"readmodifywriteproportion"="0.5"
"dotransactions"="true"
"insertproportion"="0"
"requestdistribution"="uniform"
**********************************************
READ   - Takes(s): 10.0, Count: 63776, OPS: 6405.8, Avg(us): 1997, Min(us): 627, Max(us): 95178, 99th(us): 6000, 99.9th(us): 34000, 99.99th(us): 94000
READ_MODIFY_WRITE - Takes(s): 9.9, Count: 31883, OPS: 3220.5, Avg(us): 13646, Min(us): 5643, Max(us): 121344, 99th(us): 24000, 99.9th(us): 68000, 99.99th(us): 118000
UPDATE - Takes(s): 9.9, Count: 31884, OPS: 3220.5, Avg(us): 11630, Min(us): 4460, Max(us): 71737, 99th(us): 21000, 99.9th(us): 48000, 99.99th(us): 67000
READ   - Takes(s): 20.0, Count: 123922, OPS: 6209.7, Avg(us): 1964, Min(us): 627, Max(us): 95178, 99th(us): 6000, 99.9th(us): 22000, 99.99th(us): 94000
READ_MODIFY_WRITE - Takes(s): 19.9, Count: 62038, OPS: 3117.5, Avg(us): 14129, Min(us): 5643, Max(us): 153423, 99th(us): 31000, 99.9th(us): 107000, 99.99th(us): 150000
UPDATE - Takes(s): 19.9, Count: 62039, OPS: 3117.5, Avg(us): 12145, Min(us): 4460, Max(us): 151279, 99th(us): 28000, 99.9th(us): 78000, 99.99th(us): 148000
READ   - Takes(s): 30.0, Count: 183325, OPS: 6119.8, Avg(us): 1942, Min(us): 627, Max(us): 95178, 99th(us): 6000, 99.9th(us): 15000, 99.99th(us): 94000
READ_MODIFY_WRITE - Takes(s): 29.9, Count: 91745, OPS: 3068.4, Avg(us): 14384, Min(us): 5643, Max(us): 153423, 99th(us): 31000, 99.9th(us): 79000, 99.99th(us): 149000
UPDATE - Takes(s): 29.9, Count: 91745, OPS: 3068.4, Avg(us): 12422, Min(us): 4460, Max(us): 151279, 99th(us): 29000, 99.9th(us): 67000, 99.99th(us): 148000
READ   - Takes(s): 40.0, Count: 243417, OPS: 6092.1, Avg(us): 1943, Min(us): 627, Max(us): 95178, 99th(us): 6000, 99.9th(us): 12000, 99.99th(us): 93000
READ_MODIFY_WRITE - Takes(s): 39.9, Count: 121944, OPS: 3056.3, Avg(us): 14439, Min(us): 5643, Max(us): 153423, 99th(us): 30000, 99.9th(us): 72000, 99.99th(us): 146000
UPDATE - Takes(s): 39.9, Count: 121949, OPS: 3056.4, Avg(us): 12476, Min(us): 4460, Max(us): 151279, 99th(us): 27000, 99.9th(us): 62000, 99.99th(us): 145000
READ   - Takes(s): 50.0, Count: 304981, OPS: 6105.0, Avg(us): 1943, Min(us): 627, Max(us): 95178, 99th(us): 6000, 99.9th(us): 11000, 99.99th(us): 65000
READ_MODIFY_WRITE - Takes(s): 49.9, Count: 152680, OPS: 3059.7, Avg(us): 14412, Min(us): 5643, Max(us): 153423, 99th(us): 29000, 99.9th(us): 68000, 99.99th(us): 145000
UPDATE - Takes(s): 49.9, Count: 152681, OPS: 3059.7, Avg(us): 12449, Min(us): 4429, Max(us): 151279, 99th(us): 27000, 99.9th(us): 60000, 99.99th(us): 142000
READ   - Takes(s): 60.0, Count: 364895, OPS: 6086.1, Avg(us): 1948, Min(us): 570, Max(us): 95178, 99th(us): 6000, 99.9th(us): 11000, 99.99th(us): 66000
READ_MODIFY_WRITE - Takes(s): 59.9, Count: 182478, OPS: 3046.4, Avg(us): 14469, Min(us): 5643, Max(us): 153423, 99th(us): 30000, 99.9th(us): 66000, 99.99th(us): 142000
UPDATE - Takes(s): 59.9, Count: 182478, OPS: 3046.4, Avg(us): 12501, Min(us): 4429, Max(us): 151279, 99th(us): 28000, 99.9th(us): 59000, 99.99th(us): 140000
READ   - Takes(s): 70.0, Count: 432541, OPS: 6183.1, Avg(us): 1939, Min(us): 570, Max(us): 95178, 99th(us): 6000, 99.9th(us): 11000, 99.99th(us): 62000
READ_MODIFY_WRITE - Takes(s): 69.9, Count: 216122, OPS: 3091.9, Avg(us): 14230, Min(us): 5615, Max(us): 153423, 99th(us): 29000, 99.9th(us): 65000, 99.99th(us): 139000
UPDATE - Takes(s): 69.9, Count: 216125, OPS: 3091.9, Avg(us): 12270, Min(us): 4429, Max(us): 151279, 99th(us): 27000, 99.9th(us): 57000, 99.99th(us): 138000
READ   - Takes(s): 80.0, Count: 501018, OPS: 6266.1, Avg(us): 1926, Min(us): 570, Max(us): 95178, 99th(us): 6000, 99.9th(us): 10000, 99.99th(us): 62000
READ_MODIFY_WRITE - Takes(s): 79.9, Count: 250493, OPS: 3135.1, Avg(us): 14019, Min(us): 5549, Max(us): 153423, 99th(us): 28000, 99.9th(us): 63000, 99.99th(us): 139000
UPDATE - Takes(s): 79.9, Count: 250493, OPS: 3135.1, Avg(us): 12072, Min(us): 4429, Max(us): 151279, 99th(us): 26000, 99.9th(us): 55000, 99.99th(us): 137000
READ   - Takes(s): 90.0, Count: 568362, OPS: 6318.2, Avg(us): 1917, Min(us): 570, Max(us): 95178, 99th(us): 6000, 99.9th(us): 10000, 99.99th(us): 60000
READ_MODIFY_WRITE - Takes(s): 89.9, Count: 284486, OPS: 3164.5, Avg(us): 13879, Min(us): 5549, Max(us): 153423, 99th(us): 28000, 99.9th(us): 61000, 99.99th(us): 137000
UPDATE - Takes(s): 89.9, Count: 284486, OPS: 3164.5, Avg(us): 11942, Min(us): 4429, Max(us): 151279, 99th(us): 26000, 99.9th(us): 53000, 99.99th(us): 135000
READ   - Takes(s): 100.0, Count: 636506, OPS: 6367.9, Avg(us): 1908, Min(us): 570, Max(us): 95178, 99th(us): 6000, 99.9th(us): 10000, 99.99th(us): 60000
READ_MODIFY_WRITE - Takes(s): 99.9, Count: 318444, OPS: 3187.6, Avg(us): 13773, Min(us): 5549, Max(us): 153423, 99th(us): 28000, 99.9th(us): 60000, 99.99th(us): 134000
UPDATE - Takes(s): 99.9, Count: 318447, OPS: 3187.6, Avg(us): 11845, Min(us): 4429, Max(us): 151279, 99th(us): 26000, 99.9th(us): 52000, 99.99th(us): 134000
READ   - Takes(s): 110.0, Count: 705484, OPS: 6416.1, Avg(us): 1904, Min(us): 570, Max(us): 95178, 99th(us): 6000, 99.9th(us): 10000, 99.99th(us): 60000
READ_MODIFY_WRITE - Takes(s): 109.9, Count: 352942, OPS: 3211.5, Avg(us): 13658, Min(us): 5549, Max(us): 153423, 99th(us): 28000, 99.9th(us): 60000, 99.99th(us): 131000
UPDATE - Takes(s): 109.9, Count: 352942, OPS: 3211.5, Avg(us): 11735, Min(us): 4236, Max(us): 151279, 99th(us): 25000, 99.9th(us): 51000, 99.99th(us): 128000
READ   - Takes(s): 120.0, Count: 772526, OPS: 6440.1, Avg(us): 1906, Min(us): 570, Max(us): 95178, 99th(us): 6000, 99.9th(us): 10000, 99.99th(us): 60000
READ_MODIFY_WRITE - Takes(s): 119.9, Count: 386481, OPS: 3223.4, Avg(us): 13599, Min(us): 5538, Max(us): 153423, 99th(us): 27000, 99.9th(us): 59000, 99.99th(us): 119000
UPDATE - Takes(s): 119.9, Count: 386488, OPS: 3223.4, Avg(us): 11673, Min(us): 4236, Max(us): 151279, 99th(us): 25000, 99.9th(us): 51000, 99.99th(us): 117000
READ   - Takes(s): 130.0, Count: 836618, OPS: 6437.7, Avg(us): 1906, Min(us): 570, Max(us): 95178, 99th(us): 6000, 99.9th(us): 10000, 99.99th(us): 59000
READ_MODIFY_WRITE - Takes(s): 129.9, Count: 418572, OPS: 3222.3, Avg(us): 13604, Min(us): 5538, Max(us): 153423, 99th(us): 28000, 99.9th(us): 61000, 99.99th(us): 118000
UPDATE - Takes(s): 129.9, Count: 418574, OPS: 3222.3, Avg(us): 11677, Min(us): 4236, Max(us): 151279, 99th(us): 25000, 99.9th(us): 54000, 99.99th(us): 115000
READ   - Takes(s): 140.0, Count: 903616, OPS: 6456.4, Avg(us): 1902, Min(us): 570, Max(us): 95178, 99th(us): 6000, 99.9th(us): 10000, 99.99th(us): 59000
READ_MODIFY_WRITE - Takes(s): 139.9, Count: 452170, OPS: 3232.1, Avg(us): 13560, Min(us): 5538, Max(us): 153423, 99th(us): 27000, 99.9th(us): 61000, 99.99th(us): 117000
UPDATE - Takes(s): 139.9, Count: 452171, OPS: 3232.1, Avg(us): 11637, Min(us): 4236, Max(us): 151279, 99th(us): 25000, 99.9th(us): 53000, 99.99th(us): 90000
READ   - Takes(s): 150.0, Count: 969512, OPS: 6465.3, Avg(us): 1902, Min(us): 570, Max(us): 95178, 99th(us): 6000, 99.9th(us): 10000, 99.99th(us): 58000
READ_MODIFY_WRITE - Takes(s): 149.9, Count: 485137, OPS: 3236.4, Avg(us): 13540, Min(us): 5538, Max(us): 153423, 99th(us): 27000, 99.9th(us): 60000, 99.99th(us): 116000
UPDATE - Takes(s): 149.9, Count: 485137, OPS: 3236.4, Avg(us): 11616, Min(us): 4236, Max(us): 151279, 99th(us): 25000, 99.9th(us): 53000, 99.99th(us): 86000
Run finished, takes 2m36.006063505s
READ   - Takes(s): 156.0, Count: 999995, OPS: 6411.8, Avg(us): 1902, Min(us): 570, Max(us): 95178, 99th(us): 6000, 99.9th(us): 10000, 99.99th(us): 58000
READ_MODIFY_WRITE - Takes(s): 155.9, Count: 500273, OPS: 3208.8, Avg(us): 13524, Min(us): 5538, Max(us): 153423, 99th(us): 27000, 99.9th(us): 61000, 99.99th(us): 115000
UPDATE - Takes(s): 155.9, Count: 500273, OPS: 3208.8, Avg(us): 11600, Min(us): 4236, Max(us): 151279, 99th(us): 25000, 99.9th(us): 53000, 99.99th(us): 86000
[2022/06/08 10:53:06.308 -05:00] [INFO] [client.go:754] ["[pd] stop fetching the pending tso requests due to context canceled"] [dc-location=global]
[2022/06/08 10:53:06.308 -05:00] [INFO] [client.go:692] ["[pd] exit tso dispatcher"] [dc-location=global]
