[2022/06/08 11:02:08.478 -05:00] [INFO] [client.go:378] ["[pd] create pd client with endpoints"] [pd-address="[10.10.1.4:2379]"]
[2022/06/08 11:02:08.483 -05:00] [INFO] [base_client.go:350] ["[pd] switch leader"] [new-leader=http://10.10.1.4:2379] [old-leader=]
[2022/06/08 11:02:08.483 -05:00] [INFO] [base_client.go:105] ["[pd] init cluster id"] [cluster-id=7106870844986743687]
[2022/06/08 11:02:08.483 -05:00] [INFO] [client.go:673] ["[pd] tso dispatcher created"] [dc-location=global]
***************** properties *****************
"requestdistribution"="uniform"
"operationcount"="1000000"
"tikv.batchsize"="128"
"debug.pprof"=":6060"
"tikv.type"="raw"
"tikv.conncount"="128"
"recordcount"="1000000"
"verbose"="false"
"dotransactions"="true"
"readallfields"="true"
"readmodifywriteproportion"="0.5"
"threadcount"="75"
"workload"="core"
"tikv.pd"="10.10.1.4:2379"
"insertproportion"="0"
"updateproportion"="0"
"scanproportion"="0"
"readproportion"="0.5"
**********************************************
READ   - Takes(s): 10.0, Count: 83248, OPS: 8362.0, Avg(us): 2169, Min(us): 616, Max(us): 87318, 99th(us): 8000, 99.9th(us): 49000, 99.99th(us): 84000
READ_MODIFY_WRITE - Takes(s): 9.9, Count: 41718, OPS: 4210.5, Avg(us): 15791, Min(us): 6223, Max(us): 117756, 99th(us): 29000, 99.9th(us): 74000, 99.99th(us): 111000
UPDATE - Takes(s): 9.9, Count: 41718, OPS: 4210.3, Avg(us): 13591, Min(us): 4954, Max(us): 81063, 99th(us): 25000, 99.9th(us): 54000, 99.99th(us): 70000
READ   - Takes(s): 20.0, Count: 171228, OPS: 8578.4, Avg(us): 2074, Min(us): 584, Max(us): 87318, 99th(us): 7000, 99.9th(us): 23000, 99.99th(us): 82000
READ_MODIFY_WRITE - Takes(s): 19.9, Count: 85688, OPS: 4303.0, Avg(us): 15412, Min(us): 6040, Max(us): 117756, 99th(us): 28000, 99.9th(us): 69000, 99.99th(us): 104000
UPDATE - Takes(s): 19.9, Count: 85694, OPS: 4303.1, Avg(us): 13314, Min(us): 4770, Max(us): 83956, 99th(us): 25000, 99.9th(us): 56000, 99.99th(us): 75000
READ   - Takes(s): 30.0, Count: 257107, OPS: 8583.0, Avg(us): 2050, Min(us): 584, Max(us): 87318, 99th(us): 8000, 99.9th(us): 23000, 99.99th(us): 81000
READ_MODIFY_WRITE - Takes(s): 29.9, Count: 128568, OPS: 4298.8, Avg(us): 15428, Min(us): 5428, Max(us): 117756, 99th(us): 31000, 99.9th(us): 70000, 99.99th(us): 103000
UPDATE - Takes(s): 29.9, Count: 128569, OPS: 4298.7, Avg(us): 13354, Min(us): 4625, Max(us): 88796, 99th(us): 27000, 99.9th(us): 58000, 99.99th(us): 80000
READ   - Takes(s): 40.0, Count: 346546, OPS: 8673.3, Avg(us): 2042, Min(us): 573, Max(us): 87318, 99th(us): 7000, 99.9th(us): 22000, 99.99th(us): 79000
READ_MODIFY_WRITE - Takes(s): 39.9, Count: 172963, OPS: 4334.0, Avg(us): 15276, Min(us): 5391, Max(us): 117756, 99th(us): 30000, 99.9th(us): 70000, 99.99th(us): 101000
UPDATE - Takes(s): 39.9, Count: 172964, OPS: 4334.0, Avg(us): 13210, Min(us): 4536, Max(us): 99659, 99th(us): 26000, 99.9th(us): 57000, 99.99th(us): 80000
READ   - Takes(s): 50.0, Count: 432791, OPS: 8663.5, Avg(us): 2039, Min(us): 573, Max(us): 90656, 99th(us): 7000, 99.9th(us): 21000, 99.99th(us): 79000
READ_MODIFY_WRITE - Takes(s): 49.9, Count: 216191, OPS: 4331.8, Avg(us): 15282, Min(us): 5391, Max(us): 117756, 99th(us): 31000, 99.9th(us): 71000, 99.99th(us): 103000
UPDATE - Takes(s): 49.9, Count: 216191, OPS: 4331.8, Avg(us): 13218, Min(us): 4536, Max(us): 115483, 99th(us): 27000, 99.9th(us): 58000, 99.99th(us): 88000
READ   - Takes(s): 60.0, Count: 519541, OPS: 8665.5, Avg(us): 2046, Min(us): 573, Max(us): 90656, 99th(us): 7000, 99.9th(us): 20000, 99.99th(us): 75000
READ_MODIFY_WRITE - Takes(s): 59.9, Count: 259594, OPS: 4333.2, Avg(us): 15271, Min(us): 5391, Max(us): 117756, 99th(us): 31000, 99.9th(us): 71000, 99.99th(us): 101000
UPDATE - Takes(s): 59.9, Count: 259596, OPS: 4333.2, Avg(us): 13198, Min(us): 4536, Max(us): 115483, 99th(us): 27000, 99.9th(us): 58000, 99.99th(us): 86000
READ   - Takes(s): 70.0, Count: 607388, OPS: 8682.5, Avg(us): 2044, Min(us): 573, Max(us): 90656, 99th(us): 7000, 99.9th(us): 19000, 99.99th(us): 71000
READ_MODIFY_WRITE - Takes(s): 69.9, Count: 303715, OPS: 4344.5, Avg(us): 15227, Min(us): 5391, Max(us): 117756, 99th(us): 30000, 99.9th(us): 71000, 99.99th(us): 100000
UPDATE - Takes(s): 69.9, Count: 303715, OPS: 4344.5, Avg(us): 13157, Min(us): 4536, Max(us): 115483, 99th(us): 26000, 99.9th(us): 58000, 99.99th(us): 87000
READ   - Takes(s): 80.0, Count: 688896, OPS: 8616.0, Avg(us): 2049, Min(us): 573, Max(us): 90656, 99th(us): 7000, 99.9th(us): 20000, 99.99th(us): 74000
READ_MODIFY_WRITE - Takes(s): 79.9, Count: 344195, OPS: 4307.4, Avg(us): 15365, Min(us): 5391, Max(us): 117756, 99th(us): 32000, 99.9th(us): 75000, 99.99th(us): 101000
UPDATE - Takes(s): 79.9, Count: 344199, OPS: 4307.4, Avg(us): 13289, Min(us): 4536, Max(us): 115483, 99th(us): 28000, 99.9th(us): 66000, 99.99th(us): 91000
READ   - Takes(s): 90.0, Count: 768635, OPS: 8544.6, Avg(us): 2051, Min(us): 573, Max(us): 90656, 99th(us): 7000, 99.9th(us): 20000, 99.99th(us): 72000
READ_MODIFY_WRITE - Takes(s): 89.9, Count: 384068, OPS: 4271.8, Avg(us): 15505, Min(us): 5391, Max(us): 117756, 99th(us): 33000, 99.9th(us): 75000, 99.99th(us): 101000
UPDATE - Takes(s): 89.9, Count: 384068, OPS: 4271.8, Avg(us): 13428, Min(us): 4536, Max(us): 115483, 99th(us): 29000, 99.9th(us): 66000, 99.99th(us): 91000
READ   - Takes(s): 100.0, Count: 848683, OPS: 8490.6, Avg(us): 2049, Min(us): 573, Max(us): 90656, 99th(us): 7000, 99.9th(us): 20000, 99.99th(us): 70000
READ_MODIFY_WRITE - Takes(s): 99.9, Count: 424293, OPS: 4246.8, Avg(us): 15611, Min(us): 5391, Max(us): 117756, 99th(us): 33000, 99.9th(us): 74000, 99.99th(us): 100000
UPDATE - Takes(s): 99.9, Count: 424295, OPS: 4246.8, Avg(us): 13536, Min(us): 4499, Max(us): 115483, 99th(us): 30000, 99.9th(us): 65000, 99.99th(us): 90000
READ   - Takes(s): 110.0, Count: 925458, OPS: 8416.7, Avg(us): 2048, Min(us): 573, Max(us): 90656, 99th(us): 7000, 99.9th(us): 19000, 99.99th(us): 69000
READ_MODIFY_WRITE - Takes(s): 109.9, Count: 462664, OPS: 4209.6, Avg(us): 15767, Min(us): 5391, Max(us): 151405, 99th(us): 34000, 99.9th(us): 78000, 99.99th(us): 111000
UPDATE - Takes(s): 109.9, Count: 462665, OPS: 4209.6, Avg(us): 13694, Min(us): 4464, Max(us): 149386, 99th(us): 31000, 99.9th(us): 71000, 99.99th(us): 105000
READ   - Takes(s): 120.0, Count: 999812, OPS: 8334.8, Avg(us): 2047, Min(us): 573, Max(us): 90656, 99th(us): 7000, 99.9th(us): 19000, 99.99th(us): 69000
READ_MODIFY_WRITE - Takes(s): 119.9, Count: 499735, OPS: 4167.6, Avg(us): 15752, Min(us): 5391, Max(us): 151405, 99th(us): 34000, 99.9th(us): 78000, 99.99th(us): 110000
UPDATE - Takes(s): 119.9, Count: 499735, OPS: 4167.6, Avg(us): 13679, Min(us): 4464, Max(us): 149386, 99th(us): 30000, 99.9th(us): 71000, 99.99th(us): 104000
Run finished, takes 2m0.782200339s
READ   - Takes(s): 120.7, Count: 999972, OPS: 8282.2, Avg(us): 2047, Min(us): 573, Max(us): 90656, 99th(us): 7000, 99.9th(us): 19000, 99.99th(us): 69000
READ_MODIFY_WRITE - Takes(s): 120.7, Count: 499816, OPS: 4141.3, Avg(us): 15751, Min(us): 5391, Max(us): 151405, 99th(us): 34000, 99.9th(us): 78000, 99.99th(us): 110000
UPDATE - Takes(s): 120.7, Count: 499816, OPS: 4141.3, Avg(us): 13678, Min(us): 4464, Max(us): 149386, 99th(us): 30000, 99.9th(us): 71000, 99.99th(us): 104000
[2022/06/08 11:04:09.267 -05:00] [INFO] [client.go:754] ["[pd] stop fetching the pending tso requests due to context canceled"] [dc-location=global]
[2022/06/08 11:04:09.267 -05:00] [INFO] [client.go:692] ["[pd] exit tso dispatcher"] [dc-location=global]
