[2022/06/08 11:13:19.059 -05:00] [INFO] [client.go:378] ["[pd] create pd client with endpoints"] [pd-address="[10.10.1.4:2379]"]
[2022/06/08 11:13:19.066 -05:00] [INFO] [base_client.go:350] ["[pd] switch leader"] [new-leader=http://10.10.1.4:2379] [old-leader=]
[2022/06/08 11:13:19.066 -05:00] [INFO] [base_client.go:105] ["[pd] init cluster id"] [cluster-id=7106870844986743687]
[2022/06/08 11:13:19.066 -05:00] [INFO] [client.go:673] ["[pd] tso dispatcher created"] [dc-location=global]
***************** properties *****************
"debug.pprof"=":6060"
"tikv.type"="raw"
"workload"="core"
"verbose"="false"
"scanproportion"="0"
"tikv.batchsize"="128"
"updateproportion"="0"
"operationcount"="1000000"
"dotransactions"="true"
"readproportion"="0.5"
"requestdistribution"="uniform"
"readmodifywriteproportion"="0.5"
"recordcount"="1000000"
"tikv.conncount"="128"
"readallfields"="true"
"tikv.pd"="10.10.1.4:2379"
"insertproportion"="0"
"threadcount"="105"
**********************************************
READ   - Takes(s): 10.0, Count: 100753, OPS: 10124.6, Avg(us): 2565, Min(us): 584, Max(us): 114543, 99th(us): 11000, 99.9th(us): 64000, 99.99th(us): 109000
READ_MODIFY_WRITE - Takes(s): 9.9, Count: 50154, OPS: 5074.5, Avg(us): 18317, Min(us): 5342, Max(us): 144440, 99th(us): 37000, 99.9th(us): 105000, 99.99th(us): 140000
UPDATE - Takes(s): 9.9, Count: 50159, OPS: 5074.6, Avg(us): 15721, Min(us): 4561, Max(us): 107972, 99th(us): 30000, 99.9th(us): 74000, 99.99th(us): 94000
READ   - Takes(s): 20.0, Count: 205043, OPS: 10277.2, Avg(us): 2489, Min(us): 584, Max(us): 114543, 99th(us): 11000, 99.9th(us): 53000, 99.99th(us): 108000
READ_MODIFY_WRITE - Takes(s): 19.9, Count: 102477, OPS: 5153.9, Avg(us): 17978, Min(us): 5342, Max(us): 144440, 99th(us): 37000, 99.9th(us): 92000, 99.99th(us): 138000
UPDATE - Takes(s): 19.9, Count: 102481, OPS: 5154.0, Avg(us): 15461, Min(us): 4561, Max(us): 113415, 99th(us): 31000, 99.9th(us): 74000, 99.99th(us): 98000
READ   - Takes(s): 30.0, Count: 302234, OPS: 10090.8, Avg(us): 2427, Min(us): 571, Max(us): 114543, 99th(us): 11000, 99.9th(us): 49000, 99.99th(us): 107000
READ_MODIFY_WRITE - Takes(s): 29.9, Count: 151041, OPS: 5054.3, Avg(us): 18406, Min(us): 5342, Max(us): 144440, 99th(us): 40000, 99.9th(us): 88000, 99.99th(us): 137000
UPDATE - Takes(s): 29.9, Count: 151042, OPS: 5054.3, Avg(us): 15951, Min(us): 4453, Max(us): 113415, 99th(us): 35000, 99.9th(us): 72000, 99.99th(us): 97000
READ   - Takes(s): 40.0, Count: 399103, OPS: 9989.7, Avg(us): 2398, Min(us): 571, Max(us): 114543, 99th(us): 11000, 99.9th(us): 47000, 99.99th(us): 107000
READ_MODIFY_WRITE - Takes(s): 39.9, Count: 199463, OPS: 5001.1, Avg(us): 18635, Min(us): 5342, Max(us): 144440, 99th(us): 40000, 99.9th(us): 87000, 99.99th(us): 136000
UPDATE - Takes(s): 39.9, Count: 199463, OPS: 5001.1, Avg(us): 16211, Min(us): 4453, Max(us): 113415, 99th(us): 35000, 99.9th(us): 72000, 99.99th(us): 96000
READ   - Takes(s): 50.0, Count: 495675, OPS: 9923.1, Avg(us): 2372, Min(us): 571, Max(us): 114543, 99th(us): 10000, 99.9th(us): 44000, 99.99th(us): 106000
READ_MODIFY_WRITE - Takes(s): 49.9, Count: 247450, OPS: 4960.6, Avg(us): 18816, Min(us): 5342, Max(us): 150218, 99th(us): 42000, 99.9th(us): 89000, 99.99th(us): 135000
UPDATE - Takes(s): 49.9, Count: 247451, OPS: 4960.5, Avg(us): 16420, Min(us): 4453, Max(us): 136608, 99th(us): 37000, 99.9th(us): 76000, 99.99th(us): 100000
READ   - Takes(s): 60.0, Count: 599160, OPS: 9994.1, Avg(us): 2352, Min(us): 571, Max(us): 114543, 99th(us): 10000, 99.9th(us): 39000, 99.99th(us): 105000
READ_MODIFY_WRITE - Takes(s): 59.9, Count: 299103, OPS: 4994.7, Avg(us): 18684, Min(us): 5342, Max(us): 150218, 99th(us): 41000, 99.9th(us): 87000, 99.99th(us): 134000
UPDATE - Takes(s): 59.9, Count: 299105, OPS: 4994.8, Avg(us): 16309, Min(us): 4453, Max(us): 136608, 99th(us): 36000, 99.9th(us): 74000, 99.99th(us): 99000
READ   - Takes(s): 70.0, Count: 701901, OPS: 10034.1, Avg(us): 2351, Min(us): 556, Max(us): 114543, 99th(us): 10000, 99.9th(us): 39000, 99.99th(us): 90000
READ_MODIFY_WRITE - Takes(s): 69.9, Count: 350517, OPS: 5015.7, Avg(us): 18593, Min(us): 5342, Max(us): 150218, 99th(us): 41000, 99.9th(us): 87000, 99.99th(us): 132000
UPDATE - Takes(s): 69.9, Count: 350521, OPS: 5015.8, Avg(us): 16218, Min(us): 4453, Max(us): 136608, 99th(us): 36000, 99.9th(us): 74000, 99.99th(us): 99000
READ   - Takes(s): 80.0, Count: 806110, OPS: 10082.5, Avg(us): 2357, Min(us): 556, Max(us): 114543, 99th(us): 10000, 99.9th(us): 38000, 99.99th(us): 87000
READ_MODIFY_WRITE - Takes(s): 79.9, Count: 402553, OPS: 5039.3, Avg(us): 18484, Min(us): 5342, Max(us): 150218, 99th(us): 40000, 99.9th(us): 86000, 99.99th(us): 129000
UPDATE - Takes(s): 79.9, Count: 402554, OPS: 5039.3, Avg(us): 16105, Min(us): 4453, Max(us): 136608, 99th(us): 35000, 99.9th(us): 73000, 99.99th(us): 99000
READ   - Takes(s): 90.0, Count: 909434, OPS: 10110.3, Avg(us): 2359, Min(us): 556, Max(us): 114543, 99th(us): 10000, 99.9th(us): 37000, 99.99th(us): 86000
READ_MODIFY_WRITE - Takes(s): 89.9, Count: 454187, OPS: 5053.1, Avg(us): 18424, Min(us): 5342, Max(us): 150218, 99th(us): 40000, 99.9th(us): 87000, 99.99th(us): 127000
UPDATE - Takes(s): 89.9, Count: 454188, OPS: 5053.1, Avg(us): 16039, Min(us): 4112, Max(us): 136608, 99th(us): 35000, 99.9th(us): 73000, 99.99th(us): 100000
Run finished, takes 1m39.639496422s
READ   - Takes(s): 99.6, Count: 999909, OPS: 10040.2, Avg(us): 2351, Min(us): 556, Max(us): 114543, 99th(us): 10000, 99.9th(us): 34000, 99.99th(us): 86000
READ_MODIFY_WRITE - Takes(s): 99.5, Count: 499171, OPS: 5015.6, Avg(us): 18330, Min(us): 5342, Max(us): 150218, 99th(us): 40000, 99.9th(us): 86000, 99.99th(us): 124000
UPDATE - Takes(s): 99.5, Count: 499171, OPS: 5015.6, Avg(us): 15954, Min(us): 4112, Max(us): 136608, 99th(us): 35000, 99.9th(us): 72000, 99.99th(us): 100000
[2022/06/08 11:14:58.707 -05:00] [INFO] [client.go:754] ["[pd] stop fetching the pending tso requests due to context canceled"] [dc-location=global]
[2022/06/08 11:14:58.707 -05:00] [INFO] [client.go:692] ["[pd] exit tso dispatcher"] [dc-location=global]
