[2022/06/08 11:06:06.350 -05:00] [INFO] [client.go:378] ["[pd] create pd client with endpoints"] [pd-address="[10.10.1.4:2379]"]
[2022/06/08 11:06:06.355 -05:00] [INFO] [base_client.go:350] ["[pd] switch leader"] [new-leader=http://10.10.1.4:2379] [old-leader=]
[2022/06/08 11:06:06.355 -05:00] [INFO] [base_client.go:105] ["[pd] init cluster id"] [cluster-id=7106870844986743687]
[2022/06/08 11:06:06.355 -05:00] [INFO] [client.go:673] ["[pd] tso dispatcher created"] [dc-location=global]
***************** properties *****************
"debug.pprof"=":6060"
"updateproportion"="0"
"verbose"="false"
"scanproportion"="0"
"tikv.type"="raw"
"workload"="core"
"tikv.conncount"="128"
"readproportion"="0.5"
"operationcount"="1000000"
"dotransactions"="true"
"readallfields"="true"
"requestdistribution"="uniform"
"insertproportion"="0"
"recordcount"="1000000"
"tikv.pd"="10.10.1.4:2379"
"tikv.batchsize"="128"
"readmodifywriteproportion"="0.5"
"threadcount"="85"
**********************************************
READ   - Takes(s): 10.0, Count: 89099, OPS: 8944.6, Avg(us): 2266, Min(us): 571, Max(us): 107354, 99th(us): 9000, 99.9th(us): 53000, 99.99th(us): 103000
READ_MODIFY_WRITE - Takes(s): 9.9, Count: 44676, OPS: 4505.3, Avg(us): 16737, Min(us): 5683, Max(us): 144504, 99th(us): 38000, 99.9th(us): 83000, 99.99th(us): 128000
UPDATE - Takes(s): 9.9, Count: 44681, OPS: 4505.6, Avg(us): 14450, Min(us): 4564, Max(us): 85201, 99th(us): 34000, 99.9th(us): 64000, 99.99th(us): 80000
READ   - Takes(s): 20.0, Count: 183202, OPS: 9177.9, Avg(us): 2202, Min(us): 571, Max(us): 107354, 99th(us): 9000, 99.9th(us): 38000, 99.99th(us): 98000
READ_MODIFY_WRITE - Takes(s): 19.9, Count: 91579, OPS: 4598.2, Avg(us): 16333, Min(us): 5683, Max(us): 144504, 99th(us): 35000, 99.9th(us): 74000, 99.99th(us): 122000
UPDATE - Takes(s): 19.9, Count: 91585, OPS: 4598.4, Avg(us): 14110, Min(us): 4382, Max(us): 85201, 99th(us): 30000, 99.9th(us): 60000, 99.99th(us): 80000
READ   - Takes(s): 30.0, Count: 276874, OPS: 9241.1, Avg(us): 2177, Min(us): 571, Max(us): 107354, 99th(us): 9000, 99.9th(us): 34000, 99.99th(us): 96000
READ_MODIFY_WRITE - Takes(s): 29.9, Count: 138350, OPS: 4624.6, Avg(us): 16229, Min(us): 5683, Max(us): 144504, 99th(us): 33000, 99.9th(us): 76000, 99.99th(us): 124000
UPDATE - Takes(s): 29.9, Count: 138352, OPS: 4624.6, Avg(us): 14030, Min(us): 4382, Max(us): 117760, 99th(us): 29000, 99.9th(us): 62000, 99.99th(us): 92000
READ   - Takes(s): 40.0, Count: 368246, OPS: 9215.1, Avg(us): 2180, Min(us): 571, Max(us): 107354, 99th(us): 9000, 99.9th(us): 31000, 99.99th(us): 94000
READ_MODIFY_WRITE - Takes(s): 39.9, Count: 184179, OPS: 4614.1, Avg(us): 16259, Min(us): 5683, Max(us): 144504, 99th(us): 34000, 99.9th(us): 83000, 99.99th(us): 127000
UPDATE - Takes(s): 39.9, Count: 184180, OPS: 4614.1, Avg(us): 14058, Min(us): 4382, Max(us): 130486, 99th(us): 30000, 99.9th(us): 72000, 99.99th(us): 112000
READ   - Takes(s): 50.0, Count: 462276, OPS: 9252.5, Avg(us): 2175, Min(us): 571, Max(us): 107354, 99th(us): 9000, 99.9th(us): 29000, 99.99th(us): 93000
READ_MODIFY_WRITE - Takes(s): 49.9, Count: 231161, OPS: 4630.9, Avg(us): 16192, Min(us): 5111, Max(us): 144504, 99th(us): 33000, 99.9th(us): 81000, 99.99th(us): 124000
UPDATE - Takes(s): 49.9, Count: 231161, OPS: 4630.7, Avg(us): 13995, Min(us): 4057, Max(us): 130486, 99th(us): 29000, 99.9th(us): 70000, 99.99th(us): 107000
READ   - Takes(s): 60.0, Count: 549454, OPS: 9163.5, Avg(us): 2177, Min(us): 571, Max(us): 107354, 99th(us): 9000, 99.9th(us): 27000, 99.99th(us): 92000
READ_MODIFY_WRITE - Takes(s): 59.9, Count: 274751, OPS: 4585.6, Avg(us): 16366, Min(us): 5111, Max(us): 144504, 99th(us): 35000, 99.9th(us): 80000, 99.99th(us): 120000
UPDATE - Takes(s): 59.9, Count: 274754, OPS: 4585.6, Avg(us): 14166, Min(us): 4057, Max(us): 130486, 99th(us): 31000, 99.9th(us): 72000, 99.99th(us): 105000
READ   - Takes(s): 70.0, Count: 635519, OPS: 9083.9, Avg(us): 2174, Min(us): 571, Max(us): 107354, 99th(us): 8000, 99.9th(us): 26000, 99.99th(us): 86000
READ_MODIFY_WRITE - Takes(s): 69.9, Count: 317677, OPS: 4543.7, Avg(us): 16535, Min(us): 5111, Max(us): 144504, 99th(us): 35000, 99.9th(us): 79000, 99.99th(us): 119000
UPDATE - Takes(s): 69.9, Count: 317679, OPS: 4543.7, Avg(us): 14338, Min(us): 4057, Max(us): 130486, 99th(us): 31000, 99.9th(us): 71000, 99.99th(us): 102000
READ   - Takes(s): 80.0, Count: 723820, OPS: 9052.1, Avg(us): 2169, Min(us): 571, Max(us): 107354, 99th(us): 8000, 99.9th(us): 26000, 99.99th(us): 83000
READ_MODIFY_WRITE - Takes(s): 79.9, Count: 361831, OPS: 4527.6, Avg(us): 16605, Min(us): 5111, Max(us): 144504, 99th(us): 35000, 99.9th(us): 79000, 99.99th(us): 118000
UPDATE - Takes(s): 79.9, Count: 361832, OPS: 4527.6, Avg(us): 14413, Min(us): 4057, Max(us): 130486, 99th(us): 31000, 99.9th(us): 70000, 99.99th(us): 101000
READ   - Takes(s): 90.0, Count: 807950, OPS: 8981.1, Avg(us): 2170, Min(us): 571, Max(us): 107354, 99th(us): 8000, 99.9th(us): 26000, 99.99th(us): 81000
READ_MODIFY_WRITE - Takes(s): 89.9, Count: 404009, OPS: 4493.2, Avg(us): 16745, Min(us): 5111, Max(us): 165544, 99th(us): 36000, 99.9th(us): 82000, 99.99th(us): 134000
UPDATE - Takes(s): 89.9, Count: 404009, OPS: 4493.1, Avg(us): 14553, Min(us): 4057, Max(us): 164121, 99th(us): 32000, 99.9th(us): 75000, 99.99th(us): 131000
READ   - Takes(s): 100.0, Count: 898580, OPS: 8989.3, Avg(us): 2170, Min(us): 571, Max(us): 107354, 99th(us): 8000, 99.9th(us): 24000, 99.99th(us): 78000
READ_MODIFY_WRITE - Takes(s): 99.9, Count: 449451, OPS: 4498.3, Avg(us): 16725, Min(us): 5111, Max(us): 165544, 99th(us): 36000, 99.9th(us): 82000, 99.99th(us): 132000
UPDATE - Takes(s): 99.9, Count: 449457, OPS: 4498.3, Avg(us): 14533, Min(us): 4057, Max(us): 164121, 99th(us): 32000, 99.9th(us): 75000, 99.99th(us): 128000
READ   - Takes(s): 110.0, Count: 988761, OPS: 8991.9, Avg(us): 2168, Min(us): 571, Max(us): 107354, 99th(us): 8000, 99.9th(us): 24000, 99.99th(us): 76000
READ_MODIFY_WRITE - Takes(s): 109.9, Count: 494394, OPS: 4497.9, Avg(us): 16717, Min(us): 5111, Max(us): 165544, 99th(us): 36000, 99.9th(us): 82000, 99.99th(us): 129000
UPDATE - Takes(s): 109.9, Count: 494403, OPS: 4498.0, Avg(us): 14528, Min(us): 4057, Max(us): 164121, 99th(us): 32000, 99.9th(us): 75000, 99.99th(us): 125000
Run finished, takes 1m52.618713451s
READ   - Takes(s): 112.6, Count: 999939, OPS: 8882.1, Avg(us): 2164, Min(us): 571, Max(us): 107354, 99th(us): 8000, 99.9th(us): 23000, 99.99th(us): 77000
READ_MODIFY_WRITE - Takes(s): 112.5, Count: 500076, OPS: 4443.8, Avg(us): 16676, Min(us): 5111, Max(us): 165544, 99th(us): 36000, 99.9th(us): 82000, 99.99th(us): 130000
UPDATE - Takes(s): 112.5, Count: 500076, OPS: 4443.8, Avg(us): 14491, Min(us): 4057, Max(us): 164121, 99th(us): 32000, 99.9th(us): 75000, 99.99th(us): 126000
[2022/06/08 11:07:58.976 -05:00] [INFO] [client.go:754] ["[pd] stop fetching the pending tso requests due to context canceled"] [dc-location=global]
[2022/06/08 11:07:58.976 -05:00] [INFO] [client.go:692] ["[pd] exit tso dispatcher"] [dc-location=global]
