[2022/06/08 10:53:06.402 -05:00] [INFO] [client.go:378] ["[pd] create pd client with endpoints"] [pd-address="[10.10.1.4:2379]"]
[2022/06/08 10:53:06.407 -05:00] [INFO] [base_client.go:350] ["[pd] switch leader"] [new-leader=http://10.10.1.4:2379] [old-leader=]
[2022/06/08 10:53:06.407 -05:00] [INFO] [base_client.go:105] ["[pd] init cluster id"] [cluster-id=7106870844986743687]
[2022/06/08 10:53:06.408 -05:00] [INFO] [client.go:673] ["[pd] tso dispatcher created"] [dc-location=global]
***************** properties *****************
"readproportion"="0.5"
"recordcount"="1000000"
"tikv.type"="raw"
"readmodifywriteproportion"="0.5"
"verbose"="false"
"tikv.batchsize"="128"
"readallfields"="true"
"insertproportion"="0"
"scanproportion"="0"
"dotransactions"="true"
"tikv.pd"="10.10.1.4:2379"
"tikv.conncount"="128"
"threadcount"="55"
"debug.pprof"=":6060"
"updateproportion"="0"
"requestdistribution"="uniform"
"operationcount"="1000000"
"workload"="core"
**********************************************
READ   - Takes(s): 10.0, Count: 64084, OPS: 6434.4, Avg(us): 2011, Min(us): 643, Max(us): 98791, 99th(us): 6000, 99.9th(us): 41000, 99.99th(us): 97000
READ_MODIFY_WRITE - Takes(s): 9.9, Count: 32076, OPS: 3239.5, Avg(us): 15096, Min(us): 6161, Max(us): 125270, 99th(us): 34000, 99.9th(us): 80000, 99.99th(us): 116000
UPDATE - Takes(s): 9.9, Count: 32076, OPS: 3239.3, Avg(us): 13070, Min(us): 4748, Max(us): 91076, 99th(us): 31000, 99.9th(us): 58000, 99.99th(us): 88000
READ   - Takes(s): 20.0, Count: 128563, OPS: 6441.2, Avg(us): 1958, Min(us): 643, Max(us): 98791, 99th(us): 6000, 99.9th(us): 20000, 99.99th(us): 94000
READ_MODIFY_WRITE - Takes(s): 19.9, Count: 64512, OPS: 3241.6, Avg(us): 15078, Min(us): 6161, Max(us): 125270, 99th(us): 32000, 99.9th(us): 63000, 99.99th(us): 114000
UPDATE - Takes(s): 19.9, Count: 64514, OPS: 3241.6, Avg(us): 13100, Min(us): 4399, Max(us): 91076, 99th(us): 30000, 99.9th(us): 52000, 99.99th(us): 83000
READ   - Takes(s): 30.0, Count: 193217, OPS: 6449.2, Avg(us): 1926, Min(us): 643, Max(us): 98791, 99th(us): 6000, 99.9th(us): 15000, 99.99th(us): 94000
READ_MODIFY_WRITE - Takes(s): 29.9, Count: 96845, OPS: 3238.8, Avg(us): 15094, Min(us): 5649, Max(us): 125270, 99th(us): 32000, 99.9th(us): 63000, 99.99th(us): 111000
UPDATE - Takes(s): 29.9, Count: 96847, OPS: 3238.8, Avg(us): 13147, Min(us): 4399, Max(us): 91076, 99th(us): 30000, 99.9th(us): 55000, 99.99th(us): 82000
READ   - Takes(s): 40.0, Count: 259395, OPS: 6491.4, Avg(us): 1918, Min(us): 643, Max(us): 98791, 99th(us): 6000, 99.9th(us): 15000, 99.99th(us): 92000
READ_MODIFY_WRITE - Takes(s): 39.9, Count: 129748, OPS: 3251.7, Avg(us): 15000, Min(us): 5649, Max(us): 169350, 99th(us): 32000, 99.9th(us): 72000, 99.99th(us): 142000
UPDATE - Takes(s): 39.9, Count: 129754, OPS: 3251.8, Avg(us): 13066, Min(us): 4399, Max(us): 167571, 99th(us): 29000, 99.9th(us): 64000, 99.99th(us): 143000
READ   - Takes(s): 50.0, Count: 327649, OPS: 6558.3, Avg(us): 1917, Min(us): 643, Max(us): 98791, 99th(us): 6000, 99.9th(us): 14000, 99.99th(us): 89000
READ_MODIFY_WRITE - Takes(s): 49.9, Count: 163799, OPS: 3282.4, Avg(us): 14850, Min(us): 5277, Max(us): 169350, 99th(us): 32000, 99.9th(us): 72000, 99.99th(us): 142000
UPDATE - Takes(s): 49.9, Count: 163799, OPS: 3282.4, Avg(us): 12909, Min(us): 4115, Max(us): 167571, 99th(us): 29000, 99.9th(us): 63000, 99.99th(us): 141000
READ   - Takes(s): 60.0, Count: 398438, OPS: 6645.1, Avg(us): 1911, Min(us): 638, Max(us): 98791, 99th(us): 6000, 99.9th(us): 14000, 99.99th(us): 65000
READ_MODIFY_WRITE - Takes(s): 59.9, Count: 199295, OPS: 3327.1, Avg(us): 14628, Min(us): 5277, Max(us): 169350, 99th(us): 31000, 99.9th(us): 69000, 99.99th(us): 137000
UPDATE - Takes(s): 59.9, Count: 199295, OPS: 3327.0, Avg(us): 12693, Min(us): 4115, Max(us): 167571, 99th(us): 29000, 99.9th(us): 60000, 99.99th(us): 135000
READ   - Takes(s): 70.0, Count: 469812, OPS: 6715.5, Avg(us): 1908, Min(us): 638, Max(us): 98791, 99th(us): 6000, 99.9th(us): 13000, 99.99th(us): 62000
READ_MODIFY_WRITE - Takes(s): 69.9, Count: 234900, OPS: 3360.4, Avg(us): 14463, Min(us): 5277, Max(us): 169350, 99th(us): 30000, 99.9th(us): 66000, 99.99th(us): 136000
UPDATE - Takes(s): 69.9, Count: 234900, OPS: 3360.4, Avg(us): 12531, Min(us): 4115, Max(us): 167571, 99th(us): 28000, 99.9th(us): 58000, 99.99th(us): 133000
READ   - Takes(s): 80.0, Count: 539607, OPS: 6748.5, Avg(us): 1904, Min(us): 638, Max(us): 98791, 99th(us): 6000, 99.9th(us): 12000, 99.99th(us): 62000
READ_MODIFY_WRITE - Takes(s): 79.9, Count: 269509, OPS: 3373.0, Avg(us): 14399, Min(us): 5277, Max(us): 169350, 99th(us): 31000, 99.9th(us): 68000, 99.99th(us): 126000
UPDATE - Takes(s): 79.9, Count: 269512, OPS: 3373.0, Avg(us): 12471, Min(us): 4115, Max(us): 167571, 99th(us): 28000, 99.9th(us): 60000, 99.99th(us): 128000
READ   - Takes(s): 90.0, Count: 611710, OPS: 6799.8, Avg(us): 1896, Min(us): 638, Max(us): 98791, 99th(us): 6000, 99.9th(us): 11000, 99.99th(us): 62000
READ_MODIFY_WRITE - Takes(s): 89.9, Count: 305699, OPS: 3400.4, Avg(us): 14276, Min(us): 5277, Max(us): 169350, 99th(us): 30000, 99.9th(us): 68000, 99.99th(us): 126000
UPDATE - Takes(s): 89.9, Count: 305700, OPS: 3400.4, Avg(us): 12356, Min(us): 4115, Max(us): 167571, 99th(us): 28000, 99.9th(us): 60000, 99.99th(us): 120000
READ   - Takes(s): 100.0, Count: 683832, OPS: 6841.1, Avg(us): 1889, Min(us): 638, Max(us): 98791, 99th(us): 6000, 99.9th(us): 11000, 99.99th(us): 62000
READ_MODIFY_WRITE - Takes(s): 99.9, Count: 341737, OPS: 3420.7, Avg(us): 14185, Min(us): 5277, Max(us): 169350, 99th(us): 30000, 99.9th(us): 67000, 99.99th(us): 119000
UPDATE - Takes(s): 99.9, Count: 341737, OPS: 3420.7, Avg(us): 12272, Min(us): 4115, Max(us): 167571, 99th(us): 27000, 99.9th(us): 60000, 99.99th(us): 116000
READ   - Takes(s): 110.0, Count: 754128, OPS: 6858.2, Avg(us): 1883, Min(us): 634, Max(us): 98791, 99th(us): 6000, 99.9th(us): 11000, 99.99th(us): 61000
READ_MODIFY_WRITE - Takes(s): 109.9, Count: 376906, OPS: 3429.5, Avg(us): 14148, Min(us): 5277, Max(us): 169350, 99th(us): 30000, 99.9th(us): 68000, 99.99th(us): 116000
UPDATE - Takes(s): 109.9, Count: 376911, OPS: 3429.5, Avg(us): 12241, Min(us): 3921, Max(us): 167571, 99th(us): 27000, 99.9th(us): 61000, 99.99th(us): 113000
READ   - Takes(s): 120.0, Count: 826101, OPS: 6886.5, Avg(us): 1884, Min(us): 632, Max(us): 98791, 99th(us): 6000, 99.9th(us): 10000, 99.99th(us): 61000
READ_MODIFY_WRITE - Takes(s): 119.9, Count: 412708, OPS: 3442.1, Avg(us): 14087, Min(us): 5277, Max(us): 169350, 99th(us): 29000, 99.9th(us): 67000, 99.99th(us): 116000
UPDATE - Takes(s): 119.9, Count: 412710, OPS: 3442.1, Avg(us): 12179, Min(us): 3921, Max(us): 167571, 99th(us): 27000, 99.9th(us): 60000, 99.99th(us): 108000
READ   - Takes(s): 130.0, Count: 898567, OPS: 6914.2, Avg(us): 1883, Min(us): 632, Max(us): 98791, 99th(us): 6000, 99.9th(us): 10000, 99.99th(us): 61000
READ_MODIFY_WRITE - Takes(s): 129.9, Count: 448937, OPS: 3456.0, Avg(us): 14023, Min(us): 5277, Max(us): 169350, 99th(us): 29000, 99.9th(us): 67000, 99.99th(us): 114000
UPDATE - Takes(s): 129.9, Count: 448941, OPS: 3456.0, Avg(us): 12116, Min(us): 3921, Max(us): 167571, 99th(us): 26000, 99.9th(us): 60000, 99.99th(us): 103000
READ   - Takes(s): 140.0, Count: 966771, OPS: 6907.5, Avg(us): 1882, Min(us): 632, Max(us): 98791, 99th(us): 6000, 99.9th(us): 11000, 99.99th(us): 60000
READ_MODIFY_WRITE - Takes(s): 139.9, Count: 483119, OPS: 3453.2, Avg(us): 14035, Min(us): 5277, Max(us): 169350, 99th(us): 30000, 99.9th(us): 68000, 99.99th(us): 113000
UPDATE - Takes(s): 139.9, Count: 483124, OPS: 3453.3, Avg(us): 12129, Min(us): 3921, Max(us): 167571, 99th(us): 27000, 99.9th(us): 62000, 99.99th(us): 102000
Run finished, takes 2m27.056955992s
READ   - Takes(s): 147.0, Count: 999955, OPS: 6801.7, Avg(us): 1881, Min(us): 632, Max(us): 98791, 99th(us): 6000, 99.9th(us): 11000, 99.99th(us): 61000
READ_MODIFY_WRITE - Takes(s): 147.0, Count: 499539, OPS: 3399.2, Avg(us): 14046, Min(us): 5277, Max(us): 169350, 99th(us): 29000, 99.9th(us): 68000, 99.99th(us): 114000
UPDATE - Takes(s): 147.0, Count: 499539, OPS: 3399.2, Avg(us): 12141, Min(us): 3921, Max(us): 167571, 99th(us): 27000, 99.9th(us): 61000, 99.99th(us): 103000
[2022/06/08 10:55:33.466 -05:00] [INFO] [client.go:754] ["[pd] stop fetching the pending tso requests due to context canceled"] [dc-location=global]
[2022/06/08 10:55:33.466 -05:00] [INFO] [client.go:692] ["[pd] exit tso dispatcher"] [dc-location=global]
