[2022/06/08 09:50:46.900 -05:00] [INFO] [client.go:378] ["[pd] create pd client with endpoints"] [pd-address="[10.10.1.4:2379]"]
[2022/06/08 09:50:46.906 -05:00] [INFO] [base_client.go:350] ["[pd] switch leader"] [new-leader=http://10.10.1.4:2379] [old-leader=]
[2022/06/08 09:50:46.906 -05:00] [INFO] [base_client.go:105] ["[pd] init cluster id"] [cluster-id=7106870844986743687]
[2022/06/08 09:50:46.906 -05:00] [INFO] [client.go:673] ["[pd] tso dispatcher created"] [dc-location=global]
***************** properties *****************
"tikv.type"="raw"
"threadcount"="5"
"readmodifywriteproportion"="0.5"
"updateproportion"="0"
"dotransactions"="true"
"operationcount"="1000000"
"insertproportion"="0"
"debug.pprof"=":6060"
"readallfields"="true"
"workload"="core"
"tikv.batchsize"="128"
"readproportion"="0.5"
"requestdistribution"="uniform"
"tikv.pd"="10.10.1.4:2379"
"tikv.conncount"="128"
"recordcount"="1000000"
"scanproportion"="0"
"verbose"="false"
**********************************************
READ   - Takes(s): 10.0, Count: 7649, OPS: 768.2, Avg(us): 2100, Min(us): 1174, Max(us): 175940, 99th(us): 3000, 99.9th(us): 73000, 99.99th(us): 176000
READ_MODIFY_WRITE - Takes(s): 9.9, Count: 3829, OPS: 387.3, Avg(us): 10980, Min(us): 8709, Max(us): 185687, 99th(us): 14000, 99.9th(us): 110000, 99.99th(us): 186000
UPDATE - Takes(s): 9.9, Count: 3829, OPS: 387.3, Avg(us): 8806, Min(us): 6957, Max(us): 28729, 99th(us): 12000, 99.9th(us): 19000, 99.99th(us): 29000
READ   - Takes(s): 20.0, Count: 15527, OPS: 778.0, Avg(us): 2021, Min(us): 1174, Max(us): 175940, 99th(us): 3000, 99.9th(us): 9000, 99.99th(us): 128000
READ_MODIFY_WRITE - Takes(s): 19.9, Count: 7781, OPS: 391.3, Avg(us): 10833, Min(us): 8709, Max(us): 185687, 99th(us): 14000, 99.9th(us): 41000, 99.99th(us): 186000
UPDATE - Takes(s): 19.9, Count: 7781, OPS: 391.3, Avg(us): 8764, Min(us): 6915, Max(us): 38636, 99th(us): 12000, 99.9th(us): 19000, 99.99th(us): 38000
READ   - Takes(s): 30.0, Count: 23489, OPS: 784.1, Avg(us): 1994, Min(us): 1174, Max(us): 175940, 99th(us): 3000, 99.9th(us): 8000, 99.99th(us): 103000
READ_MODIFY_WRITE - Takes(s): 29.9, Count: 11742, OPS: 392.9, Avg(us): 10769, Min(us): 8577, Max(us): 185687, 99th(us): 14000, 99.9th(us): 29000, 99.99th(us): 140000
UPDATE - Takes(s): 29.9, Count: 11742, OPS: 392.9, Avg(us): 8733, Min(us): 6915, Max(us): 38636, 99th(us): 12000, 99.9th(us): 18000, 99.99th(us): 38000
READ   - Takes(s): 40.0, Count: 31285, OPS: 783.0, Avg(us): 1980, Min(us): 1174, Max(us): 175940, 99th(us): 3000, 99.9th(us): 7000, 99.99th(us): 101000
READ_MODIFY_WRITE - Takes(s): 39.9, Count: 15754, OPS: 395.0, Avg(us): 10732, Min(us): 8577, Max(us): 185687, 99th(us): 14000, 99.9th(us): 27000, 99.99th(us): 140000
UPDATE - Takes(s): 39.9, Count: 15754, OPS: 395.0, Avg(us): 8713, Min(us): 6915, Max(us): 38636, 99th(us): 12000, 99.9th(us): 17000, 99.99th(us): 38000
READ   - Takes(s): 50.0, Count: 39181, OPS: 784.3, Avg(us): 1969, Min(us): 1174, Max(us): 175940, 99th(us): 3000, 99.9th(us): 6000, 99.99th(us): 101000
READ_MODIFY_WRITE - Takes(s): 49.9, Count: 19755, OPS: 396.0, Avg(us): 10706, Min(us): 8577, Max(us): 185687, 99th(us): 14000, 99.9th(us): 25000, 99.99th(us): 140000
UPDATE - Takes(s): 49.9, Count: 19755, OPS: 396.0, Avg(us): 8698, Min(us): 6915, Max(us): 38636, 99th(us): 11000, 99.9th(us): 15000, 99.99th(us): 38000
READ   - Takes(s): 60.0, Count: 47040, OPS: 784.6, Avg(us): 1961, Min(us): 1174, Max(us): 175940, 99th(us): 3000, 99.9th(us): 5000, 99.99th(us): 96000
READ_MODIFY_WRITE - Takes(s): 59.9, Count: 23778, OPS: 397.1, Avg(us): 10683, Min(us): 8577, Max(us): 185687, 99th(us): 14000, 99.9th(us): 23000, 99.99th(us): 117000
UPDATE - Takes(s): 59.9, Count: 23778, OPS: 397.1, Avg(us): 8685, Min(us): 6780, Max(us): 38636, 99th(us): 11000, 99.9th(us): 14000, 99.99th(us): 35000
READ   - Takes(s): 70.0, Count: 54955, OPS: 785.6, Avg(us): 1956, Min(us): 1174, Max(us): 175940, 99th(us): 3000, 99.9th(us): 5000, 99.99th(us): 77000
READ_MODIFY_WRITE - Takes(s): 69.9, Count: 27786, OPS: 397.6, Avg(us): 10668, Min(us): 8577, Max(us): 185687, 99th(us): 14000, 99.9th(us): 22000, 99.99th(us): 117000
UPDATE - Takes(s): 69.9, Count: 27786, OPS: 397.6, Avg(us): 8678, Min(us): 6780, Max(us): 38636, 99th(us): 11000, 99.9th(us): 14000, 99.99th(us): 35000
READ   - Takes(s): 80.0, Count: 62898, OPS: 786.7, Avg(us): 1951, Min(us): 1174, Max(us): 175940, 99th(us): 3000, 99.9th(us): 5000, 99.99th(us): 76000
READ_MODIFY_WRITE - Takes(s): 79.9, Count: 31798, OPS: 398.1, Avg(us): 10654, Min(us): 8427, Max(us): 185687, 99th(us): 14000, 99.9th(us): 22000, 99.99th(us): 110000
UPDATE - Takes(s): 79.9, Count: 31798, OPS: 398.1, Avg(us): 8669, Min(us): 6772, Max(us): 38636, 99th(us): 11000, 99.9th(us): 14000, 99.99th(us): 29000
READ   - Takes(s): 90.0, Count: 70887, OPS: 788.0, Avg(us): 1950, Min(us): 1174, Max(us): 175940, 99th(us): 3000, 99.9th(us): 4000, 99.99th(us): 73000
READ_MODIFY_WRITE - Takes(s): 89.9, Count: 35753, OPS: 397.8, Avg(us): 10654, Min(us): 8427, Max(us): 185687, 99th(us): 14000, 99.9th(us): 22000, 99.99th(us): 110000
UPDATE - Takes(s): 89.9, Count: 35753, OPS: 397.8, Avg(us): 8671, Min(us): 6772, Max(us): 38636, 99th(us): 11000, 99.9th(us): 14000, 99.99th(us): 29000
READ   - Takes(s): 100.0, Count: 78755, OPS: 787.9, Avg(us): 1948, Min(us): 1174, Max(us): 175940, 99th(us): 3000, 99.9th(us): 4000, 99.99th(us): 73000
READ_MODIFY_WRITE - Takes(s): 99.9, Count: 39746, OPS: 397.9, Avg(us): 10651, Min(us): 8427, Max(us): 185687, 99th(us): 14000, 99.9th(us): 22000, 99.99th(us): 110000
UPDATE - Takes(s): 99.9, Count: 39746, OPS: 397.9, Avg(us): 8670, Min(us): 6772, Max(us): 38636, 99th(us): 11000, 99.9th(us): 14000, 99.99th(us): 29000
READ   - Takes(s): 110.0, Count: 86833, OPS: 789.7, Avg(us): 1946, Min(us): 1174, Max(us): 175940, 99th(us): 3000, 99.9th(us): 4000, 99.99th(us): 71000
READ_MODIFY_WRITE - Takes(s): 109.9, Count: 43693, OPS: 397.6, Avg(us): 10649, Min(us): 8427, Max(us): 185687, 99th(us): 13000, 99.9th(us): 21000, 99.99th(us): 108000
UPDATE - Takes(s): 109.9, Count: 43693, OPS: 397.6, Avg(us): 8670, Min(us): 6772, Max(us): 38636, 99th(us): 11000, 99.9th(us): 14000, 99.99th(us): 28000
READ   - Takes(s): 120.0, Count: 94476, OPS: 787.6, Avg(us): 1947, Min(us): 1174, Max(us): 175940, 99th(us): 3000, 99.9th(us): 4000, 99.99th(us): 45000
READ_MODIFY_WRITE - Takes(s): 119.9, Count: 47537, OPS: 396.5, Avg(us): 10682, Min(us): 8427, Max(us): 203906, 99th(us): 14000, 99.9th(us): 26000, 99.99th(us): 140000
UPDATE - Takes(s): 119.9, Count: 47537, OPS: 396.5, Avg(us): 8702, Min(us): 6772, Max(us): 202066, 99th(us): 11000, 99.9th(us): 20000, 99.99th(us): 74000
READ   - Takes(s): 130.0, Count: 102445, OPS: 788.3, Avg(us): 1947, Min(us): 1174, Max(us): 175940, 99th(us): 3000, 99.9th(us): 4000, 99.99th(us): 37000
READ_MODIFY_WRITE - Takes(s): 129.9, Count: 51513, OPS: 396.6, Avg(us): 10676, Min(us): 8427, Max(us): 203906, 99th(us): 14000, 99.9th(us): 26000, 99.99th(us): 117000
UPDATE - Takes(s): 129.9, Count: 51513, OPS: 396.6, Avg(us): 8697, Min(us): 6772, Max(us): 202066, 99th(us): 11000, 99.9th(us): 20000, 99.99th(us): 65000
READ   - Takes(s): 140.0, Count: 110406, OPS: 788.9, Avg(us): 1946, Min(us): 1174, Max(us): 175940, 99th(us): 3000, 99.9th(us): 4000, 99.99th(us): 37000
READ_MODIFY_WRITE - Takes(s): 139.9, Count: 55482, OPS: 396.6, Avg(us): 10672, Min(us): 8427, Max(us): 203906, 99th(us): 14000, 99.9th(us): 26000, 99.99th(us): 117000
UPDATE - Takes(s): 139.9, Count: 55482, OPS: 396.6, Avg(us): 8694, Min(us): 6772, Max(us): 202066, 99th(us): 11000, 99.9th(us): 20000, 99.99th(us): 65000
READ   - Takes(s): 150.0, Count: 118293, OPS: 788.9, Avg(us): 1946, Min(us): 1146, Max(us): 175940, 99th(us): 3000, 99.9th(us): 4000, 99.99th(us): 37000
READ_MODIFY_WRITE - Takes(s): 149.9, Count: 59466, OPS: 396.7, Avg(us): 10668, Min(us): 8427, Max(us): 203906, 99th(us): 13000, 99.9th(us): 26000, 99.99th(us): 117000
UPDATE - Takes(s): 149.9, Count: 59466, OPS: 396.7, Avg(us): 8690, Min(us): 6772, Max(us): 202066, 99th(us): 11000, 99.9th(us): 20000, 99.99th(us): 65000
READ   - Takes(s): 160.0, Count: 126253, OPS: 789.3, Avg(us): 1945, Min(us): 1146, Max(us): 175940, 99th(us): 3000, 99.9th(us): 4000, 99.99th(us): 20000
READ_MODIFY_WRITE - Takes(s): 159.9, Count: 63440, OPS: 396.8, Avg(us): 10665, Min(us): 8394, Max(us): 203906, 99th(us): 13000, 99.9th(us): 25000, 99.99th(us): 110000
UPDATE - Takes(s): 159.9, Count: 63441, OPS: 396.8, Avg(us): 8689, Min(us): 6772, Max(us): 202066, 99th(us): 11000, 99.9th(us): 18000, 99.99th(us): 58000
READ   - Takes(s): 170.0, Count: 134162, OPS: 789.4, Avg(us): 1945, Min(us): 1145, Max(us): 175940, 99th(us): 3000, 99.9th(us): 4000, 99.99th(us): 20000
READ_MODIFY_WRITE - Takes(s): 169.9, Count: 67434, OPS: 396.9, Avg(us): 10662, Min(us): 8394, Max(us): 203906, 99th(us): 13000, 99.9th(us): 25000, 99.99th(us): 112000
UPDATE - Takes(s): 169.9, Count: 67434, OPS: 396.9, Avg(us): 8686, Min(us): 6772, Max(us): 202066, 99th(us): 11000, 99.9th(us): 18000, 99.99th(us): 60000
READ   - Takes(s): 180.0, Count: 142047, OPS: 789.3, Avg(us): 1944, Min(us): 1106, Max(us): 175940, 99th(us): 3000, 99.9th(us): 4000, 99.99th(us): 20000
READ_MODIFY_WRITE - Takes(s): 179.9, Count: 71431, OPS: 397.1, Avg(us): 10659, Min(us): 8394, Max(us): 203906, 99th(us): 13000, 99.9th(us): 25000, 99.99th(us): 110000
UPDATE - Takes(s): 179.9, Count: 71431, OPS: 397.1, Avg(us): 8684, Min(us): 6706, Max(us): 202066, 99th(us): 11000, 99.9th(us): 18000, 99.99th(us): 58000
READ   - Takes(s): 190.0, Count: 150026, OPS: 789.8, Avg(us): 1944, Min(us): 1106, Max(us): 175940, 99th(us): 3000, 99.9th(us): 4000, 99.99th(us): 20000
READ_MODIFY_WRITE - Takes(s): 189.9, Count: 75391, OPS: 397.0, Avg(us): 10657, Min(us): 8394, Max(us): 203906, 99th(us): 13000, 99.9th(us): 24000, 99.99th(us): 110000
UPDATE - Takes(s): 189.9, Count: 75391, OPS: 397.0, Avg(us): 8682, Min(us): 6563, Max(us): 202066, 99th(us): 11000, 99.9th(us): 18000, 99.99th(us): 58000
READ   - Takes(s): 200.0, Count: 157949, OPS: 789.9, Avg(us): 1944, Min(us): 1106, Max(us): 175940, 99th(us): 3000, 99.9th(us): 4000, 99.99th(us): 20000
READ_MODIFY_WRITE - Takes(s): 199.9, Count: 79374, OPS: 397.1, Avg(us): 10655, Min(us): 8394, Max(us): 203906, 99th(us): 13000, 99.9th(us): 24000, 99.99th(us): 110000
UPDATE - Takes(s): 199.9, Count: 79374, OPS: 397.1, Avg(us): 8680, Min(us): 6563, Max(us): 202066, 99th(us): 11000, 99.9th(us): 18000, 99.99th(us): 58000
READ   - Takes(s): 210.0, Count: 165998, OPS: 790.6, Avg(us): 1944, Min(us): 1106, Max(us): 175940, 99th(us): 3000, 99.9th(us): 4000, 99.99th(us): 20000
READ_MODIFY_WRITE - Takes(s): 209.9, Count: 83320, OPS: 397.0, Avg(us): 10654, Min(us): 8382, Max(us): 203906, 99th(us): 13000, 99.9th(us): 24000, 99.99th(us): 108000
UPDATE - Takes(s): 209.9, Count: 83320, OPS: 397.0, Avg(us): 8679, Min(us): 6563, Max(us): 202066, 99th(us): 11000, 99.9th(us): 18000, 99.99th(us): 52000
READ   - Takes(s): 220.0, Count: 173857, OPS: 790.4, Avg(us): 1944, Min(us): 1106, Max(us): 175940, 99th(us): 3000, 99.9th(us): 4000, 99.99th(us): 19000
READ_MODIFY_WRITE - Takes(s): 219.9, Count: 87306, OPS: 397.1, Avg(us): 10653, Min(us): 8382, Max(us): 203906, 99th(us): 13000, 99.9th(us): 23000, 99.99th(us): 108000
UPDATE - Takes(s): 219.9, Count: 87306, OPS: 397.1, Avg(us): 8678, Min(us): 6563, Max(us): 202066, 99th(us): 11000, 99.9th(us): 18000, 99.99th(us): 52000
READ   - Takes(s): 230.0, Count: 181711, OPS: 790.2, Avg(us): 1944, Min(us): 1106, Max(us): 175940, 99th(us): 3000, 99.9th(us): 4000, 99.99th(us): 19000
READ_MODIFY_WRITE - Takes(s): 229.9, Count: 91287, OPS: 397.1, Avg(us): 10653, Min(us): 8382, Max(us): 203906, 99th(us): 13000, 99.9th(us): 23000, 99.99th(us): 76000
UPDATE - Takes(s): 229.9, Count: 91288, OPS: 397.1, Avg(us): 8678, Min(us): 6563, Max(us): 202066, 99th(us): 11000, 99.9th(us): 17000, 99.99th(us): 51000
READ   - Takes(s): 240.0, Count: 189559, OPS: 790.0, Avg(us): 1944, Min(us): 1106, Max(us): 175940, 99th(us): 3000, 99.9th(us): 4000, 99.99th(us): 19000
READ_MODIFY_WRITE - Takes(s): 239.9, Count: 95266, OPS: 397.1, Avg(us): 10653, Min(us): 8382, Max(us): 203906, 99th(us): 13000, 99.9th(us): 23000, 99.99th(us): 83000
UPDATE - Takes(s): 239.9, Count: 95266, OPS: 397.1, Avg(us): 8678, Min(us): 6563, Max(us): 202066, 99th(us): 11000, 99.9th(us): 17000, 99.99th(us): 51000
READ   - Takes(s): 250.0, Count: 197567, OPS: 790.4, Avg(us): 1944, Min(us): 1106, Max(us): 175940, 99th(us): 3000, 99.9th(us): 4000, 99.99th(us): 19000
READ_MODIFY_WRITE - Takes(s): 249.9, Count: 99222, OPS: 397.1, Avg(us): 10652, Min(us): 8382, Max(us): 203906, 99th(us): 13000, 99.9th(us): 22000, 99.99th(us): 83000
UPDATE - Takes(s): 249.9, Count: 99222, OPS: 397.1, Avg(us): 8677, Min(us): 6563, Max(us): 202066, 99th(us): 11000, 99.9th(us): 17000, 99.99th(us): 51000
READ   - Takes(s): 260.0, Count: 205581, OPS: 790.8, Avg(us): 1944, Min(us): 1106, Max(us): 175940, 99th(us): 3000, 99.9th(us): 4000, 99.99th(us): 19000
READ_MODIFY_WRITE - Takes(s): 259.9, Count: 103196, OPS: 397.1, Avg(us): 10649, Min(us): 8382, Max(us): 203906, 99th(us): 13000, 99.9th(us): 22000, 99.99th(us): 76000
UPDATE - Takes(s): 259.9, Count: 103196, OPS: 397.1, Avg(us): 8675, Min(us): 6563, Max(us): 202066, 99th(us): 11000, 99.9th(us): 16000, 99.99th(us): 51000
READ   - Takes(s): 270.0, Count: 213566, OPS: 791.1, Avg(us): 1944, Min(us): 1106, Max(us): 175940, 99th(us): 3000, 99.9th(us): 4000, 99.99th(us): 19000
READ_MODIFY_WRITE - Takes(s): 269.9, Count: 107171, OPS: 397.1, Avg(us): 10648, Min(us): 8382, Max(us): 203906, 99th(us): 13000, 99.9th(us): 22000, 99.99th(us): 76000
UPDATE - Takes(s): 269.9, Count: 107171, OPS: 397.1, Avg(us): 8674, Min(us): 6563, Max(us): 202066, 99th(us): 11000, 99.9th(us): 16000, 99.99th(us): 51000
READ   - Takes(s): 280.0, Count: 221572, OPS: 791.5, Avg(us): 1943, Min(us): 1106, Max(us): 175940, 99th(us): 3000, 99.9th(us): 4000, 99.99th(us): 19000
READ_MODIFY_WRITE - Takes(s): 279.9, Count: 111175, OPS: 397.2, Avg(us): 10644, Min(us): 8382, Max(us): 203906, 99th(us): 13000, 99.9th(us): 22000, 99.99th(us): 67000
UPDATE - Takes(s): 279.9, Count: 111175, OPS: 397.2, Avg(us): 8671, Min(us): 6563, Max(us): 202066, 99th(us): 11000, 99.9th(us): 16000, 99.99th(us): 48000
READ   - Takes(s): 290.0, Count: 229489, OPS: 791.5, Avg(us): 1942, Min(us): 1106, Max(us): 175940, 99th(us): 3000, 99.9th(us): 4000, 99.99th(us): 19000
READ_MODIFY_WRITE - Takes(s): 289.9, Count: 115180, OPS: 397.3, Avg(us): 10642, Min(us): 8382, Max(us): 203906, 99th(us): 13000, 99.9th(us): 22000, 99.99th(us): 67000
UPDATE - Takes(s): 289.9, Count: 115180, OPS: 397.3, Avg(us): 8670, Min(us): 6563, Max(us): 202066, 99th(us): 11000, 99.9th(us): 16000, 99.99th(us): 48000
READ   - Takes(s): 300.0, Count: 237475, OPS: 791.7, Avg(us): 1942, Min(us): 1106, Max(us): 175940, 99th(us): 3000, 99.9th(us): 4000, 99.99th(us): 19000
READ_MODIFY_WRITE - Takes(s): 299.9, Count: 119173, OPS: 397.4, Avg(us): 10640, Min(us): 8382, Max(us): 203906, 99th(us): 13000, 99.9th(us): 22000, 99.99th(us): 67000
UPDATE - Takes(s): 299.9, Count: 119173, OPS: 397.4, Avg(us): 8668, Min(us): 6563, Max(us): 202066, 99th(us): 11000, 99.9th(us): 16000, 99.99th(us): 48000
READ   - Takes(s): 310.0, Count: 245612, OPS: 792.4, Avg(us): 1942, Min(us): 1106, Max(us): 175940, 99th(us): 3000, 99.9th(us): 4000, 99.99th(us): 19000
READ_MODIFY_WRITE - Takes(s): 309.9, Count: 123138, OPS: 397.4, Avg(us): 10637, Min(us): 8382, Max(us): 203906, 99th(us): 13000, 99.9th(us): 22000, 99.99th(us): 62000
UPDATE - Takes(s): 309.9, Count: 123138, OPS: 397.4, Avg(us): 8666, Min(us): 6563, Max(us): 202066, 99th(us): 11000, 99.9th(us): 16000, 99.99th(us): 41000
READ   - Takes(s): 320.0, Count: 253593, OPS: 792.6, Avg(us): 1941, Min(us): 1106, Max(us): 175940, 99th(us): 3000, 99.9th(us): 4000, 99.99th(us): 19000
READ_MODIFY_WRITE - Takes(s): 319.9, Count: 127121, OPS: 397.4, Avg(us): 10636, Min(us): 8382, Max(us): 203906, 99th(us): 13000, 99.9th(us): 22000, 99.99th(us): 62000
UPDATE - Takes(s): 319.9, Count: 127121, OPS: 397.4, Avg(us): 8665, Min(us): 6563, Max(us): 202066, 99th(us): 11000, 99.9th(us): 16000, 99.99th(us): 40000
READ   - Takes(s): 330.0, Count: 261573, OPS: 792.8, Avg(us): 1941, Min(us): 1106, Max(us): 175940, 99th(us): 3000, 99.9th(us): 4000, 99.99th(us): 19000
READ_MODIFY_WRITE - Takes(s): 329.9, Count: 131103, OPS: 397.4, Avg(us): 10635, Min(us): 8382, Max(us): 203906, 99th(us): 13000, 99.9th(us): 22000, 99.99th(us): 60000
UPDATE - Takes(s): 329.9, Count: 131103, OPS: 397.4, Avg(us): 8664, Min(us): 6563, Max(us): 202066, 99th(us): 11000, 99.9th(us): 16000, 99.99th(us): 40000
READ   - Takes(s): 340.0, Count: 269644, OPS: 793.2, Avg(us): 1941, Min(us): 1106, Max(us): 175940, 99th(us): 3000, 99.9th(us): 4000, 99.99th(us): 19000
READ_MODIFY_WRITE - Takes(s): 339.9, Count: 135058, OPS: 397.4, Avg(us): 10634, Min(us): 8382, Max(us): 203906, 99th(us): 13000, 99.9th(us): 22000, 99.99th(us): 60000
UPDATE - Takes(s): 339.9, Count: 135058, OPS: 397.4, Avg(us): 8663, Min(us): 6563, Max(us): 202066, 99th(us): 11000, 99.9th(us): 15000, 99.99th(us): 40000
READ   - Takes(s): 350.0, Count: 277522, OPS: 793.0, Avg(us): 1941, Min(us): 1106, Max(us): 175940, 99th(us): 3000, 99.9th(us): 4000, 99.99th(us): 19000
READ_MODIFY_WRITE - Takes(s): 349.9, Count: 139051, OPS: 397.4, Avg(us): 10634, Min(us): 8382, Max(us): 203906, 99th(us): 13000, 99.9th(us): 22000, 99.99th(us): 60000
UPDATE - Takes(s): 349.9, Count: 139051, OPS: 397.4, Avg(us): 8663, Min(us): 6563, Max(us): 202066, 99th(us): 11000, 99.9th(us): 15000, 99.99th(us): 40000
READ   - Takes(s): 360.0, Count: 285414, OPS: 792.9, Avg(us): 1941, Min(us): 1106, Max(us): 175940, 99th(us): 3000, 99.9th(us): 4000, 99.99th(us): 19000
READ_MODIFY_WRITE - Takes(s): 359.9, Count: 143035, OPS: 397.4, Avg(us): 10633, Min(us): 8382, Max(us): 203906, 99th(us): 13000, 99.9th(us): 22000, 99.99th(us): 54000
UPDATE - Takes(s): 359.9, Count: 143035, OPS: 397.4, Avg(us): 8663, Min(us): 6563, Max(us): 202066, 99th(us): 11000, 99.9th(us): 15000, 99.99th(us): 40000
READ   - Takes(s): 370.0, Count: 293368, OPS: 793.0, Avg(us): 1940, Min(us): 1106, Max(us): 175940, 99th(us): 3000, 99.9th(us): 4000, 99.99th(us): 19000
READ_MODIFY_WRITE - Takes(s): 369.9, Count: 147028, OPS: 397.5, Avg(us): 10632, Min(us): 8382, Max(us): 203906, 99th(us): 13000, 99.9th(us): 22000, 99.99th(us): 54000
UPDATE - Takes(s): 369.9, Count: 147028, OPS: 397.5, Avg(us): 8662, Min(us): 6563, Max(us): 202066, 99th(us): 11000, 99.9th(us): 15000, 99.99th(us): 40000
READ   - Takes(s): 380.0, Count: 301408, OPS: 793.3, Avg(us): 1940, Min(us): 1095, Max(us): 175940, 99th(us): 3000, 99.9th(us): 4000, 99.99th(us): 19000
READ_MODIFY_WRITE - Takes(s): 379.9, Count: 150984, OPS: 397.4, Avg(us): 10632, Min(us): 8382, Max(us): 203906, 99th(us): 13000, 99.9th(us): 22000, 99.99th(us): 53000
UPDATE - Takes(s): 379.9, Count: 150984, OPS: 397.4, Avg(us): 8662, Min(us): 6563, Max(us): 202066, 99th(us): 11000, 99.9th(us): 15000, 99.99th(us): 39000
READ   - Takes(s): 390.0, Count: 309343, OPS: 793.3, Avg(us): 1940, Min(us): 1095, Max(us): 175940, 99th(us): 3000, 99.9th(us): 4000, 99.99th(us): 19000
READ_MODIFY_WRITE - Takes(s): 389.9, Count: 154979, OPS: 397.5, Avg(us): 10631, Min(us): 8382, Max(us): 203906, 99th(us): 13000, 99.9th(us): 22000, 99.99th(us): 53000
UPDATE - Takes(s): 389.9, Count: 154979, OPS: 397.5, Avg(us): 8661, Min(us): 6563, Max(us): 202066, 99th(us): 11000, 99.9th(us): 15000, 99.99th(us): 39000
READ   - Takes(s): 400.0, Count: 317336, OPS: 793.4, Avg(us): 1940, Min(us): 1095, Max(us): 175940, 99th(us): 3000, 99.9th(us): 4000, 99.99th(us): 19000
READ_MODIFY_WRITE - Takes(s): 399.9, Count: 158966, OPS: 397.5, Avg(us): 10630, Min(us): 8382, Max(us): 203906, 99th(us): 13000, 99.9th(us): 22000, 99.99th(us): 53000
UPDATE - Takes(s): 399.9, Count: 158967, OPS: 397.5, Avg(us): 8660, Min(us): 6563, Max(us): 202066, 99th(us): 11000, 99.9th(us): 14000, 99.99th(us): 39000
READ   - Takes(s): 410.0, Count: 325101, OPS: 793.0, Avg(us): 1941, Min(us): 1095, Max(us): 175940, 99th(us): 3000, 99.9th(us): 4000, 99.99th(us): 19000
READ_MODIFY_WRITE - Takes(s): 409.9, Count: 162856, OPS: 397.3, Avg(us): 10635, Min(us): 8382, Max(us): 203906, 99th(us): 13000, 99.9th(us): 24000, 99.99th(us): 53000
UPDATE - Takes(s): 409.9, Count: 162856, OPS: 397.3, Avg(us): 8665, Min(us): 6563, Max(us): 202066, 99th(us): 11000, 99.9th(us): 18000, 99.99th(us): 40000
READ   - Takes(s): 420.0, Count: 333014, OPS: 793.0, Avg(us): 1941, Min(us): 1095, Max(us): 175940, 99th(us): 3000, 99.9th(us): 4000, 99.99th(us): 19000
READ_MODIFY_WRITE - Takes(s): 419.9, Count: 166829, OPS: 397.3, Avg(us): 10635, Min(us): 8382, Max(us): 203906, 99th(us): 13000, 99.9th(us): 23000, 99.99th(us): 53000
UPDATE - Takes(s): 419.9, Count: 166830, OPS: 397.3, Avg(us): 8664, Min(us): 6563, Max(us): 202066, 99th(us): 11000, 99.9th(us): 17000, 99.99th(us): 40000
READ   - Takes(s): 430.0, Count: 341011, OPS: 793.1, Avg(us): 1941, Min(us): 1095, Max(us): 175940, 99th(us): 3000, 99.9th(us): 4000, 99.99th(us): 19000
READ_MODIFY_WRITE - Takes(s): 429.9, Count: 170798, OPS: 397.3, Avg(us): 10634, Min(us): 8382, Max(us): 203906, 99th(us): 13000, 99.9th(us): 23000, 99.99th(us): 53000
UPDATE - Takes(s): 429.9, Count: 170798, OPS: 397.3, Avg(us): 8663, Min(us): 6563, Max(us): 202066, 99th(us): 11000, 99.9th(us): 17000, 99.99th(us): 40000
READ   - Takes(s): 440.0, Count: 348986, OPS: 793.2, Avg(us): 1942, Min(us): 1095, Max(us): 175940, 99th(us): 3000, 99.9th(us): 4000, 99.99th(us): 19000
READ_MODIFY_WRITE - Takes(s): 439.9, Count: 174754, OPS: 397.3, Avg(us): 10634, Min(us): 8382, Max(us): 203906, 99th(us): 13000, 99.9th(us): 23000, 99.99th(us): 53000
UPDATE - Takes(s): 439.9, Count: 174754, OPS: 397.3, Avg(us): 8663, Min(us): 6563, Max(us): 202066, 99th(us): 11000, 99.9th(us): 17000, 99.99th(us): 40000
READ   - Takes(s): 450.0, Count: 356943, OPS: 793.3, Avg(us): 1942, Min(us): 1095, Max(us): 175940, 99th(us): 3000, 99.9th(us): 4000, 99.99th(us): 19000
READ_MODIFY_WRITE - Takes(s): 449.9, Count: 178738, OPS: 397.3, Avg(us): 10633, Min(us): 8382, Max(us): 203906, 99th(us): 13000, 99.9th(us): 23000, 99.99th(us): 53000
UPDATE - Takes(s): 449.9, Count: 178738, OPS: 397.3, Avg(us): 8661, Min(us): 6563, Max(us): 202066, 99th(us): 11000, 99.9th(us): 17000, 99.99th(us): 40000
READ   - Takes(s): 460.0, Count: 364923, OPS: 793.4, Avg(us): 1942, Min(us): 1095, Max(us): 175940, 99th(us): 3000, 99.9th(us): 4000, 99.99th(us): 19000
READ_MODIFY_WRITE - Takes(s): 459.9, Count: 182717, OPS: 397.3, Avg(us): 10632, Min(us): 8382, Max(us): 203906, 99th(us): 13000, 99.9th(us): 23000, 99.99th(us): 50000
UPDATE - Takes(s): 459.9, Count: 182717, OPS: 397.3, Avg(us): 8661, Min(us): 6563, Max(us): 202066, 99th(us): 11000, 99.9th(us): 16000, 99.99th(us): 39000
READ   - Takes(s): 470.0, Count: 372899, OPS: 793.5, Avg(us): 1942, Min(us): 1095, Max(us): 175940, 99th(us): 3000, 99.9th(us): 4000, 99.99th(us): 19000
READ_MODIFY_WRITE - Takes(s): 469.9, Count: 186696, OPS: 397.3, Avg(us): 10631, Min(us): 8382, Max(us): 203906, 99th(us): 13000, 99.9th(us): 23000, 99.99th(us): 50000
UPDATE - Takes(s): 469.9, Count: 186696, OPS: 397.3, Avg(us): 8660, Min(us): 6563, Max(us): 202066, 99th(us): 11000, 99.9th(us): 16000, 99.99th(us): 39000
READ   - Takes(s): 480.0, Count: 380840, OPS: 793.5, Avg(us): 1942, Min(us): 1095, Max(us): 175940, 99th(us): 3000, 99.9th(us): 4000, 99.99th(us): 19000
READ_MODIFY_WRITE - Takes(s): 479.9, Count: 190664, OPS: 397.3, Avg(us): 10631, Min(us): 8382, Max(us): 203906, 99th(us): 13000, 99.9th(us): 22000, 99.99th(us): 47000
UPDATE - Takes(s): 479.9, Count: 190664, OPS: 397.3, Avg(us): 8660, Min(us): 6563, Max(us): 202066, 99th(us): 11000, 99.9th(us): 16000, 99.99th(us): 39000
READ   - Takes(s): 490.0, Count: 388734, OPS: 793.4, Avg(us): 1942, Min(us): 1095, Max(us): 175940, 99th(us): 3000, 99.9th(us): 4000, 99.99th(us): 19000
READ_MODIFY_WRITE - Takes(s): 489.9, Count: 194647, OPS: 397.3, Avg(us): 10631, Min(us): 8382, Max(us): 203906, 99th(us): 13000, 99.9th(us): 22000, 99.99th(us): 47000
UPDATE - Takes(s): 489.9, Count: 194647, OPS: 397.3, Avg(us): 8659, Min(us): 6563, Max(us): 202066, 99th(us): 11000, 99.9th(us): 16000, 99.99th(us): 39000
READ   - Takes(s): 500.0, Count: 396704, OPS: 793.5, Avg(us): 1942, Min(us): 1095, Max(us): 175940, 99th(us): 3000, 99.9th(us): 4000, 99.99th(us): 19000
READ_MODIFY_WRITE - Takes(s): 499.9, Count: 198607, OPS: 397.3, Avg(us): 10631, Min(us): 8382, Max(us): 203906, 99th(us): 13000, 99.9th(us): 22000, 99.99th(us): 47000
UPDATE - Takes(s): 499.9, Count: 198607, OPS: 397.3, Avg(us): 8659, Min(us): 6563, Max(us): 202066, 99th(us): 11000, 99.9th(us): 16000, 99.99th(us): 39000
READ   - Takes(s): 510.0, Count: 404654, OPS: 793.5, Avg(us): 1942, Min(us): 1095, Max(us): 175940, 99th(us): 3000, 99.9th(us): 4000, 99.99th(us): 19000
READ_MODIFY_WRITE - Takes(s): 509.9, Count: 202575, OPS: 397.3, Avg(us): 10631, Min(us): 8382, Max(us): 203906, 99th(us): 13000, 99.9th(us): 22000, 99.99th(us): 46000
UPDATE - Takes(s): 509.9, Count: 202576, OPS: 397.3, Avg(us): 8659, Min(us): 6563, Max(us): 202066, 99th(us): 11000, 99.9th(us): 16000, 99.99th(us): 38000
READ   - Takes(s): 520.0, Count: 412555, OPS: 793.4, Avg(us): 1942, Min(us): 1095, Max(us): 175940, 99th(us): 3000, 99.9th(us): 4000, 99.99th(us): 19000
READ_MODIFY_WRITE - Takes(s): 519.9, Count: 206567, OPS: 397.3, Avg(us): 10631, Min(us): 8382, Max(us): 203906, 99th(us): 13000, 99.9th(us): 22000, 99.99th(us): 46000
UPDATE - Takes(s): 519.9, Count: 206567, OPS: 397.3, Avg(us): 8659, Min(us): 6563, Max(us): 202066, 99th(us): 11000, 99.9th(us): 16000, 99.99th(us): 38000
READ   - Takes(s): 530.0, Count: 420449, OPS: 793.4, Avg(us): 1942, Min(us): 1095, Max(us): 175940, 99th(us): 3000, 99.9th(us): 4000, 99.99th(us): 19000
READ_MODIFY_WRITE - Takes(s): 529.9, Count: 210545, OPS: 397.3, Avg(us): 10631, Min(us): 8382, Max(us): 203906, 99th(us): 13000, 99.9th(us): 22000, 99.99th(us): 43000
UPDATE - Takes(s): 529.9, Count: 210545, OPS: 397.3, Avg(us): 8660, Min(us): 6563, Max(us): 202066, 99th(us): 11000, 99.9th(us): 16000, 99.99th(us): 35000
READ   - Takes(s): 540.0, Count: 428336, OPS: 793.3, Avg(us): 1942, Min(us): 1095, Max(us): 175940, 99th(us): 3000, 99.9th(us): 4000, 99.99th(us): 19000
READ_MODIFY_WRITE - Takes(s): 539.9, Count: 214506, OPS: 397.3, Avg(us): 10632, Min(us): 8382, Max(us): 203906, 99th(us): 13000, 99.9th(us): 22000, 99.99th(us): 43000
UPDATE - Takes(s): 539.9, Count: 214506, OPS: 397.3, Avg(us): 8660, Min(us): 6563, Max(us): 202066, 99th(us): 11000, 99.9th(us): 16000, 99.99th(us): 38000
READ   - Takes(s): 550.0, Count: 436294, OPS: 793.3, Avg(us): 1942, Min(us): 1095, Max(us): 175940, 99th(us): 3000, 99.9th(us): 4000, 99.99th(us): 19000
READ_MODIFY_WRITE - Takes(s): 549.9, Count: 218478, OPS: 397.3, Avg(us): 10631, Min(us): 8382, Max(us): 203906, 99th(us): 13000, 99.9th(us): 22000, 99.99th(us): 42000
UPDATE - Takes(s): 549.9, Count: 218479, OPS: 397.3, Avg(us): 8660, Min(us): 6563, Max(us): 202066, 99th(us): 11000, 99.9th(us): 16000, 99.99th(us): 38000
READ   - Takes(s): 560.0, Count: 444224, OPS: 793.3, Avg(us): 1942, Min(us): 1095, Max(us): 175940, 99th(us): 3000, 99.9th(us): 4000, 99.99th(us): 19000
READ_MODIFY_WRITE - Takes(s): 559.9, Count: 222485, OPS: 397.4, Avg(us): 10631, Min(us): 8382, Max(us): 203906, 99th(us): 13000, 99.9th(us): 22000, 99.99th(us): 42000
UPDATE - Takes(s): 559.9, Count: 222485, OPS: 397.4, Avg(us): 8659, Min(us): 6563, Max(us): 202066, 99th(us): 11000, 99.9th(us): 16000, 99.99th(us): 35000
READ   - Takes(s): 570.0, Count: 452127, OPS: 793.3, Avg(us): 1941, Min(us): 1095, Max(us): 175940, 99th(us): 3000, 99.9th(us): 4000, 99.99th(us): 19000
READ_MODIFY_WRITE - Takes(s): 569.9, Count: 226482, OPS: 397.4, Avg(us): 10630, Min(us): 8382, Max(us): 203906, 99th(us): 13000, 99.9th(us): 22000, 99.99th(us): 42000
UPDATE - Takes(s): 569.9, Count: 226482, OPS: 397.4, Avg(us): 8659, Min(us): 6563, Max(us): 202066, 99th(us): 11000, 99.9th(us): 15000, 99.99th(us): 35000
READ   - Takes(s): 580.0, Count: 460031, OPS: 793.2, Avg(us): 1941, Min(us): 1095, Max(us): 175940, 99th(us): 3000, 99.9th(us): 4000, 99.99th(us): 19000
READ_MODIFY_WRITE - Takes(s): 579.9, Count: 230453, OPS: 397.4, Avg(us): 10630, Min(us): 8382, Max(us): 203906, 99th(us): 13000, 99.9th(us): 22000, 99.99th(us): 42000
UPDATE - Takes(s): 579.9, Count: 230453, OPS: 397.4, Avg(us): 8659, Min(us): 6563, Max(us): 202066, 99th(us): 11000, 99.9th(us): 15000, 99.99th(us): 35000
READ   - Takes(s): 590.0, Count: 467863, OPS: 793.0, Avg(us): 1942, Min(us): 1095, Max(us): 175940, 99th(us): 3000, 99.9th(us): 4000, 99.99th(us): 19000
READ_MODIFY_WRITE - Takes(s): 589.9, Count: 234448, OPS: 397.4, Avg(us): 10630, Min(us): 8382, Max(us): 203906, 99th(us): 13000, 99.9th(us): 22000, 99.99th(us): 42000
UPDATE - Takes(s): 589.9, Count: 234448, OPS: 397.4, Avg(us): 8659, Min(us): 6563, Max(us): 202066, 99th(us): 11000, 99.9th(us): 15000, 99.99th(us): 35000
READ   - Takes(s): 600.0, Count: 475850, OPS: 793.1, Avg(us): 1942, Min(us): 1095, Max(us): 175940, 99th(us): 3000, 99.9th(us): 4000, 99.99th(us): 19000
READ_MODIFY_WRITE - Takes(s): 599.9, Count: 238415, OPS: 397.4, Avg(us): 10630, Min(us): 8382, Max(us): 203906, 99th(us): 13000, 99.9th(us): 21000, 99.99th(us): 42000
UPDATE - Takes(s): 599.9, Count: 238415, OPS: 397.4, Avg(us): 8659, Min(us): 6563, Max(us): 202066, 99th(us): 11000, 99.9th(us): 15000, 99.99th(us): 35000
READ   - Takes(s): 610.0, Count: 483787, OPS: 793.2, Avg(us): 1942, Min(us): 803, Max(us): 175940, 99th(us): 3000, 99.9th(us): 4000, 99.99th(us): 19000
READ_MODIFY_WRITE - Takes(s): 609.9, Count: 242382, OPS: 397.4, Avg(us): 10630, Min(us): 8382, Max(us): 203906, 99th(us): 13000, 99.9th(us): 21000, 99.99th(us): 41000
UPDATE - Takes(s): 609.9, Count: 242382, OPS: 397.4, Avg(us): 8659, Min(us): 6563, Max(us): 202066, 99th(us): 11000, 99.9th(us): 15000, 99.99th(us): 35000
READ   - Takes(s): 620.0, Count: 491675, OPS: 793.1, Avg(us): 1942, Min(us): 803, Max(us): 175940, 99th(us): 3000, 99.9th(us): 4000, 99.99th(us): 19000
READ_MODIFY_WRITE - Takes(s): 619.9, Count: 246375, OPS: 397.5, Avg(us): 10630, Min(us): 8382, Max(us): 203906, 99th(us): 13000, 99.9th(us): 21000, 99.99th(us): 41000
UPDATE - Takes(s): 619.9, Count: 246375, OPS: 397.5, Avg(us): 8659, Min(us): 6563, Max(us): 202066, 99th(us): 11000, 99.9th(us): 15000, 99.99th(us): 35000
READ   - Takes(s): 630.0, Count: 499760, OPS: 793.3, Avg(us): 1942, Min(us): 803, Max(us): 175940, 99th(us): 3000, 99.9th(us): 4000, 99.99th(us): 19000
READ_MODIFY_WRITE - Takes(s): 629.9, Count: 250314, OPS: 397.4, Avg(us): 10630, Min(us): 8382, Max(us): 203906, 99th(us): 13000, 99.9th(us): 21000, 99.99th(us): 41000
UPDATE - Takes(s): 629.9, Count: 250315, OPS: 397.4, Avg(us): 8659, Min(us): 6563, Max(us): 202066, 99th(us): 11000, 99.9th(us): 15000, 99.99th(us): 35000
READ   - Takes(s): 640.0, Count: 507706, OPS: 793.3, Avg(us): 1941, Min(us): 803, Max(us): 175940, 99th(us): 3000, 99.9th(us): 4000, 99.99th(us): 19000
READ_MODIFY_WRITE - Takes(s): 639.9, Count: 254310, OPS: 397.4, Avg(us): 10629, Min(us): 8326, Max(us): 203906, 99th(us): 13000, 99.9th(us): 21000, 99.99th(us): 41000
UPDATE - Takes(s): 639.9, Count: 254310, OPS: 397.4, Avg(us): 8658, Min(us): 6563, Max(us): 202066, 99th(us): 11000, 99.9th(us): 15000, 99.99th(us): 35000
READ   - Takes(s): 650.0, Count: 515701, OPS: 793.4, Avg(us): 1941, Min(us): 803, Max(us): 175940, 99th(us): 3000, 99.9th(us): 4000, 99.99th(us): 18000
READ_MODIFY_WRITE - Takes(s): 649.9, Count: 258282, OPS: 397.4, Avg(us): 10629, Min(us): 8326, Max(us): 203906, 99th(us): 13000, 99.9th(us): 21000, 99.99th(us): 41000
UPDATE - Takes(s): 649.9, Count: 258282, OPS: 397.4, Avg(us): 8658, Min(us): 6563, Max(us): 202066, 99th(us): 11000, 99.9th(us): 15000, 99.99th(us): 35000
READ   - Takes(s): 660.0, Count: 523712, OPS: 793.6, Avg(us): 1941, Min(us): 803, Max(us): 175940, 99th(us): 3000, 99.9th(us): 4000, 99.99th(us): 19000
READ_MODIFY_WRITE - Takes(s): 659.9, Count: 262235, OPS: 397.4, Avg(us): 10629, Min(us): 8326, Max(us): 203906, 99th(us): 13000, 99.9th(us): 21000, 99.99th(us): 41000
UPDATE - Takes(s): 659.9, Count: 262235, OPS: 397.4, Avg(us): 8658, Min(us): 6563, Max(us): 202066, 99th(us): 11000, 99.9th(us): 14000, 99.99th(us): 35000
READ   - Takes(s): 670.0, Count: 531684, OPS: 793.6, Avg(us): 1941, Min(us): 803, Max(us): 175940, 99th(us): 3000, 99.9th(us): 4000, 99.99th(us): 19000
READ_MODIFY_WRITE - Takes(s): 669.9, Count: 266214, OPS: 397.4, Avg(us): 10629, Min(us): 8326, Max(us): 203906, 99th(us): 13000, 99.9th(us): 21000, 99.99th(us): 41000
UPDATE - Takes(s): 669.9, Count: 266214, OPS: 397.4, Avg(us): 8658, Min(us): 6563, Max(us): 202066, 99th(us): 11000, 99.9th(us): 14000, 99.99th(us): 35000
READ   - Takes(s): 680.0, Count: 539675, OPS: 793.7, Avg(us): 1941, Min(us): 803, Max(us): 175940, 99th(us): 3000, 99.9th(us): 4000, 99.99th(us): 19000
READ_MODIFY_WRITE - Takes(s): 679.9, Count: 270198, OPS: 397.4, Avg(us): 10628, Min(us): 8326, Max(us): 203906, 99th(us): 13000, 99.9th(us): 21000, 99.99th(us): 40000
UPDATE - Takes(s): 679.9, Count: 270198, OPS: 397.4, Avg(us): 8657, Min(us): 6563, Max(us): 202066, 99th(us): 11000, 99.9th(us): 14000, 99.99th(us): 33000
READ   - Takes(s): 690.0, Count: 547614, OPS: 793.7, Avg(us): 1941, Min(us): 803, Max(us): 175940, 99th(us): 3000, 99.9th(us): 3000, 99.99th(us): 18000
READ_MODIFY_WRITE - Takes(s): 689.9, Count: 274160, OPS: 397.4, Avg(us): 10629, Min(us): 8326, Max(us): 203906, 99th(us): 13000, 99.9th(us): 21000, 99.99th(us): 40000
UPDATE - Takes(s): 689.9, Count: 274161, OPS: 397.4, Avg(us): 8658, Min(us): 6563, Max(us): 202066, 99th(us): 11000, 99.9th(us): 14000, 99.99th(us): 33000
READ   - Takes(s): 700.0, Count: 555407, OPS: 793.5, Avg(us): 1941, Min(us): 803, Max(us): 175940, 99th(us): 3000, 99.9th(us): 3000, 99.99th(us): 18000
READ_MODIFY_WRITE - Takes(s): 699.9, Count: 278019, OPS: 397.2, Avg(us): 10633, Min(us): 8326, Max(us): 203906, 99th(us): 13000, 99.9th(us): 22000, 99.99th(us): 46000
UPDATE - Takes(s): 699.9, Count: 278020, OPS: 397.2, Avg(us): 8662, Min(us): 6563, Max(us): 202066, 99th(us): 11000, 99.9th(us): 16000, 99.99th(us): 39000
READ   - Takes(s): 710.0, Count: 563345, OPS: 793.5, Avg(us): 1942, Min(us): 803, Max(us): 175940, 99th(us): 3000, 99.9th(us): 3000, 99.99th(us): 18000
READ_MODIFY_WRITE - Takes(s): 709.9, Count: 281962, OPS: 397.2, Avg(us): 10633, Min(us): 8326, Max(us): 203906, 99th(us): 13000, 99.9th(us): 22000, 99.99th(us): 44000
UPDATE - Takes(s): 709.9, Count: 281962, OPS: 397.2, Avg(us): 8662, Min(us): 6563, Max(us): 202066, 99th(us): 11000, 99.9th(us): 16000, 99.99th(us): 39000
READ   - Takes(s): 720.0, Count: 571298, OPS: 793.5, Avg(us): 1942, Min(us): 803, Max(us): 175940, 99th(us): 3000, 99.9th(us): 3000, 99.99th(us): 18000
READ_MODIFY_WRITE - Takes(s): 719.9, Count: 285902, OPS: 397.1, Avg(us): 10634, Min(us): 8326, Max(us): 203906, 99th(us): 13000, 99.9th(us): 22000, 99.99th(us): 44000
UPDATE - Takes(s): 719.9, Count: 285902, OPS: 397.1, Avg(us): 8662, Min(us): 6563, Max(us): 202066, 99th(us): 11000, 99.9th(us): 16000, 99.99th(us): 39000
READ   - Takes(s): 730.0, Count: 579153, OPS: 793.4, Avg(us): 1942, Min(us): 803, Max(us): 175940, 99th(us): 3000, 99.9th(us): 3000, 99.99th(us): 18000
READ_MODIFY_WRITE - Takes(s): 729.9, Count: 289885, OPS: 397.2, Avg(us): 10633, Min(us): 8326, Max(us): 203906, 99th(us): 13000, 99.9th(us): 22000, 99.99th(us): 44000
UPDATE - Takes(s): 729.9, Count: 289885, OPS: 397.2, Avg(us): 8662, Min(us): 6563, Max(us): 202066, 99th(us): 11000, 99.9th(us): 16000, 99.99th(us): 39000
READ   - Takes(s): 740.0, Count: 587025, OPS: 793.3, Avg(us): 1943, Min(us): 803, Max(us): 175940, 99th(us): 3000, 99.9th(us): 3000, 99.99th(us): 18000
READ_MODIFY_WRITE - Takes(s): 739.9, Count: 293864, OPS: 397.2, Avg(us): 10633, Min(us): 8326, Max(us): 203906, 99th(us): 13000, 99.9th(us): 22000, 99.99th(us): 43000
UPDATE - Takes(s): 739.9, Count: 293864, OPS: 397.2, Avg(us): 8661, Min(us): 6563, Max(us): 202066, 99th(us): 11000, 99.9th(us): 16000, 99.99th(us): 38000
READ   - Takes(s): 750.0, Count: 594995, OPS: 793.4, Avg(us): 1943, Min(us): 803, Max(us): 175940, 99th(us): 3000, 99.9th(us): 3000, 99.99th(us): 18000
READ_MODIFY_WRITE - Takes(s): 749.9, Count: 297830, OPS: 397.2, Avg(us): 10633, Min(us): 8326, Max(us): 203906, 99th(us): 13000, 99.9th(us): 22000, 99.99th(us): 43000
UPDATE - Takes(s): 749.9, Count: 297830, OPS: 397.2, Avg(us): 8661, Min(us): 6563, Max(us): 202066, 99th(us): 11000, 99.9th(us): 16000, 99.99th(us): 38000
READ   - Takes(s): 760.0, Count: 603009, OPS: 793.5, Avg(us): 1943, Min(us): 803, Max(us): 175940, 99th(us): 3000, 99.9th(us): 3000, 99.99th(us): 18000
READ_MODIFY_WRITE - Takes(s): 759.9, Count: 301790, OPS: 397.2, Avg(us): 10633, Min(us): 8326, Max(us): 203906, 99th(us): 13000, 99.9th(us): 22000, 99.99th(us): 43000
UPDATE - Takes(s): 759.9, Count: 301790, OPS: 397.2, Avg(us): 8660, Min(us): 6563, Max(us): 202066, 99th(us): 11000, 99.9th(us): 16000, 99.99th(us): 38000
READ   - Takes(s): 770.0, Count: 611073, OPS: 793.6, Avg(us): 1943, Min(us): 803, Max(us): 175940, 99th(us): 3000, 99.9th(us): 3000, 99.99th(us): 18000
READ_MODIFY_WRITE - Takes(s): 769.9, Count: 305734, OPS: 397.1, Avg(us): 10633, Min(us): 8326, Max(us): 203906, 99th(us): 13000, 99.9th(us): 22000, 99.99th(us): 43000
UPDATE - Takes(s): 769.9, Count: 305734, OPS: 397.1, Avg(us): 8660, Min(us): 6563, Max(us): 202066, 99th(us): 11000, 99.9th(us): 15000, 99.99th(us): 38000
READ   - Takes(s): 780.0, Count: 618966, OPS: 793.6, Avg(us): 1943, Min(us): 803, Max(us): 175940, 99th(us): 3000, 99.9th(us): 3000, 99.99th(us): 18000
READ_MODIFY_WRITE - Takes(s): 779.9, Count: 309711, OPS: 397.1, Avg(us): 10633, Min(us): 8326, Max(us): 203906, 99th(us): 13000, 99.9th(us): 22000, 99.99th(us): 43000
UPDATE - Takes(s): 779.9, Count: 309711, OPS: 397.1, Avg(us): 8660, Min(us): 6563, Max(us): 202066, 99th(us): 11000, 99.9th(us): 15000, 99.99th(us): 38000
READ   - Takes(s): 790.0, Count: 626980, OPS: 793.7, Avg(us): 1943, Min(us): 803, Max(us): 175940, 99th(us): 3000, 99.9th(us): 3000, 99.99th(us): 18000
READ_MODIFY_WRITE - Takes(s): 789.9, Count: 313659, OPS: 397.1, Avg(us): 10633, Min(us): 8326, Max(us): 203906, 99th(us): 13000, 99.9th(us): 22000, 99.99th(us): 42000
UPDATE - Takes(s): 789.9, Count: 313660, OPS: 397.1, Avg(us): 8660, Min(us): 6563, Max(us): 202066, 99th(us): 11000, 99.9th(us): 15000, 99.99th(us): 36000
READ   - Takes(s): 800.0, Count: 634905, OPS: 793.7, Avg(us): 1943, Min(us): 803, Max(us): 175940, 99th(us): 3000, 99.9th(us): 3000, 99.99th(us): 18000
READ_MODIFY_WRITE - Takes(s): 799.9, Count: 317650, OPS: 397.1, Avg(us): 10632, Min(us): 8326, Max(us): 203906, 99th(us): 13000, 99.9th(us): 22000, 99.99th(us): 42000
UPDATE - Takes(s): 799.9, Count: 317650, OPS: 397.1, Avg(us): 8660, Min(us): 6563, Max(us): 202066, 99th(us): 11000, 99.9th(us): 15000, 99.99th(us): 36000
READ   - Takes(s): 810.0, Count: 642836, OPS: 793.7, Avg(us): 1943, Min(us): 803, Max(us): 175940, 99th(us): 3000, 99.9th(us): 3000, 99.99th(us): 18000
READ_MODIFY_WRITE - Takes(s): 809.9, Count: 321631, OPS: 397.1, Avg(us): 10632, Min(us): 8326, Max(us): 203906, 99th(us): 13000, 99.9th(us): 22000, 99.99th(us): 42000
UPDATE - Takes(s): 809.9, Count: 321631, OPS: 397.1, Avg(us): 8660, Min(us): 6563, Max(us): 202066, 99th(us): 11000, 99.9th(us): 15000, 99.99th(us): 36000
READ   - Takes(s): 820.0, Count: 650737, OPS: 793.6, Avg(us): 1943, Min(us): 803, Max(us): 175940, 99th(us): 3000, 99.9th(us): 3000, 99.99th(us): 18000
READ_MODIFY_WRITE - Takes(s): 819.9, Count: 325621, OPS: 397.2, Avg(us): 10632, Min(us): 8326, Max(us): 203906, 99th(us): 13000, 99.9th(us): 21000, 99.99th(us): 42000
UPDATE - Takes(s): 819.9, Count: 325621, OPS: 397.2, Avg(us): 8660, Min(us): 6563, Max(us): 202066, 99th(us): 11000, 99.9th(us): 15000, 99.99th(us): 35000
READ   - Takes(s): 830.0, Count: 658627, OPS: 793.6, Avg(us): 1943, Min(us): 803, Max(us): 175940, 99th(us): 3000, 99.9th(us): 3000, 99.99th(us): 18000
READ_MODIFY_WRITE - Takes(s): 829.9, Count: 329613, OPS: 397.2, Avg(us): 10632, Min(us): 8326, Max(us): 203906, 99th(us): 13000, 99.9th(us): 21000, 99.99th(us): 42000
UPDATE - Takes(s): 829.9, Count: 329613, OPS: 397.2, Avg(us): 8659, Min(us): 6563, Max(us): 202066, 99th(us): 11000, 99.9th(us): 15000, 99.99th(us): 36000
READ   - Takes(s): 840.0, Count: 666673, OPS: 793.7, Avg(us): 1943, Min(us): 803, Max(us): 175940, 99th(us): 3000, 99.9th(us): 3000, 99.99th(us): 18000
READ_MODIFY_WRITE - Takes(s): 839.9, Count: 333565, OPS: 397.2, Avg(us): 10632, Min(us): 8326, Max(us): 203906, 99th(us): 13000, 99.9th(us): 21000, 99.99th(us): 41000
UPDATE - Takes(s): 839.9, Count: 333565, OPS: 397.2, Avg(us): 8659, Min(us): 6563, Max(us): 202066, 99th(us): 11000, 99.9th(us): 15000, 99.99th(us): 35000
READ   - Takes(s): 850.0, Count: 674643, OPS: 793.7, Avg(us): 1943, Min(us): 803, Max(us): 175940, 99th(us): 3000, 99.9th(us): 3000, 99.99th(us): 18000
READ_MODIFY_WRITE - Takes(s): 849.9, Count: 337557, OPS: 397.2, Avg(us): 10631, Min(us): 8326, Max(us): 203906, 99th(us): 13000, 99.9th(us): 21000, 99.99th(us): 41000
UPDATE - Takes(s): 849.9, Count: 337557, OPS: 397.2, Avg(us): 8659, Min(us): 6563, Max(us): 202066, 99th(us): 11000, 99.9th(us): 15000, 99.99th(us): 35000
READ   - Takes(s): 860.0, Count: 682516, OPS: 793.7, Avg(us): 1943, Min(us): 803, Max(us): 175940, 99th(us): 3000, 99.9th(us): 3000, 99.99th(us): 18000
READ_MODIFY_WRITE - Takes(s): 859.9, Count: 341542, OPS: 397.2, Avg(us): 10631, Min(us): 8326, Max(us): 203906, 99th(us): 13000, 99.9th(us): 21000, 99.99th(us): 41000
UPDATE - Takes(s): 859.9, Count: 341542, OPS: 397.2, Avg(us): 8659, Min(us): 6563, Max(us): 202066, 99th(us): 11000, 99.9th(us): 15000, 99.99th(us): 35000
READ   - Takes(s): 870.0, Count: 690513, OPS: 793.7, Avg(us): 1943, Min(us): 803, Max(us): 175940, 99th(us): 3000, 99.9th(us): 3000, 99.99th(us): 18000
READ_MODIFY_WRITE - Takes(s): 869.9, Count: 345530, OPS: 397.2, Avg(us): 10630, Min(us): 8326, Max(us): 203906, 99th(us): 13000, 99.9th(us): 21000, 99.99th(us): 41000
UPDATE - Takes(s): 869.9, Count: 345530, OPS: 397.2, Avg(us): 8658, Min(us): 6563, Max(us): 202066, 99th(us): 11000, 99.9th(us): 15000, 99.99th(us): 35000
READ   - Takes(s): 880.0, Count: 698385, OPS: 793.7, Avg(us): 1943, Min(us): 803, Max(us): 175940, 99th(us): 3000, 99.9th(us): 3000, 99.99th(us): 18000
READ_MODIFY_WRITE - Takes(s): 879.9, Count: 349529, OPS: 397.2, Avg(us): 10630, Min(us): 8326, Max(us): 203906, 99th(us): 13000, 99.9th(us): 21000, 99.99th(us): 41000
UPDATE - Takes(s): 879.9, Count: 349529, OPS: 397.2, Avg(us): 8658, Min(us): 6563, Max(us): 202066, 99th(us): 11000, 99.9th(us): 15000, 99.99th(us): 35000
READ   - Takes(s): 890.0, Count: 706457, OPS: 793.8, Avg(us): 1943, Min(us): 803, Max(us): 175940, 99th(us): 3000, 99.9th(us): 3000, 99.99th(us): 18000
READ_MODIFY_WRITE - Takes(s): 889.9, Count: 353504, OPS: 397.2, Avg(us): 10629, Min(us): 8326, Max(us): 203906, 99th(us): 13000, 99.9th(us): 21000, 99.99th(us): 41000
UPDATE - Takes(s): 889.9, Count: 353504, OPS: 397.2, Avg(us): 8657, Min(us): 6563, Max(us): 202066, 99th(us): 11000, 99.9th(us): 15000, 99.99th(us): 35000
READ   - Takes(s): 900.0, Count: 714422, OPS: 793.8, Avg(us): 1943, Min(us): 803, Max(us): 175940, 99th(us): 3000, 99.9th(us): 3000, 99.99th(us): 18000
READ_MODIFY_WRITE - Takes(s): 899.9, Count: 357482, OPS: 397.3, Avg(us): 10629, Min(us): 8326, Max(us): 203906, 99th(us): 13000, 99.9th(us): 21000, 99.99th(us): 41000
UPDATE - Takes(s): 899.9, Count: 357482, OPS: 397.3, Avg(us): 8657, Min(us): 6563, Max(us): 202066, 99th(us): 11000, 99.9th(us): 15000, 99.99th(us): 35000
READ   - Takes(s): 910.0, Count: 722314, OPS: 793.8, Avg(us): 1942, Min(us): 803, Max(us): 175940, 99th(us): 3000, 99.9th(us): 3000, 99.99th(us): 18000
READ_MODIFY_WRITE - Takes(s): 909.9, Count: 361472, OPS: 397.3, Avg(us): 10629, Min(us): 8326, Max(us): 203906, 99th(us): 13000, 99.9th(us): 21000, 99.99th(us): 40000
UPDATE - Takes(s): 909.9, Count: 361472, OPS: 397.3, Avg(us): 8657, Min(us): 6563, Max(us): 202066, 99th(us): 11000, 99.9th(us): 15000, 99.99th(us): 35000
READ   - Takes(s): 920.0, Count: 730330, OPS: 793.9, Avg(us): 1942, Min(us): 803, Max(us): 175940, 99th(us): 3000, 99.9th(us): 3000, 99.99th(us): 18000
READ_MODIFY_WRITE - Takes(s): 919.9, Count: 365446, OPS: 397.3, Avg(us): 10629, Min(us): 8326, Max(us): 203906, 99th(us): 13000, 99.9th(us): 21000, 99.99th(us): 40000
UPDATE - Takes(s): 919.9, Count: 365446, OPS: 397.3, Avg(us): 8657, Min(us): 6563, Max(us): 202066, 99th(us): 11000, 99.9th(us): 15000, 99.99th(us): 35000
READ   - Takes(s): 930.0, Count: 738296, OPS: 793.9, Avg(us): 1942, Min(us): 803, Max(us): 175940, 99th(us): 3000, 99.9th(us): 3000, 99.99th(us): 18000
READ_MODIFY_WRITE - Takes(s): 929.9, Count: 369444, OPS: 397.3, Avg(us): 10628, Min(us): 8326, Max(us): 203906, 99th(us): 13000, 99.9th(us): 21000, 99.99th(us): 40000
UPDATE - Takes(s): 929.9, Count: 369444, OPS: 397.3, Avg(us): 8657, Min(us): 6547, Max(us): 202066, 99th(us): 11000, 99.9th(us): 15000, 99.99th(us): 35000
READ   - Takes(s): 940.0, Count: 746284, OPS: 794.0, Avg(us): 1942, Min(us): 803, Max(us): 175940, 99th(us): 3000, 99.9th(us): 3000, 99.99th(us): 18000
READ_MODIFY_WRITE - Takes(s): 939.9, Count: 373451, OPS: 397.3, Avg(us): 10627, Min(us): 8326, Max(us): 203906, 99th(us): 13000, 99.9th(us): 21000, 99.99th(us): 38000
UPDATE - Takes(s): 939.9, Count: 373451, OPS: 397.3, Avg(us): 8656, Min(us): 6547, Max(us): 202066, 99th(us): 11000, 99.9th(us): 15000, 99.99th(us): 35000
READ   - Takes(s): 950.0, Count: 754335, OPS: 794.1, Avg(us): 1942, Min(us): 803, Max(us): 175940, 99th(us): 3000, 99.9th(us): 3000, 99.99th(us): 18000
READ_MODIFY_WRITE - Takes(s): 949.9, Count: 377443, OPS: 397.4, Avg(us): 10627, Min(us): 8326, Max(us): 203906, 99th(us): 13000, 99.9th(us): 21000, 99.99th(us): 38000
UPDATE - Takes(s): 949.9, Count: 377443, OPS: 397.4, Avg(us): 8655, Min(us): 6547, Max(us): 202066, 99th(us): 11000, 99.9th(us): 15000, 99.99th(us): 35000
READ   - Takes(s): 960.0, Count: 762257, OPS: 794.1, Avg(us): 1941, Min(us): 803, Max(us): 175940, 99th(us): 3000, 99.9th(us): 3000, 99.99th(us): 18000
READ_MODIFY_WRITE - Takes(s): 959.9, Count: 381448, OPS: 397.4, Avg(us): 10626, Min(us): 8041, Max(us): 203906, 99th(us): 13000, 99.9th(us): 21000, 99.99th(us): 38000
UPDATE - Takes(s): 959.9, Count: 381449, OPS: 397.4, Avg(us): 8655, Min(us): 6374, Max(us): 202066, 99th(us): 11000, 99.9th(us): 15000, 99.99th(us): 34000
READ   - Takes(s): 970.0, Count: 770250, OPS: 794.1, Avg(us): 1941, Min(us): 803, Max(us): 175940, 99th(us): 3000, 99.9th(us): 3000, 99.99th(us): 18000
READ_MODIFY_WRITE - Takes(s): 969.9, Count: 385433, OPS: 397.4, Avg(us): 10626, Min(us): 8041, Max(us): 203906, 99th(us): 13000, 99.9th(us): 21000, 99.99th(us): 38000
UPDATE - Takes(s): 969.9, Count: 385433, OPS: 397.4, Avg(us): 8655, Min(us): 6374, Max(us): 202066, 99th(us): 11000, 99.9th(us): 15000, 99.99th(us): 34000
READ   - Takes(s): 980.0, Count: 778204, OPS: 794.1, Avg(us): 1941, Min(us): 803, Max(us): 175940, 99th(us): 3000, 99.9th(us): 3000, 99.99th(us): 18000
READ_MODIFY_WRITE - Takes(s): 979.9, Count: 389412, OPS: 397.4, Avg(us): 10626, Min(us): 8041, Max(us): 203906, 99th(us): 13000, 99.9th(us): 21000, 99.99th(us): 38000
UPDATE - Takes(s): 979.9, Count: 389412, OPS: 397.4, Avg(us): 8655, Min(us): 6374, Max(us): 202066, 99th(us): 11000, 99.9th(us): 15000, 99.99th(us): 34000
READ   - Takes(s): 990.0, Count: 785771, OPS: 793.7, Avg(us): 1942, Min(us): 803, Max(us): 175940, 99th(us): 3000, 99.9th(us): 3000, 99.99th(us): 18000
READ_MODIFY_WRITE - Takes(s): 989.9, Count: 393219, OPS: 397.2, Avg(us): 10631, Min(us): 8041, Max(us): 203906, 99th(us): 13000, 99.9th(us): 22000, 99.99th(us): 42000
UPDATE - Takes(s): 989.9, Count: 393219, OPS: 397.2, Avg(us): 8660, Min(us): 6374, Max(us): 202066, 99th(us): 11000, 99.9th(us): 16000, 99.99th(us): 38000
READ   - Takes(s): 1000.0, Count: 793478, OPS: 793.5, Avg(us): 1942, Min(us): 803, Max(us): 175940, 99th(us): 3000, 99.9th(us): 3000, 99.99th(us): 18000
READ_MODIFY_WRITE - Takes(s): 999.9, Count: 397106, OPS: 397.2, Avg(us): 10633, Min(us): 8041, Max(us): 203906, 99th(us): 13000, 99.9th(us): 22000, 99.99th(us): 42000
UPDATE - Takes(s): 999.9, Count: 397106, OPS: 397.2, Avg(us): 8662, Min(us): 6374, Max(us): 202066, 99th(us): 11000, 99.9th(us): 16000, 99.99th(us): 38000
READ   - Takes(s): 1010.0, Count: 801296, OPS: 793.4, Avg(us): 1942, Min(us): 803, Max(us): 175940, 99th(us): 3000, 99.9th(us): 3000, 99.99th(us): 18000
READ_MODIFY_WRITE - Takes(s): 1009.9, Count: 401014, OPS: 397.1, Avg(us): 10635, Min(us): 8041, Max(us): 203906, 99th(us): 13000, 99.9th(us): 22000, 99.99th(us): 41000
UPDATE - Takes(s): 1009.9, Count: 401015, OPS: 397.1, Avg(us): 8663, Min(us): 6374, Max(us): 202066, 99th(us): 11000, 99.9th(us): 16000, 99.99th(us): 37000
READ   - Takes(s): 1020.0, Count: 809111, OPS: 793.3, Avg(us): 1943, Min(us): 803, Max(us): 175940, 99th(us): 3000, 99.9th(us): 3000, 99.99th(us): 18000
READ_MODIFY_WRITE - Takes(s): 1019.9, Count: 404971, OPS: 397.1, Avg(us): 10635, Min(us): 8041, Max(us): 203906, 99th(us): 13000, 99.9th(us): 22000, 99.99th(us): 42000
UPDATE - Takes(s): 1019.9, Count: 404971, OPS: 397.1, Avg(us): 8663, Min(us): 6374, Max(us): 202066, 99th(us): 11000, 99.9th(us): 16000, 99.99th(us): 37000
READ   - Takes(s): 1030.0, Count: 817000, OPS: 793.2, Avg(us): 1943, Min(us): 803, Max(us): 175940, 99th(us): 3000, 99.9th(us): 3000, 99.99th(us): 18000
READ_MODIFY_WRITE - Takes(s): 1029.9, Count: 408941, OPS: 397.1, Avg(us): 10635, Min(us): 8041, Max(us): 203906, 99th(us): 13000, 99.9th(us): 22000, 99.99th(us): 42000
UPDATE - Takes(s): 1029.9, Count: 408941, OPS: 397.1, Avg(us): 8662, Min(us): 6374, Max(us): 202066, 99th(us): 11000, 99.9th(us): 16000, 99.99th(us): 37000
READ   - Takes(s): 1040.0, Count: 824930, OPS: 793.2, Avg(us): 1943, Min(us): 803, Max(us): 175940, 99th(us): 3000, 99.9th(us): 3000, 99.99th(us): 18000
READ_MODIFY_WRITE - Takes(s): 1039.9, Count: 412914, OPS: 397.1, Avg(us): 10635, Min(us): 8041, Max(us): 203906, 99th(us): 13000, 99.9th(us): 22000, 99.99th(us): 41000
UPDATE - Takes(s): 1039.9, Count: 412914, OPS: 397.1, Avg(us): 8662, Min(us): 6374, Max(us): 202066, 99th(us): 11000, 99.9th(us): 16000, 99.99th(us): 36000
READ   - Takes(s): 1050.0, Count: 832834, OPS: 793.2, Avg(us): 1943, Min(us): 803, Max(us): 175940, 99th(us): 3000, 99.9th(us): 3000, 99.99th(us): 18000
READ_MODIFY_WRITE - Takes(s): 1049.9, Count: 416913, OPS: 397.1, Avg(us): 10634, Min(us): 8041, Max(us): 203906, 99th(us): 13000, 99.9th(us): 22000, 99.99th(us): 41000
UPDATE - Takes(s): 1049.9, Count: 416913, OPS: 397.1, Avg(us): 8662, Min(us): 6374, Max(us): 202066, 99th(us): 11000, 99.9th(us): 16000, 99.99th(us): 36000
READ   - Takes(s): 1060.0, Count: 840770, OPS: 793.2, Avg(us): 1943, Min(us): 803, Max(us): 175940, 99th(us): 3000, 99.9th(us): 3000, 99.99th(us): 18000
READ_MODIFY_WRITE - Takes(s): 1059.9, Count: 420906, OPS: 397.1, Avg(us): 10634, Min(us): 8041, Max(us): 203906, 99th(us): 13000, 99.9th(us): 22000, 99.99th(us): 41000
UPDATE - Takes(s): 1059.9, Count: 420906, OPS: 397.1, Avg(us): 8661, Min(us): 6374, Max(us): 202066, 99th(us): 11000, 99.9th(us): 16000, 99.99th(us): 36000
READ   - Takes(s): 1070.0, Count: 848812, OPS: 793.3, Avg(us): 1943, Min(us): 803, Max(us): 175940, 99th(us): 3000, 99.9th(us): 3000, 99.99th(us): 18000
READ_MODIFY_WRITE - Takes(s): 1069.9, Count: 424866, OPS: 397.1, Avg(us): 10634, Min(us): 8041, Max(us): 203906, 99th(us): 13000, 99.9th(us): 22000, 99.99th(us): 41000
UPDATE - Takes(s): 1069.9, Count: 424867, OPS: 397.1, Avg(us): 8661, Min(us): 6374, Max(us): 202066, 99th(us): 11000, 99.9th(us): 16000, 99.99th(us): 36000
READ   - Takes(s): 1080.0, Count: 856906, OPS: 793.5, Avg(us): 1943, Min(us): 803, Max(us): 175940, 99th(us): 3000, 99.9th(us): 3000, 99.99th(us): 18000
READ_MODIFY_WRITE - Takes(s): 1079.9, Count: 428810, OPS: 397.1, Avg(us): 10634, Min(us): 8041, Max(us): 203906, 99th(us): 13000, 99.9th(us): 22000, 99.99th(us): 41000
UPDATE - Takes(s): 1079.9, Count: 428810, OPS: 397.1, Avg(us): 8661, Min(us): 6374, Max(us): 202066, 99th(us): 11000, 99.9th(us): 16000, 99.99th(us): 36000
READ   - Takes(s): 1090.0, Count: 864912, OPS: 793.5, Avg(us): 1943, Min(us): 803, Max(us): 175940, 99th(us): 3000, 99.9th(us): 3000, 99.99th(us): 18000
READ_MODIFY_WRITE - Takes(s): 1089.9, Count: 432780, OPS: 397.1, Avg(us): 10633, Min(us): 8041, Max(us): 203906, 99th(us): 13000, 99.9th(us): 22000, 99.99th(us): 41000
UPDATE - Takes(s): 1089.9, Count: 432780, OPS: 397.1, Avg(us): 8661, Min(us): 6374, Max(us): 202066, 99th(us): 11000, 99.9th(us): 16000, 99.99th(us): 35000
READ   - Takes(s): 1100.0, Count: 872808, OPS: 793.5, Avg(us): 1943, Min(us): 803, Max(us): 175940, 99th(us): 3000, 99.9th(us): 3000, 99.99th(us): 18000
READ_MODIFY_WRITE - Takes(s): 1099.9, Count: 436758, OPS: 397.1, Avg(us): 10633, Min(us): 8041, Max(us): 203906, 99th(us): 13000, 99.9th(us): 22000, 99.99th(us): 41000
UPDATE - Takes(s): 1099.9, Count: 436758, OPS: 397.1, Avg(us): 8661, Min(us): 6374, Max(us): 202066, 99th(us): 11000, 99.9th(us): 16000, 99.99th(us): 35000
READ   - Takes(s): 1110.0, Count: 880841, OPS: 793.6, Avg(us): 1943, Min(us): 803, Max(us): 175940, 99th(us): 3000, 99.9th(us): 3000, 99.99th(us): 18000
READ_MODIFY_WRITE - Takes(s): 1109.9, Count: 440722, OPS: 397.1, Avg(us): 10633, Min(us): 8041, Max(us): 203906, 99th(us): 13000, 99.9th(us): 22000, 99.99th(us): 40000
UPDATE - Takes(s): 1109.9, Count: 440722, OPS: 397.1, Avg(us): 8660, Min(us): 6374, Max(us): 202066, 99th(us): 11000, 99.9th(us): 16000, 99.99th(us): 35000
READ   - Takes(s): 1120.0, Count: 888818, OPS: 793.6, Avg(us): 1943, Min(us): 803, Max(us): 175940, 99th(us): 3000, 99.9th(us): 3000, 99.99th(us): 18000
READ_MODIFY_WRITE - Takes(s): 1119.9, Count: 444685, OPS: 397.1, Avg(us): 10633, Min(us): 8041, Max(us): 203906, 99th(us): 13000, 99.9th(us): 22000, 99.99th(us): 40000
UPDATE - Takes(s): 1119.9, Count: 444685, OPS: 397.1, Avg(us): 8660, Min(us): 6374, Max(us): 202066, 99th(us): 11000, 99.9th(us): 16000, 99.99th(us): 35000
READ   - Takes(s): 1130.0, Count: 896720, OPS: 793.6, Avg(us): 1943, Min(us): 803, Max(us): 175940, 99th(us): 3000, 99.9th(us): 3000, 99.99th(us): 18000
READ_MODIFY_WRITE - Takes(s): 1129.9, Count: 448664, OPS: 397.1, Avg(us): 10633, Min(us): 8041, Max(us): 203906, 99th(us): 13000, 99.9th(us): 22000, 99.99th(us): 40000
UPDATE - Takes(s): 1129.9, Count: 448665, OPS: 397.1, Avg(us): 8660, Min(us): 6374, Max(us): 202066, 99th(us): 11000, 99.9th(us): 16000, 99.99th(us): 35000
READ   - Takes(s): 1140.0, Count: 904675, OPS: 793.6, Avg(us): 1943, Min(us): 803, Max(us): 175940, 99th(us): 3000, 99.9th(us): 3000, 99.99th(us): 18000
READ_MODIFY_WRITE - Takes(s): 1139.9, Count: 452641, OPS: 397.1, Avg(us): 10633, Min(us): 8041, Max(us): 203906, 99th(us): 13000, 99.9th(us): 22000, 99.99th(us): 40000
UPDATE - Takes(s): 1139.9, Count: 452641, OPS: 397.1, Avg(us): 8660, Min(us): 6374, Max(us): 202066, 99th(us): 11000, 99.9th(us): 16000, 99.99th(us): 35000
READ   - Takes(s): 1150.0, Count: 912612, OPS: 793.6, Avg(us): 1943, Min(us): 803, Max(us): 175940, 99th(us): 3000, 99.9th(us): 3000, 99.99th(us): 18000
READ_MODIFY_WRITE - Takes(s): 1149.9, Count: 456621, OPS: 397.1, Avg(us): 10633, Min(us): 8041, Max(us): 203906, 99th(us): 13000, 99.9th(us): 22000, 99.99th(us): 39000
UPDATE - Takes(s): 1149.9, Count: 456622, OPS: 397.1, Avg(us): 8660, Min(us): 6374, Max(us): 202066, 99th(us): 11000, 99.9th(us): 16000, 99.99th(us): 35000
READ   - Takes(s): 1160.0, Count: 920595, OPS: 793.6, Avg(us): 1943, Min(us): 803, Max(us): 175940, 99th(us): 3000, 99.9th(us): 3000, 99.99th(us): 18000
READ_MODIFY_WRITE - Takes(s): 1159.9, Count: 460592, OPS: 397.1, Avg(us): 10632, Min(us): 8041, Max(us): 203906, 99th(us): 13000, 99.9th(us): 22000, 99.99th(us): 39000
UPDATE - Takes(s): 1159.9, Count: 460592, OPS: 397.1, Avg(us): 8659, Min(us): 6374, Max(us): 202066, 99th(us): 11000, 99.9th(us): 16000, 99.99th(us): 35000
READ   - Takes(s): 1170.0, Count: 928503, OPS: 793.6, Avg(us): 1943, Min(us): 803, Max(us): 175940, 99th(us): 3000, 99.9th(us): 3000, 99.99th(us): 18000
READ_MODIFY_WRITE - Takes(s): 1169.9, Count: 464575, OPS: 397.1, Avg(us): 10632, Min(us): 8041, Max(us): 203906, 99th(us): 13000, 99.9th(us): 22000, 99.99th(us): 39000
UPDATE - Takes(s): 1169.9, Count: 464575, OPS: 397.1, Avg(us): 8659, Min(us): 6374, Max(us): 202066, 99th(us): 11000, 99.9th(us): 16000, 99.99th(us): 35000
READ   - Takes(s): 1180.0, Count: 936516, OPS: 793.7, Avg(us): 1943, Min(us): 803, Max(us): 175940, 99th(us): 3000, 99.9th(us): 3000, 99.99th(us): 18000
READ_MODIFY_WRITE - Takes(s): 1179.9, Count: 468517, OPS: 397.1, Avg(us): 10632, Min(us): 8041, Max(us): 203906, 99th(us): 13000, 99.9th(us): 22000, 99.99th(us): 39000
UPDATE - Takes(s): 1179.9, Count: 468517, OPS: 397.1, Avg(us): 8660, Min(us): 6374, Max(us): 202066, 99th(us): 11000, 99.9th(us): 16000, 99.99th(us): 35000
READ   - Takes(s): 1190.0, Count: 944457, OPS: 793.7, Avg(us): 1943, Min(us): 803, Max(us): 175940, 99th(us): 3000, 99.9th(us): 3000, 99.99th(us): 18000
READ_MODIFY_WRITE - Takes(s): 1189.9, Count: 472481, OPS: 397.1, Avg(us): 10632, Min(us): 8041, Max(us): 203906, 99th(us): 13000, 99.9th(us): 22000, 99.99th(us): 38000
UPDATE - Takes(s): 1189.9, Count: 472481, OPS: 397.1, Avg(us): 8660, Min(us): 6374, Max(us): 202066, 99th(us): 11000, 99.9th(us): 16000, 99.99th(us): 35000
READ   - Takes(s): 1200.0, Count: 952377, OPS: 793.7, Avg(us): 1943, Min(us): 803, Max(us): 175940, 99th(us): 3000, 99.9th(us): 3000, 99.99th(us): 18000
READ_MODIFY_WRITE - Takes(s): 1199.9, Count: 476449, OPS: 397.1, Avg(us): 10632, Min(us): 8041, Max(us): 203906, 99th(us): 13000, 99.9th(us): 21000, 99.99th(us): 38000
UPDATE - Takes(s): 1199.9, Count: 476449, OPS: 397.1, Avg(us): 8660, Min(us): 6374, Max(us): 202066, 99th(us): 11000, 99.9th(us): 16000, 99.99th(us): 35000
READ   - Takes(s): 1210.0, Count: 960386, OPS: 793.7, Avg(us): 1944, Min(us): 803, Max(us): 175940, 99th(us): 3000, 99.9th(us): 3000, 99.99th(us): 18000
READ_MODIFY_WRITE - Takes(s): 1209.9, Count: 480389, OPS: 397.1, Avg(us): 10633, Min(us): 8041, Max(us): 203906, 99th(us): 13000, 99.9th(us): 21000, 99.99th(us): 38000
UPDATE - Takes(s): 1209.9, Count: 480389, OPS: 397.1, Avg(us): 8660, Min(us): 6374, Max(us): 202066, 99th(us): 11000, 99.9th(us): 16000, 99.99th(us): 35000
READ   - Takes(s): 1220.0, Count: 968453, OPS: 793.8, Avg(us): 1944, Min(us): 803, Max(us): 175940, 99th(us): 3000, 99.9th(us): 3000, 99.99th(us): 18000
READ_MODIFY_WRITE - Takes(s): 1219.9, Count: 484333, OPS: 397.0, Avg(us): 10632, Min(us): 8041, Max(us): 203906, 99th(us): 13000, 99.9th(us): 21000, 99.99th(us): 38000
UPDATE - Takes(s): 1219.9, Count: 484333, OPS: 397.0, Avg(us): 8659, Min(us): 6374, Max(us): 202066, 99th(us): 11000, 99.9th(us): 16000, 99.99th(us): 35000
READ   - Takes(s): 1230.0, Count: 976331, OPS: 793.8, Avg(us): 1944, Min(us): 803, Max(us): 175940, 99th(us): 3000, 99.9th(us): 3000, 99.99th(us): 18000
READ_MODIFY_WRITE - Takes(s): 1229.9, Count: 488303, OPS: 397.0, Avg(us): 10633, Min(us): 8041, Max(us): 203906, 99th(us): 13000, 99.9th(us): 21000, 99.99th(us): 38000
UPDATE - Takes(s): 1229.9, Count: 488303, OPS: 397.0, Avg(us): 8660, Min(us): 6374, Max(us): 202066, 99th(us): 11000, 99.9th(us): 15000, 99.99th(us): 35000
READ   - Takes(s): 1240.0, Count: 984203, OPS: 793.7, Avg(us): 1944, Min(us): 803, Max(us): 175940, 99th(us): 3000, 99.9th(us): 3000, 99.99th(us): 18000
READ_MODIFY_WRITE - Takes(s): 1239.9, Count: 492269, OPS: 397.0, Avg(us): 10633, Min(us): 8041, Max(us): 203906, 99th(us): 13000, 99.9th(us): 21000, 99.99th(us): 37000
UPDATE - Takes(s): 1239.9, Count: 492269, OPS: 397.0, Avg(us): 8660, Min(us): 6374, Max(us): 202066, 99th(us): 11000, 99.9th(us): 15000, 99.99th(us): 34000
READ   - Takes(s): 1250.0, Count: 992051, OPS: 793.7, Avg(us): 1944, Min(us): 803, Max(us): 175940, 99th(us): 3000, 99.9th(us): 3000, 99.99th(us): 18000
READ_MODIFY_WRITE - Takes(s): 1249.9, Count: 496250, OPS: 397.0, Avg(us): 10633, Min(us): 8041, Max(us): 203906, 99th(us): 13000, 99.9th(us): 21000, 99.99th(us): 37000
UPDATE - Takes(s): 1249.9, Count: 496250, OPS: 397.0, Avg(us): 8660, Min(us): 6374, Max(us): 202066, 99th(us): 11000, 99.9th(us): 15000, 99.99th(us): 34000
READ   - Takes(s): 1260.0, Count: 999518, OPS: 793.3, Avg(us): 1944, Min(us): 803, Max(us): 175940, 99th(us): 3000, 99.9th(us): 3000, 99.99th(us): 18000
READ_MODIFY_WRITE - Takes(s): 1259.9, Count: 499962, OPS: 396.8, Avg(us): 10633, Min(us): 8041, Max(us): 203906, 99th(us): 13000, 99.9th(us): 21000, 99.99th(us): 37000
UPDATE - Takes(s): 1259.9, Count: 499962, OPS: 396.8, Avg(us): 8659, Min(us): 6374, Max(us): 202066, 99th(us): 11000, 99.9th(us): 15000, 99.99th(us): 34000
Run finished, takes 21m1.967666042s
READ   - Takes(s): 1261.9, Count: 1000000, OPS: 792.4, Avg(us): 1944, Min(us): 803, Max(us): 175940, 99th(us): 3000, 99.9th(us): 3000, 99.99th(us): 18000
READ_MODIFY_WRITE - Takes(s): 1261.9, Count: 500222, OPS: 396.4, Avg(us): 10633, Min(us): 8041, Max(us): 203906, 99th(us): 13000, 99.9th(us): 21000, 99.99th(us): 37000
UPDATE - Takes(s): 1261.9, Count: 500222, OPS: 396.4, Avg(us): 8659, Min(us): 6374, Max(us): 202066, 99th(us): 11000, 99.9th(us): 15000, 99.99th(us): 34000
[2022/06/08 10:11:48.875 -05:00] [INFO] [client.go:754] ["[pd] stop fetching the pending tso requests due to context canceled"] [dc-location=global]
[2022/06/08 10:11:48.875 -05:00] [INFO] [client.go:692] ["[pd] exit tso dispatcher"] [dc-location=global]
