[2022/06/08 10:57:51.923 -05:00] [INFO] [client.go:378] ["[pd] create pd client with endpoints"] [pd-address="[10.10.1.4:2379]"]
[2022/06/08 10:57:51.929 -05:00] [INFO] [base_client.go:350] ["[pd] switch leader"] [new-leader=http://10.10.1.4:2379] [old-leader=]
[2022/06/08 10:57:51.929 -05:00] [INFO] [base_client.go:105] ["[pd] init cluster id"] [cluster-id=7106870844986743687]
[2022/06/08 10:57:51.930 -05:00] [INFO] [client.go:673] ["[pd] tso dispatcher created"] [dc-location=global]
***************** properties *****************
"updateproportion"="0"
"tikv.pd"="10.10.1.4:2379"
"threadcount"="65"
"readmodifywriteproportion"="0.5"
"operationcount"="1000000"
"workload"="core"
"readallfields"="true"
"requestdistribution"="uniform"
"debug.pprof"=":6060"
"insertproportion"="0"
"tikv.conncount"="128"
"dotransactions"="true"
"tikv.batchsize"="128"
"tikv.type"="raw"
"readproportion"="0.5"
"scanproportion"="0"
"recordcount"="1000000"
"verbose"="false"
**********************************************
READ   - Takes(s): 10.0, Count: 73537, OPS: 7381.3, Avg(us): 2052, Min(us): 597, Max(us): 95187, 99th(us): 7000, 99.9th(us): 48000, 99.99th(us): 94000
READ_MODIFY_WRITE - Takes(s): 9.9, Count: 36730, OPS: 3708.0, Avg(us): 15587, Min(us): 6178, Max(us): 115669, 99th(us): 32000, 99.9th(us): 80000, 99.99th(us): 115000
UPDATE - Takes(s): 9.9, Count: 36731, OPS: 3707.9, Avg(us): 13526, Min(us): 4841, Max(us): 85342, 99th(us): 28000, 99.9th(us): 56000, 99.99th(us): 77000
READ   - Takes(s): 20.0, Count: 146279, OPS: 7327.7, Avg(us): 2013, Min(us): 597, Max(us): 95187, 99th(us): 6000, 99.9th(us): 33000, 99.99th(us): 88000
READ_MODIFY_WRITE - Takes(s): 19.9, Count: 72945, OPS: 3664.6, Avg(us): 15767, Min(us): 5817, Max(us): 115669, 99th(us): 35000, 99.9th(us): 75000, 99.99th(us): 111000
UPDATE - Takes(s): 19.9, Count: 72945, OPS: 3664.5, Avg(us): 13734, Min(us): 4742, Max(us): 87467, 99th(us): 32000, 99.9th(us): 61000, 99.99th(us): 83000
READ   - Takes(s): 30.0, Count: 225969, OPS: 7541.7, Avg(us): 1985, Min(us): 597, Max(us): 95187, 99th(us): 6000, 99.9th(us): 24000, 99.99th(us): 87000
READ_MODIFY_WRITE - Takes(s): 29.9, Count: 112699, OPS: 3768.5, Avg(us): 15283, Min(us): 5817, Max(us): 115669, 99th(us): 32000, 99.9th(us): 73000, 99.99th(us): 108000
UPDATE - Takes(s): 29.9, Count: 112700, OPS: 3768.5, Avg(us): 13276, Min(us): 4441, Max(us): 88031, 99th(us): 29000, 99.9th(us): 60000, 99.99th(us): 82000
READ   - Takes(s): 40.0, Count: 307741, OPS: 7700.8, Avg(us): 1975, Min(us): 597, Max(us): 95187, 99th(us): 7000, 99.9th(us): 21000, 99.99th(us): 87000
READ_MODIFY_WRITE - Takes(s): 39.9, Count: 153386, OPS: 3843.8, Avg(us): 14941, Min(us): 5817, Max(us): 115669, 99th(us): 30000, 99.9th(us): 67000, 99.99th(us): 101000
UPDATE - Takes(s): 39.9, Count: 153387, OPS: 3843.8, Avg(us): 12943, Min(us): 4441, Max(us): 88031, 99th(us): 27000, 99.9th(us): 57000, 99.99th(us): 80000
READ   - Takes(s): 50.0, Count: 383661, OPS: 7679.0, Avg(us): 1975, Min(us): 597, Max(us): 95187, 99th(us): 7000, 99.9th(us): 20000, 99.99th(us): 84000
READ_MODIFY_WRITE - Takes(s): 49.9, Count: 191301, OPS: 3833.3, Avg(us): 14981, Min(us): 5817, Max(us): 159123, 99th(us): 31000, 99.9th(us): 78000, 99.99th(us): 141000
UPDATE - Takes(s): 49.9, Count: 191303, OPS: 3833.3, Avg(us): 12984, Min(us): 4396, Max(us): 157240, 99th(us): 28000, 99.9th(us): 70000, 99.99th(us): 139000
READ   - Takes(s): 60.0, Count: 463472, OPS: 7729.4, Avg(us): 1975, Min(us): 597, Max(us): 95187, 99th(us): 7000, 99.9th(us): 17000, 99.99th(us): 73000
READ_MODIFY_WRITE - Takes(s): 59.9, Count: 231093, OPS: 3857.6, Avg(us): 14868, Min(us): 5780, Max(us): 159123, 99th(us): 30000, 99.9th(us): 75000, 99.99th(us): 139000
UPDATE - Takes(s): 59.9, Count: 231097, OPS: 3857.7, Avg(us): 12872, Min(us): 4396, Max(us): 157240, 99th(us): 27000, 99.9th(us): 66000, 99.99th(us): 139000
READ   - Takes(s): 70.0, Count: 544794, OPS: 7787.0, Avg(us): 1971, Min(us): 594, Max(us): 95187, 99th(us): 7000, 99.9th(us): 16000, 99.99th(us): 67000
READ_MODIFY_WRITE - Takes(s): 69.9, Count: 272061, OPS: 3891.9, Avg(us): 14727, Min(us): 5699, Max(us): 159123, 99th(us): 30000, 99.9th(us): 73000, 99.99th(us): 137000
UPDATE - Takes(s): 69.9, Count: 272065, OPS: 3891.9, Avg(us): 12734, Min(us): 4290, Max(us): 157240, 99th(us): 26000, 99.9th(us): 63000, 99.99th(us): 137000
READ   - Takes(s): 80.0, Count: 622535, OPS: 7785.4, Avg(us): 1972, Min(us): 594, Max(us): 95187, 99th(us): 7000, 99.9th(us): 16000, 99.99th(us): 67000
READ_MODIFY_WRITE - Takes(s): 79.9, Count: 310964, OPS: 3891.7, Avg(us): 14726, Min(us): 5346, Max(us): 159123, 99th(us): 30000, 99.9th(us): 74000, 99.99th(us): 137000
UPDATE - Takes(s): 79.9, Count: 310966, OPS: 3891.7, Avg(us): 12732, Min(us): 4147, Max(us): 157240, 99th(us): 27000, 99.9th(us): 66000, 99.99th(us): 135000
READ   - Takes(s): 90.0, Count: 702698, OPS: 7811.0, Avg(us): 1971, Min(us): 594, Max(us): 95187, 99th(us): 7000, 99.9th(us): 16000, 99.99th(us): 66000
READ_MODIFY_WRITE - Takes(s): 89.9, Count: 350812, OPS: 3902.0, Avg(us): 14678, Min(us): 4980, Max(us): 159123, 99th(us): 30000, 99.9th(us): 74000, 99.99th(us): 135000
UPDATE - Takes(s): 89.9, Count: 350812, OPS: 3902.0, Avg(us): 12686, Min(us): 4051, Max(us): 157240, 99th(us): 27000, 99.9th(us): 66000, 99.99th(us): 133000
READ   - Takes(s): 100.0, Count: 783689, OPS: 7839.8, Avg(us): 1968, Min(us): 580, Max(us): 95187, 99th(us): 7000, 99.9th(us): 16000, 99.99th(us): 66000
READ_MODIFY_WRITE - Takes(s): 99.9, Count: 391116, OPS: 3914.9, Avg(us): 14624, Min(us): 4980, Max(us): 159123, 99th(us): 29000, 99.9th(us): 73000, 99.99th(us): 126000
UPDATE - Takes(s): 99.9, Count: 391116, OPS: 3914.9, Avg(us): 12634, Min(us): 4051, Max(us): 157240, 99th(us): 26000, 99.9th(us): 65000, 99.99th(us): 124000
READ   - Takes(s): 110.0, Count: 857067, OPS: 7794.2, Avg(us): 1968, Min(us): 580, Max(us): 95187, 99th(us): 7000, 99.9th(us): 16000, 99.99th(us): 67000
READ_MODIFY_WRITE - Takes(s): 109.9, Count: 427586, OPS: 3890.5, Avg(us): 14727, Min(us): 4980, Max(us): 159123, 99th(us): 31000, 99.9th(us): 75000, 99.99th(us): 123000
UPDATE - Takes(s): 109.9, Count: 427590, OPS: 3890.5, Avg(us): 12736, Min(us): 4051, Max(us): 157240, 99th(us): 28000, 99.9th(us): 67000, 99.99th(us): 122000
READ   - Takes(s): 120.0, Count: 930034, OPS: 7752.7, Avg(us): 1966, Min(us): 580, Max(us): 95187, 99th(us): 7000, 99.9th(us): 16000, 99.99th(us): 67000
READ_MODIFY_WRITE - Takes(s): 119.9, Count: 464139, OPS: 3870.9, Avg(us): 14813, Min(us): 4980, Max(us): 159123, 99th(us): 31000, 99.9th(us): 75000, 99.99th(us): 120000
UPDATE - Takes(s): 119.9, Count: 464139, OPS: 3870.9, Avg(us): 12824, Min(us): 4051, Max(us): 157240, 99th(us): 28000, 99.9th(us): 67000, 99.99th(us): 118000
READ   - Takes(s): 130.0, Count: 999673, OPS: 7692.0, Avg(us): 1960, Min(us): 580, Max(us): 95187, 99th(us): 7000, 99.9th(us): 16000, 99.99th(us): 67000
READ_MODIFY_WRITE - Takes(s): 129.9, Count: 498868, OPS: 3840.2, Avg(us): 14853, Min(us): 4980, Max(us): 159123, 99th(us): 31000, 99.9th(us): 74000, 99.99th(us): 116000
UPDATE - Takes(s): 129.9, Count: 498868, OPS: 3840.2, Avg(us): 12870, Min(us): 4051, Max(us): 157240, 99th(us): 28000, 99.9th(us): 66000, 99.99th(us): 112000
Run finished, takes 2m10.549538741s
READ   - Takes(s): 130.5, Count: 999957, OPS: 7661.8, Avg(us): 1960, Min(us): 580, Max(us): 95187, 99th(us): 7000, 99.9th(us): 16000, 99.99th(us): 67000
READ_MODIFY_WRITE - Takes(s): 130.5, Count: 499026, OPS: 3825.3, Avg(us): 14852, Min(us): 4980, Max(us): 159123, 99th(us): 31000, 99.9th(us): 74000, 99.99th(us): 116000
UPDATE - Takes(s): 130.5, Count: 499026, OPS: 3825.3, Avg(us): 12869, Min(us): 4051, Max(us): 157240, 99th(us): 28000, 99.9th(us): 66000, 99.99th(us): 112000
[2022/06/08 11:00:02.482 -05:00] [INFO] [client.go:754] ["[pd] stop fetching the pending tso requests due to context canceled"] [dc-location=global]
[2022/06/08 11:00:02.482 -05:00] [INFO] [client.go:692] ["[pd] exit tso dispatcher"] [dc-location=global]
