[2022/06/08 11:04:09.366 -05:00] [INFO] [client.go:378] ["[pd] create pd client with endpoints"] [pd-address="[10.10.1.4:2379]"]
[2022/06/08 11:04:09.371 -05:00] [INFO] [base_client.go:350] ["[pd] switch leader"] [new-leader=http://10.10.1.4:2379] [old-leader=]
[2022/06/08 11:04:09.371 -05:00] [INFO] [base_client.go:105] ["[pd] init cluster id"] [cluster-id=7106870844986743687]
[2022/06/08 11:04:09.372 -05:00] [INFO] [client.go:673] ["[pd] tso dispatcher created"] [dc-location=global]
***************** properties *****************
"requestdistribution"="uniform"
"threadcount"="80"
"recordcount"="1000000"
"tikv.type"="raw"
"insertproportion"="0"
"readproportion"="0.5"
"operationcount"="1000000"
"dotransactions"="true"
"tikv.pd"="10.10.1.4:2379"
"tikv.batchsize"="128"
"readallfields"="true"
"verbose"="false"
"tikv.conncount"="128"
"updateproportion"="0"
"scanproportion"="0"
"workload"="core"
"readmodifywriteproportion"="0.5"
"debug.pprof"=":6060"
**********************************************
READ   - Takes(s): 10.0, Count: 87412, OPS: 8779.0, Avg(us): 2184, Min(us): 607, Max(us): 100790, 99th(us): 8000, 99.9th(us): 52000, 99.99th(us): 96000
READ_MODIFY_WRITE - Takes(s): 9.9, Count: 43592, OPS: 4404.9, Avg(us): 16138, Min(us): 5671, Max(us): 127046, 99th(us): 30000, 99.9th(us): 108000, 99.99th(us): 125000
UPDATE - Takes(s): 9.9, Count: 43594, OPS: 4405.0, Avg(us): 13919, Min(us): 4650, Max(us): 97457, 99th(us): 26000, 99.9th(us): 58000, 99.99th(us): 88000
READ   - Takes(s): 20.0, Count: 172331, OPS: 8635.2, Avg(us): 2128, Min(us): 607, Max(us): 100790, 99th(us): 8000, 99.9th(us): 43000, 99.99th(us): 96000
READ_MODIFY_WRITE - Takes(s): 19.9, Count: 86338, OPS: 4339.5, Avg(us): 16392, Min(us): 5671, Max(us): 190290, 99th(us): 33000, 99.9th(us): 118000, 99.99th(us): 186000
UPDATE - Takes(s): 19.9, Count: 86338, OPS: 4339.4, Avg(us): 14237, Min(us): 4650, Max(us): 188993, 99th(us): 29000, 99.9th(us): 76000, 99.99th(us): 182000
READ   - Takes(s): 30.0, Count: 261703, OPS: 8736.0, Avg(us): 2109, Min(us): 590, Max(us): 100790, 99th(us): 8000, 99.9th(us): 30000, 99.99th(us): 94000
READ_MODIFY_WRITE - Takes(s): 29.9, Count: 131051, OPS: 4383.6, Avg(us): 16194, Min(us): 5671, Max(us): 190290, 99th(us): 32000, 99.9th(us): 86000, 99.99th(us): 183000
UPDATE - Takes(s): 29.9, Count: 131053, OPS: 4383.6, Avg(us): 14057, Min(us): 4650, Max(us): 188993, 99th(us): 28000, 99.9th(us): 69000, 99.99th(us): 182000
READ   - Takes(s): 40.0, Count: 351863, OPS: 8806.1, Avg(us): 2104, Min(us): 590, Max(us): 100790, 99th(us): 8000, 99.9th(us): 26000, 99.99th(us): 93000
READ_MODIFY_WRITE - Takes(s): 39.9, Count: 176335, OPS: 4419.9, Avg(us): 16036, Min(us): 5671, Max(us): 190290, 99th(us): 31000, 99.9th(us): 85000, 99.99th(us): 181000
UPDATE - Takes(s): 39.9, Count: 176335, OPS: 4419.8, Avg(us): 13905, Min(us): 4609, Max(us): 188993, 99th(us): 27000, 99.9th(us): 71000, 99.99th(us): 178000
READ   - Takes(s): 50.0, Count: 438761, OPS: 8782.8, Avg(us): 2101, Min(us): 590, Max(us): 100790, 99th(us): 8000, 99.9th(us): 25000, 99.99th(us): 93000
READ_MODIFY_WRITE - Takes(s): 49.9, Count: 219721, OPS: 4403.6, Avg(us): 16092, Min(us): 5671, Max(us): 190290, 99th(us): 33000, 99.9th(us): 85000, 99.99th(us): 174000
UPDATE - Takes(s): 49.9, Count: 219722, OPS: 4403.6, Avg(us): 13966, Min(us): 4609, Max(us): 188993, 99th(us): 29000, 99.9th(us): 73000, 99.99th(us): 172000
READ   - Takes(s): 60.0, Count: 529688, OPS: 8834.5, Avg(us): 2087, Min(us): 581, Max(us): 100790, 99th(us): 8000, 99.9th(us): 24000, 99.99th(us): 77000
READ_MODIFY_WRITE - Takes(s): 59.9, Count: 265128, OPS: 4426.5, Avg(us): 16003, Min(us): 5671, Max(us): 190290, 99th(us): 32000, 99.9th(us): 81000, 99.99th(us): 168000
UPDATE - Takes(s): 59.9, Count: 265130, OPS: 4426.5, Avg(us): 13893, Min(us): 4362, Max(us): 188993, 99th(us): 28000, 99.9th(us): 71000, 99.99th(us): 169000
READ   - Takes(s): 70.0, Count: 616955, OPS: 8819.1, Avg(us): 2076, Min(us): 581, Max(us): 100790, 99th(us): 8000, 99.9th(us): 23000, 99.99th(us): 74000
READ_MODIFY_WRITE - Takes(s): 69.9, Count: 308688, OPS: 4416.4, Avg(us): 16051, Min(us): 5671, Max(us): 190290, 99th(us): 33000, 99.9th(us): 80000, 99.99th(us): 167000
UPDATE - Takes(s): 69.9, Count: 308691, OPS: 4416.4, Avg(us): 13951, Min(us): 4362, Max(us): 188993, 99th(us): 29000, 99.9th(us): 70000, 99.99th(us): 165000
READ   - Takes(s): 80.0, Count: 700377, OPS: 8759.5, Avg(us): 2072, Min(us): 581, Max(us): 100790, 99th(us): 8000, 99.9th(us): 22000, 99.99th(us): 75000
READ_MODIFY_WRITE - Takes(s): 79.9, Count: 350437, OPS: 4386.2, Avg(us): 16177, Min(us): 5671, Max(us): 190290, 99th(us): 34000, 99.9th(us): 80000, 99.99th(us): 165000
UPDATE - Takes(s): 79.9, Count: 350439, OPS: 4386.2, Avg(us): 14080, Min(us): 4362, Max(us): 188993, 99th(us): 30000, 99.9th(us): 70000, 99.99th(us): 165000
READ   - Takes(s): 90.0, Count: 784368, OPS: 8719.4, Avg(us): 2073, Min(us): 581, Max(us): 100790, 99th(us): 8000, 99.9th(us): 22000, 99.99th(us): 74000
READ_MODIFY_WRITE - Takes(s): 89.9, Count: 392314, OPS: 4364.1, Avg(us): 16263, Min(us): 5671, Max(us): 190290, 99th(us): 34000, 99.9th(us): 79000, 99.99th(us): 164000
UPDATE - Takes(s): 89.9, Count: 392314, OPS: 4364.1, Avg(us): 14166, Min(us): 4362, Max(us): 188993, 99th(us): 30000, 99.9th(us): 69000, 99.99th(us): 163000
READ   - Takes(s): 100.0, Count: 866852, OPS: 8672.3, Avg(us): 2070, Min(us): 581, Max(us): 100790, 99th(us): 8000, 99.9th(us): 22000, 99.99th(us): 73000
READ_MODIFY_WRITE - Takes(s): 99.9, Count: 433736, OPS: 4341.9, Avg(us): 16361, Min(us): 5671, Max(us): 190290, 99th(us): 35000, 99.9th(us): 82000, 99.99th(us): 161000
UPDATE - Takes(s): 99.9, Count: 433740, OPS: 4341.9, Avg(us): 14266, Min(us): 4362, Max(us): 188993, 99th(us): 31000, 99.9th(us): 73000, 99.99th(us): 161000
READ   - Takes(s): 110.0, Count: 953647, OPS: 8672.9, Avg(us): 2065, Min(us): 581, Max(us): 100790, 99th(us): 8000, 99.9th(us): 21000, 99.99th(us): 71000
READ_MODIFY_WRITE - Takes(s): 109.9, Count: 477380, OPS: 4343.9, Avg(us): 16357, Min(us): 5671, Max(us): 190290, 99th(us): 34000, 99.9th(us): 81000, 99.99th(us): 161000
UPDATE - Takes(s): 109.9, Count: 477381, OPS: 4343.9, Avg(us): 14267, Min(us): 4362, Max(us): 188993, 99th(us): 31000, 99.9th(us): 72000, 99.99th(us): 158000
Run finished, takes 1m56.880306179s
READ   - Takes(s): 116.8, Count: 1000000, OPS: 8558.9, Avg(us): 2061, Min(us): 581, Max(us): 100790, 99th(us): 8000, 99.9th(us): 20000, 99.99th(us): 70000
READ_MODIFY_WRITE - Takes(s): 116.8, Count: 500793, OPS: 4288.5, Avg(us): 16299, Min(us): 5671, Max(us): 190290, 99th(us): 34000, 99.9th(us): 80000, 99.99th(us): 159000
UPDATE - Takes(s): 116.8, Count: 500793, OPS: 4288.5, Avg(us): 14213, Min(us): 4362, Max(us): 188993, 99th(us): 30000, 99.9th(us): 71000, 99.99th(us): 157000
[2022/06/08 11:06:06.254 -05:00] [INFO] [client.go:754] ["[pd] stop fetching the pending tso requests due to context canceled"] [dc-location=global]
[2022/06/08 11:06:06.254 -05:00] [INFO] [client.go:692] ["[pd] exit tso dispatcher"] [dc-location=global]
