[2022/06/08 10:11:48.968 -05:00] [INFO] [client.go:378] ["[pd] create pd client with endpoints"] [pd-address="[10.10.1.4:2379]"]
[2022/06/08 10:11:48.975 -05:00] [INFO] [base_client.go:350] ["[pd] switch leader"] [new-leader=http://10.10.1.4:2379] [old-leader=]
[2022/06/08 10:11:48.975 -05:00] [INFO] [base_client.go:105] ["[pd] init cluster id"] [cluster-id=7106870844986743687]
[2022/06/08 10:11:48.975 -05:00] [INFO] [client.go:673] ["[pd] tso dispatcher created"] [dc-location=global]
***************** properties *****************
"verbose"="false"
"dotransactions"="true"
"operationcount"="1000000"
"readmodifywriteproportion"="0.5"
"readproportion"="0.5"
"requestdistribution"="uniform"
"debug.pprof"=":6060"
"readallfields"="true"
"tikv.pd"="10.10.1.4:2379"
"threadcount"="10"
"updateproportion"="0"
"insertproportion"="0"
"tikv.batchsize"="128"
"workload"="core"
"recordcount"="1000000"
"scanproportion"="0"
"tikv.type"="raw"
"tikv.conncount"="128"
**********************************************
READ   - Takes(s): 10.0, Count: 15623, OPS: 1568.4, Avg(us): 1909, Min(us): 1136, Max(us): 98460, 99th(us): 3000, 99.9th(us): 12000, 99.99th(us): 99000
READ_MODIFY_WRITE - Takes(s): 9.9, Count: 7796, OPS: 787.7, Avg(us): 10865, Min(us): 7684, Max(us): 108952, 99th(us): 23000, 99.9th(us): 37000, 99.99th(us): 109000
UPDATE - Takes(s): 9.9, Count: 7796, OPS: 787.6, Avg(us): 8939, Min(us): 5752, Max(us): 64527, 99th(us): 20000, 99.9th(us): 32000, 99.99th(us): 65000
READ   - Takes(s): 20.0, Count: 32059, OPS: 1606.0, Avg(us): 1875, Min(us): 1054, Max(us): 98460, 99th(us): 3000, 99.9th(us): 5000, 99.99th(us): 97000
READ_MODIFY_WRITE - Takes(s): 19.9, Count: 16054, OPS: 806.8, Avg(us): 10555, Min(us): 7436, Max(us): 108952, 99th(us): 19000, 99.9th(us): 31000, 99.99th(us): 105000
UPDATE - Takes(s): 19.9, Count: 16054, OPS: 806.8, Avg(us): 8660, Min(us): 5752, Max(us): 64527, 99th(us): 16000, 99.9th(us): 28000, 99.99th(us): 37000
READ   - Takes(s): 30.0, Count: 48449, OPS: 1617.1, Avg(us): 1858, Min(us): 1054, Max(us): 98460, 99th(us): 3000, 99.9th(us): 4000, 99.99th(us): 59000
READ_MODIFY_WRITE - Takes(s): 29.9, Count: 24341, OPS: 814.2, Avg(us): 10456, Min(us): 7436, Max(us): 108952, 99th(us): 17000, 99.9th(us): 30000, 99.99th(us): 104000
UPDATE - Takes(s): 29.9, Count: 24341, OPS: 814.1, Avg(us): 8575, Min(us): 5752, Max(us): 64527, 99th(us): 15000, 99.9th(us): 27000, 99.99th(us): 39000
READ   - Takes(s): 40.0, Count: 65117, OPS: 1629.5, Avg(us): 1847, Min(us): 1054, Max(us): 98460, 99th(us): 3000, 99.9th(us): 4000, 99.99th(us): 59000
READ_MODIFY_WRITE - Takes(s): 39.9, Count: 32564, OPS: 816.2, Avg(us): 10409, Min(us): 7436, Max(us): 108952, 99th(us): 16000, 99.9th(us): 29000, 99.99th(us): 72000
UPDATE - Takes(s): 39.9, Count: 32564, OPS: 816.2, Avg(us): 8539, Min(us): 5752, Max(us): 64527, 99th(us): 14000, 99.9th(us): 26000, 99.99th(us): 38000
READ   - Takes(s): 50.0, Count: 81788, OPS: 1637.0, Avg(us): 1839, Min(us): 1054, Max(us): 98460, 99th(us): 3000, 99.9th(us): 4000, 99.99th(us): 39000
READ_MODIFY_WRITE - Takes(s): 49.9, Count: 40855, OPS: 818.8, Avg(us): 10368, Min(us): 7397, Max(us): 108952, 99th(us): 15000, 99.9th(us): 28000, 99.99th(us): 68000
UPDATE - Takes(s): 49.9, Count: 40855, OPS: 818.8, Avg(us): 8506, Min(us): 5656, Max(us): 64527, 99th(us): 13000, 99.9th(us): 25000, 99.99th(us): 37000
READ   - Takes(s): 60.0, Count: 98540, OPS: 1643.4, Avg(us): 1834, Min(us): 927, Max(us): 98460, 99th(us): 3000, 99.9th(us): 4000, 99.99th(us): 39000
READ_MODIFY_WRITE - Takes(s): 59.9, Count: 49156, OPS: 820.7, Avg(us): 10338, Min(us): 7397, Max(us): 108952, 99th(us): 15000, 99.9th(us): 27000, 99.99th(us): 68000
UPDATE - Takes(s): 59.9, Count: 49156, OPS: 820.7, Avg(us): 8481, Min(us): 5656, Max(us): 64527, 99th(us): 13000, 99.9th(us): 24000, 99.99th(us): 37000
READ   - Takes(s): 70.0, Count: 115254, OPS: 1647.4, Avg(us): 1833, Min(us): 927, Max(us): 98460, 99th(us): 3000, 99.9th(us): 4000, 99.99th(us): 28000
READ_MODIFY_WRITE - Takes(s): 69.9, Count: 57491, OPS: 822.5, Avg(us): 10309, Min(us): 7397, Max(us): 108952, 99th(us): 15000, 99.9th(us): 26000, 99.99th(us): 41000
UPDATE - Takes(s): 69.9, Count: 57491, OPS: 822.5, Avg(us): 8453, Min(us): 5656, Max(us): 64527, 99th(us): 13000, 99.9th(us): 23000, 99.99th(us): 37000
READ   - Takes(s): 80.0, Count: 131793, OPS: 1648.2, Avg(us): 1830, Min(us): 927, Max(us): 98460, 99th(us): 3000, 99.9th(us): 4000, 99.99th(us): 28000
READ_MODIFY_WRITE - Takes(s): 79.9, Count: 65904, OPS: 824.9, Avg(us): 10285, Min(us): 7394, Max(us): 108952, 99th(us): 15000, 99.9th(us): 26000, 99.99th(us): 40000
UPDATE - Takes(s): 79.9, Count: 65904, OPS: 824.9, Avg(us): 8432, Min(us): 5656, Max(us): 64527, 99th(us): 13000, 99.9th(us): 23000, 99.99th(us): 37000
READ   - Takes(s): 90.0, Count: 148650, OPS: 1652.4, Avg(us): 1827, Min(us): 927, Max(us): 98460, 99th(us): 3000, 99.9th(us): 4000, 99.99th(us): 28000
READ_MODIFY_WRITE - Takes(s): 89.9, Count: 74176, OPS: 825.1, Avg(us): 10274, Min(us): 7372, Max(us): 108952, 99th(us): 15000, 99.9th(us): 26000, 99.99th(us): 40000
UPDATE - Takes(s): 89.9, Count: 74176, OPS: 825.1, Avg(us): 8425, Min(us): 5656, Max(us): 64527, 99th(us): 13000, 99.9th(us): 22000, 99.99th(us): 35000
READ   - Takes(s): 100.0, Count: 165432, OPS: 1655.0, Avg(us): 1824, Min(us): 927, Max(us): 98460, 99th(us): 3000, 99.9th(us): 4000, 99.99th(us): 27000
READ_MODIFY_WRITE - Takes(s): 99.9, Count: 82444, OPS: 825.3, Avg(us): 10269, Min(us): 7372, Max(us): 108952, 99th(us): 14000, 99.9th(us): 25000, 99.99th(us): 39000
UPDATE - Takes(s): 99.9, Count: 82444, OPS: 825.3, Avg(us): 8422, Min(us): 5656, Max(us): 64527, 99th(us): 13000, 99.9th(us): 22000, 99.99th(us): 35000
READ   - Takes(s): 110.0, Count: 181983, OPS: 1655.0, Avg(us): 1822, Min(us): 927, Max(us): 98460, 99th(us): 3000, 99.9th(us): 4000, 99.99th(us): 27000
READ_MODIFY_WRITE - Takes(s): 109.9, Count: 90767, OPS: 825.9, Avg(us): 10265, Min(us): 7372, Max(us): 108952, 99th(us): 14000, 99.9th(us): 25000, 99.99th(us): 39000
UPDATE - Takes(s): 109.9, Count: 90767, OPS: 825.9, Avg(us): 8418, Min(us): 5656, Max(us): 64527, 99th(us): 12000, 99.9th(us): 21000, 99.99th(us): 35000
READ   - Takes(s): 120.0, Count: 198534, OPS: 1655.0, Avg(us): 1821, Min(us): 927, Max(us): 98460, 99th(us): 3000, 99.9th(us): 4000, 99.99th(us): 28000
READ_MODIFY_WRITE - Takes(s): 119.9, Count: 99058, OPS: 826.2, Avg(us): 10263, Min(us): 7372, Max(us): 108952, 99th(us): 14000, 99.9th(us): 25000, 99.99th(us): 40000
UPDATE - Takes(s): 119.9, Count: 99058, OPS: 826.2, Avg(us): 8417, Min(us): 5656, Max(us): 64527, 99th(us): 12000, 99.9th(us): 21000, 99.99th(us): 35000
READ   - Takes(s): 130.0, Count: 215127, OPS: 1655.3, Avg(us): 1820, Min(us): 927, Max(us): 98460, 99th(us): 3000, 99.9th(us): 4000, 99.99th(us): 27000
READ_MODIFY_WRITE - Takes(s): 129.9, Count: 107333, OPS: 826.3, Avg(us): 10261, Min(us): 7270, Max(us): 108952, 99th(us): 14000, 99.9th(us): 25000, 99.99th(us): 39000
UPDATE - Takes(s): 129.9, Count: 107333, OPS: 826.3, Avg(us): 8417, Min(us): 5656, Max(us): 64527, 99th(us): 12000, 99.9th(us): 21000, 99.99th(us): 35000
READ   - Takes(s): 140.0, Count: 231639, OPS: 1655.0, Avg(us): 1820, Min(us): 927, Max(us): 98460, 99th(us): 3000, 99.9th(us): 4000, 99.99th(us): 27000
READ_MODIFY_WRITE - Takes(s): 139.9, Count: 115647, OPS: 826.7, Avg(us): 10258, Min(us): 7270, Max(us): 108952, 99th(us): 14000, 99.9th(us): 25000, 99.99th(us): 39000
UPDATE - Takes(s): 139.9, Count: 115647, OPS: 826.7, Avg(us): 8414, Min(us): 5656, Max(us): 64527, 99th(us): 12000, 99.9th(us): 21000, 99.99th(us): 35000
READ   - Takes(s): 150.0, Count: 247701, OPS: 1651.8, Avg(us): 1820, Min(us): 927, Max(us): 98460, 99th(us): 3000, 99.9th(us): 4000, 99.99th(us): 27000
READ_MODIFY_WRITE - Takes(s): 149.9, Count: 123671, OPS: 825.0, Avg(us): 10281, Min(us): 7270, Max(us): 108952, 99th(us): 15000, 99.9th(us): 28000, 99.99th(us): 40000
UPDATE - Takes(s): 149.9, Count: 123671, OPS: 825.0, Avg(us): 8436, Min(us): 5656, Max(us): 64527, 99th(us): 13000, 99.9th(us): 24000, 99.99th(us): 36000
READ   - Takes(s): 160.0, Count: 264183, OPS: 1651.5, Avg(us): 1820, Min(us): 927, Max(us): 98460, 99th(us): 3000, 99.9th(us): 4000, 99.99th(us): 27000
READ_MODIFY_WRITE - Takes(s): 159.9, Count: 131926, OPS: 825.1, Avg(us): 10281, Min(us): 7197, Max(us): 108952, 99th(us): 15000, 99.9th(us): 28000, 99.99th(us): 40000
UPDATE - Takes(s): 159.9, Count: 131926, OPS: 825.1, Avg(us): 8436, Min(us): 5656, Max(us): 64527, 99th(us): 13000, 99.9th(us): 24000, 99.99th(us): 36000
READ   - Takes(s): 170.0, Count: 280859, OPS: 1652.5, Avg(us): 1820, Min(us): 927, Max(us): 98460, 99th(us): 3000, 99.9th(us): 4000, 99.99th(us): 27000
READ_MODIFY_WRITE - Takes(s): 169.9, Count: 140214, OPS: 825.3, Avg(us): 10276, Min(us): 7197, Max(us): 108952, 99th(us): 14000, 99.9th(us): 28000, 99.99th(us): 40000
UPDATE - Takes(s): 169.9, Count: 140214, OPS: 825.3, Avg(us): 8431, Min(us): 5656, Max(us): 64527, 99th(us): 13000, 99.9th(us): 24000, 99.99th(us): 36000
READ   - Takes(s): 180.0, Count: 297651, OPS: 1654.0, Avg(us): 1820, Min(us): 927, Max(us): 98460, 99th(us): 3000, 99.9th(us): 4000, 99.99th(us): 27000
READ_MODIFY_WRITE - Takes(s): 179.9, Count: 148567, OPS: 825.8, Avg(us): 10268, Min(us): 7197, Max(us): 108952, 99th(us): 14000, 99.9th(us): 28000, 99.99th(us): 40000
UPDATE - Takes(s): 179.9, Count: 148567, OPS: 825.8, Avg(us): 8423, Min(us): 5656, Max(us): 64527, 99th(us): 13000, 99.9th(us): 24000, 99.99th(us): 36000
READ   - Takes(s): 190.0, Count: 314265, OPS: 1654.4, Avg(us): 1819, Min(us): 927, Max(us): 98460, 99th(us): 3000, 99.9th(us): 4000, 99.99th(us): 27000
READ_MODIFY_WRITE - Takes(s): 189.9, Count: 156945, OPS: 826.5, Avg(us): 10262, Min(us): 7197, Max(us): 108952, 99th(us): 14000, 99.9th(us): 27000, 99.99th(us): 40000
UPDATE - Takes(s): 189.9, Count: 156945, OPS: 826.5, Avg(us): 8417, Min(us): 5656, Max(us): 64527, 99th(us): 13000, 99.9th(us): 23000, 99.99th(us): 35000
READ   - Takes(s): 200.0, Count: 331008, OPS: 1655.4, Avg(us): 1818, Min(us): 927, Max(us): 98460, 99th(us): 3000, 99.9th(us): 4000, 99.99th(us): 27000
READ_MODIFY_WRITE - Takes(s): 199.9, Count: 165305, OPS: 827.0, Avg(us): 10255, Min(us): 7197, Max(us): 108952, 99th(us): 14000, 99.9th(us): 27000, 99.99th(us): 39000
UPDATE - Takes(s): 199.9, Count: 165307, OPS: 827.0, Avg(us): 8411, Min(us): 5639, Max(us): 64527, 99th(us): 12000, 99.9th(us): 23000, 99.99th(us): 35000
READ   - Takes(s): 210.0, Count: 347585, OPS: 1655.5, Avg(us): 1818, Min(us): 927, Max(us): 98460, 99th(us): 3000, 99.9th(us): 4000, 99.99th(us): 27000
READ_MODIFY_WRITE - Takes(s): 209.9, Count: 173568, OPS: 826.9, Avg(us): 10256, Min(us): 7197, Max(us): 108952, 99th(us): 14000, 99.9th(us): 27000, 99.99th(us): 39000
UPDATE - Takes(s): 209.9, Count: 173568, OPS: 826.9, Avg(us): 8412, Min(us): 5639, Max(us): 64527, 99th(us): 12000, 99.9th(us): 23000, 99.99th(us): 35000
READ   - Takes(s): 220.0, Count: 364157, OPS: 1655.6, Avg(us): 1818, Min(us): 927, Max(us): 98460, 99th(us): 3000, 99.9th(us): 4000, 99.99th(us): 27000
READ_MODIFY_WRITE - Takes(s): 219.9, Count: 181892, OPS: 827.2, Avg(us): 10253, Min(us): 7197, Max(us): 108952, 99th(us): 14000, 99.9th(us): 27000, 99.99th(us): 39000
UPDATE - Takes(s): 219.9, Count: 181892, OPS: 827.2, Avg(us): 8410, Min(us): 5639, Max(us): 64527, 99th(us): 12000, 99.9th(us): 22000, 99.99th(us): 35000
READ   - Takes(s): 230.0, Count: 380783, OPS: 1655.9, Avg(us): 1817, Min(us): 927, Max(us): 98460, 99th(us): 3000, 99.9th(us): 4000, 99.99th(us): 27000
READ_MODIFY_WRITE - Takes(s): 229.9, Count: 190170, OPS: 827.2, Avg(us): 10253, Min(us): 7197, Max(us): 108952, 99th(us): 14000, 99.9th(us): 27000, 99.99th(us): 39000
UPDATE - Takes(s): 229.9, Count: 190170, OPS: 827.2, Avg(us): 8410, Min(us): 5481, Max(us): 64527, 99th(us): 12000, 99.9th(us): 22000, 99.99th(us): 35000
READ   - Takes(s): 240.0, Count: 397284, OPS: 1655.6, Avg(us): 1817, Min(us): 927, Max(us): 98460, 99th(us): 3000, 99.9th(us): 4000, 99.99th(us): 27000
READ_MODIFY_WRITE - Takes(s): 239.9, Count: 198460, OPS: 827.3, Avg(us): 10252, Min(us): 7197, Max(us): 108952, 99th(us): 14000, 99.9th(us): 26000, 99.99th(us): 39000
UPDATE - Takes(s): 239.9, Count: 198461, OPS: 827.3, Avg(us): 8410, Min(us): 5481, Max(us): 64527, 99th(us): 12000, 99.9th(us): 22000, 99.99th(us): 35000
READ   - Takes(s): 250.0, Count: 413963, OPS: 1656.1, Avg(us): 1816, Min(us): 927, Max(us): 98460, 99th(us): 3000, 99.9th(us): 4000, 99.99th(us): 26000
READ_MODIFY_WRITE - Takes(s): 249.9, Count: 206691, OPS: 827.1, Avg(us): 10253, Min(us): 7197, Max(us): 108952, 99th(us): 14000, 99.9th(us): 26000, 99.99th(us): 39000
UPDATE - Takes(s): 249.9, Count: 206692, OPS: 827.1, Avg(us): 8411, Min(us): 5481, Max(us): 64527, 99th(us): 12000, 99.9th(us): 22000, 99.99th(us): 35000
READ   - Takes(s): 260.0, Count: 430413, OPS: 1655.7, Avg(us): 1816, Min(us): 927, Max(us): 98460, 99th(us): 3000, 99.9th(us): 4000, 99.99th(us): 26000
READ_MODIFY_WRITE - Takes(s): 259.9, Count: 215018, OPS: 827.3, Avg(us): 10252, Min(us): 7197, Max(us): 108952, 99th(us): 14000, 99.9th(us): 26000, 99.99th(us): 39000
UPDATE - Takes(s): 259.9, Count: 215018, OPS: 827.3, Avg(us): 8410, Min(us): 5481, Max(us): 64527, 99th(us): 12000, 99.9th(us): 22000, 99.99th(us): 35000
READ   - Takes(s): 270.0, Count: 446892, OPS: 1655.4, Avg(us): 1816, Min(us): 927, Max(us): 98460, 99th(us): 3000, 99.9th(us): 4000, 99.99th(us): 26000
READ_MODIFY_WRITE - Takes(s): 269.9, Count: 223323, OPS: 827.4, Avg(us): 10252, Min(us): 7197, Max(us): 108952, 99th(us): 14000, 99.9th(us): 26000, 99.99th(us): 39000
UPDATE - Takes(s): 269.9, Count: 223323, OPS: 827.4, Avg(us): 8409, Min(us): 5481, Max(us): 64527, 99th(us): 12000, 99.9th(us): 21000, 99.99th(us): 35000
READ   - Takes(s): 280.0, Count: 463503, OPS: 1655.6, Avg(us): 1816, Min(us): 927, Max(us): 98460, 99th(us): 3000, 99.9th(us): 4000, 99.99th(us): 26000
READ_MODIFY_WRITE - Takes(s): 279.9, Count: 231637, OPS: 827.6, Avg(us): 10250, Min(us): 7197, Max(us): 108952, 99th(us): 14000, 99.9th(us): 26000, 99.99th(us): 39000
UPDATE - Takes(s): 279.9, Count: 231637, OPS: 827.6, Avg(us): 8408, Min(us): 5481, Max(us): 64527, 99th(us): 12000, 99.9th(us): 21000, 99.99th(us): 35000
READ   - Takes(s): 290.0, Count: 479594, OPS: 1654.0, Avg(us): 1816, Min(us): 927, Max(us): 98460, 99th(us): 3000, 99.9th(us): 4000, 99.99th(us): 26000
READ_MODIFY_WRITE - Takes(s): 289.9, Count: 239631, OPS: 826.6, Avg(us): 10263, Min(us): 7197, Max(us): 108952, 99th(us): 14000, 99.9th(us): 27000, 99.99th(us): 40000
UPDATE - Takes(s): 289.9, Count: 239631, OPS: 826.6, Avg(us): 8421, Min(us): 5481, Max(us): 106955, 99th(us): 13000, 99.9th(us): 23000, 99.99th(us): 37000
READ   - Takes(s): 300.0, Count: 496397, OPS: 1654.9, Avg(us): 1816, Min(us): 927, Max(us): 98460, 99th(us): 3000, 99.9th(us): 4000, 99.99th(us): 26000
READ_MODIFY_WRITE - Takes(s): 299.9, Count: 247985, OPS: 826.9, Avg(us): 10258, Min(us): 7197, Max(us): 108952, 99th(us): 14000, 99.9th(us): 27000, 99.99th(us): 40000
UPDATE - Takes(s): 299.9, Count: 247985, OPS: 826.9, Avg(us): 8416, Min(us): 5481, Max(us): 106955, 99th(us): 12000, 99.9th(us): 23000, 99.99th(us): 37000
READ   - Takes(s): 310.0, Count: 513153, OPS: 1655.5, Avg(us): 1816, Min(us): 927, Max(us): 98460, 99th(us): 3000, 99.9th(us): 4000, 99.99th(us): 26000
READ_MODIFY_WRITE - Takes(s): 309.9, Count: 256278, OPS: 827.0, Avg(us): 10256, Min(us): 7197, Max(us): 108952, 99th(us): 14000, 99.9th(us): 27000, 99.99th(us): 40000
UPDATE - Takes(s): 309.9, Count: 256278, OPS: 827.0, Avg(us): 8414, Min(us): 5481, Max(us): 106955, 99th(us): 12000, 99.9th(us): 23000, 99.99th(us): 37000
READ   - Takes(s): 320.0, Count: 529845, OPS: 1656.0, Avg(us): 1816, Min(us): 927, Max(us): 98460, 99th(us): 3000, 99.9th(us): 4000, 99.99th(us): 26000
READ_MODIFY_WRITE - Takes(s): 319.9, Count: 264617, OPS: 827.2, Avg(us): 10253, Min(us): 7197, Max(us): 108952, 99th(us): 14000, 99.9th(us): 27000, 99.99th(us): 39000
UPDATE - Takes(s): 319.9, Count: 264617, OPS: 827.2, Avg(us): 8411, Min(us): 5481, Max(us): 106955, 99th(us): 12000, 99.9th(us): 22000, 99.99th(us): 36000
READ   - Takes(s): 330.0, Count: 546415, OPS: 1656.0, Avg(us): 1815, Min(us): 927, Max(us): 98460, 99th(us): 3000, 99.9th(us): 4000, 99.99th(us): 26000
READ_MODIFY_WRITE - Takes(s): 329.9, Count: 272943, OPS: 827.4, Avg(us): 10251, Min(us): 7197, Max(us): 108952, 99th(us): 14000, 99.9th(us): 27000, 99.99th(us): 39000
UPDATE - Takes(s): 329.9, Count: 272943, OPS: 827.4, Avg(us): 8410, Min(us): 5481, Max(us): 106955, 99th(us): 12000, 99.9th(us): 22000, 99.99th(us): 36000
READ   - Takes(s): 340.0, Count: 562888, OPS: 1655.7, Avg(us): 1815, Min(us): 927, Max(us): 98460, 99th(us): 3000, 99.9th(us): 4000, 99.99th(us): 26000
READ_MODIFY_WRITE - Takes(s): 339.9, Count: 281250, OPS: 827.5, Avg(us): 10251, Min(us): 7197, Max(us): 108952, 99th(us): 14000, 99.9th(us): 27000, 99.99th(us): 39000
UPDATE - Takes(s): 339.9, Count: 281250, OPS: 827.5, Avg(us): 8409, Min(us): 5481, Max(us): 106955, 99th(us): 12000, 99.9th(us): 22000, 99.99th(us): 36000
READ   - Takes(s): 350.0, Count: 579449, OPS: 1655.8, Avg(us): 1815, Min(us): 927, Max(us): 98460, 99th(us): 3000, 99.9th(us): 4000, 99.99th(us): 26000
READ_MODIFY_WRITE - Takes(s): 349.9, Count: 289497, OPS: 827.4, Avg(us): 10251, Min(us): 7197, Max(us): 108952, 99th(us): 14000, 99.9th(us): 27000, 99.99th(us): 39000
UPDATE - Takes(s): 349.9, Count: 289497, OPS: 827.4, Avg(us): 8410, Min(us): 5481, Max(us): 106955, 99th(us): 12000, 99.9th(us): 22000, 99.99th(us): 36000
READ   - Takes(s): 360.0, Count: 595989, OPS: 1655.7, Avg(us): 1816, Min(us): 927, Max(us): 98460, 99th(us): 3000, 99.9th(us): 4000, 99.99th(us): 26000
READ_MODIFY_WRITE - Takes(s): 359.9, Count: 297741, OPS: 827.3, Avg(us): 10252, Min(us): 7197, Max(us): 108952, 99th(us): 14000, 99.9th(us): 26000, 99.99th(us): 39000
UPDATE - Takes(s): 359.9, Count: 297741, OPS: 827.3, Avg(us): 8410, Min(us): 5481, Max(us): 106955, 99th(us): 12000, 99.9th(us): 22000, 99.99th(us): 36000
READ   - Takes(s): 370.0, Count: 612903, OPS: 1656.7, Avg(us): 1816, Min(us): 927, Max(us): 98460, 99th(us): 3000, 99.9th(us): 4000, 99.99th(us): 26000
READ_MODIFY_WRITE - Takes(s): 369.9, Count: 306103, OPS: 827.5, Avg(us): 10247, Min(us): 7197, Max(us): 108952, 99th(us): 14000, 99.9th(us): 26000, 99.99th(us): 39000
UPDATE - Takes(s): 369.9, Count: 306103, OPS: 827.5, Avg(us): 8405, Min(us): 5481, Max(us): 106955, 99th(us): 12000, 99.9th(us): 22000, 99.99th(us): 36000
READ   - Takes(s): 380.0, Count: 629379, OPS: 1656.4, Avg(us): 1816, Min(us): 927, Max(us): 98460, 99th(us): 3000, 99.9th(us): 4000, 99.99th(us): 26000
READ_MODIFY_WRITE - Takes(s): 379.9, Count: 314419, OPS: 827.6, Avg(us): 10247, Min(us): 7197, Max(us): 108952, 99th(us): 14000, 99.9th(us): 26000, 99.99th(us): 39000
UPDATE - Takes(s): 379.9, Count: 314419, OPS: 827.6, Avg(us): 8405, Min(us): 5481, Max(us): 106955, 99th(us): 12000, 99.9th(us): 22000, 99.99th(us): 36000
READ   - Takes(s): 390.0, Count: 645947, OPS: 1656.4, Avg(us): 1816, Min(us): 798, Max(us): 98460, 99th(us): 3000, 99.9th(us): 4000, 99.99th(us): 26000
READ_MODIFY_WRITE - Takes(s): 389.9, Count: 322700, OPS: 827.7, Avg(us): 10246, Min(us): 7197, Max(us): 108952, 99th(us): 14000, 99.9th(us): 26000, 99.99th(us): 39000
UPDATE - Takes(s): 389.9, Count: 322700, OPS: 827.7, Avg(us): 8405, Min(us): 5481, Max(us): 106955, 99th(us): 12000, 99.9th(us): 22000, 99.99th(us): 36000
READ   - Takes(s): 400.0, Count: 662389, OPS: 1656.1, Avg(us): 1816, Min(us): 798, Max(us): 98460, 99th(us): 3000, 99.9th(us): 4000, 99.99th(us): 26000
READ_MODIFY_WRITE - Takes(s): 399.9, Count: 330955, OPS: 827.6, Avg(us): 10247, Min(us): 7197, Max(us): 108952, 99th(us): 14000, 99.9th(us): 26000, 99.99th(us): 39000
UPDATE - Takes(s): 399.9, Count: 330956, OPS: 827.6, Avg(us): 8406, Min(us): 5481, Max(us): 106955, 99th(us): 12000, 99.9th(us): 21000, 99.99th(us): 36000
READ   - Takes(s): 410.0, Count: 679011, OPS: 1656.3, Avg(us): 1816, Min(us): 798, Max(us): 98460, 99th(us): 3000, 99.9th(us): 4000, 99.99th(us): 26000
READ_MODIFY_WRITE - Takes(s): 409.9, Count: 339213, OPS: 827.6, Avg(us): 10248, Min(us): 7197, Max(us): 108952, 99th(us): 14000, 99.9th(us): 26000, 99.99th(us): 39000
UPDATE - Takes(s): 409.9, Count: 339213, OPS: 827.6, Avg(us): 8406, Min(us): 5481, Max(us): 106955, 99th(us): 12000, 99.9th(us): 21000, 99.99th(us): 35000
READ   - Takes(s): 420.0, Count: 695778, OPS: 1656.8, Avg(us): 1816, Min(us): 798, Max(us): 98460, 99th(us): 3000, 99.9th(us): 4000, 99.99th(us): 26000
READ_MODIFY_WRITE - Takes(s): 419.9, Count: 347495, OPS: 827.6, Avg(us): 10246, Min(us): 7197, Max(us): 108952, 99th(us): 14000, 99.9th(us): 26000, 99.99th(us): 39000
UPDATE - Takes(s): 419.9, Count: 347495, OPS: 827.6, Avg(us): 8404, Min(us): 5481, Max(us): 106955, 99th(us): 12000, 99.9th(us): 21000, 99.99th(us): 36000
READ   - Takes(s): 430.0, Count: 711242, OPS: 1654.2, Avg(us): 1816, Min(us): 798, Max(us): 98460, 99th(us): 3000, 99.9th(us): 4000, 99.99th(us): 26000
READ_MODIFY_WRITE - Takes(s): 429.9, Count: 355255, OPS: 826.4, Avg(us): 10264, Min(us): 7197, Max(us): 191363, 99th(us): 14000, 99.9th(us): 28000, 99.99th(us): 45000
UPDATE - Takes(s): 429.9, Count: 355255, OPS: 826.4, Avg(us): 8421, Min(us): 5481, Max(us): 189386, 99th(us): 12000, 99.9th(us): 23000, 99.99th(us): 42000
READ   - Takes(s): 440.0, Count: 726554, OPS: 1651.4, Avg(us): 1817, Min(us): 798, Max(us): 98460, 99th(us): 3000, 99.9th(us): 4000, 99.99th(us): 26000
READ_MODIFY_WRITE - Takes(s): 439.9, Count: 362838, OPS: 824.8, Avg(us): 10285, Min(us): 7197, Max(us): 191363, 99th(us): 15000, 99.9th(us): 28000, 99.99th(us): 45000
UPDATE - Takes(s): 439.9, Count: 362838, OPS: 824.8, Avg(us): 8442, Min(us): 5481, Max(us): 189386, 99th(us): 13000, 99.9th(us): 24000, 99.99th(us): 42000
READ   - Takes(s): 450.0, Count: 741642, OPS: 1648.2, Avg(us): 1818, Min(us): 798, Max(us): 98460, 99th(us): 3000, 99.9th(us): 4000, 99.99th(us): 26000
READ_MODIFY_WRITE - Takes(s): 449.9, Count: 370478, OPS: 823.5, Avg(us): 10305, Min(us): 7197, Max(us): 191363, 99th(us): 15000, 99.9th(us): 28000, 99.99th(us): 45000
UPDATE - Takes(s): 449.9, Count: 370478, OPS: 823.5, Avg(us): 8461, Min(us): 5481, Max(us): 189386, 99th(us): 13000, 99.9th(us): 24000, 99.99th(us): 42000
READ   - Takes(s): 460.0, Count: 757267, OPS: 1646.4, Avg(us): 1819, Min(us): 798, Max(us): 98460, 99th(us): 3000, 99.9th(us): 4000, 99.99th(us): 26000
READ_MODIFY_WRITE - Takes(s): 459.9, Count: 378369, OPS: 822.7, Avg(us): 10316, Min(us): 7197, Max(us): 191363, 99th(us): 15000, 99.9th(us): 28000, 99.99th(us): 45000
UPDATE - Takes(s): 459.9, Count: 378369, OPS: 822.7, Avg(us): 8470, Min(us): 5481, Max(us): 189386, 99th(us): 13000, 99.9th(us): 24000, 99.99th(us): 42000
READ   - Takes(s): 470.0, Count: 773185, OPS: 1645.2, Avg(us): 1821, Min(us): 798, Max(us): 98460, 99th(us): 3000, 99.9th(us): 4000, 99.99th(us): 26000
READ_MODIFY_WRITE - Takes(s): 469.9, Count: 386417, OPS: 822.3, Avg(us): 10320, Min(us): 7197, Max(us): 191363, 99th(us): 15000, 99.9th(us): 28000, 99.99th(us): 44000
UPDATE - Takes(s): 469.9, Count: 386418, OPS: 822.3, Avg(us): 8472, Min(us): 5481, Max(us): 189386, 99th(us): 13000, 99.9th(us): 24000, 99.99th(us): 42000
READ   - Takes(s): 480.0, Count: 789641, OPS: 1645.2, Avg(us): 1822, Min(us): 798, Max(us): 98460, 99th(us): 3000, 99.9th(us): 4000, 99.99th(us): 26000
READ_MODIFY_WRITE - Takes(s): 479.9, Count: 394547, OPS: 822.1, Avg(us): 10321, Min(us): 7197, Max(us): 191363, 99th(us): 15000, 99.9th(us): 28000, 99.99th(us): 44000
UPDATE - Takes(s): 479.9, Count: 394547, OPS: 822.1, Avg(us): 8472, Min(us): 5481, Max(us): 189386, 99th(us): 13000, 99.9th(us): 24000, 99.99th(us): 41000
READ   - Takes(s): 490.0, Count: 806080, OPS: 1645.2, Avg(us): 1823, Min(us): 798, Max(us): 98460, 99th(us): 3000, 99.9th(us): 4000, 99.99th(us): 26000
READ_MODIFY_WRITE - Takes(s): 489.9, Count: 402836, OPS: 822.3, Avg(us): 10319, Min(us): 7197, Max(us): 191363, 99th(us): 15000, 99.9th(us): 28000, 99.99th(us): 44000
UPDATE - Takes(s): 489.9, Count: 402837, OPS: 822.3, Avg(us): 8470, Min(us): 5481, Max(us): 189386, 99th(us): 13000, 99.9th(us): 24000, 99.99th(us): 41000
READ   - Takes(s): 500.0, Count: 822588, OPS: 1645.3, Avg(us): 1823, Min(us): 798, Max(us): 98460, 99th(us): 3000, 99.9th(us): 4000, 99.99th(us): 26000
READ_MODIFY_WRITE - Takes(s): 499.9, Count: 411130, OPS: 822.4, Avg(us): 10317, Min(us): 7197, Max(us): 191363, 99th(us): 15000, 99.9th(us): 28000, 99.99th(us): 44000
UPDATE - Takes(s): 499.9, Count: 411130, OPS: 822.4, Avg(us): 8468, Min(us): 5481, Max(us): 189386, 99th(us): 13000, 99.9th(us): 24000, 99.99th(us): 40000
READ   - Takes(s): 510.0, Count: 839266, OPS: 1645.7, Avg(us): 1822, Min(us): 798, Max(us): 98460, 99th(us): 3000, 99.9th(us): 4000, 99.99th(us): 26000
READ_MODIFY_WRITE - Takes(s): 509.9, Count: 419493, OPS: 822.7, Avg(us): 10314, Min(us): 7197, Max(us): 191363, 99th(us): 15000, 99.9th(us): 28000, 99.99th(us): 44000
UPDATE - Takes(s): 509.9, Count: 419493, OPS: 822.7, Avg(us): 8465, Min(us): 5481, Max(us): 189386, 99th(us): 13000, 99.9th(us): 24000, 99.99th(us): 40000
READ   - Takes(s): 520.0, Count: 855783, OPS: 1645.9, Avg(us): 1823, Min(us): 798, Max(us): 98460, 99th(us): 3000, 99.9th(us): 4000, 99.99th(us): 26000
READ_MODIFY_WRITE - Takes(s): 519.9, Count: 427791, OPS: 822.8, Avg(us): 10312, Min(us): 7197, Max(us): 191363, 99th(us): 15000, 99.9th(us): 28000, 99.99th(us): 43000
UPDATE - Takes(s): 519.9, Count: 427791, OPS: 822.8, Avg(us): 8463, Min(us): 5481, Max(us): 189386, 99th(us): 13000, 99.9th(us): 24000, 99.99th(us): 40000
READ   - Takes(s): 530.0, Count: 872551, OPS: 1646.4, Avg(us): 1822, Min(us): 798, Max(us): 98460, 99th(us): 3000, 99.9th(us): 4000, 99.99th(us): 26000
READ_MODIFY_WRITE - Takes(s): 529.9, Count: 436138, OPS: 823.1, Avg(us): 10309, Min(us): 7197, Max(us): 191363, 99th(us): 15000, 99.9th(us): 27000, 99.99th(us): 43000
UPDATE - Takes(s): 529.9, Count: 436138, OPS: 823.1, Avg(us): 8460, Min(us): 5481, Max(us): 189386, 99th(us): 13000, 99.9th(us): 24000, 99.99th(us): 39000
READ   - Takes(s): 540.0, Count: 889346, OPS: 1647.1, Avg(us): 1822, Min(us): 798, Max(us): 98460, 99th(us): 3000, 99.9th(us): 4000, 99.99th(us): 26000
READ_MODIFY_WRITE - Takes(s): 539.9, Count: 444507, OPS: 823.3, Avg(us): 10305, Min(us): 7086, Max(us): 191363, 99th(us): 15000, 99.9th(us): 27000, 99.99th(us): 42000
UPDATE - Takes(s): 539.9, Count: 444507, OPS: 823.3, Avg(us): 8457, Min(us): 5481, Max(us): 189386, 99th(us): 13000, 99.9th(us): 24000, 99.99th(us): 39000
READ   - Takes(s): 550.0, Count: 906107, OPS: 1647.6, Avg(us): 1822, Min(us): 798, Max(us): 98460, 99th(us): 3000, 99.9th(us): 4000, 99.99th(us): 26000
READ_MODIFY_WRITE - Takes(s): 549.9, Count: 452864, OPS: 823.5, Avg(us): 10302, Min(us): 7086, Max(us): 191363, 99th(us): 15000, 99.9th(us): 27000, 99.99th(us): 42000
UPDATE - Takes(s): 549.9, Count: 452864, OPS: 823.5, Avg(us): 8454, Min(us): 5481, Max(us): 189386, 99th(us): 13000, 99.9th(us): 24000, 99.99th(us): 39000
READ   - Takes(s): 560.0, Count: 922805, OPS: 1648.0, Avg(us): 1821, Min(us): 798, Max(us): 98460, 99th(us): 3000, 99.9th(us): 4000, 99.99th(us): 26000
READ_MODIFY_WRITE - Takes(s): 559.9, Count: 461194, OPS: 823.7, Avg(us): 10300, Min(us): 7086, Max(us): 191363, 99th(us): 15000, 99.9th(us): 27000, 99.99th(us): 42000
UPDATE - Takes(s): 559.9, Count: 461194, OPS: 823.7, Avg(us): 8452, Min(us): 5481, Max(us): 189386, 99th(us): 13000, 99.9th(us): 23000, 99.99th(us): 38000
READ   - Takes(s): 570.0, Count: 938848, OPS: 1647.2, Avg(us): 1821, Min(us): 798, Max(us): 98460, 99th(us): 3000, 99.9th(us): 4000, 99.99th(us): 26000
READ_MODIFY_WRITE - Takes(s): 569.9, Count: 469277, OPS: 823.4, Avg(us): 10304, Min(us): 7086, Max(us): 191363, 99th(us): 15000, 99.9th(us): 28000, 99.99th(us): 42000
UPDATE - Takes(s): 569.9, Count: 469278, OPS: 823.4, Avg(us): 8457, Min(us): 5481, Max(us): 189386, 99th(us): 13000, 99.9th(us): 24000, 99.99th(us): 38000
READ   - Takes(s): 580.0, Count: 955560, OPS: 1647.6, Avg(us): 1821, Min(us): 798, Max(us): 98460, 99th(us): 3000, 99.9th(us): 4000, 99.99th(us): 26000
READ_MODIFY_WRITE - Takes(s): 579.9, Count: 477549, OPS: 823.5, Avg(us): 10303, Min(us): 7086, Max(us): 191363, 99th(us): 15000, 99.9th(us): 28000, 99.99th(us): 42000
UPDATE - Takes(s): 579.9, Count: 477550, OPS: 823.5, Avg(us): 8455, Min(us): 5481, Max(us): 189386, 99th(us): 13000, 99.9th(us): 24000, 99.99th(us): 39000
READ   - Takes(s): 590.0, Count: 972294, OPS: 1648.1, Avg(us): 1820, Min(us): 798, Max(us): 98460, 99th(us): 3000, 99.9th(us): 4000, 99.99th(us): 26000
READ_MODIFY_WRITE - Takes(s): 589.9, Count: 485918, OPS: 823.7, Avg(us): 10300, Min(us): 7086, Max(us): 191363, 99th(us): 15000, 99.9th(us): 28000, 99.99th(us): 42000
UPDATE - Takes(s): 589.9, Count: 485918, OPS: 823.7, Avg(us): 8453, Min(us): 5481, Max(us): 189386, 99th(us): 13000, 99.9th(us): 24000, 99.99th(us): 39000
READ   - Takes(s): 600.0, Count: 988841, OPS: 1648.2, Avg(us): 1820, Min(us): 798, Max(us): 98460, 99th(us): 3000, 99.9th(us): 4000, 99.99th(us): 26000
READ_MODIFY_WRITE - Takes(s): 599.9, Count: 494290, OPS: 824.0, Avg(us): 10297, Min(us): 7086, Max(us): 191363, 99th(us): 15000, 99.9th(us): 28000, 99.99th(us): 42000
UPDATE - Takes(s): 599.9, Count: 494290, OPS: 824.0, Avg(us): 8451, Min(us): 5481, Max(us): 189386, 99th(us): 13000, 99.9th(us): 24000, 99.99th(us): 38000
Run finished, takes 10m7.696733544s
READ   - Takes(s): 607.7, Count: 999998, OPS: 1645.7, Avg(us): 1820, Min(us): 798, Max(us): 98460, 99th(us): 3000, 99.9th(us): 4000, 99.99th(us): 26000
READ_MODIFY_WRITE - Takes(s): 607.6, Count: 499853, OPS: 822.7, Avg(us): 10297, Min(us): 7086, Max(us): 191363, 99th(us): 15000, 99.9th(us): 28000, 99.99th(us): 42000
UPDATE - Takes(s): 607.6, Count: 499853, OPS: 822.7, Avg(us): 8451, Min(us): 5481, Max(us): 189386, 99th(us): 13000, 99.9th(us): 24000, 99.99th(us): 38000
[2022/06/08 10:21:56.673 -05:00] [INFO] [client.go:754] ["[pd] stop fetching the pending tso requests due to context canceled"] [dc-location=global]
[2022/06/08 10:21:56.673 -05:00] [INFO] [client.go:692] ["[pd] exit tso dispatcher"] [dc-location=global]
