[2022/06/08 11:14:58.805 -05:00] [INFO] [client.go:378] ["[pd] create pd client with endpoints"] [pd-address="[10.10.1.4:2379]"]
[2022/06/08 11:14:58.811 -05:00] [INFO] [base_client.go:350] ["[pd] switch leader"] [new-leader=http://10.10.1.4:2379] [old-leader=]
[2022/06/08 11:14:58.811 -05:00] [INFO] [base_client.go:105] ["[pd] init cluster id"] [cluster-id=7106870844986743687]
[2022/06/08 11:14:58.811 -05:00] [INFO] [client.go:673] ["[pd] tso dispatcher created"] [dc-location=global]
***************** properties *****************
"insertproportion"="0"
"readmodifywriteproportion"="0.5"
"verbose"="false"
"tikv.batchsize"="128"
"recordcount"="1000000"
"updateproportion"="0"
"threadcount"="110"
"tikv.type"="raw"
"workload"="core"
"readallfields"="true"
"readproportion"="0.5"
"debug.pprof"=":6060"
"scanproportion"="0"
"tikv.conncount"="128"
"dotransactions"="true"
"tikv.pd"="10.10.1.4:2379"
"requestdistribution"="uniform"
"operationcount"="1000000"
**********************************************
READ   - Takes(s): 10.0, Count: 103524, OPS: 10398.5, Avg(us): 2638, Min(us): 577, Max(us): 174107, 99th(us): 12000, 99.9th(us): 89000, 99.99th(us): 128000
READ_MODIFY_WRITE - Takes(s): 9.9, Count: 51819, OPS: 5237.1, Avg(us): 18560, Min(us): 6776, Max(us): 221289, 99th(us): 37000, 99.9th(us): 111000, 99.99th(us): 156000
UPDATE - Takes(s): 9.9, Count: 51823, OPS: 5237.3, Avg(us): 15895, Min(us): 5238, Max(us): 126870, 99th(us): 31000, 99.9th(us): 52000, 99.99th(us): 110000
READ   - Takes(s): 20.0, Count: 202595, OPS: 10152.2, Avg(us): 2532, Min(us): 577, Max(us): 174107, 99th(us): 11000, 99.9th(us): 46000, 99.99th(us): 127000
READ_MODIFY_WRITE - Takes(s): 19.9, Count: 101505, OPS: 5102.1, Avg(us): 19121, Min(us): 5766, Max(us): 221289, 99th(us): 43000, 99.9th(us): 90000, 99.99th(us): 154000
UPDATE - Takes(s): 19.9, Count: 101507, OPS: 5102.1, Avg(us): 16564, Min(us): 4357, Max(us): 126870, 99th(us): 37000, 99.9th(us): 75000, 99.99th(us): 98000
READ   - Takes(s): 30.0, Count: 301160, OPS: 10053.5, Avg(us): 2503, Min(us): 550, Max(us): 174107, 99th(us): 11000, 99.9th(us): 41000, 99.99th(us): 126000
READ_MODIFY_WRITE - Takes(s): 29.9, Count: 150577, OPS: 5036.9, Avg(us): 19387, Min(us): 5766, Max(us): 221289, 99th(us): 43000, 99.9th(us): 87000, 99.99th(us): 153000
UPDATE - Takes(s): 29.9, Count: 150582, OPS: 5037.0, Avg(us): 16860, Min(us): 4357, Max(us): 126870, 99th(us): 37000, 99.9th(us): 74000, 99.99th(us): 100000
READ   - Takes(s): 40.0, Count: 397691, OPS: 9953.3, Avg(us): 2472, Min(us): 550, Max(us): 174107, 99th(us): 11000, 99.9th(us): 38000, 99.99th(us): 125000
READ_MODIFY_WRITE - Takes(s): 39.9, Count: 198613, OPS: 4978.5, Avg(us): 19655, Min(us): 5766, Max(us): 221289, 99th(us): 45000, 99.9th(us): 98000, 99.99th(us): 153000
UPDATE - Takes(s): 39.9, Count: 198614, OPS: 4978.4, Avg(us): 17158, Min(us): 4357, Max(us): 150433, 99th(us): 40000, 99.9th(us): 84000, 99.99th(us): 133000
READ   - Takes(s): 50.0, Count: 500691, OPS: 10022.7, Avg(us): 2459, Min(us): 550, Max(us): 174107, 99th(us): 11000, 99.9th(us): 37000, 99.99th(us): 104000
READ_MODIFY_WRITE - Takes(s): 49.9, Count: 250354, OPS: 5017.7, Avg(us): 19490, Min(us): 5766, Max(us): 221289, 99th(us): 44000, 99.9th(us): 94000, 99.99th(us): 152000
UPDATE - Takes(s): 49.9, Count: 250357, OPS: 5017.7, Avg(us): 17007, Min(us): 4357, Max(us): 150433, 99th(us): 38000, 99.9th(us): 83000, 99.99th(us): 133000
READ   - Takes(s): 60.0, Count: 604010, OPS: 10074.3, Avg(us): 2454, Min(us): 550, Max(us): 174107, 99th(us): 11000, 99.9th(us): 35000, 99.99th(us): 102000
READ_MODIFY_WRITE - Takes(s): 59.9, Count: 302321, OPS: 5047.6, Avg(us): 19364, Min(us): 5766, Max(us): 221289, 99th(us): 44000, 99.9th(us): 99000, 99.99th(us): 151000
UPDATE - Takes(s): 59.9, Count: 302324, OPS: 5047.6, Avg(us): 16885, Min(us): 4357, Max(us): 150433, 99th(us): 38000, 99.9th(us): 87000, 99.99th(us): 135000
READ   - Takes(s): 70.0, Count: 707649, OPS: 10115.7, Avg(us): 2457, Min(us): 550, Max(us): 174107, 99th(us): 11000, 99.9th(us): 33000, 99.99th(us): 101000
READ_MODIFY_WRITE - Takes(s): 69.9, Count: 354187, OPS: 5067.5, Avg(us): 19270, Min(us): 5766, Max(us): 221289, 99th(us): 43000, 99.9th(us): 96000, 99.99th(us): 151000
UPDATE - Takes(s): 69.9, Count: 354190, OPS: 5067.5, Avg(us): 16789, Min(us): 4357, Max(us): 150433, 99th(us): 37000, 99.9th(us): 85000, 99.99th(us): 133000
READ   - Takes(s): 80.0, Count: 814131, OPS: 10182.3, Avg(us): 2463, Min(us): 550, Max(us): 174107, 99th(us): 11000, 99.9th(us): 32000, 99.99th(us): 98000
READ_MODIFY_WRITE - Takes(s): 79.9, Count: 407533, OPS: 5100.9, Avg(us): 19118, Min(us): 5766, Max(us): 221289, 99th(us): 43000, 99.9th(us): 94000, 99.99th(us): 148000
UPDATE - Takes(s): 79.9, Count: 407536, OPS: 5100.9, Avg(us): 16632, Min(us): 4357, Max(us): 150433, 99th(us): 37000, 99.9th(us): 84000, 99.99th(us): 131000
READ   - Takes(s): 90.0, Count: 918620, OPS: 10211.9, Avg(us): 2453, Min(us): 550, Max(us): 174107, 99th(us): 11000, 99.9th(us): 32000, 99.99th(us): 92000
READ_MODIFY_WRITE - Takes(s): 89.9, Count: 460014, OPS: 5117.3, Avg(us): 19058, Min(us): 5280, Max(us): 221289, 99th(us): 43000, 99.9th(us): 95000, 99.99th(us): 146000
UPDATE - Takes(s): 89.9, Count: 460017, OPS: 5117.3, Avg(us): 16580, Min(us): 4357, Max(us): 150433, 99th(us): 37000, 99.9th(us): 86000, 99.99th(us): 129000
Run finished, takes 1m38.634760403s
READ   - Takes(s): 98.6, Count: 999900, OPS: 10142.0, Avg(us): 2448, Min(us): 550, Max(us): 174107, 99th(us): 11000, 99.9th(us): 32000, 99.99th(us): 91000
READ_MODIFY_WRITE - Takes(s): 98.5, Count: 500716, OPS: 5081.9, Avg(us): 18934, Min(us): 5280, Max(us): 221289, 99th(us): 42000, 99.9th(us): 94000, 99.99th(us): 146000
UPDATE - Takes(s): 98.5, Count: 500716, OPS: 5081.9, Avg(us): 16460, Min(us): 4357, Max(us): 150433, 99th(us): 37000, 99.9th(us): 85000, 99.99th(us): 129000
[2022/06/08 11:16:37.447 -05:00] [INFO] [client.go:754] ["[pd] stop fetching the pending tso requests due to context canceled"] [dc-location=global]
[2022/06/08 11:16:37.447 -05:00] [INFO] [client.go:692] ["[pd] exit tso dispatcher"] [dc-location=global]
