[2022/06/08 10:37:46.011 -05:00] [INFO] [client.go:378] ["[pd] create pd client with endpoints"] [pd-address="[10.10.1.4:2379]"]
[2022/06/08 10:37:46.016 -05:00] [INFO] [base_client.go:350] ["[pd] switch leader"] [new-leader=http://10.10.1.4:2379] [old-leader=]
[2022/06/08 10:37:46.016 -05:00] [INFO] [base_client.go:105] ["[pd] init cluster id"] [cluster-id=7106870844986743687]
[2022/06/08 10:37:46.016 -05:00] [INFO] [client.go:673] ["[pd] tso dispatcher created"] [dc-location=global]
***************** properties *****************
"readmodifywriteproportion"="0.5"
"verbose"="false"
"updateproportion"="0"
"debug.pprof"=":6060"
"operationcount"="1000000"
"workload"="core"
"recordcount"="1000000"
"readproportion"="0.5"
"tikv.batchsize"="128"
"scanproportion"="0"
"dotransactions"="true"
"insertproportion"="0"
"tikv.conncount"="128"
"requestdistribution"="uniform"
"readallfields"="true"
"tikv.pd"="10.10.1.4:2379"
"tikv.type"="raw"
"threadcount"="30"
**********************************************
READ   - Takes(s): 10.0, Count: 45701, OPS: 4588.0, Avg(us): 1772, Min(us): 712, Max(us): 132830, 99th(us): 4000, 99.9th(us): 14000, 99.99th(us): 93000
READ_MODIFY_WRITE - Takes(s): 9.9, Count: 22846, OPS: 2307.0, Avg(us): 11334, Min(us): 6207, Max(us): 152114, 99th(us): 19000, 99.9th(us): 43000, 99.99th(us): 107000
UPDATE - Takes(s): 9.9, Count: 22847, OPS: 2307.0, Avg(us): 9535, Min(us): 4710, Max(us): 59880, 99th(us): 17000, 99.9th(us): 24000, 99.99th(us): 60000
READ   - Takes(s): 20.0, Count: 93148, OPS: 4666.6, Avg(us): 1737, Min(us): 701, Max(us): 132830, 99th(us): 4000, 99.9th(us): 8000, 99.99th(us): 90000
READ_MODIFY_WRITE - Takes(s): 19.9, Count: 46400, OPS: 2331.4, Avg(us): 11159, Min(us): 5893, Max(us): 152114, 99th(us): 19000, 99.9th(us): 37000, 99.99th(us): 106000
UPDATE - Takes(s): 19.9, Count: 46400, OPS: 2331.3, Avg(us): 9397, Min(us): 4687, Max(us): 59880, 99th(us): 17000, 99.9th(us): 23000, 99.99th(us): 59000
READ   - Takes(s): 30.0, Count: 140287, OPS: 4682.4, Avg(us): 1729, Min(us): 701, Max(us): 132830, 99th(us): 4000, 99.9th(us): 7000, 99.99th(us): 90000
READ_MODIFY_WRITE - Takes(s): 29.9, Count: 70180, OPS: 2347.0, Avg(us): 11077, Min(us): 5733, Max(us): 152114, 99th(us): 19000, 99.9th(us): 38000, 99.99th(us): 105000
UPDATE - Takes(s): 29.9, Count: 70180, OPS: 2346.9, Avg(us): 9323, Min(us): 4582, Max(us): 59880, 99th(us): 17000, 99.9th(us): 23000, 99.99th(us): 52000
READ   - Takes(s): 40.0, Count: 186366, OPS: 4663.7, Avg(us): 1723, Min(us): 685, Max(us): 132830, 99th(us): 4000, 99.9th(us): 7000, 99.99th(us): 79000
READ_MODIFY_WRITE - Takes(s): 39.9, Count: 93039, OPS: 2331.7, Avg(us): 11150, Min(us): 5615, Max(us): 152114, 99th(us): 21000, 99.9th(us): 42000, 99.99th(us): 104000
UPDATE - Takes(s): 39.9, Count: 93039, OPS: 2331.6, Avg(us): 9401, Min(us): 4058, Max(us): 59880, 99th(us): 19000, 99.9th(us): 32000, 99.99th(us): 54000
READ   - Takes(s): 50.0, Count: 233267, OPS: 4669.0, Avg(us): 1720, Min(us): 685, Max(us): 132830, 99th(us): 4000, 99.9th(us): 6000, 99.99th(us): 47000
READ_MODIFY_WRITE - Takes(s): 49.9, Count: 116492, OPS: 2334.4, Avg(us): 11132, Min(us): 5615, Max(us): 152114, 99th(us): 20000, 99.9th(us): 42000, 99.99th(us): 103000
UPDATE - Takes(s): 49.9, Count: 116492, OPS: 2334.4, Avg(us): 9388, Min(us): 4058, Max(us): 59880, 99th(us): 18000, 99.9th(us): 32000, 99.99th(us): 54000
READ   - Takes(s): 60.0, Count: 279850, OPS: 4667.2, Avg(us): 1715, Min(us): 685, Max(us): 132830, 99th(us): 4000, 99.9th(us): 6000, 99.99th(us): 47000
READ_MODIFY_WRITE - Takes(s): 59.9, Count: 139582, OPS: 2330.2, Avg(us): 11152, Min(us): 5615, Max(us): 152114, 99th(us): 20000, 99.9th(us): 42000, 99.99th(us): 98000
UPDATE - Takes(s): 59.9, Count: 139583, OPS: 2330.2, Avg(us): 9412, Min(us): 4058, Max(us): 59880, 99th(us): 18000, 99.9th(us): 32000, 99.99th(us): 55000
READ   - Takes(s): 70.0, Count: 326496, OPS: 4666.9, Avg(us): 1713, Min(us): 677, Max(us): 132830, 99th(us): 4000, 99.9th(us): 6000, 99.99th(us): 45000
READ_MODIFY_WRITE - Takes(s): 69.9, Count: 162956, OPS: 2331.2, Avg(us): 11147, Min(us): 5564, Max(us): 152114, 99th(us): 20000, 99.9th(us): 42000, 99.99th(us): 65000
UPDATE - Takes(s): 69.9, Count: 162956, OPS: 2331.2, Avg(us): 9411, Min(us): 4058, Max(us): 59880, 99th(us): 18000, 99.9th(us): 32000, 99.99th(us): 54000
READ   - Takes(s): 80.0, Count: 372190, OPS: 4654.6, Avg(us): 1713, Min(us): 677, Max(us): 132830, 99th(us): 4000, 99.9th(us): 6000, 99.99th(us): 45000
READ_MODIFY_WRITE - Takes(s): 79.9, Count: 185852, OPS: 2326.0, Avg(us): 11175, Min(us): 5564, Max(us): 152114, 99th(us): 20000, 99.9th(us): 40000, 99.99th(us): 62000
UPDATE - Takes(s): 79.9, Count: 185852, OPS: 2326.0, Avg(us): 9438, Min(us): 4058, Max(us): 59880, 99th(us): 18000, 99.9th(us): 31000, 99.99th(us): 54000
READ   - Takes(s): 90.0, Count: 416106, OPS: 4625.4, Avg(us): 1714, Min(us): 677, Max(us): 132830, 99th(us): 4000, 99.9th(us): 6000, 99.99th(us): 46000
READ_MODIFY_WRITE - Takes(s): 89.9, Count: 207866, OPS: 2312.1, Avg(us): 11253, Min(us): 5564, Max(us): 152114, 99th(us): 21000, 99.9th(us): 44000, 99.99th(us): 71000
UPDATE - Takes(s): 89.9, Count: 207866, OPS: 2312.1, Avg(us): 9514, Min(us): 4058, Max(us): 71706, 99th(us): 19000, 99.9th(us): 36000, 99.99th(us): 57000
READ   - Takes(s): 100.0, Count: 459013, OPS: 4591.9, Avg(us): 1717, Min(us): 677, Max(us): 132830, 99th(us): 4000, 99.9th(us): 6000, 99.99th(us): 46000
READ_MODIFY_WRITE - Takes(s): 99.9, Count: 229256, OPS: 2294.8, Avg(us): 11347, Min(us): 5564, Max(us): 152114, 99th(us): 22000, 99.9th(us): 44000, 99.99th(us): 68000
UPDATE - Takes(s): 99.9, Count: 229258, OPS: 2294.8, Avg(us): 9605, Min(us): 4058, Max(us): 71706, 99th(us): 20000, 99.9th(us): 36000, 99.99th(us): 58000
READ   - Takes(s): 110.0, Count: 500943, OPS: 4555.7, Avg(us): 1720, Min(us): 677, Max(us): 132830, 99th(us): 4000, 99.9th(us): 6000, 99.99th(us): 46000
READ_MODIFY_WRITE - Takes(s): 109.9, Count: 250202, OPS: 2276.6, Avg(us): 11448, Min(us): 5564, Max(us): 152114, 99th(us): 23000, 99.9th(us): 44000, 99.99th(us): 68000
UPDATE - Takes(s): 109.9, Count: 250202, OPS: 2276.6, Avg(us): 9703, Min(us): 4058, Max(us): 71706, 99th(us): 21000, 99.9th(us): 36000, 99.99th(us): 58000
READ   - Takes(s): 120.0, Count: 543324, OPS: 4529.2, Avg(us): 1722, Min(us): 677, Max(us): 132830, 99th(us): 4000, 99.9th(us): 6000, 99.99th(us): 46000
READ_MODIFY_WRITE - Takes(s): 119.9, Count: 271431, OPS: 2263.8, Avg(us): 11520, Min(us): 5564, Max(us): 152114, 99th(us): 23000, 99.9th(us): 44000, 99.99th(us): 66000
UPDATE - Takes(s): 119.9, Count: 271434, OPS: 2263.8, Avg(us): 9773, Min(us): 4058, Max(us): 71706, 99th(us): 21000, 99.9th(us): 35000, 99.99th(us): 57000
READ   - Takes(s): 130.0, Count: 587626, OPS: 4521.6, Avg(us): 1724, Min(us): 677, Max(us): 132830, 99th(us): 4000, 99.9th(us): 6000, 99.99th(us): 45000
READ_MODIFY_WRITE - Takes(s): 129.9, Count: 293659, OPS: 2260.6, Avg(us): 11536, Min(us): 5546, Max(us): 152114, 99th(us): 23000, 99.9th(us): 43000, 99.99th(us): 66000
UPDATE - Takes(s): 129.9, Count: 293660, OPS: 2260.6, Avg(us): 9787, Min(us): 4058, Max(us): 71706, 99th(us): 21000, 99.9th(us): 35000, 99.99th(us): 57000
READ   - Takes(s): 140.0, Count: 634194, OPS: 4531.2, Avg(us): 1722, Min(us): 677, Max(us): 132830, 99th(us): 4000, 99.9th(us): 6000, 99.99th(us): 44000
READ_MODIFY_WRITE - Takes(s): 139.9, Count: 316974, OPS: 2265.7, Avg(us): 11509, Min(us): 5546, Max(us): 152114, 99th(us): 23000, 99.9th(us): 43000, 99.99th(us): 66000
UPDATE - Takes(s): 139.9, Count: 316974, OPS: 2265.7, Avg(us): 9762, Min(us): 4058, Max(us): 71706, 99th(us): 21000, 99.9th(us): 35000, 99.99th(us): 57000
READ   - Takes(s): 150.0, Count: 678748, OPS: 4526.2, Avg(us): 1723, Min(us): 677, Max(us): 132830, 99th(us): 4000, 99.9th(us): 6000, 99.99th(us): 44000
READ_MODIFY_WRITE - Takes(s): 149.9, Count: 339177, OPS: 2262.7, Avg(us): 11525, Min(us): 5546, Max(us): 152114, 99th(us): 23000, 99.9th(us): 43000, 99.99th(us): 66000
UPDATE - Takes(s): 149.9, Count: 339178, OPS: 2262.7, Avg(us): 9777, Min(us): 4058, Max(us): 71706, 99th(us): 21000, 99.9th(us): 36000, 99.99th(us): 57000
READ   - Takes(s): 160.0, Count: 724779, OPS: 4531.0, Avg(us): 1722, Min(us): 677, Max(us): 132830, 99th(us): 4000, 99.9th(us): 6000, 99.99th(us): 44000
READ_MODIFY_WRITE - Takes(s): 159.9, Count: 362341, OPS: 2266.0, Avg(us): 11507, Min(us): 5546, Max(us): 152114, 99th(us): 23000, 99.9th(us): 43000, 99.99th(us): 65000
UPDATE - Takes(s): 159.9, Count: 362342, OPS: 2266.0, Avg(us): 9759, Min(us): 4058, Max(us): 71706, 99th(us): 21000, 99.9th(us): 35000, 99.99th(us): 56000
READ   - Takes(s): 170.0, Count: 771866, OPS: 4541.4, Avg(us): 1723, Min(us): 677, Max(us): 132830, 99th(us): 4000, 99.9th(us): 6000, 99.99th(us): 45000
READ_MODIFY_WRITE - Takes(s): 169.9, Count: 385948, OPS: 2271.6, Avg(us): 11474, Min(us): 5546, Max(us): 152114, 99th(us): 23000, 99.9th(us): 43000, 99.99th(us): 65000
UPDATE - Takes(s): 169.9, Count: 385948, OPS: 2271.6, Avg(us): 9725, Min(us): 4058, Max(us): 71706, 99th(us): 21000, 99.9th(us): 35000, 99.99th(us): 56000
READ   - Takes(s): 180.0, Count: 819146, OPS: 4551.8, Avg(us): 1722, Min(us): 654, Max(us): 132830, 99th(us): 4000, 99.9th(us): 6000, 99.99th(us): 45000
READ_MODIFY_WRITE - Takes(s): 179.9, Count: 409612, OPS: 2276.9, Avg(us): 11444, Min(us): 5546, Max(us): 152114, 99th(us): 23000, 99.9th(us): 43000, 99.99th(us): 65000
UPDATE - Takes(s): 179.9, Count: 409613, OPS: 2276.9, Avg(us): 9697, Min(us): 4058, Max(us): 71706, 99th(us): 20000, 99.9th(us): 35000, 99.99th(us): 56000
READ   - Takes(s): 190.0, Count: 867741, OPS: 4568.0, Avg(us): 1719, Min(us): 654, Max(us): 132830, 99th(us): 4000, 99.9th(us): 6000, 99.99th(us): 45000
READ_MODIFY_WRITE - Takes(s): 189.9, Count: 433617, OPS: 2283.4, Avg(us): 11407, Min(us): 5546, Max(us): 152114, 99th(us): 22000, 99.9th(us): 43000, 99.99th(us): 65000
UPDATE - Takes(s): 189.9, Count: 433617, OPS: 2283.4, Avg(us): 9663, Min(us): 4022, Max(us): 71706, 99th(us): 20000, 99.9th(us): 35000, 99.99th(us): 56000
READ   - Takes(s): 200.0, Count: 915039, OPS: 4576.1, Avg(us): 1715, Min(us): 654, Max(us): 132830, 99th(us): 4000, 99.9th(us): 6000, 99.99th(us): 45000
READ_MODIFY_WRITE - Takes(s): 199.9, Count: 457222, OPS: 2287.2, Avg(us): 11388, Min(us): 5546, Max(us): 178174, 99th(us): 23000, 99.9th(us): 44000, 99.99th(us): 72000
UPDATE - Takes(s): 199.9, Count: 457225, OPS: 2287.2, Avg(us): 9647, Min(us): 4022, Max(us): 174486, 99th(us): 20000, 99.9th(us): 37000, 99.99th(us): 61000
READ   - Takes(s): 210.0, Count: 962791, OPS: 4585.6, Avg(us): 1713, Min(us): 654, Max(us): 132830, 99th(us): 4000, 99.9th(us): 6000, 99.99th(us): 45000
READ_MODIFY_WRITE - Takes(s): 209.9, Count: 481104, OPS: 2292.0, Avg(us): 11362, Min(us): 5546, Max(us): 178174, 99th(us): 22000, 99.9th(us): 44000, 99.99th(us): 72000
UPDATE - Takes(s): 209.9, Count: 481104, OPS: 2292.0, Avg(us): 9624, Min(us): 4022, Max(us): 174486, 99th(us): 20000, 99.9th(us): 36000, 99.99th(us): 61000
Run finished, takes 3m39.042474177s
READ   - Takes(s): 219.0, Count: 999990, OPS: 4566.1, Avg(us): 1713, Min(us): 654, Max(us): 132830, 99th(us): 4000, 99.9th(us): 6000, 99.99th(us): 45000
READ_MODIFY_WRITE - Takes(s): 218.9, Count: 499835, OPS: 2282.9, Avg(us): 11346, Min(us): 5546, Max(us): 178174, 99th(us): 22000, 99.9th(us): 44000, 99.99th(us): 72000
UPDATE - Takes(s): 218.9, Count: 499835, OPS: 2282.9, Avg(us): 9608, Min(us): 4022, Max(us): 174486, 99th(us): 20000, 99.9th(us): 36000, 99.99th(us): 61000
[2022/06/08 10:41:25.059 -05:00] [INFO] [client.go:754] ["[pd] stop fetching the pending tso requests due to context canceled"] [dc-location=global]
[2022/06/08 10:41:25.060 -05:00] [INFO] [client.go:692] ["[pd] exit tso dispatcher"] [dc-location=global]
