[2022/06/08 10:33:37.184 -05:00] [INFO] [client.go:378] ["[pd] create pd client with endpoints"] [pd-address="[10.10.1.4:2379]"]
[2022/06/08 10:33:37.190 -05:00] [INFO] [base_client.go:350] ["[pd] switch leader"] [new-leader=http://10.10.1.4:2379] [old-leader=]
[2022/06/08 10:33:37.190 -05:00] [INFO] [base_client.go:105] ["[pd] init cluster id"] [cluster-id=7106870844986743687]
[2022/06/08 10:33:37.190 -05:00] [INFO] [client.go:673] ["[pd] tso dispatcher created"] [dc-location=global]
***************** properties *****************
"tikv.batchsize"="128"
"recordcount"="1000000"
"threadcount"="25"
"readmodifywriteproportion"="0.5"
"readallfields"="true"
"tikv.type"="raw"
"scanproportion"="0"
"insertproportion"="0"
"updateproportion"="0"
"tikv.pd"="10.10.1.4:2379"
"tikv.conncount"="128"
"workload"="core"
"requestdistribution"="uniform"
"readproportion"="0.5"
"operationcount"="1000000"
"verbose"="false"
"dotransactions"="true"
"debug.pprof"=":6060"
**********************************************
READ   - Takes(s): 10.0, Count: 38104, OPS: 3825.7, Avg(us): 1792, Min(us): 725, Max(us): 90710, 99th(us): 4000, 99.9th(us): 25000, 99.99th(us): 91000
READ_MODIFY_WRITE - Takes(s): 9.9, Count: 19047, OPS: 1923.3, Avg(us): 11305, Min(us): 6223, Max(us): 105182, 99th(us): 28000, 99.9th(us): 48000, 99.99th(us): 105000
UPDATE - Takes(s): 9.9, Count: 19047, OPS: 1923.2, Avg(us): 9483, Min(us): 4790, Max(us): 62923, 99th(us): 25000, 99.9th(us): 41000, 99.99th(us): 63000
READ   - Takes(s): 20.0, Count: 79188, OPS: 3967.4, Avg(us): 1738, Min(us): 626, Max(us): 90710, 99th(us): 4000, 99.9th(us): 11000, 99.99th(us): 90000
READ_MODIFY_WRITE - Takes(s): 19.9, Count: 39737, OPS: 1996.5, Avg(us): 10837, Min(us): 5945, Max(us): 105182, 99th(us): 24000, 99.9th(us): 42000, 99.99th(us): 104000
UPDATE - Takes(s): 19.9, Count: 39737, OPS: 1996.5, Avg(us): 9070, Min(us): 4631, Max(us): 62923, 99th(us): 21000, 99.9th(us): 36000, 99.99th(us): 62000
READ   - Takes(s): 30.0, Count: 121257, OPS: 4047.3, Avg(us): 1720, Min(us): 626, Max(us): 90710, 99th(us): 4000, 99.9th(us): 8000, 99.99th(us): 87000
READ_MODIFY_WRITE - Takes(s): 29.9, Count: 60731, OPS: 2030.9, Avg(us): 10611, Min(us): 5843, Max(us): 105182, 99th(us): 21000, 99.9th(us): 40000, 99.99th(us): 103000
UPDATE - Takes(s): 29.9, Count: 60732, OPS: 2031.0, Avg(us): 8868, Min(us): 4358, Max(us): 71982, 99th(us): 19000, 99.9th(us): 35000, 99.99th(us): 59000
READ   - Takes(s): 40.0, Count: 163537, OPS: 4092.6, Avg(us): 1704, Min(us): 626, Max(us): 90710, 99th(us): 4000, 99.9th(us): 6000, 99.99th(us): 50000
READ_MODIFY_WRITE - Takes(s): 39.9, Count: 81831, OPS: 2050.8, Avg(us): 10498, Min(us): 5765, Max(us): 105182, 99th(us): 20000, 99.9th(us): 40000, 99.99th(us): 103000
UPDATE - Takes(s): 39.9, Count: 81831, OPS: 2050.7, Avg(us): 8769, Min(us): 4358, Max(us): 71982, 99th(us): 18000, 99.9th(us): 34000, 99.99th(us): 58000
READ   - Takes(s): 50.0, Count: 206494, OPS: 4133.2, Avg(us): 1690, Min(us): 626, Max(us): 90710, 99th(us): 4000, 99.9th(us): 6000, 99.99th(us): 44000
READ_MODIFY_WRITE - Takes(s): 49.9, Count: 103225, OPS: 2068.5, Avg(us): 10398, Min(us): 5616, Max(us): 105182, 99th(us): 19000, 99.9th(us): 39000, 99.99th(us): 101000
UPDATE - Takes(s): 49.9, Count: 103225, OPS: 2068.5, Avg(us): 8683, Min(us): 4192, Max(us): 71982, 99th(us): 17000, 99.9th(us): 33000, 99.99th(us): 55000
READ   - Takes(s): 60.0, Count: 249000, OPS: 4152.8, Avg(us): 1685, Min(us): 626, Max(us): 90710, 99th(us): 4000, 99.9th(us): 6000, 99.99th(us): 44000
READ_MODIFY_WRITE - Takes(s): 59.9, Count: 124460, OPS: 2077.7, Avg(us): 10345, Min(us): 5616, Max(us): 105182, 99th(us): 19000, 99.9th(us): 39000, 99.99th(us): 74000
UPDATE - Takes(s): 59.9, Count: 124461, OPS: 2077.7, Avg(us): 8636, Min(us): 4192, Max(us): 71982, 99th(us): 17000, 99.9th(us): 32000, 99.99th(us): 55000
READ   - Takes(s): 70.0, Count: 290242, OPS: 4148.7, Avg(us): 1686, Min(us): 626, Max(us): 90710, 99th(us): 4000, 99.9th(us): 5000, 99.99th(us): 43000
READ_MODIFY_WRITE - Takes(s): 69.9, Count: 145050, OPS: 2075.0, Avg(us): 10358, Min(us): 5616, Max(us): 105182, 99th(us): 20000, 99.9th(us): 40000, 99.99th(us): 61000
UPDATE - Takes(s): 69.9, Count: 145050, OPS: 2075.0, Avg(us): 8648, Min(us): 4192, Max(us): 71982, 99th(us): 18000, 99.9th(us): 33000, 99.99th(us): 52000
READ   - Takes(s): 80.0, Count: 331368, OPS: 4144.2, Avg(us): 1686, Min(us): 626, Max(us): 90710, 99th(us): 4000, 99.9th(us): 5000, 99.99th(us): 43000
READ_MODIFY_WRITE - Takes(s): 79.9, Count: 165808, OPS: 2075.1, Avg(us): 10360, Min(us): 5616, Max(us): 105182, 99th(us): 19000, 99.9th(us): 39000, 99.99th(us): 62000
UPDATE - Takes(s): 79.9, Count: 165810, OPS: 2075.1, Avg(us): 8649, Min(us): 4192, Max(us): 71982, 99th(us): 17000, 99.9th(us): 33000, 99.99th(us): 53000
READ   - Takes(s): 90.0, Count: 373021, OPS: 4146.5, Avg(us): 1686, Min(us): 626, Max(us): 90710, 99th(us): 4000, 99.9th(us): 5000, 99.99th(us): 42000
READ_MODIFY_WRITE - Takes(s): 89.9, Count: 186564, OPS: 2075.2, Avg(us): 10357, Min(us): 5616, Max(us): 105182, 99th(us): 19000, 99.9th(us): 39000, 99.99th(us): 61000
UPDATE - Takes(s): 89.9, Count: 186564, OPS: 2075.2, Avg(us): 8644, Min(us): 4192, Max(us): 71982, 99th(us): 17000, 99.9th(us): 32000, 99.99th(us): 53000
READ   - Takes(s): 100.0, Count: 414396, OPS: 4145.6, Avg(us): 1684, Min(us): 626, Max(us): 90710, 99th(us): 4000, 99.9th(us): 5000, 99.99th(us): 42000
READ_MODIFY_WRITE - Takes(s): 99.9, Count: 207385, OPS: 2075.9, Avg(us): 10356, Min(us): 5616, Max(us): 105182, 99th(us): 19000, 99.9th(us): 39000, 99.99th(us): 61000
UPDATE - Takes(s): 99.9, Count: 207387, OPS: 2075.9, Avg(us): 8646, Min(us): 4192, Max(us): 71982, 99th(us): 17000, 99.9th(us): 32000, 99.99th(us): 53000
READ   - Takes(s): 110.0, Count: 457102, OPS: 4157.0, Avg(us): 1681, Min(us): 626, Max(us): 90710, 99th(us): 4000, 99.9th(us): 5000, 99.99th(us): 42000
READ_MODIFY_WRITE - Takes(s): 109.9, Count: 228794, OPS: 2081.8, Avg(us): 10324, Min(us): 5616, Max(us): 105182, 99th(us): 19000, 99.9th(us): 39000, 99.99th(us): 61000
UPDATE - Takes(s): 109.9, Count: 228794, OPS: 2081.8, Avg(us): 8617, Min(us): 4192, Max(us): 71982, 99th(us): 16000, 99.9th(us): 32000, 99.99th(us): 53000
READ   - Takes(s): 120.0, Count: 495856, OPS: 4133.5, Avg(us): 1680, Min(us): 626, Max(us): 90710, 99th(us): 4000, 99.9th(us): 5000, 99.99th(us): 42000
READ_MODIFY_WRITE - Takes(s): 119.9, Count: 248236, OPS: 2070.3, Avg(us): 10390, Min(us): 5616, Max(us): 105182, 99th(us): 20000, 99.9th(us): 40000, 99.99th(us): 73000
UPDATE - Takes(s): 119.9, Count: 248236, OPS: 2070.3, Avg(us): 8685, Min(us): 4192, Max(us): 92065, 99th(us): 18000, 99.9th(us): 34000, 99.99th(us): 58000
READ   - Takes(s): 130.0, Count: 532488, OPS: 4097.3, Avg(us): 1684, Min(us): 626, Max(us): 90710, 99th(us): 4000, 99.9th(us): 5000, 99.99th(us): 41000
READ_MODIFY_WRITE - Takes(s): 129.9, Count: 266496, OPS: 2051.5, Avg(us): 10496, Min(us): 5616, Max(us): 105182, 99th(us): 21000, 99.9th(us): 40000, 99.99th(us): 69000
UPDATE - Takes(s): 129.9, Count: 266496, OPS: 2051.5, Avg(us): 8788, Min(us): 4192, Max(us): 92065, 99th(us): 19000, 99.9th(us): 34000, 99.99th(us): 58000
READ   - Takes(s): 140.0, Count: 569736, OPS: 4070.7, Avg(us): 1686, Min(us): 626, Max(us): 90710, 99th(us): 4000, 99.9th(us): 5000, 99.99th(us): 41000
READ_MODIFY_WRITE - Takes(s): 139.9, Count: 285035, OPS: 2037.4, Avg(us): 10576, Min(us): 5616, Max(us): 105182, 99th(us): 22000, 99.9th(us): 39000, 99.99th(us): 66000
UPDATE - Takes(s): 139.9, Count: 285035, OPS: 2037.4, Avg(us): 8865, Min(us): 4192, Max(us): 92065, 99th(us): 20000, 99.9th(us): 34000, 99.99th(us): 57000
READ   - Takes(s): 150.0, Count: 607211, OPS: 4049.2, Avg(us): 1689, Min(us): 626, Max(us): 90710, 99th(us): 4000, 99.9th(us): 5000, 99.99th(us): 41000
READ_MODIFY_WRITE - Takes(s): 149.9, Count: 303782, OPS: 2026.5, Avg(us): 10639, Min(us): 5616, Max(us): 105182, 99th(us): 22000, 99.9th(us): 40000, 99.99th(us): 65000
UPDATE - Takes(s): 149.9, Count: 303782, OPS: 2026.5, Avg(us): 8924, Min(us): 4192, Max(us): 92065, 99th(us): 20000, 99.9th(us): 34000, 99.99th(us): 57000
READ   - Takes(s): 160.0, Count: 647187, OPS: 4045.9, Avg(us): 1693, Min(us): 626, Max(us): 90710, 99th(us): 4000, 99.9th(us): 5000, 99.99th(us): 41000
READ_MODIFY_WRITE - Takes(s): 159.9, Count: 323680, OPS: 2024.2, Avg(us): 10648, Min(us): 5616, Max(us): 105182, 99th(us): 22000, 99.9th(us): 39000, 99.99th(us): 64000
UPDATE - Takes(s): 159.9, Count: 323680, OPS: 2024.2, Avg(us): 8930, Min(us): 4192, Max(us): 92065, 99th(us): 20000, 99.9th(us): 33000, 99.99th(us): 56000
READ   - Takes(s): 170.0, Count: 688182, OPS: 4049.1, Avg(us): 1693, Min(us): 626, Max(us): 90710, 99th(us): 4000, 99.9th(us): 5000, 99.99th(us): 41000
READ_MODIFY_WRITE - Takes(s): 169.9, Count: 344287, OPS: 2026.4, Avg(us): 10635, Min(us): 5616, Max(us): 105182, 99th(us): 21000, 99.9th(us): 39000, 99.99th(us): 62000
UPDATE - Takes(s): 169.9, Count: 344288, OPS: 2026.4, Avg(us): 8917, Min(us): 4192, Max(us): 92065, 99th(us): 19000, 99.9th(us): 33000, 99.99th(us): 55000
READ   - Takes(s): 180.0, Count: 727650, OPS: 4043.4, Avg(us): 1693, Min(us): 626, Max(us): 90710, 99th(us): 4000, 99.9th(us): 5000, 99.99th(us): 41000
READ_MODIFY_WRITE - Takes(s): 179.9, Count: 364043, OPS: 2023.6, Avg(us): 10652, Min(us): 5616, Max(us): 105182, 99th(us): 22000, 99.9th(us): 40000, 99.99th(us): 61000
UPDATE - Takes(s): 179.9, Count: 364043, OPS: 2023.5, Avg(us): 8934, Min(us): 4192, Max(us): 92065, 99th(us): 20000, 99.9th(us): 35000, 99.99th(us): 55000
READ   - Takes(s): 190.0, Count: 768854, OPS: 4047.5, Avg(us): 1693, Min(us): 626, Max(us): 90710, 99th(us): 4000, 99.9th(us): 5000, 99.99th(us): 41000
READ_MODIFY_WRITE - Takes(s): 189.9, Count: 384603, OPS: 2025.3, Avg(us): 10641, Min(us): 5616, Max(us): 105182, 99th(us): 21000, 99.9th(us): 40000, 99.99th(us): 61000
UPDATE - Takes(s): 189.9, Count: 384603, OPS: 2025.3, Avg(us): 8923, Min(us): 4192, Max(us): 92065, 99th(us): 19000, 99.9th(us): 35000, 99.99th(us): 54000
READ   - Takes(s): 200.0, Count: 809827, OPS: 4050.0, Avg(us): 1693, Min(us): 626, Max(us): 90710, 99th(us): 4000, 99.9th(us): 5000, 99.99th(us): 41000
READ_MODIFY_WRITE - Takes(s): 199.9, Count: 405257, OPS: 2027.3, Avg(us): 10630, Min(us): 5616, Max(us): 105182, 99th(us): 21000, 99.9th(us): 40000, 99.99th(us): 60000
UPDATE - Takes(s): 199.9, Count: 405258, OPS: 2027.3, Avg(us): 8912, Min(us): 4192, Max(us): 92065, 99th(us): 19000, 99.9th(us): 35000, 99.99th(us): 53000
READ   - Takes(s): 210.0, Count: 851121, OPS: 4053.7, Avg(us): 1692, Min(us): 626, Max(us): 90710, 99th(us): 4000, 99.9th(us): 5000, 99.99th(us): 41000
READ_MODIFY_WRITE - Takes(s): 209.9, Count: 425849, OPS: 2028.8, Avg(us): 10621, Min(us): 5616, Max(us): 105182, 99th(us): 21000, 99.9th(us): 40000, 99.99th(us): 59000
UPDATE - Takes(s): 209.9, Count: 425852, OPS: 2028.8, Avg(us): 8904, Min(us): 4192, Max(us): 92065, 99th(us): 19000, 99.9th(us): 34000, 99.99th(us): 53000
READ   - Takes(s): 220.0, Count: 892067, OPS: 4055.6, Avg(us): 1691, Min(us): 626, Max(us): 90710, 99th(us): 4000, 99.9th(us): 5000, 99.99th(us): 41000
READ_MODIFY_WRITE - Takes(s): 219.9, Count: 446319, OPS: 2029.6, Avg(us): 10616, Min(us): 5616, Max(us): 105182, 99th(us): 21000, 99.9th(us): 40000, 99.99th(us): 60000
UPDATE - Takes(s): 219.9, Count: 446319, OPS: 2029.6, Avg(us): 8900, Min(us): 4192, Max(us): 92065, 99th(us): 19000, 99.9th(us): 34000, 99.99th(us): 55000
READ   - Takes(s): 230.0, Count: 932998, OPS: 4057.2, Avg(us): 1691, Min(us): 626, Max(us): 90710, 99th(us): 4000, 99.9th(us): 5000, 99.99th(us): 41000
READ_MODIFY_WRITE - Takes(s): 229.9, Count: 466536, OPS: 2029.3, Avg(us): 10616, Min(us): 5616, Max(us): 105182, 99th(us): 21000, 99.9th(us): 40000, 99.99th(us): 60000
UPDATE - Takes(s): 229.9, Count: 466537, OPS: 2029.3, Avg(us): 8900, Min(us): 4192, Max(us): 92065, 99th(us): 19000, 99.9th(us): 34000, 99.99th(us): 55000
READ   - Takes(s): 240.0, Count: 972661, OPS: 4053.4, Avg(us): 1691, Min(us): 626, Max(us): 90710, 99th(us): 4000, 99.9th(us): 5000, 99.99th(us): 41000
READ_MODIFY_WRITE - Takes(s): 239.9, Count: 486300, OPS: 2027.1, Avg(us): 10629, Min(us): 5616, Max(us): 105182, 99th(us): 21000, 99.9th(us): 40000, 99.99th(us): 60000
UPDATE - Takes(s): 239.9, Count: 486300, OPS: 2027.1, Avg(us): 8913, Min(us): 4192, Max(us): 92065, 99th(us): 19000, 99.9th(us): 34000, 99.99th(us): 55000
Run finished, takes 4m8.722819758s
READ   - Takes(s): 248.7, Count: 999997, OPS: 4021.2, Avg(us): 1691, Min(us): 626, Max(us): 90710, 99th(us): 4000, 99.9th(us): 5000, 99.99th(us): 41000
READ_MODIFY_WRITE - Takes(s): 248.6, Count: 499949, OPS: 2010.9, Avg(us): 10620, Min(us): 5616, Max(us): 105182, 99th(us): 21000, 99.9th(us): 40000, 99.99th(us): 59000
UPDATE - Takes(s): 248.6, Count: 499949, OPS: 2010.8, Avg(us): 8904, Min(us): 4192, Max(us): 92065, 99th(us): 19000, 99.9th(us): 34000, 99.99th(us): 54000
[2022/06/08 10:37:45.914 -05:00] [INFO] [client.go:754] ["[pd] stop fetching the pending tso requests due to context canceled"] [dc-location=global]
[2022/06/08 10:37:45.914 -05:00] [INFO] [client.go:692] ["[pd] exit tso dispatcher"] [dc-location=global]
