[2022/06/06 15:54:37.210 -05:00] [INFO] [client.go:378] ["[pd] create pd client with endpoints"] [pd-address="[10.10.1.4:2379]"]
[2022/06/06 15:54:37.215 -05:00] [INFO] [base_client.go:350] ["[pd] switch leader"] [new-leader=http://10.10.1.4:2379] [old-leader=]
[2022/06/06 15:54:37.215 -05:00] [INFO] [base_client.go:105] ["[pd] init cluster id"] [cluster-id=7106192817000404639]
[2022/06/06 15:54:37.216 -05:00] [INFO] [client.go:673] ["[pd] tso dispatcher created"] [dc-location=global]
***************** properties *****************
"tikv.batchsize"="128"
"operationcount"="1000000"
"readmodifywriteproportion"="0.5"
"tikv.type"="raw"
"tikv.pd"="10.10.1.4:2379"
"requestdistribution"="uniform"
"scanproportion"="0"
"readallfields"="true"
"workload"="core"
"threadcount"="75"
"updateproportion"="0"
"readproportion"="0.5"
"recordcount"="1000000"
"dotransactions"="true"
"verbose"="false"
"tikv.conncount"="128"
"debug.pprof"=":6060"
"insertproportion"="0"
**********************************************
READ   - Takes(s): 10.0, Count: 80717, OPS: 8106.9, Avg(us): 2165, Min(us): 601, Max(us): 148115, 99th(us): 8000, 99.9th(us): 48000, 99.99th(us): 83000
READ_MODIFY_WRITE - Takes(s): 9.9, Count: 40669, OPS: 4104.2, Avg(us): 16278, Min(us): 6334, Max(us): 168814, 99th(us): 29000, 99.9th(us): 87000, 99.99th(us): 165000
UPDATE - Takes(s): 9.9, Count: 40669, OPS: 4104.1, Avg(us): 14084, Min(us): 5428, Max(us): 86345, 99th(us): 25000, 99.9th(us): 51000, 99.99th(us): 79000
READ   - Takes(s): 20.0, Count: 158724, OPS: 7953.4, Avg(us): 2092, Min(us): 601, Max(us): 148115, 99th(us): 7000, 99.9th(us): 37000, 99.99th(us): 83000
READ_MODIFY_WRITE - Takes(s): 19.9, Count: 79568, OPS: 3996.5, Avg(us): 16749, Min(us): 6098, Max(us): 168814, 99th(us): 35000, 99.9th(us): 77000, 99.99th(us): 159000
UPDATE - Takes(s): 19.9, Count: 79568, OPS: 3996.4, Avg(us): 14629, Min(us): 4878, Max(us): 87734, 99th(us): 31000, 99.9th(us): 62000, 99.99th(us): 80000
READ   - Takes(s): 30.0, Count: 236556, OPS: 7896.6, Avg(us): 2079, Min(us): 601, Max(us): 148115, 99th(us): 7000, 99.9th(us): 30000, 99.99th(us): 82000
READ_MODIFY_WRITE - Takes(s): 29.9, Count: 118188, OPS: 3951.5, Avg(us): 16934, Min(us): 6098, Max(us): 168814, 99th(us): 35000, 99.9th(us): 74000, 99.99th(us): 106000
UPDATE - Takes(s): 29.9, Count: 118189, OPS: 3951.5, Avg(us): 14828, Min(us): 4878, Max(us): 100648, 99th(us): 31000, 99.9th(us): 61000, 99.99th(us): 82000
READ   - Takes(s): 40.0, Count: 315120, OPS: 7886.6, Avg(us): 2069, Min(us): 601, Max(us): 148115, 99th(us): 7000, 99.9th(us): 25000, 99.99th(us): 81000
READ_MODIFY_WRITE - Takes(s): 39.9, Count: 157374, OPS: 3943.3, Avg(us): 16972, Min(us): 6098, Max(us): 168814, 99th(us): 34000, 99.9th(us): 75000, 99.99th(us): 106000
UPDATE - Takes(s): 39.9, Count: 157374, OPS: 3943.3, Avg(us): 14875, Min(us): 4878, Max(us): 111517, 99th(us): 31000, 99.9th(us): 63000, 99.99th(us): 85000
READ   - Takes(s): 50.0, Count: 393823, OPS: 7883.3, Avg(us): 2063, Min(us): 601, Max(us): 148115, 99th(us): 7000, 99.9th(us): 25000, 99.99th(us): 80000
READ_MODIFY_WRITE - Takes(s): 49.9, Count: 196645, OPS: 3940.0, Avg(us): 16983, Min(us): 5731, Max(us): 168814, 99th(us): 35000, 99.9th(us): 74000, 99.99th(us): 105000
UPDATE - Takes(s): 49.9, Count: 196645, OPS: 3940.0, Avg(us): 14894, Min(us): 4878, Max(us): 111517, 99th(us): 32000, 99.9th(us): 61000, 99.99th(us): 84000
READ   - Takes(s): 60.0, Count: 476304, OPS: 7944.1, Avg(us): 2064, Min(us): 592, Max(us): 148115, 99th(us): 7000, 99.9th(us): 24000, 99.99th(us): 73000
READ_MODIFY_WRITE - Takes(s): 59.9, Count: 238051, OPS: 3973.5, Avg(us): 16822, Min(us): 5731, Max(us): 168814, 99th(us): 34000, 99.9th(us): 73000, 99.99th(us): 103000
UPDATE - Takes(s): 59.9, Count: 238054, OPS: 3973.6, Avg(us): 14731, Min(us): 4878, Max(us): 111517, 99th(us): 31000, 99.9th(us): 61000, 99.99th(us): 83000
READ   - Takes(s): 70.0, Count: 560439, OPS: 8011.2, Avg(us): 2054, Min(us): 592, Max(us): 148115, 99th(us): 7000, 99.9th(us): 23000, 99.99th(us): 73000
READ_MODIFY_WRITE - Takes(s): 69.9, Count: 280168, OPS: 4007.6, Avg(us): 16668, Min(us): 5731, Max(us): 168814, 99th(us): 34000, 99.9th(us): 74000, 99.99th(us): 103000
UPDATE - Takes(s): 69.9, Count: 280170, OPS: 4007.6, Avg(us): 14587, Min(us): 4552, Max(us): 111517, 99th(us): 31000, 99.9th(us): 61000, 99.99th(us): 83000
READ   - Takes(s): 80.0, Count: 643829, OPS: 8052.2, Avg(us): 2046, Min(us): 592, Max(us): 148115, 99th(us): 7000, 99.9th(us): 21000, 99.99th(us): 71000
READ_MODIFY_WRITE - Takes(s): 79.9, Count: 321844, OPS: 4027.6, Avg(us): 16580, Min(us): 5731, Max(us): 168814, 99th(us): 34000, 99.9th(us): 74000, 99.99th(us): 102000
UPDATE - Takes(s): 79.9, Count: 321845, OPS: 4027.6, Avg(us): 14507, Min(us): 4552, Max(us): 111517, 99th(us): 31000, 99.9th(us): 61000, 99.99th(us): 84000
READ   - Takes(s): 90.0, Count: 728932, OPS: 8103.1, Avg(us): 2044, Min(us): 592, Max(us): 148115, 99th(us): 7000, 99.9th(us): 21000, 99.99th(us): 70000
READ_MODIFY_WRITE - Takes(s): 89.9, Count: 364585, OPS: 4055.0, Avg(us): 16455, Min(us): 5731, Max(us): 168814, 99th(us): 33000, 99.9th(us): 73000, 99.99th(us): 99000
UPDATE - Takes(s): 89.9, Count: 364587, OPS: 4055.0, Avg(us): 14384, Min(us): 4552, Max(us): 111517, 99th(us): 30000, 99.9th(us): 61000, 99.99th(us): 83000
READ   - Takes(s): 100.0, Count: 811215, OPS: 8115.7, Avg(us): 2039, Min(us): 592, Max(us): 148115, 99th(us): 7000, 99.9th(us): 20000, 99.99th(us): 69000
READ_MODIFY_WRITE - Takes(s): 99.9, Count: 405929, OPS: 4063.0, Avg(us): 16425, Min(us): 5731, Max(us): 168814, 99th(us): 33000, 99.9th(us): 72000, 99.99th(us): 97000
UPDATE - Takes(s): 99.9, Count: 405931, OPS: 4063.0, Avg(us): 14359, Min(us): 4552, Max(us): 111517, 99th(us): 30000, 99.9th(us): 61000, 99.99th(us): 83000
READ   - Takes(s): 110.0, Count: 896419, OPS: 8152.5, Avg(us): 2040, Min(us): 592, Max(us): 148115, 99th(us): 7000, 99.9th(us): 19000, 99.99th(us): 69000
READ_MODIFY_WRITE - Takes(s): 109.9, Count: 448625, OPS: 4081.8, Avg(us): 16336, Min(us): 5731, Max(us): 168814, 99th(us): 33000, 99.9th(us): 72000, 99.99th(us): 97000
UPDATE - Takes(s): 109.9, Count: 448627, OPS: 4081.8, Avg(us): 14272, Min(us): 4552, Max(us): 111517, 99th(us): 30000, 99.9th(us): 61000, 99.99th(us): 84000
READ   - Takes(s): 120.0, Count: 979533, OPS: 8165.7, Avg(us): 2040, Min(us): 592, Max(us): 148115, 99th(us): 7000, 99.9th(us): 18000, 99.99th(us): 69000
READ_MODIFY_WRITE - Takes(s): 119.9, Count: 490299, OPS: 4088.9, Avg(us): 16304, Min(us): 5731, Max(us): 168814, 99th(us): 33000, 99.9th(us): 72000, 99.99th(us): 95000
UPDATE - Takes(s): 119.9, Count: 490302, OPS: 4088.9, Avg(us): 14238, Min(us): 4552, Max(us): 111517, 99th(us): 29000, 99.9th(us): 60000, 99.99th(us): 83000
Run finished, takes 2m3.817457167s
READ   - Takes(s): 123.8, Count: 999972, OPS: 8079.0, Avg(us): 2040, Min(us): 592, Max(us): 148115, 99th(us): 7000, 99.9th(us): 20000, 99.99th(us): 70000
READ_MODIFY_WRITE - Takes(s): 123.7, Count: 500562, OPS: 4045.7, Avg(us): 16264, Min(us): 5731, Max(us): 168814, 99th(us): 33000, 99.9th(us): 73000, 99.99th(us): 99000
UPDATE - Takes(s): 123.7, Count: 500562, OPS: 4045.7, Avg(us): 14199, Min(us): 4510, Max(us): 111517, 99th(us): 29000, 99.9th(us): 61000, 99.99th(us): 85000
[2022/06/06 15:56:41.034 -05:00] [INFO] [client.go:754] ["[pd] stop fetching the pending tso requests due to context canceled"] [dc-location=global]
[2022/06/06 15:56:41.035 -05:00] [INFO] [client.go:692] ["[pd] exit tso dispatcher"] [dc-location=global]
