[2022/06/07 09:50:10.765 -05:00] [INFO] [client.go:378] ["[pd] create pd client with endpoints"] [pd-address="[10.10.1.4:2379]"]
[2022/06/07 09:50:10.773 -05:00] [INFO] [base_client.go:350] ["[pd] switch leader"] [new-leader=http://10.10.1.4:2379] [old-leader=]
[2022/06/07 09:50:10.773 -05:00] [INFO] [base_client.go:105] ["[pd] init cluster id"] [cluster-id=7106506722672181532]
[2022/06/07 09:50:10.773 -05:00] [INFO] [client.go:673] ["[pd] tso dispatcher created"] [dc-location=global]
***************** properties *****************
"requestdistribution"="uniform"
"tikv.batchsize"="128"
"readmodifywriteproportion"="0.5"
"threadcount"="100"
"readallfields"="true"
"scanproportion"="0"
"dotransactions"="true"
"verbose"="false"
"readproportion"="0.5"
"tikv.type"="raw"
"recordcount"="1000000"
"updateproportion"="0"
"tikv.conncount"="128"
"insertproportion"="0"
"operationcount"="1000000"
"workload"="core"
"debug.pprof"=":6060"
"tikv.pd"="10.10.1.4:2379"
**********************************************
READ   - Takes(s): 10.0, Count: 96238, OPS: 9667.5, Avg(us): 2432, Min(us): 572, Max(us): 187610, 99th(us): 10000, 99.9th(us): 53000, 99.99th(us): 103000
READ_MODIFY_WRITE - Takes(s): 9.9, Count: 48072, OPS: 4860.3, Avg(us): 18334, Min(us): 6653, Max(us): 212432, 99th(us): 41000, 99.9th(us): 101000, 99.99th(us): 129000
UPDATE - Takes(s): 9.9, Count: 48079, OPS: 4860.8, Avg(us): 15874, Min(us): 5581, Max(us): 116265, 99th(us): 36000, 99.9th(us): 70000, 99.99th(us): 99000
READ   - Takes(s): 20.0, Count: 197808, OPS: 9912.8, Avg(us): 2345, Min(us): 563, Max(us): 187610, 99th(us): 10000, 99.9th(us): 47000, 99.99th(us): 99000
READ_MODIFY_WRITE - Takes(s): 19.9, Count: 98877, OPS: 4971.0, Avg(us): 17858, Min(us): 6006, Max(us): 212432, 99th(us): 37000, 99.9th(us): 83000, 99.99th(us): 130000
UPDATE - Takes(s): 19.9, Count: 98878, OPS: 4970.9, Avg(us): 15488, Min(us): 4642, Max(us): 116265, 99th(us): 32000, 99.9th(us): 66000, 99.99th(us): 88000
READ   - Takes(s): 30.0, Count: 296190, OPS: 9887.9, Avg(us): 2313, Min(us): 563, Max(us): 187610, 99th(us): 10000, 99.9th(us): 40000, 99.99th(us): 98000
READ_MODIFY_WRITE - Takes(s): 29.9, Count: 148158, OPS: 4956.7, Avg(us): 17909, Min(us): 5768, Max(us): 212432, 99th(us): 39000, 99.9th(us): 84000, 99.99th(us): 125000
UPDATE - Takes(s): 29.9, Count: 148158, OPS: 4956.6, Avg(us): 15573, Min(us): 4642, Max(us): 116265, 99th(us): 34000, 99.9th(us): 73000, 99.99th(us): 94000
READ   - Takes(s): 40.0, Count: 397354, OPS: 9945.1, Avg(us): 2306, Min(us): 563, Max(us): 187610, 99th(us): 10000, 99.9th(us): 34000, 99.99th(us): 96000
READ_MODIFY_WRITE - Takes(s): 39.9, Count: 198593, OPS: 4978.4, Avg(us): 17815, Min(us): 5768, Max(us): 212432, 99th(us): 38000, 99.9th(us): 83000, 99.99th(us): 123000
UPDATE - Takes(s): 39.9, Count: 198593, OPS: 4978.4, Avg(us): 15485, Min(us): 4642, Max(us): 116265, 99th(us): 33000, 99.9th(us): 73000, 99.99th(us): 94000
READ   - Takes(s): 50.0, Count: 496941, OPS: 9947.8, Avg(us): 2297, Min(us): 563, Max(us): 187610, 99th(us): 10000, 99.9th(us): 32000, 99.99th(us): 92000
READ_MODIFY_WRITE - Takes(s): 49.9, Count: 248381, OPS: 4978.5, Avg(us): 17813, Min(us): 5768, Max(us): 212432, 99th(us): 39000, 99.9th(us): 81000, 99.99th(us): 119000
UPDATE - Takes(s): 49.9, Count: 248382, OPS: 4978.5, Avg(us): 15493, Min(us): 4642, Max(us): 116265, 99th(us): 34000, 99.9th(us): 72000, 99.99th(us): 92000
READ   - Takes(s): 60.0, Count: 591304, OPS: 9862.5, Avg(us): 2284, Min(us): 563, Max(us): 187610, 99th(us): 10000, 99.9th(us): 29000, 99.99th(us): 83000
READ_MODIFY_WRITE - Takes(s): 59.9, Count: 295253, OPS: 4929.9, Avg(us): 18012, Min(us): 5768, Max(us): 212432, 99th(us): 39000, 99.9th(us): 81000, 99.99th(us): 118000
UPDATE - Takes(s): 59.9, Count: 295253, OPS: 4929.8, Avg(us): 15704, Min(us): 4642, Max(us): 116265, 99th(us): 34000, 99.9th(us): 71000, 99.99th(us): 94000
READ   - Takes(s): 70.0, Count: 686518, OPS: 9813.7, Avg(us): 2275, Min(us): 563, Max(us): 187610, 99th(us): 10000, 99.9th(us): 29000, 99.99th(us): 79000
READ_MODIFY_WRITE - Takes(s): 69.9, Count: 342876, OPS: 4905.9, Avg(us): 18117, Min(us): 5768, Max(us): 212432, 99th(us): 39000, 99.9th(us): 82000, 99.99th(us): 117000
UPDATE - Takes(s): 69.9, Count: 342879, OPS: 4905.9, Avg(us): 15818, Min(us): 4642, Max(us): 116265, 99th(us): 34000, 99.9th(us): 72000, 99.99th(us): 95000
READ   - Takes(s): 80.0, Count: 778232, OPS: 9733.4, Avg(us): 2273, Min(us): 563, Max(us): 187610, 99th(us): 10000, 99.9th(us): 27000, 99.99th(us): 76000
READ_MODIFY_WRITE - Takes(s): 79.9, Count: 388683, OPS: 4865.2, Avg(us): 18287, Min(us): 5768, Max(us): 212432, 99th(us): 40000, 99.9th(us): 84000, 99.99th(us): 116000
UPDATE - Takes(s): 79.9, Count: 388687, OPS: 4865.2, Avg(us): 15991, Min(us): 4642, Max(us): 116265, 99th(us): 35000, 99.9th(us): 76000, 99.99th(us): 99000
READ   - Takes(s): 90.0, Count: 875467, OPS: 9732.3, Avg(us): 2270, Min(us): 563, Max(us): 187610, 99th(us): 10000, 99.9th(us): 27000, 99.99th(us): 76000
READ_MODIFY_WRITE - Takes(s): 89.9, Count: 437151, OPS: 4863.1, Avg(us): 18295, Min(us): 5768, Max(us): 212432, 99th(us): 39000, 99.9th(us): 84000, 99.99th(us): 115000
UPDATE - Takes(s): 89.9, Count: 437153, OPS: 4863.1, Avg(us): 16001, Min(us): 4642, Max(us): 116265, 99th(us): 34000, 99.9th(us): 75000, 99.99th(us): 99000
READ   - Takes(s): 100.0, Count: 972657, OPS: 9731.0, Avg(us): 2273, Min(us): 563, Max(us): 187610, 99th(us): 10000, 99.9th(us): 28000, 99.99th(us): 75000
READ_MODIFY_WRITE - Takes(s): 99.9, Count: 485567, OPS: 4861.0, Avg(us): 18297, Min(us): 5768, Max(us): 212432, 99th(us): 39000, 99.9th(us): 83000, 99.99th(us): 115000
UPDATE - Takes(s): 99.9, Count: 485568, OPS: 4861.0, Avg(us): 16000, Min(us): 4642, Max(us): 116265, 99th(us): 34000, 99.9th(us): 74000, 99.99th(us): 98000
Run finished, takes 1m43.881826616s
READ   - Takes(s): 103.8, Count: 999998, OPS: 9630.5, Avg(us): 2269, Min(us): 563, Max(us): 187610, 99th(us): 10000, 99.9th(us): 29000, 99.99th(us): 76000
READ_MODIFY_WRITE - Takes(s): 103.8, Count: 499290, OPS: 4811.4, Avg(us): 18237, Min(us): 5768, Max(us): 212432, 99th(us): 39000, 99.9th(us): 84000, 99.99th(us): 115000
UPDATE - Takes(s): 103.8, Count: 499290, OPS: 4811.4, Avg(us): 15944, Min(us): 4642, Max(us): 116265, 99th(us): 34000, 99.9th(us): 75000, 99.99th(us): 98000
[2022/06/07 09:51:54.657 -05:00] [INFO] [client.go:754] ["[pd] stop fetching the pending tso requests due to context canceled"] [dc-location=global]
[2022/06/07 09:51:54.657 -05:00] [INFO] [client.go:692] ["[pd] exit tso dispatcher"] [dc-location=global]
