[2022/06/06 15:25:13.356 -05:00] [INFO] [client.go:378] ["[pd] create pd client with endpoints"] [pd-address="[10.10.1.4:2379]"]
[2022/06/06 15:25:13.362 -05:00] [INFO] [base_client.go:350] ["[pd] switch leader"] [new-leader=http://10.10.1.4:2379] [old-leader=]
[2022/06/06 15:25:13.362 -05:00] [INFO] [base_client.go:105] ["[pd] init cluster id"] [cluster-id=7106192817000404639]
[2022/06/06 15:25:13.363 -05:00] [INFO] [client.go:673] ["[pd] tso dispatcher created"] [dc-location=global]
***************** properties *****************
"recordcount"="1000000"
"tikv.pd"="10.10.1.4:2379"
"readallfields"="true"
"tikv.type"="raw"
"insertproportion"="0"
"operationcount"="1000000"
"dotransactions"="true"
"scanproportion"="0"
"readproportion"="0.5"
"threadcount"="25"
"tikv.batchsize"="128"
"workload"="core"
"updateproportion"="0"
"verbose"="false"
"debug.pprof"=":6060"
"requestdistribution"="uniform"
"readmodifywriteproportion"="0.5"
"tikv.conncount"="128"
**********************************************
READ   - Takes(s): 10.0, Count: 36329, OPS: 3646.9, Avg(us): 1854, Min(us): 756, Max(us): 91119, 99th(us): 4000, 99.9th(us): 31000, 99.99th(us): 90000
READ_MODIFY_WRITE - Takes(s): 9.9, Count: 18025, OPS: 1820.1, Avg(us): 11948, Min(us): 6655, Max(us): 108745, 99th(us): 20000, 99.9th(us): 47000, 99.99th(us): 105000
UPDATE - Takes(s): 9.9, Count: 18027, OPS: 1820.3, Avg(us): 10077, Min(us): 4736, Max(us): 70063, 99th(us): 18000, 99.9th(us): 24000, 99.99th(us): 60000
READ   - Takes(s): 20.0, Count: 75301, OPS: 3772.3, Avg(us): 1794, Min(us): 756, Max(us): 91119, 99th(us): 4000, 99.9th(us): 8000, 99.99th(us): 89000
READ_MODIFY_WRITE - Takes(s): 19.9, Count: 37391, OPS: 1878.7, Avg(us): 11531, Min(us): 6274, Max(us): 108745, 99th(us): 20000, 99.9th(us): 38000, 99.99th(us): 105000
UPDATE - Takes(s): 19.9, Count: 37391, OPS: 1878.7, Avg(us): 9710, Min(us): 4736, Max(us): 70063, 99th(us): 18000, 99.9th(us): 22000, 99.99th(us): 53000
READ   - Takes(s): 30.0, Count: 114520, OPS: 3822.2, Avg(us): 1758, Min(us): 704, Max(us): 91119, 99th(us): 4000, 99.9th(us): 6000, 99.99th(us): 89000
READ_MODIFY_WRITE - Takes(s): 29.9, Count: 57164, OPS: 1911.7, Avg(us): 11334, Min(us): 6211, Max(us): 108745, 99th(us): 19000, 99.9th(us): 36000, 99.99th(us): 104000
UPDATE - Takes(s): 29.9, Count: 57164, OPS: 1911.6, Avg(us): 9551, Min(us): 4736, Max(us): 70063, 99th(us): 17000, 99.9th(us): 23000, 99.99th(us): 54000
READ   - Takes(s): 40.0, Count: 153042, OPS: 3829.7, Avg(us): 1745, Min(us): 704, Max(us): 91119, 99th(us): 4000, 99.9th(us): 5000, 99.99th(us): 52000
READ_MODIFY_WRITE - Takes(s): 39.9, Count: 76279, OPS: 1911.6, Avg(us): 11332, Min(us): 6211, Max(us): 108745, 99th(us): 19000, 99.9th(us): 38000, 99.99th(us): 102000
UPDATE - Takes(s): 39.9, Count: 76281, OPS: 1911.6, Avg(us): 9562, Min(us): 4736, Max(us): 70063, 99th(us): 17000, 99.9th(us): 29000, 99.99th(us): 50000
READ   - Takes(s): 50.0, Count: 191564, OPS: 3834.2, Avg(us): 1738, Min(us): 704, Max(us): 91119, 99th(us): 4000, 99.9th(us): 5000, 99.99th(us): 41000
READ_MODIFY_WRITE - Takes(s): 49.9, Count: 95501, OPS: 1913.7, Avg(us): 11322, Min(us): 6211, Max(us): 108745, 99th(us): 20000, 99.9th(us): 38000, 99.99th(us): 98000
UPDATE - Takes(s): 49.9, Count: 95501, OPS: 1913.7, Avg(us): 9558, Min(us): 4736, Max(us): 70063, 99th(us): 18000, 99.9th(us): 32000, 99.99th(us): 51000
READ   - Takes(s): 60.0, Count: 232228, OPS: 3873.0, Avg(us): 1728, Min(us): 704, Max(us): 91119, 99th(us): 4000, 99.9th(us): 5000, 99.99th(us): 41000
READ_MODIFY_WRITE - Takes(s): 59.9, Count: 115777, OPS: 1932.8, Avg(us): 11198, Min(us): 5697, Max(us): 108745, 99th(us): 20000, 99.9th(us): 37000, 99.99th(us): 71000
UPDATE - Takes(s): 59.9, Count: 115780, OPS: 1932.8, Avg(us): 9445, Min(us): 4433, Max(us): 70063, 99th(us): 18000, 99.9th(us): 31000, 99.99th(us): 51000
READ   - Takes(s): 70.0, Count: 272487, OPS: 3894.8, Avg(us): 1719, Min(us): 675, Max(us): 91119, 99th(us): 3000, 99.9th(us): 5000, 99.99th(us): 41000
READ_MODIFY_WRITE - Takes(s): 69.9, Count: 135923, OPS: 1944.5, Avg(us): 11128, Min(us): 5697, Max(us): 108745, 99th(us): 19000, 99.9th(us): 37000, 99.99th(us): 70000
UPDATE - Takes(s): 69.9, Count: 135923, OPS: 1944.4, Avg(us): 9384, Min(us): 4433, Max(us): 70063, 99th(us): 17000, 99.9th(us): 31000, 99.99th(us): 50000
READ   - Takes(s): 80.0, Count: 312877, OPS: 3912.9, Avg(us): 1713, Min(us): 675, Max(us): 91119, 99th(us): 3000, 99.9th(us): 5000, 99.99th(us): 41000
READ_MODIFY_WRITE - Takes(s): 79.9, Count: 156348, OPS: 1956.7, Avg(us): 11058, Min(us): 5697, Max(us): 108745, 99th(us): 19000, 99.9th(us): 37000, 99.99th(us): 57000
UPDATE - Takes(s): 79.9, Count: 156348, OPS: 1956.7, Avg(us): 9319, Min(us): 4433, Max(us): 70063, 99th(us): 17000, 99.9th(us): 30000, 99.99th(us): 49000
READ   - Takes(s): 90.0, Count: 353614, OPS: 3930.7, Avg(us): 1710, Min(us): 675, Max(us): 91119, 99th(us): 3000, 99.9th(us): 5000, 99.99th(us): 40000
READ_MODIFY_WRITE - Takes(s): 89.9, Count: 176566, OPS: 1964.0, Avg(us): 11010, Min(us): 5697, Max(us): 108745, 99th(us): 19000, 99.9th(us): 37000, 99.99th(us): 56000
UPDATE - Takes(s): 89.9, Count: 176566, OPS: 1964.0, Avg(us): 9274, Min(us): 4433, Max(us): 70063, 99th(us): 17000, 99.9th(us): 30000, 99.99th(us): 49000
READ   - Takes(s): 100.0, Count: 392917, OPS: 3930.7, Avg(us): 1707, Min(us): 675, Max(us): 91119, 99th(us): 3000, 99.9th(us): 5000, 99.99th(us): 39000
READ_MODIFY_WRITE - Takes(s): 99.9, Count: 196295, OPS: 1964.9, Avg(us): 11007, Min(us): 5697, Max(us): 108745, 99th(us): 20000, 99.9th(us): 39000, 99.99th(us): 56000
UPDATE - Takes(s): 99.9, Count: 196295, OPS: 1964.9, Avg(us): 9275, Min(us): 4433, Max(us): 70063, 99th(us): 18000, 99.9th(us): 32000, 99.99th(us): 50000
READ   - Takes(s): 110.0, Count: 432936, OPS: 3937.2, Avg(us): 1706, Min(us): 675, Max(us): 91119, 99th(us): 3000, 99.9th(us): 5000, 99.99th(us): 39000
READ_MODIFY_WRITE - Takes(s): 109.9, Count: 216325, OPS: 1968.3, Avg(us): 10986, Min(us): 5697, Max(us): 108745, 99th(us): 20000, 99.9th(us): 38000, 99.99th(us): 55000
UPDATE - Takes(s): 109.9, Count: 216325, OPS: 1968.3, Avg(us): 9255, Min(us): 4433, Max(us): 70063, 99th(us): 18000, 99.9th(us): 32000, 99.99th(us): 50000
READ   - Takes(s): 120.0, Count: 472794, OPS: 3941.2, Avg(us): 1705, Min(us): 675, Max(us): 91119, 99th(us): 3000, 99.9th(us): 5000, 99.99th(us): 39000
READ_MODIFY_WRITE - Takes(s): 119.9, Count: 236173, OPS: 1969.7, Avg(us): 10976, Min(us): 5697, Max(us): 108745, 99th(us): 19000, 99.9th(us): 38000, 99.99th(us): 55000
UPDATE - Takes(s): 119.9, Count: 236176, OPS: 1969.7, Avg(us): 9246, Min(us): 4433, Max(us): 70063, 99th(us): 17000, 99.9th(us): 32000, 99.99th(us): 49000
READ   - Takes(s): 130.0, Count: 512334, OPS: 3942.2, Avg(us): 1705, Min(us): 675, Max(us): 91119, 99th(us): 3000, 99.9th(us): 5000, 99.99th(us): 40000
READ_MODIFY_WRITE - Takes(s): 129.9, Count: 255885, OPS: 1969.8, Avg(us): 10973, Min(us): 5697, Max(us): 108745, 99th(us): 19000, 99.9th(us): 38000, 99.99th(us): 55000
UPDATE - Takes(s): 129.9, Count: 255885, OPS: 1969.8, Avg(us): 9244, Min(us): 4433, Max(us): 70063, 99th(us): 17000, 99.9th(us): 31000, 99.99th(us): 49000
READ   - Takes(s): 140.0, Count: 552363, OPS: 3946.5, Avg(us): 1703, Min(us): 675, Max(us): 91119, 99th(us): 3000, 99.9th(us): 5000, 99.99th(us): 40000
READ_MODIFY_WRITE - Takes(s): 139.9, Count: 275900, OPS: 1972.1, Avg(us): 10960, Min(us): 5697, Max(us): 108745, 99th(us): 19000, 99.9th(us): 38000, 99.99th(us): 56000
UPDATE - Takes(s): 139.9, Count: 275900, OPS: 1972.1, Avg(us): 9232, Min(us): 4433, Max(us): 70063, 99th(us): 17000, 99.9th(us): 31000, 99.99th(us): 50000
READ   - Takes(s): 150.0, Count: 591697, OPS: 3945.7, Avg(us): 1703, Min(us): 675, Max(us): 91119, 99th(us): 3000, 99.9th(us): 5000, 99.99th(us): 40000
READ_MODIFY_WRITE - Takes(s): 149.9, Count: 295734, OPS: 1972.8, Avg(us): 10958, Min(us): 5697, Max(us): 108745, 99th(us): 19000, 99.9th(us): 38000, 99.99th(us): 56000
UPDATE - Takes(s): 149.9, Count: 295734, OPS: 1972.8, Avg(us): 9230, Min(us): 4433, Max(us): 70063, 99th(us): 17000, 99.9th(us): 31000, 99.99th(us): 50000
READ   - Takes(s): 160.0, Count: 629787, OPS: 3937.1, Avg(us): 1703, Min(us): 675, Max(us): 91119, 99th(us): 3000, 99.9th(us): 5000, 99.99th(us): 40000
READ_MODIFY_WRITE - Takes(s): 159.9, Count: 314814, OPS: 1968.8, Avg(us): 10983, Min(us): 5697, Max(us): 108745, 99th(us): 19000, 99.9th(us): 38000, 99.99th(us): 56000
UPDATE - Takes(s): 159.9, Count: 314815, OPS: 1968.8, Avg(us): 9256, Min(us): 4433, Max(us): 70063, 99th(us): 17000, 99.9th(us): 33000, 99.99th(us): 50000
READ   - Takes(s): 170.0, Count: 670263, OPS: 3943.6, Avg(us): 1702, Min(us): 675, Max(us): 91119, 99th(us): 3000, 99.9th(us): 5000, 99.99th(us): 40000
READ_MODIFY_WRITE - Takes(s): 169.9, Count: 334922, OPS: 1971.3, Avg(us): 10966, Min(us): 5697, Max(us): 108745, 99th(us): 19000, 99.9th(us): 38000, 99.99th(us): 56000
UPDATE - Takes(s): 169.9, Count: 334923, OPS: 1971.3, Avg(us): 9239, Min(us): 4433, Max(us): 70063, 99th(us): 17000, 99.9th(us): 32000, 99.99th(us): 50000
READ   - Takes(s): 180.0, Count: 710342, OPS: 3947.2, Avg(us): 1702, Min(us): 675, Max(us): 91119, 99th(us): 3000, 99.9th(us): 5000, 99.99th(us): 40000
READ_MODIFY_WRITE - Takes(s): 179.9, Count: 354954, OPS: 1973.0, Avg(us): 10955, Min(us): 5697, Max(us): 108745, 99th(us): 19000, 99.9th(us): 38000, 99.99th(us): 56000
UPDATE - Takes(s): 179.9, Count: 354955, OPS: 1973.0, Avg(us): 9229, Min(us): 4433, Max(us): 70063, 99th(us): 17000, 99.9th(us): 32000, 99.99th(us): 51000
READ   - Takes(s): 190.0, Count: 750444, OPS: 3950.5, Avg(us): 1701, Min(us): 632, Max(us): 91119, 99th(us): 3000, 99.9th(us): 5000, 99.99th(us): 39000
READ_MODIFY_WRITE - Takes(s): 189.9, Count: 375049, OPS: 1975.0, Avg(us): 10944, Min(us): 5697, Max(us): 108745, 99th(us): 19000, 99.9th(us): 38000, 99.99th(us): 56000
UPDATE - Takes(s): 189.9, Count: 375050, OPS: 1975.0, Avg(us): 9219, Min(us): 4433, Max(us): 70063, 99th(us): 17000, 99.9th(us): 32000, 99.99th(us): 50000
READ   - Takes(s): 200.0, Count: 791072, OPS: 3956.1, Avg(us): 1699, Min(us): 632, Max(us): 91119, 99th(us): 3000, 99.9th(us): 5000, 99.99th(us): 40000
READ_MODIFY_WRITE - Takes(s): 199.9, Count: 395444, OPS: 1978.2, Avg(us): 10925, Min(us): 5697, Max(us): 108745, 99th(us): 19000, 99.9th(us): 37000, 99.99th(us): 56000
UPDATE - Takes(s): 199.9, Count: 395444, OPS: 1978.2, Avg(us): 9201, Min(us): 4433, Max(us): 70063, 99th(us): 17000, 99.9th(us): 32000, 99.99th(us): 50000
READ   - Takes(s): 210.0, Count: 831921, OPS: 3962.3, Avg(us): 1698, Min(us): 632, Max(us): 91119, 99th(us): 3000, 99.9th(us): 5000, 99.99th(us): 39000
READ_MODIFY_WRITE - Takes(s): 209.9, Count: 415827, OPS: 1981.0, Avg(us): 10907, Min(us): 5697, Max(us): 108745, 99th(us): 19000, 99.9th(us): 37000, 99.99th(us): 56000
UPDATE - Takes(s): 209.9, Count: 415828, OPS: 1981.0, Avg(us): 9185, Min(us): 4433, Max(us): 70063, 99th(us): 17000, 99.9th(us): 32000, 99.99th(us): 50000
READ   - Takes(s): 220.0, Count: 867788, OPS: 3945.2, Avg(us): 1699, Min(us): 632, Max(us): 91119, 99th(us): 3000, 99.9th(us): 5000, 99.99th(us): 39000
READ_MODIFY_WRITE - Takes(s): 219.9, Count: 433672, OPS: 1972.1, Avg(us): 10962, Min(us): 5697, Max(us): 108745, 99th(us): 20000, 99.9th(us): 39000, 99.99th(us): 56000
UPDATE - Takes(s): 219.9, Count: 433673, OPS: 1972.1, Avg(us): 9239, Min(us): 4433, Max(us): 70063, 99th(us): 18000, 99.9th(us): 33000, 99.99th(us): 51000
READ   - Takes(s): 230.0, Count: 903504, OPS: 3928.9, Avg(us): 1701, Min(us): 632, Max(us): 91119, 99th(us): 3000, 99.9th(us): 5000, 99.99th(us): 39000
READ_MODIFY_WRITE - Takes(s): 229.9, Count: 451544, OPS: 1964.1, Avg(us): 11012, Min(us): 5697, Max(us): 108745, 99th(us): 20000, 99.9th(us): 38000, 99.99th(us): 56000
UPDATE - Takes(s): 229.9, Count: 451544, OPS: 1964.1, Avg(us): 9287, Min(us): 4433, Max(us): 70063, 99th(us): 18000, 99.9th(us): 33000, 99.99th(us): 51000
READ   - Takes(s): 240.0, Count: 939252, OPS: 3914.2, Avg(us): 1702, Min(us): 632, Max(us): 91119, 99th(us): 3000, 99.9th(us): 5000, 99.99th(us): 39000
READ_MODIFY_WRITE - Takes(s): 239.9, Count: 469523, OPS: 1957.1, Avg(us): 11057, Min(us): 5697, Max(us): 108745, 99th(us): 21000, 99.9th(us): 38000, 99.99th(us): 56000
UPDATE - Takes(s): 239.9, Count: 469523, OPS: 1957.1, Avg(us): 9331, Min(us): 4433, Max(us): 70063, 99th(us): 19000, 99.9th(us): 33000, 99.99th(us): 51000
READ   - Takes(s): 250.0, Count: 976224, OPS: 3905.5, Avg(us): 1704, Min(us): 632, Max(us): 91119, 99th(us): 3000, 99.9th(us): 5000, 99.99th(us): 39000
READ_MODIFY_WRITE - Takes(s): 249.9, Count: 487932, OPS: 1952.5, Avg(us): 11085, Min(us): 5697, Max(us): 108745, 99th(us): 21000, 99.9th(us): 38000, 99.99th(us): 56000
UPDATE - Takes(s): 249.9, Count: 487932, OPS: 1952.5, Avg(us): 9357, Min(us): 4433, Max(us): 70063, 99th(us): 19000, 99.9th(us): 33000, 99.99th(us): 51000
Run finished, takes 4m17.929150089s
READ   - Takes(s): 257.9, Count: 999999, OPS: 3877.6, Avg(us): 1705, Min(us): 632, Max(us): 91119, 99th(us): 3000, 99.9th(us): 5000, 99.99th(us): 39000
READ_MODIFY_WRITE - Takes(s): 257.8, Count: 499790, OPS: 1938.4, Avg(us): 11089, Min(us): 5697, Max(us): 108745, 99th(us): 21000, 99.9th(us): 38000, 99.99th(us): 55000
UPDATE - Takes(s): 257.8, Count: 499790, OPS: 1938.4, Avg(us): 9359, Min(us): 4261, Max(us): 70063, 99th(us): 19000, 99.9th(us): 33000, 99.99th(us): 51000
[2022/06/06 15:29:31.293 -05:00] [INFO] [client.go:754] ["[pd] stop fetching the pending tso requests due to context canceled"] [dc-location=global]
[2022/06/06 15:29:31.293 -05:00] [INFO] [client.go:692] ["[pd] exit tso dispatcher"] [dc-location=global]
