[2022/06/07 09:44:30.371 -05:00] [INFO] [client.go:378] ["[pd] create pd client with endpoints"] [pd-address="[10.10.1.4:2379]"]
[2022/06/07 09:44:30.376 -05:00] [INFO] [base_client.go:350] ["[pd] switch leader"] [new-leader=http://10.10.1.4:2379] [old-leader=]
[2022/06/07 09:44:30.376 -05:00] [INFO] [base_client.go:105] ["[pd] init cluster id"] [cluster-id=7106506722672181532]
[2022/06/07 09:44:30.378 -05:00] [INFO] [client.go:673] ["[pd] tso dispatcher created"] [dc-location=global]
***************** properties *****************
"tikv.batchsize"="128"
"tikv.type"="raw"
"debug.pprof"=":6060"
"insertproportion"="0"
"scanproportion"="0"
"verbose"="false"
"requestdistribution"="uniform"
"readallfields"="true"
"readmodifywriteproportion"="0.5"
"readproportion"="0.5"
"tikv.pd"="10.10.1.4:2379"
"recordcount"="1000000"
"threadcount"="85"
"tikv.conncount"="128"
"operationcount"="1000000"
"updateproportion"="0"
"dotransactions"="true"
"workload"="core"
**********************************************
READ   - Takes(s): 10.0, Count: 76592, OPS: 7691.6, Avg(us): 2744, Min(us): 557, Max(us): 109115, 99th(us): 12000, 99.9th(us): 49000, 99.99th(us): 109000
READ_MODIFY_WRITE - Takes(s): 9.9, Count: 38387, OPS: 3876.6, Avg(us): 19366, Min(us): 5853, Max(us): 137416, 99th(us): 41000, 99.9th(us): 109000, 99.99th(us): 138000
UPDATE - Takes(s): 9.9, Count: 38387, OPS: 3876.4, Avg(us): 16605, Min(us): 4696, Max(us): 107244, 99th(us): 36000, 99.9th(us): 66000, 99.99th(us): 100000
READ   - Takes(s): 20.0, Count: 156725, OPS: 7852.8, Avg(us): 2706, Min(us): 557, Max(us): 109115, 99th(us): 12000, 99.9th(us): 40000, 99.99th(us): 108000
READ_MODIFY_WRITE - Takes(s): 19.9, Count: 78310, OPS: 3934.7, Avg(us): 18966, Min(us): 5853, Max(us): 137416, 99th(us): 39000, 99.9th(us): 91000, 99.99th(us): 132000
UPDATE - Takes(s): 19.9, Count: 78310, OPS: 3934.7, Avg(us): 16242, Min(us): 4696, Max(us): 108378, 99th(us): 34000, 99.9th(us): 59000, 99.99th(us): 100000
READ   - Takes(s): 30.0, Count: 238972, OPS: 7977.0, Avg(us): 2666, Min(us): 557, Max(us): 109115, 99th(us): 12000, 99.9th(us): 35000, 99.99th(us): 105000
READ_MODIFY_WRITE - Takes(s): 29.9, Count: 119413, OPS: 3993.5, Avg(us): 18657, Min(us): 5853, Max(us): 137416, 99th(us): 39000, 99.9th(us): 87000, 99.99th(us): 131000
UPDATE - Takes(s): 29.9, Count: 119413, OPS: 3993.4, Avg(us): 15973, Min(us): 4696, Max(us): 116075, 99th(us): 33000, 99.9th(us): 59000, 99.99th(us): 101000
READ   - Takes(s): 40.0, Count: 322007, OPS: 8058.7, Avg(us): 2617, Min(us): 554, Max(us): 109115, 99th(us): 12000, 99.9th(us): 28000, 99.99th(us): 105000
READ_MODIFY_WRITE - Takes(s): 39.9, Count: 160850, OPS: 4031.1, Avg(us): 18493, Min(us): 5853, Max(us): 137416, 99th(us): 39000, 99.9th(us): 84000, 99.99th(us): 131000
UPDATE - Takes(s): 39.9, Count: 160851, OPS: 4031.1, Avg(us): 15853, Min(us): 4696, Max(us): 116075, 99th(us): 33000, 99.9th(us): 60000, 99.99th(us): 100000
READ   - Takes(s): 50.0, Count: 406614, OPS: 8139.1, Avg(us): 2584, Min(us): 554, Max(us): 109115, 99th(us): 12000, 99.9th(us): 24000, 99.99th(us): 87000
READ_MODIFY_WRITE - Takes(s): 49.9, Count: 203242, OPS: 4072.8, Avg(us): 18304, Min(us): 5853, Max(us): 137416, 99th(us): 38000, 99.9th(us): 83000, 99.99th(us): 129000
UPDATE - Takes(s): 49.9, Count: 203243, OPS: 4072.8, Avg(us): 15698, Min(us): 4696, Max(us): 124346, 99th(us): 33000, 99.9th(us): 60000, 99.99th(us): 101000
READ   - Takes(s): 60.0, Count: 491453, OPS: 8196.6, Avg(us): 2538, Min(us): 554, Max(us): 109115, 99th(us): 11000, 99.9th(us): 23000, 99.99th(us): 87000
READ_MODIFY_WRITE - Takes(s): 59.9, Count: 245648, OPS: 4100.8, Avg(us): 18203, Min(us): 5853, Max(us): 137416, 99th(us): 38000, 99.9th(us): 82000, 99.99th(us): 127000
UPDATE - Takes(s): 59.9, Count: 245648, OPS: 4100.6, Avg(us): 15641, Min(us): 4696, Max(us): 124346, 99th(us): 33000, 99.9th(us): 59000, 99.99th(us): 100000
READ   - Takes(s): 70.0, Count: 581014, OPS: 8305.2, Avg(us): 2486, Min(us): 554, Max(us): 109115, 99th(us): 11000, 99.9th(us): 22000, 99.99th(us): 88000
READ_MODIFY_WRITE - Takes(s): 69.9, Count: 290513, OPS: 4156.0, Avg(us): 17976, Min(us): 5853, Max(us): 137416, 99th(us): 37000, 99.9th(us): 85000, 99.99th(us): 124000
UPDATE - Takes(s): 69.9, Count: 290514, OPS: 4156.0, Avg(us): 15468, Min(us): 4696, Max(us): 124346, 99th(us): 32000, 99.9th(us): 66000, 99.99th(us): 107000
READ   - Takes(s): 80.0, Count: 670880, OPS: 8390.4, Avg(us): 2450, Min(us): 554, Max(us): 109115, 99th(us): 11000, 99.9th(us): 22000, 99.99th(us): 86000
READ_MODIFY_WRITE - Takes(s): 79.9, Count: 335528, OPS: 4199.2, Avg(us): 17799, Min(us): 5853, Max(us): 137416, 99th(us): 37000, 99.9th(us): 83000, 99.99th(us): 123000
UPDATE - Takes(s): 79.9, Count: 335528, OPS: 4199.2, Avg(us): 15327, Min(us): 4696, Max(us): 124346, 99th(us): 32000, 99.9th(us): 65000, 99.99th(us): 107000
READ   - Takes(s): 90.0, Count: 754847, OPS: 8391.1, Avg(us): 2420, Min(us): 554, Max(us): 109115, 99th(us): 11000, 99.9th(us): 22000, 99.99th(us): 85000
READ_MODIFY_WRITE - Takes(s): 89.9, Count: 377428, OPS: 4198.2, Avg(us): 17830, Min(us): 5853, Max(us): 137416, 99th(us): 37000, 99.9th(us): 83000, 99.99th(us): 123000
UPDATE - Takes(s): 89.9, Count: 377428, OPS: 4198.2, Avg(us): 15388, Min(us): 4696, Max(us): 124346, 99th(us): 32000, 99.9th(us): 68000, 99.99th(us): 106000
READ   - Takes(s): 100.0, Count: 837470, OPS: 8378.2, Avg(us): 2399, Min(us): 554, Max(us): 109115, 99th(us): 11000, 99.9th(us): 22000, 99.99th(us): 84000
READ_MODIFY_WRITE - Takes(s): 99.9, Count: 419013, OPS: 4194.2, Avg(us): 17870, Min(us): 5853, Max(us): 137416, 99th(us): 37000, 99.9th(us): 81000, 99.99th(us): 122000
UPDATE - Takes(s): 99.9, Count: 419014, OPS: 4194.2, Avg(us): 15449, Min(us): 4696, Max(us): 124346, 99th(us): 32000, 99.9th(us): 66000, 99.99th(us): 106000
READ   - Takes(s): 110.0, Count: 924368, OPS: 8406.6, Avg(us): 2372, Min(us): 554, Max(us): 109115, 99th(us): 10000, 99.9th(us): 22000, 99.99th(us): 82000
READ_MODIFY_WRITE - Takes(s): 109.9, Count: 462550, OPS: 4208.7, Avg(us): 17827, Min(us): 5416, Max(us): 137416, 99th(us): 37000, 99.9th(us): 80000, 99.99th(us): 120000
UPDATE - Takes(s): 109.9, Count: 462551, OPS: 4208.7, Avg(us): 15433, Min(us): 4197, Max(us): 124346, 99th(us): 32000, 99.9th(us): 65000, 99.99th(us): 105000
READ   - Takes(s): 120.0, Count: 999698, OPS: 8333.7, Avg(us): 2350, Min(us): 554, Max(us): 109115, 99th(us): 10000, 99.9th(us): 21000, 99.99th(us): 82000
READ_MODIFY_WRITE - Takes(s): 119.9, Count: 500322, OPS: 4172.8, Avg(us): 17795, Min(us): 5416, Max(us): 137416, 99th(us): 37000, 99.9th(us): 81000, 99.99th(us): 120000
UPDATE - Takes(s): 119.9, Count: 500322, OPS: 4172.7, Avg(us): 15423, Min(us): 4197, Max(us): 124346, 99th(us): 32000, 99.9th(us): 67000, 99.99th(us): 104000
Run finished, takes 2m0.606941414s
READ   - Takes(s): 120.6, Count: 999938, OPS: 8293.8, Avg(us): 2350, Min(us): 554, Max(us): 109115, 99th(us): 10000, 99.9th(us): 21000, 99.99th(us): 82000
READ_MODIFY_WRITE - Takes(s): 120.5, Count: 500454, OPS: 4152.8, Avg(us): 17794, Min(us): 5416, Max(us): 137416, 99th(us): 37000, 99.9th(us): 81000, 99.99th(us): 120000
UPDATE - Takes(s): 120.5, Count: 500454, OPS: 4152.8, Avg(us): 15421, Min(us): 4197, Max(us): 124346, 99th(us): 32000, 99.9th(us): 67000, 99.99th(us): 104000
[2022/06/07 09:46:30.988 -05:00] [INFO] [client.go:754] ["[pd] stop fetching the pending tso requests due to context canceled"] [dc-location=global]
[2022/06/07 09:46:30.988 -05:00] [INFO] [client.go:692] ["[pd] exit tso dispatcher"] [dc-location=global]
