[2022/06/07 09:46:31.083 -05:00] [INFO] [client.go:378] ["[pd] create pd client with endpoints"] [pd-address="[10.10.1.4:2379]"]
[2022/06/07 09:46:31.091 -05:00] [INFO] [base_client.go:350] ["[pd] switch leader"] [new-leader=http://10.10.1.4:2379] [old-leader=]
[2022/06/07 09:46:31.091 -05:00] [INFO] [base_client.go:105] ["[pd] init cluster id"] [cluster-id=7106506722672181532]
[2022/06/07 09:46:31.091 -05:00] [INFO] [client.go:673] ["[pd] tso dispatcher created"] [dc-location=global]
***************** properties *****************
"threadcount"="90"
"insertproportion"="0"
"scanproportion"="0"
"tikv.conncount"="128"
"updateproportion"="0"
"tikv.batchsize"="128"
"verbose"="false"
"operationcount"="1000000"
"dotransactions"="true"
"workload"="core"
"tikv.type"="raw"
"recordcount"="1000000"
"tikv.pd"="10.10.1.4:2379"
"readproportion"="0.5"
"readallfields"="true"
"debug.pprof"=":6060"
"requestdistribution"="uniform"
"readmodifywriteproportion"="0.5"
**********************************************
READ   - Takes(s): 10.0, Count: 90548, OPS: 9090.7, Avg(us): 2377, Min(us): 624, Max(us): 107445, 99th(us): 9000, 99.9th(us): 47000, 99.99th(us): 103000
READ_MODIFY_WRITE - Takes(s): 9.9, Count: 45157, OPS: 4558.8, Avg(us): 17503, Min(us): 6569, Max(us): 131338, 99th(us): 33000, 99.9th(us): 90000, 99.99th(us): 127000
UPDATE - Takes(s): 9.9, Count: 45163, OPS: 4559.2, Avg(us): 15105, Min(us): 5295, Max(us): 91543, 99th(us): 28000, 99.9th(us): 70000, 99.99th(us): 83000
READ   - Takes(s): 20.0, Count: 182422, OPS: 9139.1, Avg(us): 2315, Min(us): 560, Max(us): 107445, 99th(us): 9000, 99.9th(us): 38000, 99.99th(us): 102000
READ_MODIFY_WRITE - Takes(s): 19.9, Count: 90897, OPS: 4566.4, Avg(us): 17449, Min(us): 6242, Max(us): 131338, 99th(us): 34000, 99.9th(us): 77000, 99.99th(us): 127000
UPDATE - Takes(s): 19.9, Count: 90899, OPS: 4566.4, Avg(us): 15109, Min(us): 4807, Max(us): 100036, 99th(us): 29000, 99.9th(us): 62000, 99.99th(us): 87000
READ   - Takes(s): 30.0, Count: 276091, OPS: 9215.2, Avg(us): 2305, Min(us): 560, Max(us): 107445, 99th(us): 9000, 99.9th(us): 33000, 99.99th(us): 101000
READ_MODIFY_WRITE - Takes(s): 29.9, Count: 137590, OPS: 4600.9, Avg(us): 17283, Min(us): 6139, Max(us): 131338, 99th(us): 34000, 99.9th(us): 77000, 99.99th(us): 125000
UPDATE - Takes(s): 29.9, Count: 137593, OPS: 4600.9, Avg(us): 14953, Min(us): 4807, Max(us): 100036, 99th(us): 28000, 99.9th(us): 62000, 99.99th(us): 86000
READ   - Takes(s): 40.0, Count: 369216, OPS: 9239.5, Avg(us): 2301, Min(us): 560, Max(us): 107445, 99th(us): 9000, 99.9th(us): 30000, 99.99th(us): 99000
READ_MODIFY_WRITE - Takes(s): 39.9, Count: 184243, OPS: 4617.0, Avg(us): 17213, Min(us): 5243, Max(us): 131338, 99th(us): 33000, 99.9th(us): 76000, 99.99th(us): 125000
UPDATE - Takes(s): 39.9, Count: 184245, OPS: 4617.0, Avg(us): 14886, Min(us): 4323, Max(us): 100036, 99th(us): 28000, 99.9th(us): 62000, 99.99th(us): 86000
READ   - Takes(s): 50.0, Count: 459223, OPS: 9191.7, Avg(us): 2301, Min(us): 555, Max(us): 107445, 99th(us): 9000, 99.9th(us): 28000, 99.99th(us): 99000
READ_MODIFY_WRITE - Takes(s): 49.9, Count: 229030, OPS: 4589.3, Avg(us): 17321, Min(us): 5243, Max(us): 131338, 99th(us): 35000, 99.9th(us): 76000, 99.99th(us): 123000
UPDATE - Takes(s): 49.9, Count: 229031, OPS: 4589.3, Avg(us): 14991, Min(us): 4323, Max(us): 100036, 99th(us): 30000, 99.9th(us): 62000, 99.99th(us): 86000
READ   - Takes(s): 60.0, Count: 553495, OPS: 9231.0, Avg(us): 2298, Min(us): 555, Max(us): 107445, 99th(us): 9000, 99.9th(us): 26000, 99.99th(us): 75000
READ_MODIFY_WRITE - Takes(s): 59.9, Count: 276180, OPS: 4610.3, Avg(us): 17228, Min(us): 5243, Max(us): 131338, 99th(us): 34000, 99.9th(us): 75000, 99.99th(us): 120000
UPDATE - Takes(s): 59.9, Count: 276182, OPS: 4610.3, Avg(us): 14905, Min(us): 4323, Max(us): 100036, 99th(us): 29000, 99.9th(us): 62000, 99.99th(us): 86000
READ   - Takes(s): 70.0, Count: 644066, OPS: 9206.1, Avg(us): 2294, Min(us): 555, Max(us): 107445, 99th(us): 9000, 99.9th(us): 25000, 99.99th(us): 75000
READ_MODIFY_WRITE - Takes(s): 69.9, Count: 321382, OPS: 4597.4, Avg(us): 17283, Min(us): 5243, Max(us): 131338, 99th(us): 35000, 99.9th(us): 75000, 99.99th(us): 121000
UPDATE - Takes(s): 69.9, Count: 321382, OPS: 4597.4, Avg(us): 14965, Min(us): 4323, Max(us): 127904, 99th(us): 30000, 99.9th(us): 62000, 99.99th(us): 88000
READ   - Takes(s): 80.0, Count: 731515, OPS: 9148.4, Avg(us): 2290, Min(us): 555, Max(us): 107445, 99th(us): 9000, 99.9th(us): 24000, 99.99th(us): 74000
READ_MODIFY_WRITE - Takes(s): 79.9, Count: 365019, OPS: 4568.1, Avg(us): 17410, Min(us): 5243, Max(us): 131338, 99th(us): 35000, 99.9th(us): 76000, 99.99th(us): 120000
UPDATE - Takes(s): 79.9, Count: 365020, OPS: 4568.1, Avg(us): 15096, Min(us): 4323, Max(us): 127904, 99th(us): 31000, 99.9th(us): 63000, 99.99th(us): 90000
READ   - Takes(s): 90.0, Count: 820972, OPS: 9125.9, Avg(us): 2279, Min(us): 555, Max(us): 107445, 99th(us): 9000, 99.9th(us): 24000, 99.99th(us): 74000
READ_MODIFY_WRITE - Takes(s): 89.9, Count: 409451, OPS: 4554.2, Avg(us): 17475, Min(us): 5243, Max(us): 131338, 99th(us): 35000, 99.9th(us): 76000, 99.99th(us): 119000
UPDATE - Takes(s): 89.9, Count: 409454, OPS: 4554.3, Avg(us): 15171, Min(us): 4323, Max(us): 127904, 99th(us): 31000, 99.9th(us): 62000, 99.99th(us): 90000
READ   - Takes(s): 100.0, Count: 908190, OPS: 9085.5, Avg(us): 2267, Min(us): 555, Max(us): 107445, 99th(us): 9000, 99.9th(us): 24000, 99.99th(us): 73000
READ_MODIFY_WRITE - Takes(s): 99.9, Count: 453003, OPS: 4534.3, Avg(us): 17572, Min(us): 5243, Max(us): 131338, 99th(us): 35000, 99.9th(us): 76000, 99.99th(us): 119000
UPDATE - Takes(s): 99.9, Count: 453003, OPS: 4534.3, Avg(us): 15280, Min(us): 4323, Max(us): 127904, 99th(us): 31000, 99.9th(us): 64000, 99.99th(us): 89000
READ   - Takes(s): 110.0, Count: 996184, OPS: 9059.5, Avg(us): 2257, Min(us): 555, Max(us): 107445, 99th(us): 9000, 99.9th(us): 24000, 99.99th(us): 73000
READ_MODIFY_WRITE - Takes(s): 109.9, Count: 497118, OPS: 4523.1, Avg(us): 17571, Min(us): 5243, Max(us): 131338, 99th(us): 35000, 99.9th(us): 76000, 99.99th(us): 117000
UPDATE - Takes(s): 109.9, Count: 497119, OPS: 4523.1, Avg(us): 15290, Min(us): 4323, Max(us): 127904, 99th(us): 31000, 99.9th(us): 63000, 99.99th(us): 90000
Run finished, takes 1m51.360841463s
READ   - Takes(s): 111.3, Count: 999990, OPS: 8982.9, Avg(us): 2255, Min(us): 555, Max(us): 107445, 99th(us): 9000, 99.9th(us): 24000, 99.99th(us): 74000
READ_MODIFY_WRITE - Takes(s): 111.3, Count: 499019, OPS: 4484.9, Avg(us): 17550, Min(us): 5243, Max(us): 131338, 99th(us): 35000, 99.9th(us): 76000, 99.99th(us): 117000
UPDATE - Takes(s): 111.3, Count: 499019, OPS: 4484.9, Avg(us): 15270, Min(us): 4323, Max(us): 127904, 99th(us): 31000, 99.9th(us): 63000, 99.99th(us): 90000
[2022/06/07 09:48:22.453 -05:00] [INFO] [client.go:754] ["[pd] stop fetching the pending tso requests due to context canceled"] [dc-location=global]
[2022/06/07 09:48:22.453 -05:00] [INFO] [client.go:692] ["[pd] exit tso dispatcher"] [dc-location=global]
