[2022/06/06 14:41:50.984 -05:00] [INFO] [client.go:378] ["[pd] create pd client with endpoints"] [pd-address="[10.10.1.4:2379]"]
[2022/06/06 14:41:50.990 -05:00] [INFO] [base_client.go:350] ["[pd] switch leader"] [new-leader=http://10.10.1.4:2379] [old-leader=]
[2022/06/06 14:41:50.990 -05:00] [INFO] [base_client.go:105] ["[pd] init cluster id"] [cluster-id=7106192817000404639]
[2022/06/06 14:41:50.990 -05:00] [INFO] [client.go:673] ["[pd] tso dispatcher created"] [dc-location=global]
***************** properties *****************
"scanproportion"="0"
"tikv.conncount"="128"
"threadcount"="5"
"tikv.pd"="10.10.1.4:2379"
"insertproportion"="0"
"requestdistribution"="uniform"
"workload"="core"
"operationcount"="1000000"
"dotransactions"="true"
"updateproportion"="0"
"recordcount"="1000000"
"tikv.batchsize"="128"
"readallfields"="true"
"readmodifywriteproportion"="0.5"
"readproportion"="0.5"
"tikv.type"="raw"
"verbose"="false"
"debug.pprof"=":6060"
**********************************************
READ   - Takes(s): 10.0, Count: 7650, OPS: 768.1, Avg(us): 2104, Min(us): 1209, Max(us): 137373, 99th(us): 3000, 99.9th(us): 41000, 99.99th(us): 138000
READ_MODIFY_WRITE - Takes(s): 9.8, Count: 3812, OPS: 387.0, Avg(us): 10923, Min(us): 9025, Max(us): 109979, 99th(us): 14000, 99.9th(us): 72000, 99.99th(us): 110000
UPDATE - Takes(s): 9.8, Count: 3813, OPS: 387.1, Avg(us): 8838, Min(us): 7248, Max(us): 70910, 99th(us): 12000, 99.9th(us): 14000, 99.99th(us): 71000
READ   - Takes(s): 20.0, Count: 15306, OPS: 766.8, Avg(us): 2047, Min(us): 1161, Max(us): 137373, 99th(us): 3000, 99.9th(us): 8000, 99.99th(us): 131000
READ_MODIFY_WRITE - Takes(s): 19.9, Count: 7714, OPS: 388.6, Avg(us): 10896, Min(us): 8459, Max(us): 109979, 99th(us): 14000, 99.9th(us): 41000, 99.99th(us): 110000
UPDATE - Takes(s): 19.9, Count: 7714, OPS: 388.6, Avg(us): 8848, Min(us): 7091, Max(us): 70910, 99th(us): 12000, 99.9th(us): 20000, 99.99th(us): 69000
READ   - Takes(s): 30.0, Count: 23177, OPS: 773.6, Avg(us): 2025, Min(us): 1161, Max(us): 137373, 99th(us): 3000, 99.9th(us): 7000, 99.99th(us): 131000
READ_MODIFY_WRITE - Takes(s): 29.8, Count: 11610, OPS: 388.9, Avg(us): 10859, Min(us): 8459, Max(us): 109979, 99th(us): 14000, 99.9th(us): 25000, 99.99th(us): 81000
UPDATE - Takes(s): 29.9, Count: 11610, OPS: 388.9, Avg(us): 8826, Min(us): 7091, Max(us): 70910, 99th(us): 12000, 99.9th(us): 15000, 99.99th(us): 69000
READ   - Takes(s): 40.0, Count: 30966, OPS: 774.9, Avg(us): 2017, Min(us): 1161, Max(us): 137373, 99th(us): 3000, 99.9th(us): 6000, 99.99th(us): 98000
READ_MODIFY_WRITE - Takes(s): 39.8, Count: 15524, OPS: 389.6, Avg(us): 10838, Min(us): 8459, Max(us): 109979, 99th(us): 14000, 99.9th(us): 19000, 99.99th(us): 81000
UPDATE - Takes(s): 39.9, Count: 15524, OPS: 389.6, Avg(us): 8809, Min(us): 7091, Max(us): 70910, 99th(us): 12000, 99.9th(us): 15000, 99.99th(us): 69000
READ   - Takes(s): 50.0, Count: 38730, OPS: 775.2, Avg(us): 2006, Min(us): 1161, Max(us): 137373, 99th(us): 3000, 99.9th(us): 5000, 99.99th(us): 92000
READ_MODIFY_WRITE - Takes(s): 49.8, Count: 19484, OPS: 390.9, Avg(us): 10815, Min(us): 8459, Max(us): 109979, 99th(us): 14000, 99.9th(us): 19000, 99.99th(us): 81000
UPDATE - Takes(s): 49.8, Count: 19484, OPS: 390.9, Avg(us): 8794, Min(us): 6734, Max(us): 70910, 99th(us): 12000, 99.9th(us): 14000, 99.99th(us): 69000
READ   - Takes(s): 60.0, Count: 46534, OPS: 776.1, Avg(us): 1998, Min(us): 1161, Max(us): 137373, 99th(us): 3000, 99.9th(us): 5000, 99.99th(us): 92000
READ_MODIFY_WRITE - Takes(s): 59.8, Count: 23378, OPS: 390.6, Avg(us): 10820, Min(us): 8459, Max(us): 135594, 99th(us): 14000, 99.9th(us): 22000, 99.99th(us): 124000
UPDATE - Takes(s): 59.9, Count: 23378, OPS: 390.6, Avg(us): 8806, Min(us): 6734, Max(us): 133462, 99th(us): 12000, 99.9th(us): 15000, 99.99th(us): 122000
READ   - Takes(s): 70.0, Count: 54382, OPS: 777.3, Avg(us): 1993, Min(us): 1122, Max(us): 137373, 99th(us): 3000, 99.9th(us): 5000, 99.99th(us): 69000
READ_MODIFY_WRITE - Takes(s): 69.8, Count: 27305, OPS: 390.9, Avg(us): 10810, Min(us): 8459, Max(us): 135594, 99th(us): 14000, 99.9th(us): 21000, 99.99th(us): 124000
UPDATE - Takes(s): 69.9, Count: 27305, OPS: 390.9, Avg(us): 8799, Min(us): 6734, Max(us): 133462, 99th(us): 11000, 99.9th(us): 15000, 99.99th(us): 122000
READ   - Takes(s): 80.0, Count: 62286, OPS: 779.0, Avg(us): 1987, Min(us): 1122, Max(us): 137373, 99th(us): 3000, 99.9th(us): 5000, 99.99th(us): 47000
READ_MODIFY_WRITE - Takes(s): 79.8, Count: 31266, OPS: 391.6, Avg(us): 10791, Min(us): 8459, Max(us): 135594, 99th(us): 14000, 99.9th(us): 20000, 99.99th(us): 112000
UPDATE - Takes(s): 79.9, Count: 31266, OPS: 391.6, Avg(us): 8785, Min(us): 6734, Max(us): 133462, 99th(us): 11000, 99.9th(us): 15000, 99.99th(us): 110000
READ   - Takes(s): 90.0, Count: 70195, OPS: 780.3, Avg(us): 1983, Min(us): 1122, Max(us): 137373, 99th(us): 3000, 99.9th(us): 4000, 99.99th(us): 41000
READ_MODIFY_WRITE - Takes(s): 89.8, Count: 35217, OPS: 392.0, Avg(us): 10779, Min(us): 8241, Max(us): 135594, 99th(us): 14000, 99.9th(us): 20000, 99.99th(us): 112000
UPDATE - Takes(s): 89.8, Count: 35217, OPS: 392.0, Avg(us): 8776, Min(us): 6434, Max(us): 133462, 99th(us): 11000, 99.9th(us): 14000, 99.99th(us): 110000
READ   - Takes(s): 100.0, Count: 78220, OPS: 782.5, Avg(us): 1980, Min(us): 1122, Max(us): 137373, 99th(us): 3000, 99.9th(us): 4000, 99.99th(us): 41000
READ_MODIFY_WRITE - Takes(s): 99.9, Count: 39136, OPS: 391.9, Avg(us): 10770, Min(us): 8241, Max(us): 135594, 99th(us): 14000, 99.9th(us): 19000, 99.99th(us): 112000
UPDATE - Takes(s): 99.9, Count: 39136, OPS: 391.9, Avg(us): 8769, Min(us): 6434, Max(us): 133462, 99th(us): 11000, 99.9th(us): 14000, 99.99th(us): 110000
READ   - Takes(s): 110.0, Count: 86139, OPS: 783.4, Avg(us): 1977, Min(us): 1122, Max(us): 137373, 99th(us): 3000, 99.9th(us): 4000, 99.99th(us): 21000
READ_MODIFY_WRITE - Takes(s): 109.8, Count: 43079, OPS: 392.2, Avg(us): 10763, Min(us): 8241, Max(us): 135594, 99th(us): 14000, 99.9th(us): 19000, 99.99th(us): 110000
UPDATE - Takes(s): 109.9, Count: 43079, OPS: 392.2, Avg(us): 8764, Min(us): 6434, Max(us): 133462, 99th(us): 11000, 99.9th(us): 14000, 99.99th(us): 108000
READ   - Takes(s): 120.0, Count: 94098, OPS: 784.4, Avg(us): 1976, Min(us): 1122, Max(us): 137373, 99th(us): 3000, 99.9th(us): 4000, 99.99th(us): 37000
READ_MODIFY_WRITE - Takes(s): 119.8, Count: 47012, OPS: 392.3, Avg(us): 10756, Min(us): 8241, Max(us): 135594, 99th(us): 14000, 99.9th(us): 18000, 99.99th(us): 110000
UPDATE - Takes(s): 119.8, Count: 47012, OPS: 392.3, Avg(us): 8758, Min(us): 6434, Max(us): 133462, 99th(us): 11000, 99.9th(us): 14000, 99.99th(us): 108000
READ   - Takes(s): 130.0, Count: 101970, OPS: 784.6, Avg(us): 1974, Min(us): 1080, Max(us): 137373, 99th(us): 3000, 99.9th(us): 4000, 99.99th(us): 21000
READ_MODIFY_WRITE - Takes(s): 129.9, Count: 50979, OPS: 392.6, Avg(us): 10749, Min(us): 8241, Max(us): 135594, 99th(us): 14000, 99.9th(us): 18000, 99.99th(us): 110000
UPDATE - Takes(s): 129.9, Count: 50979, OPS: 392.6, Avg(us): 8753, Min(us): 6434, Max(us): 133462, 99th(us): 11000, 99.9th(us): 14000, 99.99th(us): 71000
READ   - Takes(s): 140.0, Count: 109803, OPS: 784.5, Avg(us): 1972, Min(us): 1080, Max(us): 137373, 99th(us): 3000, 99.9th(us): 4000, 99.99th(us): 21000
READ_MODIFY_WRITE - Takes(s): 139.8, Count: 54933, OPS: 392.8, Avg(us): 10746, Min(us): 8241, Max(us): 135594, 99th(us): 14000, 99.9th(us): 18000, 99.99th(us): 110000
UPDATE - Takes(s): 139.8, Count: 54933, OPS: 392.8, Avg(us): 8751, Min(us): 6434, Max(us): 133462, 99th(us): 11000, 99.9th(us): 14000, 99.99th(us): 71000
READ   - Takes(s): 150.0, Count: 117830, OPS: 785.7, Avg(us): 1971, Min(us): 1080, Max(us): 137373, 99th(us): 3000, 99.9th(us): 4000, 99.99th(us): 21000
READ_MODIFY_WRITE - Takes(s): 149.8, Count: 58845, OPS: 392.7, Avg(us): 10743, Min(us): 8241, Max(us): 135594, 99th(us): 14000, 99.9th(us): 18000, 99.99th(us): 110000
UPDATE - Takes(s): 149.9, Count: 58845, OPS: 392.7, Avg(us): 8749, Min(us): 6434, Max(us): 133462, 99th(us): 11000, 99.9th(us): 14000, 99.99th(us): 69000
READ   - Takes(s): 160.0, Count: 125782, OPS: 786.3, Avg(us): 1969, Min(us): 1080, Max(us): 137373, 99th(us): 3000, 99.9th(us): 4000, 99.99th(us): 21000
READ_MODIFY_WRITE - Takes(s): 159.8, Count: 62781, OPS: 392.7, Avg(us): 10740, Min(us): 8241, Max(us): 135594, 99th(us): 14000, 99.9th(us): 18000, 99.99th(us): 81000
UPDATE - Takes(s): 159.9, Count: 62781, OPS: 392.7, Avg(us): 8748, Min(us): 6434, Max(us): 133462, 99th(us): 11000, 99.9th(us): 14000, 99.99th(us): 69000
READ   - Takes(s): 170.0, Count: 133624, OPS: 786.2, Avg(us): 1968, Min(us): 1080, Max(us): 137373, 99th(us): 3000, 99.9th(us): 4000, 99.99th(us): 20000
READ_MODIFY_WRITE - Takes(s): 169.8, Count: 66736, OPS: 392.9, Avg(us): 10738, Min(us): 8241, Max(us): 135594, 99th(us): 13000, 99.9th(us): 18000, 99.99th(us): 81000
UPDATE - Takes(s): 169.9, Count: 66737, OPS: 392.9, Avg(us): 8746, Min(us): 6434, Max(us): 133462, 99th(us): 11000, 99.9th(us): 14000, 99.99th(us): 69000
READ   - Takes(s): 180.0, Count: 141460, OPS: 786.1, Avg(us): 1967, Min(us): 1080, Max(us): 137373, 99th(us): 3000, 99.9th(us): 4000, 99.99th(us): 20000
READ_MODIFY_WRITE - Takes(s): 179.9, Count: 70678, OPS: 393.0, Avg(us): 10738, Min(us): 8241, Max(us): 135594, 99th(us): 13000, 99.9th(us): 18000, 99.99th(us): 80000
UPDATE - Takes(s): 179.9, Count: 70678, OPS: 393.0, Avg(us): 8746, Min(us): 6434, Max(us): 133462, 99th(us): 11000, 99.9th(us): 14000, 99.99th(us): 56000
READ   - Takes(s): 190.0, Count: 149393, OPS: 786.4, Avg(us): 1966, Min(us): 1080, Max(us): 137373, 99th(us): 3000, 99.9th(us): 4000, 99.99th(us): 20000
READ_MODIFY_WRITE - Takes(s): 189.8, Count: 74623, OPS: 393.1, Avg(us): 10735, Min(us): 8241, Max(us): 135594, 99th(us): 13000, 99.9th(us): 18000, 99.99th(us): 80000
UPDATE - Takes(s): 189.9, Count: 74623, OPS: 393.1, Avg(us): 8744, Min(us): 6434, Max(us): 133462, 99th(us): 11000, 99.9th(us): 14000, 99.99th(us): 56000
READ   - Takes(s): 200.0, Count: 157456, OPS: 787.4, Avg(us): 1965, Min(us): 1080, Max(us): 137373, 99th(us): 3000, 99.9th(us): 4000, 99.99th(us): 20000
READ_MODIFY_WRITE - Takes(s): 199.8, Count: 78571, OPS: 393.2, Avg(us): 10729, Min(us): 8241, Max(us): 135594, 99th(us): 13000, 99.9th(us): 17000, 99.99th(us): 80000
UPDATE - Takes(s): 199.9, Count: 78571, OPS: 393.1, Avg(us): 8740, Min(us): 6434, Max(us): 133462, 99th(us): 11000, 99.9th(us): 14000, 99.99th(us): 56000
READ   - Takes(s): 210.0, Count: 165404, OPS: 787.8, Avg(us): 1964, Min(us): 1080, Max(us): 137373, 99th(us): 3000, 99.9th(us): 4000, 99.99th(us): 20000
READ_MODIFY_WRITE - Takes(s): 209.9, Count: 82511, OPS: 393.2, Avg(us): 10727, Min(us): 8241, Max(us): 135594, 99th(us): 13000, 99.9th(us): 17000, 99.99th(us): 72000
UPDATE - Takes(s): 209.9, Count: 82511, OPS: 393.2, Avg(us): 8739, Min(us): 6434, Max(us): 133462, 99th(us): 11000, 99.9th(us): 14000, 99.99th(us): 56000
READ   - Takes(s): 220.0, Count: 173378, OPS: 788.2, Avg(us): 1963, Min(us): 1080, Max(us): 137373, 99th(us): 3000, 99.9th(us): 4000, 99.99th(us): 19000
READ_MODIFY_WRITE - Takes(s): 219.8, Count: 86470, OPS: 393.3, Avg(us): 10723, Min(us): 8241, Max(us): 135594, 99th(us): 13000, 99.9th(us): 17000, 99.99th(us): 72000
UPDATE - Takes(s): 219.9, Count: 86470, OPS: 393.3, Avg(us): 8736, Min(us): 6434, Max(us): 133462, 99th(us): 11000, 99.9th(us): 14000, 99.99th(us): 56000
READ   - Takes(s): 230.0, Count: 181331, OPS: 788.5, Avg(us): 1962, Min(us): 1080, Max(us): 137373, 99th(us): 3000, 99.9th(us): 4000, 99.99th(us): 19000
READ_MODIFY_WRITE - Takes(s): 229.8, Count: 90418, OPS: 393.4, Avg(us): 10721, Min(us): 8241, Max(us): 135594, 99th(us): 13000, 99.9th(us): 18000, 99.99th(us): 58000
UPDATE - Takes(s): 229.9, Count: 90418, OPS: 393.4, Avg(us): 8735, Min(us): 6434, Max(us): 133462, 99th(us): 11000, 99.9th(us): 14000, 99.99th(us): 52000
READ   - Takes(s): 240.0, Count: 189248, OPS: 788.7, Avg(us): 1961, Min(us): 1080, Max(us): 137373, 99th(us): 3000, 99.9th(us): 4000, 99.99th(us): 19000
READ_MODIFY_WRITE - Takes(s): 239.8, Count: 94394, OPS: 393.6, Avg(us): 10718, Min(us): 8241, Max(us): 135594, 99th(us): 13000, 99.9th(us): 18000, 99.99th(us): 58000
UPDATE - Takes(s): 239.8, Count: 94394, OPS: 393.6, Avg(us): 8733, Min(us): 6434, Max(us): 133462, 99th(us): 11000, 99.9th(us): 14000, 99.99th(us): 52000
READ   - Takes(s): 250.0, Count: 197051, OPS: 788.3, Avg(us): 1960, Min(us): 1080, Max(us): 137373, 99th(us): 3000, 99.9th(us): 4000, 99.99th(us): 19000
READ_MODIFY_WRITE - Takes(s): 249.8, Count: 98375, OPS: 393.7, Avg(us): 10716, Min(us): 8241, Max(us): 135594, 99th(us): 13000, 99.9th(us): 17000, 99.99th(us): 57000
UPDATE - Takes(s): 249.9, Count: 98376, OPS: 393.7, Avg(us): 8731, Min(us): 6434, Max(us): 133462, 99th(us): 11000, 99.9th(us): 14000, 99.99th(us): 52000
READ   - Takes(s): 260.0, Count: 204929, OPS: 788.3, Avg(us): 1960, Min(us): 1080, Max(us): 137373, 99th(us): 3000, 99.9th(us): 4000, 99.99th(us): 19000
READ_MODIFY_WRITE - Takes(s): 259.8, Count: 102329, OPS: 393.8, Avg(us): 10714, Min(us): 8241, Max(us): 135594, 99th(us): 13000, 99.9th(us): 17000, 99.99th(us): 57000
UPDATE - Takes(s): 259.9, Count: 102329, OPS: 393.8, Avg(us): 8730, Min(us): 6434, Max(us): 133462, 99th(us): 11000, 99.9th(us): 14000, 99.99th(us): 39000
READ   - Takes(s): 270.0, Count: 212779, OPS: 788.2, Avg(us): 1960, Min(us): 1080, Max(us): 137373, 99th(us): 3000, 99.9th(us): 4000, 99.99th(us): 19000
READ_MODIFY_WRITE - Takes(s): 269.9, Count: 106268, OPS: 393.8, Avg(us): 10715, Min(us): 8241, Max(us): 135594, 99th(us): 13000, 99.9th(us): 18000, 99.99th(us): 57000
UPDATE - Takes(s): 269.9, Count: 106268, OPS: 393.8, Avg(us): 8730, Min(us): 6434, Max(us): 133462, 99th(us): 11000, 99.9th(us): 14000, 99.99th(us): 39000
READ   - Takes(s): 280.0, Count: 220580, OPS: 787.9, Avg(us): 1960, Min(us): 1080, Max(us): 137373, 99th(us): 3000, 99.9th(us): 4000, 99.99th(us): 19000
READ_MODIFY_WRITE - Takes(s): 279.8, Count: 110233, OPS: 393.9, Avg(us): 10715, Min(us): 8241, Max(us): 135594, 99th(us): 13000, 99.9th(us): 17000, 99.99th(us): 54000
UPDATE - Takes(s): 279.8, Count: 110233, OPS: 393.9, Avg(us): 8730, Min(us): 6434, Max(us): 133462, 99th(us): 11000, 99.9th(us): 14000, 99.99th(us): 35000
READ   - Takes(s): 290.0, Count: 228200, OPS: 787.0, Avg(us): 1960, Min(us): 1080, Max(us): 137373, 99th(us): 3000, 99.9th(us): 4000, 99.99th(us): 19000
READ_MODIFY_WRITE - Takes(s): 289.8, Count: 114039, OPS: 393.4, Avg(us): 10729, Min(us): 8241, Max(us): 135594, 99th(us): 14000, 99.9th(us): 21000, 99.99th(us): 51000
UPDATE - Takes(s): 289.9, Count: 114040, OPS: 393.4, Avg(us): 8744, Min(us): 6434, Max(us): 133462, 99th(us): 11000, 99.9th(us): 18000, 99.99th(us): 39000
READ   - Takes(s): 300.0, Count: 235642, OPS: 785.6, Avg(us): 1960, Min(us): 1080, Max(us): 137373, 99th(us): 3000, 99.9th(us): 4000, 99.99th(us): 19000
READ_MODIFY_WRITE - Takes(s): 299.9, Count: 117845, OPS: 393.0, Avg(us): 10746, Min(us): 8241, Max(us): 135594, 99th(us): 14000, 99.9th(us): 23000, 99.99th(us): 54000
UPDATE - Takes(s): 299.9, Count: 117845, OPS: 393.0, Avg(us): 8760, Min(us): 6434, Max(us): 133462, 99th(us): 12000, 99.9th(us): 19000, 99.99th(us): 39000
READ   - Takes(s): 310.0, Count: 243257, OPS: 784.8, Avg(us): 1960, Min(us): 1080, Max(us): 137373, 99th(us): 3000, 99.9th(us): 4000, 99.99th(us): 19000
READ_MODIFY_WRITE - Takes(s): 309.9, Count: 121645, OPS: 392.6, Avg(us): 10759, Min(us): 8241, Max(us): 135594, 99th(us): 14000, 99.9th(us): 23000, 99.99th(us): 51000
UPDATE - Takes(s): 309.9, Count: 121645, OPS: 392.6, Avg(us): 8772, Min(us): 6434, Max(us): 133462, 99th(us): 12000, 99.9th(us): 20000, 99.99th(us): 38000
READ   - Takes(s): 320.0, Count: 250989, OPS: 784.4, Avg(us): 1962, Min(us): 1080, Max(us): 137373, 99th(us): 3000, 99.9th(us): 4000, 99.99th(us): 19000
READ_MODIFY_WRITE - Takes(s): 319.9, Count: 125537, OPS: 392.5, Avg(us): 10762, Min(us): 8241, Max(us): 135594, 99th(us): 14000, 99.9th(us): 23000, 99.99th(us): 41000
UPDATE - Takes(s): 319.9, Count: 125538, OPS: 392.5, Avg(us): 8774, Min(us): 6261, Max(us): 133462, 99th(us): 12000, 99.9th(us): 20000, 99.99th(us): 38000
READ   - Takes(s): 330.0, Count: 258758, OPS: 784.2, Avg(us): 1965, Min(us): 972, Max(us): 137373, 99th(us): 3000, 99.9th(us): 4000, 99.99th(us): 19000
READ_MODIFY_WRITE - Takes(s): 329.8, Count: 129415, OPS: 392.3, Avg(us): 10762, Min(us): 7948, Max(us): 135594, 99th(us): 14000, 99.9th(us): 23000, 99.99th(us): 51000
UPDATE - Takes(s): 329.9, Count: 129415, OPS: 392.3, Avg(us): 8771, Min(us): 6085, Max(us): 133462, 99th(us): 12000, 99.9th(us): 19000, 99.99th(us): 38000
READ   - Takes(s): 340.0, Count: 266619, OPS: 784.3, Avg(us): 1969, Min(us): 970, Max(us): 137373, 99th(us): 3000, 99.9th(us): 4000, 99.99th(us): 19000
READ_MODIFY_WRITE - Takes(s): 339.8, Count: 133281, OPS: 392.2, Avg(us): 10762, Min(us): 7948, Max(us): 135594, 99th(us): 14000, 99.9th(us): 23000, 99.99th(us): 41000
UPDATE - Takes(s): 339.9, Count: 133281, OPS: 392.2, Avg(us): 8768, Min(us): 6085, Max(us): 133462, 99th(us): 12000, 99.9th(us): 19000, 99.99th(us): 37000
READ   - Takes(s): 350.0, Count: 274404, OPS: 784.1, Avg(us): 1970, Min(us): 970, Max(us): 137373, 99th(us): 3000, 99.9th(us): 4000, 99.99th(us): 19000
READ_MODIFY_WRITE - Takes(s): 349.8, Count: 137176, OPS: 392.1, Avg(us): 10763, Min(us): 7948, Max(us): 135594, 99th(us): 14000, 99.9th(us): 22000, 99.99th(us): 41000
UPDATE - Takes(s): 349.9, Count: 137176, OPS: 392.1, Avg(us): 8767, Min(us): 6085, Max(us): 133462, 99th(us): 12000, 99.9th(us): 19000, 99.99th(us): 36000
READ   - Takes(s): 360.0, Count: 282192, OPS: 784.0, Avg(us): 1971, Min(us): 970, Max(us): 137373, 99th(us): 3000, 99.9th(us): 4000, 99.99th(us): 19000
READ_MODIFY_WRITE - Takes(s): 359.8, Count: 141111, OPS: 392.1, Avg(us): 10762, Min(us): 7948, Max(us): 135594, 99th(us): 14000, 99.9th(us): 22000, 99.99th(us): 40000
UPDATE - Takes(s): 359.8, Count: 141111, OPS: 392.1, Avg(us): 8765, Min(us): 6085, Max(us): 133462, 99th(us): 12000, 99.9th(us): 19000, 99.99th(us): 36000
READ   - Takes(s): 370.0, Count: 289989, OPS: 783.8, Avg(us): 1971, Min(us): 970, Max(us): 137373, 99th(us): 3000, 99.9th(us): 4000, 99.99th(us): 19000
READ_MODIFY_WRITE - Takes(s): 369.8, Count: 145068, OPS: 392.2, Avg(us): 10760, Min(us): 7948, Max(us): 135594, 99th(us): 14000, 99.9th(us): 22000, 99.99th(us): 40000
UPDATE - Takes(s): 369.8, Count: 145068, OPS: 392.2, Avg(us): 8763, Min(us): 6085, Max(us): 133462, 99th(us): 12000, 99.9th(us): 19000, 99.99th(us): 36000
READ   - Takes(s): 380.0, Count: 297765, OPS: 783.7, Avg(us): 1971, Min(us): 970, Max(us): 137373, 99th(us): 3000, 99.9th(us): 4000, 99.99th(us): 19000
READ_MODIFY_WRITE - Takes(s): 379.8, Count: 149038, OPS: 392.4, Avg(us): 10758, Min(us): 7948, Max(us): 135594, 99th(us): 14000, 99.9th(us): 22000, 99.99th(us): 40000
UPDATE - Takes(s): 379.9, Count: 149038, OPS: 392.4, Avg(us): 8761, Min(us): 6085, Max(us): 133462, 99th(us): 12000, 99.9th(us): 19000, 99.99th(us): 36000
READ   - Takes(s): 390.0, Count: 305706, OPS: 783.9, Avg(us): 1970, Min(us): 970, Max(us): 137373, 99th(us): 3000, 99.9th(us): 4000, 99.99th(us): 19000
READ_MODIFY_WRITE - Takes(s): 389.8, Count: 152991, OPS: 392.4, Avg(us): 10756, Min(us): 7948, Max(us): 135594, 99th(us): 14000, 99.9th(us): 22000, 99.99th(us): 38000
UPDATE - Takes(s): 389.9, Count: 152991, OPS: 392.4, Avg(us): 8760, Min(us): 6085, Max(us): 133462, 99th(us): 12000, 99.9th(us): 19000, 99.99th(us): 35000
READ   - Takes(s): 400.0, Count: 313669, OPS: 784.3, Avg(us): 1969, Min(us): 970, Max(us): 137373, 99th(us): 3000, 99.9th(us): 4000, 99.99th(us): 19000
READ_MODIFY_WRITE - Takes(s): 399.9, Count: 156942, OPS: 392.5, Avg(us): 10754, Min(us): 7948, Max(us): 135594, 99th(us): 14000, 99.9th(us): 22000, 99.99th(us): 38000
UPDATE - Takes(s): 399.9, Count: 156942, OPS: 392.5, Avg(us): 8758, Min(us): 6085, Max(us): 133462, 99th(us): 12000, 99.9th(us): 19000, 99.99th(us): 35000
READ   - Takes(s): 410.0, Count: 321512, OPS: 784.3, Avg(us): 1969, Min(us): 970, Max(us): 137373, 99th(us): 3000, 99.9th(us): 4000, 99.99th(us): 19000
READ_MODIFY_WRITE - Takes(s): 409.9, Count: 160903, OPS: 392.6, Avg(us): 10752, Min(us): 7948, Max(us): 135594, 99th(us): 14000, 99.9th(us): 22000, 99.99th(us): 38000
UPDATE - Takes(s): 409.9, Count: 160904, OPS: 392.6, Avg(us): 8757, Min(us): 6085, Max(us): 133462, 99th(us): 12000, 99.9th(us): 19000, 99.99th(us): 35000
READ   - Takes(s): 420.0, Count: 329356, OPS: 784.3, Avg(us): 1968, Min(us): 970, Max(us): 137373, 99th(us): 3000, 99.9th(us): 4000, 99.99th(us): 19000
READ_MODIFY_WRITE - Takes(s): 419.9, Count: 164865, OPS: 392.7, Avg(us): 10751, Min(us): 7948, Max(us): 135594, 99th(us): 14000, 99.9th(us): 22000, 99.99th(us): 38000
UPDATE - Takes(s): 419.9, Count: 164865, OPS: 392.7, Avg(us): 8757, Min(us): 6085, Max(us): 133462, 99th(us): 12000, 99.9th(us): 19000, 99.99th(us): 35000
READ   - Takes(s): 430.0, Count: 337301, OPS: 784.5, Avg(us): 1967, Min(us): 970, Max(us): 137373, 99th(us): 3000, 99.9th(us): 4000, 99.99th(us): 19000
READ_MODIFY_WRITE - Takes(s): 429.8, Count: 168834, OPS: 392.8, Avg(us): 10748, Min(us): 7948, Max(us): 135594, 99th(us): 14000, 99.9th(us): 22000, 99.99th(us): 38000
UPDATE - Takes(s): 429.9, Count: 168834, OPS: 392.8, Avg(us): 8755, Min(us): 6085, Max(us): 133462, 99th(us): 12000, 99.9th(us): 19000, 99.99th(us): 35000
READ   - Takes(s): 440.0, Count: 345239, OPS: 784.7, Avg(us): 1967, Min(us): 970, Max(us): 137373, 99th(us): 3000, 99.9th(us): 4000, 99.99th(us): 19000
READ_MODIFY_WRITE - Takes(s): 439.9, Count: 172786, OPS: 392.8, Avg(us): 10747, Min(us): 7948, Max(us): 135594, 99th(us): 14000, 99.9th(us): 22000, 99.99th(us): 37000
UPDATE - Takes(s): 439.9, Count: 172786, OPS: 392.8, Avg(us): 8754, Min(us): 6085, Max(us): 133462, 99th(us): 12000, 99.9th(us): 19000, 99.99th(us): 34000
READ   - Takes(s): 450.0, Count: 353108, OPS: 784.8, Avg(us): 1966, Min(us): 970, Max(us): 137373, 99th(us): 3000, 99.9th(us): 4000, 99.99th(us): 19000
READ_MODIFY_WRITE - Takes(s): 449.8, Count: 176750, OPS: 392.9, Avg(us): 10745, Min(us): 7948, Max(us): 135594, 99th(us): 14000, 99.9th(us): 22000, 99.99th(us): 37000
UPDATE - Takes(s): 449.9, Count: 176750, OPS: 392.9, Avg(us): 8752, Min(us): 6085, Max(us): 133462, 99th(us): 12000, 99.9th(us): 19000, 99.99th(us): 34000
READ   - Takes(s): 460.0, Count: 360988, OPS: 784.8, Avg(us): 1966, Min(us): 970, Max(us): 137373, 99th(us): 3000, 99.9th(us): 4000, 99.99th(us): 19000
READ_MODIFY_WRITE - Takes(s): 459.8, Count: 180722, OPS: 393.0, Avg(us): 10743, Min(us): 7948, Max(us): 135594, 99th(us): 14000, 99.9th(us): 22000, 99.99th(us): 37000
UPDATE - Takes(s): 459.9, Count: 180722, OPS: 393.0, Avg(us): 8751, Min(us): 6085, Max(us): 133462, 99th(us): 12000, 99.9th(us): 19000, 99.99th(us): 32000
READ   - Takes(s): 470.0, Count: 368926, OPS: 785.0, Avg(us): 1966, Min(us): 970, Max(us): 137373, 99th(us): 3000, 99.9th(us): 4000, 99.99th(us): 19000
READ_MODIFY_WRITE - Takes(s): 469.8, Count: 184649, OPS: 393.0, Avg(us): 10742, Min(us): 7948, Max(us): 135594, 99th(us): 14000, 99.9th(us): 22000, 99.99th(us): 37000
UPDATE - Takes(s): 469.9, Count: 184649, OPS: 393.0, Avg(us): 8750, Min(us): 6085, Max(us): 133462, 99th(us): 12000, 99.9th(us): 19000, 99.99th(us): 32000
READ   - Takes(s): 480.0, Count: 376849, OPS: 785.2, Avg(us): 1965, Min(us): 970, Max(us): 137373, 99th(us): 3000, 99.9th(us): 4000, 99.99th(us): 19000
READ_MODIFY_WRITE - Takes(s): 479.8, Count: 188616, OPS: 393.1, Avg(us): 10741, Min(us): 7948, Max(us): 135594, 99th(us): 14000, 99.9th(us): 22000, 99.99th(us): 37000
UPDATE - Takes(s): 479.9, Count: 188616, OPS: 393.1, Avg(us): 8749, Min(us): 6085, Max(us): 133462, 99th(us): 12000, 99.9th(us): 19000, 99.99th(us): 32000
READ   - Takes(s): 490.0, Count: 384838, OPS: 785.4, Avg(us): 1964, Min(us): 970, Max(us): 137373, 99th(us): 3000, 99.9th(us): 4000, 99.99th(us): 19000
READ_MODIFY_WRITE - Takes(s): 489.9, Count: 192564, OPS: 393.1, Avg(us): 10739, Min(us): 7948, Max(us): 135594, 99th(us): 14000, 99.9th(us): 22000, 99.99th(us): 36000
UPDATE - Takes(s): 489.9, Count: 192564, OPS: 393.1, Avg(us): 8748, Min(us): 6085, Max(us): 133462, 99th(us): 12000, 99.9th(us): 19000, 99.99th(us): 32000
READ   - Takes(s): 500.0, Count: 392743, OPS: 785.5, Avg(us): 1964, Min(us): 970, Max(us): 137373, 99th(us): 3000, 99.9th(us): 4000, 99.99th(us): 19000
READ_MODIFY_WRITE - Takes(s): 499.8, Count: 196542, OPS: 393.2, Avg(us): 10737, Min(us): 7948, Max(us): 135594, 99th(us): 14000, 99.9th(us): 22000, 99.99th(us): 36000
UPDATE - Takes(s): 499.9, Count: 196542, OPS: 393.2, Avg(us): 8747, Min(us): 6085, Max(us): 133462, 99th(us): 12000, 99.9th(us): 19000, 99.99th(us): 32000
READ   - Takes(s): 510.0, Count: 400719, OPS: 785.8, Avg(us): 1963, Min(us): 970, Max(us): 137373, 99th(us): 3000, 99.9th(us): 4000, 99.99th(us): 19000
READ_MODIFY_WRITE - Takes(s): 509.9, Count: 200497, OPS: 393.2, Avg(us): 10736, Min(us): 7948, Max(us): 135594, 99th(us): 14000, 99.9th(us): 22000, 99.99th(us): 34000
UPDATE - Takes(s): 509.9, Count: 200497, OPS: 393.2, Avg(us): 8746, Min(us): 6085, Max(us): 133462, 99th(us): 12000, 99.9th(us): 19000, 99.99th(us): 31000
READ   - Takes(s): 520.0, Count: 408730, OPS: 786.1, Avg(us): 1963, Min(us): 970, Max(us): 137373, 99th(us): 3000, 99.9th(us): 4000, 99.99th(us): 19000
READ_MODIFY_WRITE - Takes(s): 519.9, Count: 204463, OPS: 393.3, Avg(us): 10733, Min(us): 7948, Max(us): 135594, 99th(us): 14000, 99.9th(us): 22000, 99.99th(us): 34000
UPDATE - Takes(s): 519.9, Count: 204463, OPS: 393.3, Avg(us): 8744, Min(us): 6085, Max(us): 133462, 99th(us): 12000, 99.9th(us): 19000, 99.99th(us): 31000
READ   - Takes(s): 530.0, Count: 416640, OPS: 786.2, Avg(us): 1962, Min(us): 970, Max(us): 137373, 99th(us): 3000, 99.9th(us): 4000, 99.99th(us): 19000
READ_MODIFY_WRITE - Takes(s): 529.8, Count: 208441, OPS: 393.4, Avg(us): 10732, Min(us): 7948, Max(us): 135594, 99th(us): 14000, 99.9th(us): 22000, 99.99th(us): 34000
UPDATE - Takes(s): 529.8, Count: 208441, OPS: 393.4, Avg(us): 8743, Min(us): 6085, Max(us): 133462, 99th(us): 12000, 99.9th(us): 19000, 99.99th(us): 31000
READ   - Takes(s): 540.0, Count: 424581, OPS: 786.3, Avg(us): 1962, Min(us): 970, Max(us): 137373, 99th(us): 3000, 99.9th(us): 4000, 99.99th(us): 19000
READ_MODIFY_WRITE - Takes(s): 539.8, Count: 212419, OPS: 393.5, Avg(us): 10730, Min(us): 7948, Max(us): 135594, 99th(us): 14000, 99.9th(us): 22000, 99.99th(us): 34000
UPDATE - Takes(s): 539.9, Count: 212419, OPS: 393.5, Avg(us): 8741, Min(us): 6085, Max(us): 133462, 99th(us): 12000, 99.9th(us): 19000, 99.99th(us): 30000
READ   - Takes(s): 550.0, Count: 432493, OPS: 786.4, Avg(us): 1961, Min(us): 970, Max(us): 137373, 99th(us): 3000, 99.9th(us): 4000, 99.99th(us): 19000
READ_MODIFY_WRITE - Takes(s): 549.9, Count: 216397, OPS: 393.6, Avg(us): 10728, Min(us): 7948, Max(us): 135594, 99th(us): 14000, 99.9th(us): 22000, 99.99th(us): 34000
UPDATE - Takes(s): 549.9, Count: 216397, OPS: 393.6, Avg(us): 8740, Min(us): 6085, Max(us): 133462, 99th(us): 12000, 99.9th(us): 19000, 99.99th(us): 30000
READ   - Takes(s): 560.0, Count: 440327, OPS: 786.4, Avg(us): 1961, Min(us): 970, Max(us): 137373, 99th(us): 3000, 99.9th(us): 4000, 99.99th(us): 19000
READ_MODIFY_WRITE - Takes(s): 559.8, Count: 220366, OPS: 393.6, Avg(us): 10727, Min(us): 7948, Max(us): 135594, 99th(us): 14000, 99.9th(us): 22000, 99.99th(us): 33000
UPDATE - Takes(s): 559.9, Count: 220366, OPS: 393.6, Avg(us): 8739, Min(us): 6085, Max(us): 133462, 99th(us): 12000, 99.9th(us): 19000, 99.99th(us): 30000
READ   - Takes(s): 570.0, Count: 448180, OPS: 786.3, Avg(us): 1961, Min(us): 970, Max(us): 137373, 99th(us): 3000, 99.9th(us): 4000, 99.99th(us): 19000
READ_MODIFY_WRITE - Takes(s): 569.9, Count: 224336, OPS: 393.7, Avg(us): 10726, Min(us): 7948, Max(us): 135594, 99th(us): 14000, 99.9th(us): 22000, 99.99th(us): 33000
UPDATE - Takes(s): 569.9, Count: 224336, OPS: 393.7, Avg(us): 8738, Min(us): 6085, Max(us): 133462, 99th(us): 12000, 99.9th(us): 19000, 99.99th(us): 30000
READ   - Takes(s): 580.0, Count: 455841, OPS: 786.0, Avg(us): 1961, Min(us): 970, Max(us): 137373, 99th(us): 3000, 99.9th(us): 4000, 99.99th(us): 19000
READ_MODIFY_WRITE - Takes(s): 579.8, Count: 228162, OPS: 393.5, Avg(us): 10732, Min(us): 7948, Max(us): 137372, 99th(us): 14000, 99.9th(us): 22000, 99.99th(us): 38000
UPDATE - Takes(s): 579.9, Count: 228162, OPS: 393.5, Avg(us): 8744, Min(us): 6085, Max(us): 135365, 99th(us): 12000, 99.9th(us): 19000, 99.99th(us): 35000
READ   - Takes(s): 590.0, Count: 463676, OPS: 785.9, Avg(us): 1961, Min(us): 970, Max(us): 137373, 99th(us): 3000, 99.9th(us): 4000, 99.99th(us): 19000
READ_MODIFY_WRITE - Takes(s): 589.8, Count: 232116, OPS: 393.5, Avg(us): 10731, Min(us): 7948, Max(us): 137372, 99th(us): 14000, 99.9th(us): 22000, 99.99th(us): 38000
UPDATE - Takes(s): 589.9, Count: 232116, OPS: 393.5, Avg(us): 8744, Min(us): 6085, Max(us): 135365, 99th(us): 12000, 99.9th(us): 19000, 99.99th(us): 35000
READ   - Takes(s): 600.0, Count: 471550, OPS: 786.0, Avg(us): 1961, Min(us): 970, Max(us): 137373, 99th(us): 3000, 99.9th(us): 4000, 99.99th(us): 19000
READ_MODIFY_WRITE - Takes(s): 599.8, Count: 236077, OPS: 393.6, Avg(us): 10730, Min(us): 7948, Max(us): 137372, 99th(us): 14000, 99.9th(us): 22000, 99.99th(us): 38000
UPDATE - Takes(s): 599.9, Count: 236077, OPS: 393.6, Avg(us): 8743, Min(us): 6085, Max(us): 135365, 99th(us): 12000, 99.9th(us): 19000, 99.99th(us): 35000
READ   - Takes(s): 610.0, Count: 479429, OPS: 786.0, Avg(us): 1960, Min(us): 970, Max(us): 137373, 99th(us): 3000, 99.9th(us): 4000, 99.99th(us): 19000
READ_MODIFY_WRITE - Takes(s): 609.9, Count: 240043, OPS: 393.6, Avg(us): 10729, Min(us): 7948, Max(us): 137372, 99th(us): 14000, 99.9th(us): 22000, 99.99th(us): 37000
UPDATE - Takes(s): 609.9, Count: 240043, OPS: 393.6, Avg(us): 8742, Min(us): 6085, Max(us): 135365, 99th(us): 12000, 99.9th(us): 19000, 99.99th(us): 34000
READ   - Takes(s): 620.0, Count: 487352, OPS: 786.1, Avg(us): 1960, Min(us): 970, Max(us): 137373, 99th(us): 3000, 99.9th(us): 4000, 99.99th(us): 19000
READ_MODIFY_WRITE - Takes(s): 619.8, Count: 244011, OPS: 393.7, Avg(us): 10728, Min(us): 7948, Max(us): 137372, 99th(us): 14000, 99.9th(us): 22000, 99.99th(us): 37000
UPDATE - Takes(s): 619.9, Count: 244011, OPS: 393.7, Avg(us): 8741, Min(us): 6085, Max(us): 135365, 99th(us): 12000, 99.9th(us): 19000, 99.99th(us): 34000
READ   - Takes(s): 630.0, Count: 495332, OPS: 786.3, Avg(us): 1959, Min(us): 970, Max(us): 137373, 99th(us): 3000, 99.9th(us): 4000, 99.99th(us): 19000
READ_MODIFY_WRITE - Takes(s): 629.8, Count: 247989, OPS: 393.7, Avg(us): 10726, Min(us): 7948, Max(us): 137372, 99th(us): 14000, 99.9th(us): 22000, 99.99th(us): 37000
UPDATE - Takes(s): 629.9, Count: 247990, OPS: 393.7, Avg(us): 8740, Min(us): 6085, Max(us): 135365, 99th(us): 12000, 99.9th(us): 19000, 99.99th(us): 34000
READ   - Takes(s): 640.0, Count: 503354, OPS: 786.5, Avg(us): 1959, Min(us): 970, Max(us): 137373, 99th(us): 3000, 99.9th(us): 4000, 99.99th(us): 19000
READ_MODIFY_WRITE - Takes(s): 639.9, Count: 251951, OPS: 393.8, Avg(us): 10725, Min(us): 7948, Max(us): 137372, 99th(us): 14000, 99.9th(us): 22000, 99.99th(us): 37000
UPDATE - Takes(s): 639.9, Count: 251951, OPS: 393.8, Avg(us): 8738, Min(us): 6085, Max(us): 135365, 99th(us): 12000, 99.9th(us): 19000, 99.99th(us): 34000
READ   - Takes(s): 650.0, Count: 511324, OPS: 786.7, Avg(us): 1959, Min(us): 970, Max(us): 137373, 99th(us): 3000, 99.9th(us): 4000, 99.99th(us): 19000
READ_MODIFY_WRITE - Takes(s): 649.9, Count: 255896, OPS: 393.8, Avg(us): 10724, Min(us): 7948, Max(us): 137372, 99th(us): 14000, 99.9th(us): 22000, 99.99th(us): 37000
UPDATE - Takes(s): 649.9, Count: 255896, OPS: 393.8, Avg(us): 8738, Min(us): 6085, Max(us): 135365, 99th(us): 12000, 99.9th(us): 19000, 99.99th(us): 34000
READ   - Takes(s): 660.0, Count: 519173, OPS: 786.7, Avg(us): 1958, Min(us): 970, Max(us): 137373, 99th(us): 3000, 99.9th(us): 4000, 99.99th(us): 19000
READ_MODIFY_WRITE - Takes(s): 659.8, Count: 259879, OPS: 393.8, Avg(us): 10723, Min(us): 7948, Max(us): 137372, 99th(us): 14000, 99.9th(us): 22000, 99.99th(us): 37000
UPDATE - Takes(s): 659.8, Count: 259879, OPS: 393.8, Avg(us): 8737, Min(us): 6085, Max(us): 135365, 99th(us): 12000, 99.9th(us): 19000, 99.99th(us): 34000
READ   - Takes(s): 670.0, Count: 527243, OPS: 787.0, Avg(us): 1958, Min(us): 970, Max(us): 137373, 99th(us): 3000, 99.9th(us): 4000, 99.99th(us): 19000
READ_MODIFY_WRITE - Takes(s): 669.8, Count: 263823, OPS: 393.9, Avg(us): 10721, Min(us): 7948, Max(us): 137372, 99th(us): 14000, 99.9th(us): 22000, 99.99th(us): 36000
UPDATE - Takes(s): 669.9, Count: 263823, OPS: 393.9, Avg(us): 8736, Min(us): 6085, Max(us): 135365, 99th(us): 12000, 99.9th(us): 19000, 99.99th(us): 34000
READ   - Takes(s): 680.0, Count: 535127, OPS: 787.0, Avg(us): 1958, Min(us): 970, Max(us): 137373, 99th(us): 3000, 99.9th(us): 4000, 99.99th(us): 19000
READ_MODIFY_WRITE - Takes(s): 679.9, Count: 267788, OPS: 393.9, Avg(us): 10721, Min(us): 7948, Max(us): 137372, 99th(us): 14000, 99.9th(us): 22000, 99.99th(us): 36000
UPDATE - Takes(s): 679.9, Count: 267789, OPS: 393.9, Avg(us): 8736, Min(us): 6085, Max(us): 135365, 99th(us): 12000, 99.9th(us): 19000, 99.99th(us): 33000
READ   - Takes(s): 690.0, Count: 543038, OPS: 787.1, Avg(us): 1957, Min(us): 970, Max(us): 137373, 99th(us): 3000, 99.9th(us): 4000, 99.99th(us): 19000
READ_MODIFY_WRITE - Takes(s): 689.8, Count: 271761, OPS: 393.9, Avg(us): 10720, Min(us): 7948, Max(us): 137372, 99th(us): 14000, 99.9th(us): 22000, 99.99th(us): 36000
UPDATE - Takes(s): 689.9, Count: 271761, OPS: 393.9, Avg(us): 8735, Min(us): 6085, Max(us): 135365, 99th(us): 12000, 99.9th(us): 19000, 99.99th(us): 33000
READ   - Takes(s): 700.0, Count: 550799, OPS: 786.9, Avg(us): 1957, Min(us): 970, Max(us): 137373, 99th(us): 3000, 99.9th(us): 4000, 99.99th(us): 19000
READ_MODIFY_WRITE - Takes(s): 699.9, Count: 275747, OPS: 394.0, Avg(us): 10719, Min(us): 7948, Max(us): 137372, 99th(us): 14000, 99.9th(us): 22000, 99.99th(us): 36000
UPDATE - Takes(s): 699.9, Count: 275747, OPS: 394.0, Avg(us): 8735, Min(us): 6085, Max(us): 135365, 99th(us): 12000, 99.9th(us): 19000, 99.99th(us): 33000
READ   - Takes(s): 710.0, Count: 558787, OPS: 787.1, Avg(us): 1957, Min(us): 970, Max(us): 137373, 99th(us): 3000, 99.9th(us): 4000, 99.99th(us): 19000
READ_MODIFY_WRITE - Takes(s): 709.9, Count: 279687, OPS: 394.0, Avg(us): 10719, Min(us): 7948, Max(us): 137372, 99th(us): 14000, 99.9th(us): 22000, 99.99th(us): 36000
UPDATE - Takes(s): 709.9, Count: 279687, OPS: 394.0, Avg(us): 8734, Min(us): 6085, Max(us): 135365, 99th(us): 12000, 99.9th(us): 19000, 99.99th(us): 33000
READ   - Takes(s): 720.0, Count: 566756, OPS: 787.2, Avg(us): 1957, Min(us): 970, Max(us): 137373, 99th(us): 3000, 99.9th(us): 4000, 99.99th(us): 19000
READ_MODIFY_WRITE - Takes(s): 719.9, Count: 283628, OPS: 394.0, Avg(us): 10718, Min(us): 7948, Max(us): 137372, 99th(us): 14000, 99.9th(us): 22000, 99.99th(us): 35000
UPDATE - Takes(s): 719.9, Count: 283629, OPS: 394.0, Avg(us): 8734, Min(us): 6085, Max(us): 135365, 99th(us): 12000, 99.9th(us): 19000, 99.99th(us): 32000
READ   - Takes(s): 730.0, Count: 574727, OPS: 787.3, Avg(us): 1956, Min(us): 970, Max(us): 137373, 99th(us): 3000, 99.9th(us): 4000, 99.99th(us): 19000
READ_MODIFY_WRITE - Takes(s): 729.9, Count: 287598, OPS: 394.1, Avg(us): 10717, Min(us): 7948, Max(us): 137372, 99th(us): 14000, 99.9th(us): 22000, 99.99th(us): 35000
UPDATE - Takes(s): 729.9, Count: 287598, OPS: 394.1, Avg(us): 8733, Min(us): 6085, Max(us): 135365, 99th(us): 12000, 99.9th(us): 18000, 99.99th(us): 32000
READ   - Takes(s): 740.0, Count: 582663, OPS: 787.4, Avg(us): 1956, Min(us): 970, Max(us): 137373, 99th(us): 3000, 99.9th(us): 4000, 99.99th(us): 19000
READ_MODIFY_WRITE - Takes(s): 739.8, Count: 291556, OPS: 394.1, Avg(us): 10716, Min(us): 7948, Max(us): 137372, 99th(us): 14000, 99.9th(us): 22000, 99.99th(us): 35000
UPDATE - Takes(s): 739.9, Count: 291556, OPS: 394.1, Avg(us): 8733, Min(us): 6085, Max(us): 135365, 99th(us): 12000, 99.9th(us): 18000, 99.99th(us): 32000
READ   - Takes(s): 750.0, Count: 590615, OPS: 787.5, Avg(us): 1956, Min(us): 970, Max(us): 137373, 99th(us): 3000, 99.9th(us): 4000, 99.99th(us): 19000
READ_MODIFY_WRITE - Takes(s): 749.8, Count: 295499, OPS: 394.1, Avg(us): 10716, Min(us): 7948, Max(us): 137372, 99th(us): 14000, 99.9th(us): 22000, 99.99th(us): 35000
UPDATE - Takes(s): 749.9, Count: 295499, OPS: 394.1, Avg(us): 8733, Min(us): 6085, Max(us): 135365, 99th(us): 12000, 99.9th(us): 18000, 99.99th(us): 32000
READ   - Takes(s): 760.0, Count: 598570, OPS: 787.6, Avg(us): 1955, Min(us): 970, Max(us): 137373, 99th(us): 3000, 99.9th(us): 4000, 99.99th(us): 19000
READ_MODIFY_WRITE - Takes(s): 759.9, Count: 299463, OPS: 394.1, Avg(us): 10715, Min(us): 7948, Max(us): 137372, 99th(us): 14000, 99.9th(us): 22000, 99.99th(us): 35000
UPDATE - Takes(s): 759.9, Count: 299463, OPS: 394.1, Avg(us): 8732, Min(us): 6085, Max(us): 135365, 99th(us): 12000, 99.9th(us): 18000, 99.99th(us): 32000
READ   - Takes(s): 770.0, Count: 606462, OPS: 787.7, Avg(us): 1955, Min(us): 970, Max(us): 137373, 99th(us): 3000, 99.9th(us): 4000, 99.99th(us): 19000
READ_MODIFY_WRITE - Takes(s): 769.8, Count: 303425, OPS: 394.1, Avg(us): 10715, Min(us): 7948, Max(us): 137372, 99th(us): 14000, 99.9th(us): 22000, 99.99th(us): 34000
UPDATE - Takes(s): 769.9, Count: 303425, OPS: 394.1, Avg(us): 8732, Min(us): 6085, Max(us): 135365, 99th(us): 12000, 99.9th(us): 18000, 99.99th(us): 32000
READ   - Takes(s): 780.0, Count: 614356, OPS: 787.7, Avg(us): 1955, Min(us): 970, Max(us): 137373, 99th(us): 3000, 99.9th(us): 4000, 99.99th(us): 19000
READ_MODIFY_WRITE - Takes(s): 779.8, Count: 307408, OPS: 394.2, Avg(us): 10714, Min(us): 7948, Max(us): 137372, 99th(us): 14000, 99.9th(us): 22000, 99.99th(us): 34000
UPDATE - Takes(s): 779.9, Count: 307408, OPS: 394.2, Avg(us): 8731, Min(us): 6085, Max(us): 135365, 99th(us): 12000, 99.9th(us): 18000, 99.99th(us): 32000
READ   - Takes(s): 790.0, Count: 622189, OPS: 787.6, Avg(us): 1955, Min(us): 970, Max(us): 137373, 99th(us): 3000, 99.9th(us): 4000, 99.99th(us): 19000
READ_MODIFY_WRITE - Takes(s): 789.8, Count: 311369, OPS: 394.2, Avg(us): 10714, Min(us): 7948, Max(us): 137372, 99th(us): 14000, 99.9th(us): 22000, 99.99th(us): 34000
UPDATE - Takes(s): 789.9, Count: 311369, OPS: 394.2, Avg(us): 8731, Min(us): 6085, Max(us): 135365, 99th(us): 12000, 99.9th(us): 18000, 99.99th(us): 31000
READ   - Takes(s): 800.0, Count: 630101, OPS: 787.7, Avg(us): 1955, Min(us): 970, Max(us): 137373, 99th(us): 3000, 99.9th(us): 4000, 99.99th(us): 19000
READ_MODIFY_WRITE - Takes(s): 799.9, Count: 315313, OPS: 394.2, Avg(us): 10714, Min(us): 7948, Max(us): 137372, 99th(us): 14000, 99.9th(us): 22000, 99.99th(us): 34000
UPDATE - Takes(s): 799.9, Count: 315313, OPS: 394.2, Avg(us): 8731, Min(us): 6085, Max(us): 135365, 99th(us): 12000, 99.9th(us): 18000, 99.99th(us): 31000
READ   - Takes(s): 810.0, Count: 638075, OPS: 787.8, Avg(us): 1954, Min(us): 970, Max(us): 137373, 99th(us): 3000, 99.9th(us): 4000, 99.99th(us): 19000
READ_MODIFY_WRITE - Takes(s): 809.8, Count: 319247, OPS: 394.2, Avg(us): 10713, Min(us): 7948, Max(us): 137372, 99th(us): 14000, 99.9th(us): 22000, 99.99th(us): 34000
UPDATE - Takes(s): 809.9, Count: 319247, OPS: 394.2, Avg(us): 8731, Min(us): 6085, Max(us): 135365, 99th(us): 12000, 99.9th(us): 18000, 99.99th(us): 31000
READ   - Takes(s): 820.0, Count: 646063, OPS: 787.9, Avg(us): 1954, Min(us): 970, Max(us): 137373, 99th(us): 3000, 99.9th(us): 4000, 99.99th(us): 19000
READ_MODIFY_WRITE - Takes(s): 819.8, Count: 323193, OPS: 394.2, Avg(us): 10713, Min(us): 7948, Max(us): 137372, 99th(us): 14000, 99.9th(us): 22000, 99.99th(us): 34000
UPDATE - Takes(s): 819.9, Count: 323193, OPS: 394.2, Avg(us): 8731, Min(us): 6085, Max(us): 135365, 99th(us): 12000, 99.9th(us): 18000, 99.99th(us): 31000
READ   - Takes(s): 830.0, Count: 653975, OPS: 788.0, Avg(us): 1954, Min(us): 970, Max(us): 137373, 99th(us): 3000, 99.9th(us): 4000, 99.99th(us): 19000
READ_MODIFY_WRITE - Takes(s): 829.8, Count: 327148, OPS: 394.2, Avg(us): 10712, Min(us): 7948, Max(us): 137372, 99th(us): 14000, 99.9th(us): 22000, 99.99th(us): 34000
UPDATE - Takes(s): 829.9, Count: 327148, OPS: 394.2, Avg(us): 8731, Min(us): 6085, Max(us): 135365, 99th(us): 12000, 99.9th(us): 18000, 99.99th(us): 31000
READ   - Takes(s): 840.0, Count: 661905, OPS: 788.0, Avg(us): 1954, Min(us): 970, Max(us): 137373, 99th(us): 3000, 99.9th(us): 4000, 99.99th(us): 19000
READ_MODIFY_WRITE - Takes(s): 839.8, Count: 331101, OPS: 394.2, Avg(us): 10712, Min(us): 7948, Max(us): 137372, 99th(us): 14000, 99.9th(us): 22000, 99.99th(us): 33000
UPDATE - Takes(s): 839.8, Count: 331102, OPS: 394.2, Avg(us): 8730, Min(us): 6085, Max(us): 135365, 99th(us): 12000, 99.9th(us): 18000, 99.99th(us): 31000
READ   - Takes(s): 850.0, Count: 669856, OPS: 788.1, Avg(us): 1954, Min(us): 970, Max(us): 137373, 99th(us): 3000, 99.9th(us): 4000, 99.99th(us): 19000
READ_MODIFY_WRITE - Takes(s): 849.9, Count: 335054, OPS: 394.3, Avg(us): 10711, Min(us): 7948, Max(us): 137372, 99th(us): 14000, 99.9th(us): 22000, 99.99th(us): 33000
UPDATE - Takes(s): 849.9, Count: 335057, OPS: 394.3, Avg(us): 8730, Min(us): 6085, Max(us): 135365, 99th(us): 12000, 99.9th(us): 18000, 99.99th(us): 31000
READ   - Takes(s): 860.0, Count: 677674, OPS: 788.0, Avg(us): 1954, Min(us): 970, Max(us): 137373, 99th(us): 3000, 99.9th(us): 4000, 99.99th(us): 19000
READ_MODIFY_WRITE - Takes(s): 859.9, Count: 339032, OPS: 394.3, Avg(us): 10711, Min(us): 7948, Max(us): 137372, 99th(us): 14000, 99.9th(us): 22000, 99.99th(us): 34000
UPDATE - Takes(s): 859.9, Count: 339032, OPS: 394.3, Avg(us): 8730, Min(us): 6085, Max(us): 135365, 99th(us): 12000, 99.9th(us): 18000, 99.99th(us): 31000
READ   - Takes(s): 870.0, Count: 685493, OPS: 788.0, Avg(us): 1953, Min(us): 970, Max(us): 137373, 99th(us): 3000, 99.9th(us): 4000, 99.99th(us): 19000
READ_MODIFY_WRITE - Takes(s): 869.8, Count: 342942, OPS: 394.3, Avg(us): 10712, Min(us): 7948, Max(us): 137372, 99th(us): 14000, 99.9th(us): 22000, 99.99th(us): 35000
UPDATE - Takes(s): 869.9, Count: 342942, OPS: 394.3, Avg(us): 8731, Min(us): 6085, Max(us): 135365, 99th(us): 12000, 99.9th(us): 18000, 99.99th(us): 32000
READ   - Takes(s): 880.0, Count: 693254, OPS: 787.8, Avg(us): 1953, Min(us): 970, Max(us): 137373, 99th(us): 3000, 99.9th(us): 4000, 99.99th(us): 19000
READ_MODIFY_WRITE - Takes(s): 879.9, Count: 346829, OPS: 394.2, Avg(us): 10714, Min(us): 7948, Max(us): 137372, 99th(us): 14000, 99.9th(us): 23000, 99.99th(us): 36000
UPDATE - Takes(s): 879.9, Count: 346829, OPS: 394.2, Avg(us): 8733, Min(us): 6085, Max(us): 135365, 99th(us): 12000, 99.9th(us): 19000, 99.99th(us): 34000
READ   - Takes(s): 890.0, Count: 701150, OPS: 787.8, Avg(us): 1954, Min(us): 970, Max(us): 137373, 99th(us): 3000, 99.9th(us): 4000, 99.99th(us): 19000
READ_MODIFY_WRITE - Takes(s): 889.9, Count: 350785, OPS: 394.2, Avg(us): 10714, Min(us): 7948, Max(us): 137372, 99th(us): 14000, 99.9th(us): 23000, 99.99th(us): 36000
UPDATE - Takes(s): 889.9, Count: 350785, OPS: 394.2, Avg(us): 8732, Min(us): 6085, Max(us): 135365, 99th(us): 12000, 99.9th(us): 19000, 99.99th(us): 33000
READ   - Takes(s): 900.0, Count: 709046, OPS: 787.9, Avg(us): 1953, Min(us): 970, Max(us): 137373, 99th(us): 3000, 99.9th(us): 4000, 99.99th(us): 19000
READ_MODIFY_WRITE - Takes(s): 899.8, Count: 354753, OPS: 394.2, Avg(us): 10713, Min(us): 7948, Max(us): 137372, 99th(us): 14000, 99.9th(us): 23000, 99.99th(us): 36000
UPDATE - Takes(s): 899.9, Count: 354753, OPS: 394.2, Avg(us): 8732, Min(us): 6085, Max(us): 135365, 99th(us): 12000, 99.9th(us): 19000, 99.99th(us): 33000
READ   - Takes(s): 910.0, Count: 717140, OPS: 788.1, Avg(us): 1953, Min(us): 970, Max(us): 137373, 99th(us): 3000, 99.9th(us): 4000, 99.99th(us): 19000
READ_MODIFY_WRITE - Takes(s): 909.8, Count: 358672, OPS: 394.2, Avg(us): 10713, Min(us): 7948, Max(us): 137372, 99th(us): 14000, 99.9th(us): 23000, 99.99th(us): 36000
UPDATE - Takes(s): 909.9, Count: 358672, OPS: 394.2, Avg(us): 8731, Min(us): 6085, Max(us): 135365, 99th(us): 12000, 99.9th(us): 19000, 99.99th(us): 33000
READ   - Takes(s): 920.0, Count: 725105, OPS: 788.2, Avg(us): 1953, Min(us): 970, Max(us): 137373, 99th(us): 3000, 99.9th(us): 4000, 99.99th(us): 19000
READ_MODIFY_WRITE - Takes(s): 919.8, Count: 362638, OPS: 394.2, Avg(us): 10712, Min(us): 7948, Max(us): 137372, 99th(us): 14000, 99.9th(us): 22000, 99.99th(us): 35000
UPDATE - Takes(s): 919.9, Count: 362638, OPS: 394.2, Avg(us): 8731, Min(us): 6085, Max(us): 135365, 99th(us): 12000, 99.9th(us): 19000, 99.99th(us): 33000
READ   - Takes(s): 930.0, Count: 733122, OPS: 788.3, Avg(us): 1953, Min(us): 970, Max(us): 137373, 99th(us): 3000, 99.9th(us): 4000, 99.99th(us): 19000
READ_MODIFY_WRITE - Takes(s): 929.9, Count: 366601, OPS: 394.3, Avg(us): 10711, Min(us): 7948, Max(us): 137372, 99th(us): 14000, 99.9th(us): 23000, 99.99th(us): 35000
UPDATE - Takes(s): 929.9, Count: 366601, OPS: 394.3, Avg(us): 8730, Min(us): 6085, Max(us): 135365, 99th(us): 12000, 99.9th(us): 19000, 99.99th(us): 33000
READ   - Takes(s): 940.0, Count: 741004, OPS: 788.3, Avg(us): 1953, Min(us): 970, Max(us): 137373, 99th(us): 3000, 99.9th(us): 4000, 99.99th(us): 19000
READ_MODIFY_WRITE - Takes(s): 939.8, Count: 370566, OPS: 394.3, Avg(us): 10710, Min(us): 7948, Max(us): 137372, 99th(us): 14000, 99.9th(us): 22000, 99.99th(us): 35000
UPDATE - Takes(s): 939.9, Count: 370566, OPS: 394.3, Avg(us): 8730, Min(us): 6085, Max(us): 135365, 99th(us): 12000, 99.9th(us): 19000, 99.99th(us): 32000
READ   - Takes(s): 950.0, Count: 748913, OPS: 788.4, Avg(us): 1952, Min(us): 878, Max(us): 137373, 99th(us): 3000, 99.9th(us): 4000, 99.99th(us): 19000
READ_MODIFY_WRITE - Takes(s): 949.8, Count: 374537, OPS: 394.3, Avg(us): 10710, Min(us): 7948, Max(us): 137372, 99th(us): 14000, 99.9th(us): 22000, 99.99th(us): 35000
UPDATE - Takes(s): 949.9, Count: 374538, OPS: 394.3, Avg(us): 8730, Min(us): 6085, Max(us): 135365, 99th(us): 12000, 99.9th(us): 19000, 99.99th(us): 32000
READ   - Takes(s): 960.0, Count: 756794, OPS: 788.4, Avg(us): 1952, Min(us): 878, Max(us): 137373, 99th(us): 3000, 99.9th(us): 4000, 99.99th(us): 19000
READ_MODIFY_WRITE - Takes(s): 959.8, Count: 378502, OPS: 394.3, Avg(us): 10710, Min(us): 7948, Max(us): 137372, 99th(us): 14000, 99.9th(us): 22000, 99.99th(us): 35000
UPDATE - Takes(s): 959.8, Count: 378502, OPS: 394.3, Avg(us): 8729, Min(us): 6085, Max(us): 135365, 99th(us): 12000, 99.9th(us): 19000, 99.99th(us): 32000
READ   - Takes(s): 970.0, Count: 764797, OPS: 788.5, Avg(us): 1952, Min(us): 878, Max(us): 137373, 99th(us): 3000, 99.9th(us): 4000, 99.99th(us): 19000
READ_MODIFY_WRITE - Takes(s): 969.8, Count: 382431, OPS: 394.3, Avg(us): 10709, Min(us): 7948, Max(us): 137372, 99th(us): 14000, 99.9th(us): 22000, 99.99th(us): 35000
UPDATE - Takes(s): 969.9, Count: 382431, OPS: 394.3, Avg(us): 8729, Min(us): 6085, Max(us): 135365, 99th(us): 12000, 99.9th(us): 19000, 99.99th(us): 32000
READ   - Takes(s): 980.0, Count: 772723, OPS: 788.5, Avg(us): 1952, Min(us): 878, Max(us): 137373, 99th(us): 3000, 99.9th(us): 4000, 99.99th(us): 19000
READ_MODIFY_WRITE - Takes(s): 979.9, Count: 386406, OPS: 394.4, Avg(us): 10709, Min(us): 7948, Max(us): 137372, 99th(us): 14000, 99.9th(us): 22000, 99.99th(us): 35000
UPDATE - Takes(s): 979.9, Count: 386406, OPS: 394.4, Avg(us): 8729, Min(us): 6085, Max(us): 135365, 99th(us): 12000, 99.9th(us): 19000, 99.99th(us): 32000
READ   - Takes(s): 990.0, Count: 780588, OPS: 788.5, Avg(us): 1952, Min(us): 878, Max(us): 137373, 99th(us): 3000, 99.9th(us): 4000, 99.99th(us): 19000
READ_MODIFY_WRITE - Takes(s): 989.9, Count: 390377, OPS: 394.4, Avg(us): 10708, Min(us): 7948, Max(us): 137372, 99th(us): 14000, 99.9th(us): 22000, 99.99th(us): 34000
UPDATE - Takes(s): 989.9, Count: 390377, OPS: 394.4, Avg(us): 8728, Min(us): 6085, Max(us): 135365, 99th(us): 12000, 99.9th(us): 19000, 99.99th(us): 32000
READ   - Takes(s): 1000.0, Count: 788401, OPS: 788.4, Avg(us): 1952, Min(us): 878, Max(us): 137373, 99th(us): 3000, 99.9th(us): 4000, 99.99th(us): 19000
READ_MODIFY_WRITE - Takes(s): 999.9, Count: 394337, OPS: 394.4, Avg(us): 10708, Min(us): 7948, Max(us): 137372, 99th(us): 14000, 99.9th(us): 22000, 99.99th(us): 34000
UPDATE - Takes(s): 999.9, Count: 394337, OPS: 394.4, Avg(us): 8728, Min(us): 6085, Max(us): 135365, 99th(us): 12000, 99.9th(us): 18000, 99.99th(us): 32000
READ   - Takes(s): 1010.0, Count: 796382, OPS: 788.5, Avg(us): 1952, Min(us): 878, Max(us): 137373, 99th(us): 3000, 99.9th(us): 4000, 99.99th(us): 19000
READ_MODIFY_WRITE - Takes(s): 1009.9, Count: 398289, OPS: 394.4, Avg(us): 10708, Min(us): 7948, Max(us): 137372, 99th(us): 14000, 99.9th(us): 22000, 99.99th(us): 34000
UPDATE - Takes(s): 1009.9, Count: 398289, OPS: 394.4, Avg(us): 8728, Min(us): 6085, Max(us): 135365, 99th(us): 12000, 99.9th(us): 18000, 99.99th(us): 32000
READ   - Takes(s): 1020.0, Count: 804228, OPS: 788.5, Avg(us): 1952, Min(us): 878, Max(us): 137373, 99th(us): 3000, 99.9th(us): 4000, 99.99th(us): 19000
READ_MODIFY_WRITE - Takes(s): 1019.9, Count: 402270, OPS: 394.4, Avg(us): 10707, Min(us): 7948, Max(us): 137372, 99th(us): 14000, 99.9th(us): 22000, 99.99th(us): 34000
UPDATE - Takes(s): 1019.9, Count: 402270, OPS: 394.4, Avg(us): 8728, Min(us): 6085, Max(us): 135365, 99th(us): 12000, 99.9th(us): 18000, 99.99th(us): 32000
READ   - Takes(s): 1030.0, Count: 812272, OPS: 788.6, Avg(us): 1951, Min(us): 878, Max(us): 137373, 99th(us): 3000, 99.9th(us): 4000, 99.99th(us): 19000
READ_MODIFY_WRITE - Takes(s): 1029.8, Count: 406221, OPS: 394.4, Avg(us): 10706, Min(us): 7948, Max(us): 137372, 99th(us): 14000, 99.9th(us): 22000, 99.99th(us): 34000
UPDATE - Takes(s): 1029.9, Count: 406221, OPS: 394.4, Avg(us): 8727, Min(us): 6085, Max(us): 135365, 99th(us): 12000, 99.9th(us): 18000, 99.99th(us): 32000
READ   - Takes(s): 1040.0, Count: 820199, OPS: 788.7, Avg(us): 1951, Min(us): 878, Max(us): 137373, 99th(us): 3000, 99.9th(us): 4000, 99.99th(us): 19000
READ_MODIFY_WRITE - Takes(s): 1039.9, Count: 410189, OPS: 394.5, Avg(us): 10706, Min(us): 7948, Max(us): 137372, 99th(us): 14000, 99.9th(us): 22000, 99.99th(us): 34000
UPDATE - Takes(s): 1039.9, Count: 410189, OPS: 394.5, Avg(us): 8727, Min(us): 6085, Max(us): 135365, 99th(us): 12000, 99.9th(us): 18000, 99.99th(us): 32000
READ   - Takes(s): 1050.0, Count: 828164, OPS: 788.8, Avg(us): 1951, Min(us): 878, Max(us): 137373, 99th(us): 3000, 99.9th(us): 4000, 99.99th(us): 19000
READ_MODIFY_WRITE - Takes(s): 1049.9, Count: 414151, OPS: 394.5, Avg(us): 10705, Min(us): 7948, Max(us): 137372, 99th(us): 14000, 99.9th(us): 22000, 99.99th(us): 34000
UPDATE - Takes(s): 1049.9, Count: 414151, OPS: 394.5, Avg(us): 8726, Min(us): 6085, Max(us): 135365, 99th(us): 12000, 99.9th(us): 18000, 99.99th(us): 32000
READ   - Takes(s): 1060.0, Count: 836158, OPS: 788.9, Avg(us): 1951, Min(us): 878, Max(us): 137373, 99th(us): 3000, 99.9th(us): 4000, 99.99th(us): 19000
READ_MODIFY_WRITE - Takes(s): 1059.9, Count: 418089, OPS: 394.5, Avg(us): 10705, Min(us): 7948, Max(us): 137372, 99th(us): 14000, 99.9th(us): 22000, 99.99th(us): 34000
UPDATE - Takes(s): 1059.9, Count: 418089, OPS: 394.5, Avg(us): 8726, Min(us): 6085, Max(us): 135365, 99th(us): 12000, 99.9th(us): 18000, 99.99th(us): 32000
READ   - Takes(s): 1070.0, Count: 844139, OPS: 788.9, Avg(us): 1951, Min(us): 878, Max(us): 137373, 99th(us): 3000, 99.9th(us): 4000, 99.99th(us): 19000
READ_MODIFY_WRITE - Takes(s): 1069.8, Count: 422010, OPS: 394.5, Avg(us): 10705, Min(us): 7948, Max(us): 137372, 99th(us): 14000, 99.9th(us): 22000, 99.99th(us): 34000
UPDATE - Takes(s): 1069.9, Count: 422010, OPS: 394.5, Avg(us): 8726, Min(us): 6085, Max(us): 135365, 99th(us): 12000, 99.9th(us): 18000, 99.99th(us): 31000
READ   - Takes(s): 1080.0, Count: 851989, OPS: 788.9, Avg(us): 1951, Min(us): 878, Max(us): 137373, 99th(us): 3000, 99.9th(us): 4000, 99.99th(us): 19000
READ_MODIFY_WRITE - Takes(s): 1079.8, Count: 425969, OPS: 394.5, Avg(us): 10705, Min(us): 7948, Max(us): 137372, 99th(us): 14000, 99.9th(us): 22000, 99.99th(us): 34000
UPDATE - Takes(s): 1079.8, Count: 425969, OPS: 394.5, Avg(us): 8726, Min(us): 6085, Max(us): 135365, 99th(us): 12000, 99.9th(us): 18000, 99.99th(us): 31000
READ   - Takes(s): 1090.0, Count: 859896, OPS: 788.9, Avg(us): 1951, Min(us): 878, Max(us): 137373, 99th(us): 3000, 99.9th(us): 4000, 99.99th(us): 19000
READ_MODIFY_WRITE - Takes(s): 1089.9, Count: 429922, OPS: 394.5, Avg(us): 10705, Min(us): 7948, Max(us): 137372, 99th(us): 14000, 99.9th(us): 22000, 99.99th(us): 34000
UPDATE - Takes(s): 1089.9, Count: 429922, OPS: 394.5, Avg(us): 8726, Min(us): 6085, Max(us): 135365, 99th(us): 12000, 99.9th(us): 18000, 99.99th(us): 31000
READ   - Takes(s): 1100.0, Count: 867892, OPS: 789.0, Avg(us): 1951, Min(us): 878, Max(us): 137373, 99th(us): 3000, 99.9th(us): 4000, 99.99th(us): 19000
READ_MODIFY_WRITE - Takes(s): 1099.8, Count: 433844, OPS: 394.5, Avg(us): 10705, Min(us): 7948, Max(us): 137372, 99th(us): 14000, 99.9th(us): 22000, 99.99th(us): 34000
UPDATE - Takes(s): 1099.9, Count: 433845, OPS: 394.5, Avg(us): 8726, Min(us): 6085, Max(us): 135365, 99th(us): 12000, 99.9th(us): 18000, 99.99th(us): 31000
READ   - Takes(s): 1110.0, Count: 875793, OPS: 789.0, Avg(us): 1951, Min(us): 878, Max(us): 137373, 99th(us): 3000, 99.9th(us): 4000, 99.99th(us): 19000
READ_MODIFY_WRITE - Takes(s): 1109.8, Count: 437782, OPS: 394.5, Avg(us): 10705, Min(us): 7948, Max(us): 137372, 99th(us): 14000, 99.9th(us): 22000, 99.99th(us): 34000
UPDATE - Takes(s): 1109.9, Count: 437782, OPS: 394.5, Avg(us): 8726, Min(us): 6085, Max(us): 135365, 99th(us): 12000, 99.9th(us): 18000, 99.99th(us): 31000
READ   - Takes(s): 1120.0, Count: 883622, OPS: 789.0, Avg(us): 1951, Min(us): 878, Max(us): 137373, 99th(us): 3000, 99.9th(us): 4000, 99.99th(us): 19000
READ_MODIFY_WRITE - Takes(s): 1119.9, Count: 441742, OPS: 394.5, Avg(us): 10705, Min(us): 7948, Max(us): 137372, 99th(us): 14000, 99.9th(us): 22000, 99.99th(us): 34000
UPDATE - Takes(s): 1119.9, Count: 441742, OPS: 394.5, Avg(us): 8726, Min(us): 6085, Max(us): 135365, 99th(us): 12000, 99.9th(us): 18000, 99.99th(us): 31000
READ   - Takes(s): 1130.0, Count: 891647, OPS: 789.1, Avg(us): 1951, Min(us): 878, Max(us): 137373, 99th(us): 3000, 99.9th(us): 4000, 99.99th(us): 19000
READ_MODIFY_WRITE - Takes(s): 1129.9, Count: 445657, OPS: 394.4, Avg(us): 10705, Min(us): 7948, Max(us): 137372, 99th(us): 14000, 99.9th(us): 22000, 99.99th(us): 34000
UPDATE - Takes(s): 1129.9, Count: 445657, OPS: 394.4, Avg(us): 8726, Min(us): 6085, Max(us): 135365, 99th(us): 12000, 99.9th(us): 18000, 99.99th(us): 31000
READ   - Takes(s): 1140.0, Count: 899601, OPS: 789.2, Avg(us): 1951, Min(us): 878, Max(us): 137373, 99th(us): 3000, 99.9th(us): 4000, 99.99th(us): 19000
READ_MODIFY_WRITE - Takes(s): 1139.8, Count: 449615, OPS: 394.5, Avg(us): 10704, Min(us): 7948, Max(us): 137372, 99th(us): 14000, 99.9th(us): 22000, 99.99th(us): 34000
UPDATE - Takes(s): 1139.9, Count: 449615, OPS: 394.5, Avg(us): 8726, Min(us): 6085, Max(us): 135365, 99th(us): 12000, 99.9th(us): 18000, 99.99th(us): 31000
READ   - Takes(s): 1150.0, Count: 907577, OPS: 789.2, Avg(us): 1951, Min(us): 878, Max(us): 137373, 99th(us): 3000, 99.9th(us): 4000, 99.99th(us): 19000
READ_MODIFY_WRITE - Takes(s): 1149.9, Count: 453563, OPS: 394.5, Avg(us): 10704, Min(us): 7948, Max(us): 137372, 99th(us): 14000, 99.9th(us): 22000, 99.99th(us): 33000
UPDATE - Takes(s): 1149.9, Count: 453563, OPS: 394.5, Avg(us): 8725, Min(us): 6085, Max(us): 135365, 99th(us): 12000, 99.9th(us): 18000, 99.99th(us): 31000
READ   - Takes(s): 1160.0, Count: 915561, OPS: 789.3, Avg(us): 1951, Min(us): 878, Max(us): 137373, 99th(us): 3000, 99.9th(us): 4000, 99.99th(us): 19000
READ_MODIFY_WRITE - Takes(s): 1159.9, Count: 457503, OPS: 394.5, Avg(us): 10704, Min(us): 7948, Max(us): 137372, 99th(us): 14000, 99.9th(us): 22000, 99.99th(us): 33000
UPDATE - Takes(s): 1159.9, Count: 457503, OPS: 394.4, Avg(us): 8725, Min(us): 6085, Max(us): 135365, 99th(us): 12000, 99.9th(us): 18000, 99.99th(us): 31000
READ   - Takes(s): 1170.0, Count: 923302, OPS: 789.2, Avg(us): 1951, Min(us): 878, Max(us): 137373, 99th(us): 3000, 99.9th(us): 4000, 99.99th(us): 19000
READ_MODIFY_WRITE - Takes(s): 1169.9, Count: 461391, OPS: 394.4, Avg(us): 10705, Min(us): 7948, Max(us): 137372, 99th(us): 14000, 99.9th(us): 22000, 99.99th(us): 34000
UPDATE - Takes(s): 1169.9, Count: 461391, OPS: 394.4, Avg(us): 8727, Min(us): 6085, Max(us): 135365, 99th(us): 12000, 99.9th(us): 18000, 99.99th(us): 32000
READ   - Takes(s): 1180.0, Count: 931212, OPS: 789.2, Avg(us): 1951, Min(us): 878, Max(us): 137373, 99th(us): 3000, 99.9th(us): 4000, 99.99th(us): 19000
READ_MODIFY_WRITE - Takes(s): 1179.8, Count: 465344, OPS: 394.4, Avg(us): 10705, Min(us): 7948, Max(us): 137372, 99th(us): 14000, 99.9th(us): 22000, 99.99th(us): 34000
UPDATE - Takes(s): 1179.9, Count: 465344, OPS: 394.4, Avg(us): 8727, Min(us): 6085, Max(us): 135365, 99th(us): 12000, 99.9th(us): 18000, 99.99th(us): 32000
READ   - Takes(s): 1190.0, Count: 939132, OPS: 789.2, Avg(us): 1951, Min(us): 878, Max(us): 137373, 99th(us): 3000, 99.9th(us): 4000, 99.99th(us): 19000
READ_MODIFY_WRITE - Takes(s): 1189.9, Count: 469311, OPS: 394.4, Avg(us): 10705, Min(us): 7948, Max(us): 137372, 99th(us): 14000, 99.9th(us): 22000, 99.99th(us): 34000
UPDATE - Takes(s): 1189.9, Count: 469311, OPS: 394.4, Avg(us): 8726, Min(us): 6085, Max(us): 135365, 99th(us): 12000, 99.9th(us): 18000, 99.99th(us): 32000
READ   - Takes(s): 1200.0, Count: 947095, OPS: 789.3, Avg(us): 1950, Min(us): 878, Max(us): 137373, 99th(us): 3000, 99.9th(us): 4000, 99.99th(us): 19000
READ_MODIFY_WRITE - Takes(s): 1199.8, Count: 473291, OPS: 394.5, Avg(us): 10704, Min(us): 7948, Max(us): 137372, 99th(us): 14000, 99.9th(us): 22000, 99.99th(us): 34000
UPDATE - Takes(s): 1199.9, Count: 473291, OPS: 394.5, Avg(us): 8726, Min(us): 6085, Max(us): 135365, 99th(us): 12000, 99.9th(us): 18000, 99.99th(us): 32000
READ   - Takes(s): 1210.0, Count: 955024, OPS: 789.3, Avg(us): 1950, Min(us): 878, Max(us): 137373, 99th(us): 3000, 99.9th(us): 4000, 99.99th(us): 19000
READ_MODIFY_WRITE - Takes(s): 1209.9, Count: 477251, OPS: 394.5, Avg(us): 10704, Min(us): 7948, Max(us): 137372, 99th(us): 14000, 99.9th(us): 22000, 99.99th(us): 34000
UPDATE - Takes(s): 1209.9, Count: 477252, OPS: 394.5, Avg(us): 8725, Min(us): 6085, Max(us): 135365, 99th(us): 12000, 99.9th(us): 18000, 99.99th(us): 32000
READ   - Takes(s): 1220.0, Count: 962951, OPS: 789.3, Avg(us): 1950, Min(us): 878, Max(us): 137373, 99th(us): 3000, 99.9th(us): 4000, 99.99th(us): 19000
READ_MODIFY_WRITE - Takes(s): 1219.9, Count: 481227, OPS: 394.5, Avg(us): 10703, Min(us): 7948, Max(us): 137372, 99th(us): 14000, 99.9th(us): 22000, 99.99th(us): 34000
UPDATE - Takes(s): 1219.9, Count: 481227, OPS: 394.5, Avg(us): 8725, Min(us): 6085, Max(us): 135365, 99th(us): 12000, 99.9th(us): 18000, 99.99th(us): 32000
READ   - Takes(s): 1230.0, Count: 970921, OPS: 789.4, Avg(us): 1950, Min(us): 878, Max(us): 137373, 99th(us): 3000, 99.9th(us): 4000, 99.99th(us): 18000
READ_MODIFY_WRITE - Takes(s): 1229.8, Count: 485188, OPS: 394.5, Avg(us): 10703, Min(us): 7948, Max(us): 137372, 99th(us): 14000, 99.9th(us): 22000, 99.99th(us): 34000
UPDATE - Takes(s): 1229.9, Count: 485188, OPS: 394.5, Avg(us): 8725, Min(us): 6085, Max(us): 135365, 99th(us): 12000, 99.9th(us): 18000, 99.99th(us): 32000
READ   - Takes(s): 1240.0, Count: 978799, OPS: 789.4, Avg(us): 1950, Min(us): 878, Max(us): 137373, 99th(us): 3000, 99.9th(us): 4000, 99.99th(us): 19000
READ_MODIFY_WRITE - Takes(s): 1239.9, Count: 489163, OPS: 394.5, Avg(us): 10702, Min(us): 7948, Max(us): 137372, 99th(us): 14000, 99.9th(us): 22000, 99.99th(us): 34000
UPDATE - Takes(s): 1239.9, Count: 489163, OPS: 394.5, Avg(us): 8724, Min(us): 6085, Max(us): 135365, 99th(us): 12000, 99.9th(us): 18000, 99.99th(us): 32000
READ   - Takes(s): 1250.0, Count: 986617, OPS: 789.3, Avg(us): 1950, Min(us): 878, Max(us): 137373, 99th(us): 3000, 99.9th(us): 4000, 99.99th(us): 19000
READ_MODIFY_WRITE - Takes(s): 1249.9, Count: 493141, OPS: 394.6, Avg(us): 10702, Min(us): 7948, Max(us): 137372, 99th(us): 14000, 99.9th(us): 22000, 99.99th(us): 34000
UPDATE - Takes(s): 1249.9, Count: 493141, OPS: 394.6, Avg(us): 8724, Min(us): 6085, Max(us): 135365, 99th(us): 12000, 99.9th(us): 18000, 99.99th(us): 31000
READ   - Takes(s): 1260.0, Count: 994399, OPS: 789.2, Avg(us): 1950, Min(us): 878, Max(us): 137373, 99th(us): 3000, 99.9th(us): 4000, 99.99th(us): 19000
READ_MODIFY_WRITE - Takes(s): 1259.9, Count: 497122, OPS: 394.6, Avg(us): 10702, Min(us): 7948, Max(us): 137372, 99th(us): 14000, 99.9th(us): 22000, 99.99th(us): 34000
UPDATE - Takes(s): 1259.9, Count: 497122, OPS: 394.6, Avg(us): 8724, Min(us): 6085, Max(us): 135365, 99th(us): 12000, 99.9th(us): 18000, 99.99th(us): 31000
Run finished, takes 21m9.499988107s
READ   - Takes(s): 1269.5, Count: 1000000, OPS: 787.7, Avg(us): 1950, Min(us): 878, Max(us): 137373, 99th(us): 3000, 99.9th(us): 4000, 99.99th(us): 19000
READ_MODIFY_WRITE - Takes(s): 1269.3, Count: 499922, OPS: 393.8, Avg(us): 10702, Min(us): 7948, Max(us): 137372, 99th(us): 14000, 99.9th(us): 22000, 99.99th(us): 34000
UPDATE - Takes(s): 1269.3, Count: 499922, OPS: 393.8, Avg(us): 8724, Min(us): 6085, Max(us): 135365, 99th(us): 12000, 99.9th(us): 18000, 99.99th(us): 31000
[2022/06/06 15:03:00.491 -05:00] [INFO] [client.go:754] ["[pd] stop fetching the pending tso requests due to context canceled"] [dc-location=global]
[2022/06/06 15:03:00.491 -05:00] [INFO] [client.go:692] ["[pd] exit tso dispatcher"] [dc-location=global]
