[2022/06/06 15:13:13.436 -05:00] [INFO] [client.go:378] ["[pd] create pd client with endpoints"] [pd-address="[10.10.1.4:2379]"]
[2022/06/06 15:13:13.441 -05:00] [INFO] [base_client.go:350] ["[pd] switch leader"] [new-leader=http://10.10.1.4:2379] [old-leader=]
[2022/06/06 15:13:13.441 -05:00] [INFO] [base_client.go:105] ["[pd] init cluster id"] [cluster-id=7106192817000404639]
[2022/06/06 15:13:13.441 -05:00] [INFO] [client.go:673] ["[pd] tso dispatcher created"] [dc-location=global]
***************** properties *****************
"tikv.conncount"="128"
"dotransactions"="true"
"readallfields"="true"
"requestdistribution"="uniform"
"threadcount"="15"
"verbose"="false"
"tikv.type"="raw"
"workload"="core"
"readmodifywriteproportion"="0.5"
"tikv.batchsize"="128"
"readproportion"="0.5"
"operationcount"="1000000"
"updateproportion"="0"
"recordcount"="1000000"
"insertproportion"="0"
"tikv.pd"="10.10.1.4:2379"
"debug.pprof"=":6060"
"scanproportion"="0"
**********************************************
READ   - Takes(s): 10.0, Count: 24541, OPS: 2464.2, Avg(us): 1818, Min(us): 939, Max(us): 97485, 99th(us): 3000, 99.9th(us): 15000, 99.99th(us): 97000
READ_MODIFY_WRITE - Takes(s): 9.9, Count: 12280, OPS: 1240.6, Avg(us): 10353, Min(us): 7092, Max(us): 111374, 99th(us): 16000, 99.9th(us): 32000, 99.99th(us): 104000
UPDATE - Takes(s): 9.9, Count: 12281, OPS: 1240.6, Avg(us): 8518, Min(us): 5528, Max(us): 60977, 99th(us): 14000, 99.9th(us): 19000, 99.99th(us): 61000
READ   - Takes(s): 20.0, Count: 49583, OPS: 2484.3, Avg(us): 1787, Min(us): 892, Max(us): 97485, 99th(us): 3000, 99.9th(us): 4000, 99.99th(us): 96000
READ_MODIFY_WRITE - Takes(s): 19.9, Count: 24748, OPS: 1243.7, Avg(us): 10296, Min(us): 6641, Max(us): 111374, 99th(us): 16000, 99.9th(us): 27000, 99.99th(us): 104000
UPDATE - Takes(s): 19.9, Count: 24748, OPS: 1243.7, Avg(us): 8486, Min(us): 5085, Max(us): 60977, 99th(us): 14000, 99.9th(us): 19000, 99.99th(us): 61000
READ   - Takes(s): 30.0, Count: 73698, OPS: 2460.0, Avg(us): 1778, Min(us): 809, Max(us): 97485, 99th(us): 3000, 99.9th(us): 4000, 99.99th(us): 71000
READ_MODIFY_WRITE - Takes(s): 29.9, Count: 36828, OPS: 1231.8, Avg(us): 10411, Min(us): 6641, Max(us): 111374, 99th(us): 18000, 99.9th(us): 35000, 99.99th(us): 104000
UPDATE - Takes(s): 29.9, Count: 36828, OPS: 1231.8, Avg(us): 8610, Min(us): 5085, Max(us): 60977, 99th(us): 16000, 99.9th(us): 31000, 99.99th(us): 56000
READ   - Takes(s): 40.0, Count: 95798, OPS: 2397.4, Avg(us): 1782, Min(us): 809, Max(us): 97485, 99th(us): 3000, 99.9th(us): 4000, 99.99th(us): 43000
READ_MODIFY_WRITE - Takes(s): 39.9, Count: 47930, OPS: 1201.3, Avg(us): 10711, Min(us): 6641, Max(us): 111374, 99th(us): 22000, 99.9th(us): 34000, 99.99th(us): 103000
UPDATE - Takes(s): 39.9, Count: 47930, OPS: 1201.3, Avg(us): 8905, Min(us): 5085, Max(us): 60977, 99th(us): 20000, 99.9th(us): 30000, 99.99th(us): 55000
READ   - Takes(s): 50.0, Count: 118222, OPS: 2366.4, Avg(us): 1783, Min(us): 809, Max(us): 97485, 99th(us): 3000, 99.9th(us): 4000, 99.99th(us): 36000
READ_MODIFY_WRITE - Takes(s): 49.9, Count: 59164, OPS: 1185.7, Avg(us): 10870, Min(us): 6641, Max(us): 111374, 99th(us): 22000, 99.9th(us): 34000, 99.99th(us): 68000
UPDATE - Takes(s): 49.9, Count: 59164, OPS: 1185.7, Avg(us): 9063, Min(us): 5085, Max(us): 60977, 99th(us): 20000, 99.9th(us): 30000, 99.99th(us): 50000
READ   - Takes(s): 60.0, Count: 141171, OPS: 2354.5, Avg(us): 1783, Min(us): 809, Max(us): 97485, 99th(us): 3000, 99.9th(us): 4000, 99.99th(us): 35000
READ_MODIFY_WRITE - Takes(s): 59.9, Count: 70622, OPS: 1179.0, Avg(us): 10936, Min(us): 6641, Max(us): 111374, 99th(us): 22000, 99.9th(us): 34000, 99.99th(us): 58000
UPDATE - Takes(s): 59.9, Count: 70622, OPS: 1179.0, Avg(us): 9131, Min(us): 5085, Max(us): 60977, 99th(us): 20000, 99.9th(us): 30000, 99.99th(us): 45000
READ   - Takes(s): 70.0, Count: 165042, OPS: 2359.1, Avg(us): 1787, Min(us): 809, Max(us): 97485, 99th(us): 3000, 99.9th(us): 4000, 99.99th(us): 33000
READ_MODIFY_WRITE - Takes(s): 69.9, Count: 82608, OPS: 1181.8, Avg(us): 10902, Min(us): 6641, Max(us): 111374, 99th(us): 22000, 99.9th(us): 34000, 99.99th(us): 57000
UPDATE - Takes(s): 69.9, Count: 82608, OPS: 1181.8, Avg(us): 9092, Min(us): 5085, Max(us): 60977, 99th(us): 20000, 99.9th(us): 29000, 99.99th(us): 45000
READ   - Takes(s): 80.0, Count: 189594, OPS: 2371.1, Avg(us): 1789, Min(us): 809, Max(us): 97485, 99th(us): 3000, 99.9th(us): 4000, 99.99th(us): 33000
READ_MODIFY_WRITE - Takes(s): 79.9, Count: 94999, OPS: 1189.0, Avg(us): 10826, Min(us): 6641, Max(us): 111374, 99th(us): 21000, 99.9th(us): 34000, 99.99th(us): 52000
UPDATE - Takes(s): 79.9, Count: 94999, OPS: 1189.0, Avg(us): 9013, Min(us): 5085, Max(us): 60977, 99th(us): 19000, 99.9th(us): 29000, 99.99th(us): 45000
READ   - Takes(s): 90.0, Count: 214800, OPS: 2387.8, Avg(us): 1785, Min(us): 797, Max(us): 97485, 99th(us): 3000, 99.9th(us): 4000, 99.99th(us): 32000
READ_MODIFY_WRITE - Takes(s): 89.9, Count: 107486, OPS: 1195.6, Avg(us): 10753, Min(us): 6641, Max(us): 111374, 99th(us): 21000, 99.9th(us): 33000, 99.99th(us): 51000
UPDATE - Takes(s): 89.9, Count: 107486, OPS: 1195.6, Avg(us): 8944, Min(us): 5085, Max(us): 60977, 99th(us): 19000, 99.9th(us): 29000, 99.99th(us): 45000
READ   - Takes(s): 100.0, Count: 240062, OPS: 2401.6, Avg(us): 1780, Min(us): 797, Max(us): 97485, 99th(us): 3000, 99.9th(us): 4000, 99.99th(us): 32000
READ_MODIFY_WRITE - Takes(s): 99.9, Count: 120156, OPS: 1202.8, Avg(us): 10684, Min(us): 6641, Max(us): 111374, 99th(us): 20000, 99.9th(us): 33000, 99.99th(us): 49000
UPDATE - Takes(s): 99.9, Count: 120156, OPS: 1202.8, Avg(us): 8880, Min(us): 5085, Max(us): 60977, 99th(us): 18000, 99.9th(us): 29000, 99.99th(us): 45000
READ   - Takes(s): 110.0, Count: 265176, OPS: 2411.6, Avg(us): 1776, Min(us): 797, Max(us): 97485, 99th(us): 3000, 99.9th(us): 4000, 99.99th(us): 32000
READ_MODIFY_WRITE - Takes(s): 109.9, Count: 132673, OPS: 1207.2, Avg(us): 10640, Min(us): 6641, Max(us): 111374, 99th(us): 20000, 99.9th(us): 32000, 99.99th(us): 47000
UPDATE - Takes(s): 109.9, Count: 132673, OPS: 1207.2, Avg(us): 8840, Min(us): 5085, Max(us): 60977, 99th(us): 18000, 99.9th(us): 28000, 99.99th(us): 44000
READ   - Takes(s): 120.0, Count: 290533, OPS: 2421.9, Avg(us): 1772, Min(us): 797, Max(us): 97485, 99th(us): 3000, 99.9th(us): 4000, 99.99th(us): 32000
READ_MODIFY_WRITE - Takes(s): 119.9, Count: 145326, OPS: 1212.1, Avg(us): 10592, Min(us): 6641, Max(us): 111374, 99th(us): 20000, 99.9th(us): 32000, 99.99th(us): 49000
UPDATE - Takes(s): 119.9, Count: 145327, OPS: 1212.1, Avg(us): 8796, Min(us): 5082, Max(us): 60977, 99th(us): 18000, 99.9th(us): 28000, 99.99th(us): 44000
READ   - Takes(s): 130.0, Count: 315295, OPS: 2426.1, Avg(us): 1771, Min(us): 797, Max(us): 97485, 99th(us): 3000, 99.9th(us): 4000, 99.99th(us): 31000
READ_MODIFY_WRITE - Takes(s): 129.9, Count: 157639, OPS: 1213.6, Avg(us): 10576, Min(us): 6456, Max(us): 111374, 99th(us): 20000, 99.9th(us): 34000, 99.99th(us): 49000
UPDATE - Takes(s): 129.9, Count: 157639, OPS: 1213.6, Avg(us): 8781, Min(us): 4916, Max(us): 60977, 99th(us): 18000, 99.9th(us): 30000, 99.99th(us): 45000
READ   - Takes(s): 140.0, Count: 340392, OPS: 2432.1, Avg(us): 1770, Min(us): 797, Max(us): 97485, 99th(us): 3000, 99.9th(us): 4000, 99.99th(us): 32000
READ_MODIFY_WRITE - Takes(s): 139.9, Count: 170150, OPS: 1216.2, Avg(us): 10549, Min(us): 6456, Max(us): 111374, 99th(us): 20000, 99.9th(us): 34000, 99.99th(us): 47000
UPDATE - Takes(s): 139.9, Count: 170150, OPS: 1216.2, Avg(us): 8755, Min(us): 4916, Max(us): 60977, 99th(us): 18000, 99.9th(us): 29000, 99.99th(us): 44000
READ   - Takes(s): 150.0, Count: 365424, OPS: 2436.8, Avg(us): 1768, Min(us): 797, Max(us): 97485, 99th(us): 3000, 99.9th(us): 4000, 99.99th(us): 32000
READ_MODIFY_WRITE - Takes(s): 149.9, Count: 182814, OPS: 1219.6, Avg(us): 10520, Min(us): 6456, Max(us): 111374, 99th(us): 19000, 99.9th(us): 34000, 99.99th(us): 48000
UPDATE - Takes(s): 149.9, Count: 182814, OPS: 1219.6, Avg(us): 8728, Min(us): 4916, Max(us): 60977, 99th(us): 17000, 99.9th(us): 29000, 99.99th(us): 45000
READ   - Takes(s): 160.0, Count: 390741, OPS: 2442.8, Avg(us): 1765, Min(us): 797, Max(us): 97485, 99th(us): 3000, 99.9th(us): 4000, 99.99th(us): 32000
READ_MODIFY_WRITE - Takes(s): 159.9, Count: 195467, OPS: 1222.4, Avg(us): 10493, Min(us): 6456, Max(us): 111374, 99th(us): 19000, 99.9th(us): 34000, 99.99th(us): 47000
UPDATE - Takes(s): 159.9, Count: 195467, OPS: 1222.4, Avg(us): 8704, Min(us): 4916, Max(us): 60977, 99th(us): 17000, 99.9th(us): 29000, 99.99th(us): 44000
READ   - Takes(s): 170.0, Count: 415852, OPS: 2446.8, Avg(us): 1763, Min(us): 797, Max(us): 97485, 99th(us): 3000, 99.9th(us): 4000, 99.99th(us): 32000
READ_MODIFY_WRITE - Takes(s): 169.9, Count: 208144, OPS: 1225.1, Avg(us): 10470, Min(us): 6456, Max(us): 111374, 99th(us): 19000, 99.9th(us): 34000, 99.99th(us): 47000
UPDATE - Takes(s): 169.9, Count: 208145, OPS: 1225.1, Avg(us): 8683, Min(us): 4916, Max(us): 60977, 99th(us): 17000, 99.9th(us): 29000, 99.99th(us): 45000
READ   - Takes(s): 180.0, Count: 440997, OPS: 2450.5, Avg(us): 1761, Min(us): 797, Max(us): 97485, 99th(us): 3000, 99.9th(us): 4000, 99.99th(us): 31000
READ_MODIFY_WRITE - Takes(s): 179.9, Count: 220710, OPS: 1226.9, Avg(us): 10454, Min(us): 6456, Max(us): 111374, 99th(us): 19000, 99.9th(us): 33000, 99.99th(us): 47000
UPDATE - Takes(s): 179.9, Count: 220710, OPS: 1226.9, Avg(us): 8668, Min(us): 4916, Max(us): 60977, 99th(us): 17000, 99.9th(us): 28000, 99.99th(us): 44000
READ   - Takes(s): 190.0, Count: 465961, OPS: 2453.0, Avg(us): 1760, Min(us): 797, Max(us): 97485, 99th(us): 3000, 99.9th(us): 4000, 99.99th(us): 31000
READ_MODIFY_WRITE - Takes(s): 189.9, Count: 233257, OPS: 1228.3, Avg(us): 10441, Min(us): 6456, Max(us): 111374, 99th(us): 18000, 99.9th(us): 33000, 99.99th(us): 47000
UPDATE - Takes(s): 189.9, Count: 233257, OPS: 1228.3, Avg(us): 8655, Min(us): 4916, Max(us): 60977, 99th(us): 16000, 99.9th(us): 28000, 99.99th(us): 44000
READ   - Takes(s): 200.0, Count: 490934, OPS: 2455.2, Avg(us): 1759, Min(us): 797, Max(us): 97485, 99th(us): 3000, 99.9th(us): 4000, 99.99th(us): 31000
READ_MODIFY_WRITE - Takes(s): 199.9, Count: 245908, OPS: 1230.2, Avg(us): 10425, Min(us): 6456, Max(us): 111374, 99th(us): 18000, 99.9th(us): 32000, 99.99th(us): 47000
UPDATE - Takes(s): 199.9, Count: 245911, OPS: 1230.2, Avg(us): 8641, Min(us): 4916, Max(us): 60977, 99th(us): 16000, 99.9th(us): 28000, 99.99th(us): 44000
READ   - Takes(s): 210.0, Count: 516013, OPS: 2457.7, Avg(us): 1759, Min(us): 797, Max(us): 97485, 99th(us): 3000, 99.9th(us): 4000, 99.99th(us): 31000
READ_MODIFY_WRITE - Takes(s): 209.9, Count: 258450, OPS: 1231.3, Avg(us): 10414, Min(us): 6456, Max(us): 111374, 99th(us): 18000, 99.9th(us): 32000, 99.99th(us): 47000
UPDATE - Takes(s): 209.9, Count: 258450, OPS: 1231.3, Avg(us): 8631, Min(us): 4916, Max(us): 60977, 99th(us): 16000, 99.9th(us): 28000, 99.99th(us): 44000
READ   - Takes(s): 220.0, Count: 540578, OPS: 2457.6, Avg(us): 1758, Min(us): 797, Max(us): 97485, 99th(us): 3000, 99.9th(us): 4000, 99.99th(us): 31000
READ_MODIFY_WRITE - Takes(s): 219.9, Count: 270575, OPS: 1230.5, Avg(us): 10421, Min(us): 6456, Max(us): 111374, 99th(us): 18000, 99.9th(us): 33000, 99.99th(us): 47000
UPDATE - Takes(s): 219.9, Count: 270576, OPS: 1230.5, Avg(us): 8638, Min(us): 4916, Max(us): 60977, 99th(us): 16000, 99.9th(us): 28000, 99.99th(us): 43000
READ   - Takes(s): 230.0, Count: 565820, OPS: 2460.5, Avg(us): 1758, Min(us): 797, Max(us): 97485, 99th(us): 3000, 99.9th(us): 4000, 99.99th(us): 31000
READ_MODIFY_WRITE - Takes(s): 229.9, Count: 283184, OPS: 1231.8, Avg(us): 10408, Min(us): 6456, Max(us): 111374, 99th(us): 18000, 99.9th(us): 32000, 99.99th(us): 47000
UPDATE - Takes(s): 229.9, Count: 283185, OPS: 1231.8, Avg(us): 8625, Min(us): 4916, Max(us): 60977, 99th(us): 16000, 99.9th(us): 28000, 99.99th(us): 43000
READ   - Takes(s): 240.0, Count: 591144, OPS: 2463.5, Avg(us): 1756, Min(us): 797, Max(us): 97485, 99th(us): 3000, 99.9th(us): 4000, 99.99th(us): 31000
READ_MODIFY_WRITE - Takes(s): 239.9, Count: 295960, OPS: 1233.7, Avg(us): 10391, Min(us): 6456, Max(us): 111374, 99th(us): 18000, 99.9th(us): 32000, 99.99th(us): 47000
UPDATE - Takes(s): 239.9, Count: 295960, OPS: 1233.7, Avg(us): 8610, Min(us): 4916, Max(us): 60977, 99th(us): 16000, 99.9th(us): 28000, 99.99th(us): 43000
READ   - Takes(s): 250.0, Count: 616623, OPS: 2466.9, Avg(us): 1756, Min(us): 797, Max(us): 97485, 99th(us): 3000, 99.9th(us): 4000, 99.99th(us): 31000
READ_MODIFY_WRITE - Takes(s): 249.9, Count: 308635, OPS: 1235.0, Avg(us): 10378, Min(us): 6456, Max(us): 111374, 99th(us): 18000, 99.9th(us): 32000, 99.99th(us): 47000
UPDATE - Takes(s): 249.9, Count: 308635, OPS: 1235.0, Avg(us): 8597, Min(us): 4916, Max(us): 60977, 99th(us): 16000, 99.9th(us): 28000, 99.99th(us): 43000
READ   - Takes(s): 260.0, Count: 641961, OPS: 2469.5, Avg(us): 1755, Min(us): 792, Max(us): 97485, 99th(us): 3000, 99.9th(us): 4000, 99.99th(us): 31000
READ_MODIFY_WRITE - Takes(s): 259.9, Count: 321204, OPS: 1235.9, Avg(us): 10369, Min(us): 6456, Max(us): 111374, 99th(us): 18000, 99.9th(us): 32000, 99.99th(us): 46000
UPDATE - Takes(s): 259.9, Count: 321205, OPS: 1235.9, Avg(us): 8589, Min(us): 4916, Max(us): 60977, 99th(us): 16000, 99.9th(us): 28000, 99.99th(us): 42000
READ   - Takes(s): 270.0, Count: 667281, OPS: 2471.8, Avg(us): 1754, Min(us): 792, Max(us): 97485, 99th(us): 3000, 99.9th(us): 4000, 99.99th(us): 31000
READ_MODIFY_WRITE - Takes(s): 269.9, Count: 333787, OPS: 1236.7, Avg(us): 10361, Min(us): 6363, Max(us): 111374, 99th(us): 18000, 99.9th(us): 32000, 99.99th(us): 46000
UPDATE - Takes(s): 269.9, Count: 333787, OPS: 1236.7, Avg(us): 8582, Min(us): 4904, Max(us): 60977, 99th(us): 16000, 99.9th(us): 28000, 99.99th(us): 42000
READ   - Takes(s): 280.0, Count: 692615, OPS: 2474.0, Avg(us): 1753, Min(us): 792, Max(us): 97485, 99th(us): 3000, 99.9th(us): 4000, 99.99th(us): 31000
READ_MODIFY_WRITE - Takes(s): 279.9, Count: 346344, OPS: 1237.4, Avg(us): 10353, Min(us): 6363, Max(us): 111374, 99th(us): 18000, 99.9th(us): 32000, 99.99th(us): 46000
UPDATE - Takes(s): 279.9, Count: 346344, OPS: 1237.4, Avg(us): 8575, Min(us): 4904, Max(us): 60977, 99th(us): 16000, 99.9th(us): 28000, 99.99th(us): 42000
READ   - Takes(s): 290.0, Count: 717864, OPS: 2475.7, Avg(us): 1753, Min(us): 792, Max(us): 97485, 99th(us): 3000, 99.9th(us): 4000, 99.99th(us): 31000
READ_MODIFY_WRITE - Takes(s): 289.9, Count: 358974, OPS: 1238.3, Avg(us): 10345, Min(us): 6363, Max(us): 111374, 99th(us): 17000, 99.9th(us): 32000, 99.99th(us): 46000
UPDATE - Takes(s): 289.9, Count: 358974, OPS: 1238.3, Avg(us): 8568, Min(us): 4904, Max(us): 60977, 99th(us): 16000, 99.9th(us): 28000, 99.99th(us): 42000
READ   - Takes(s): 300.0, Count: 742936, OPS: 2476.8, Avg(us): 1752, Min(us): 792, Max(us): 97485, 99th(us): 3000, 99.9th(us): 4000, 99.99th(us): 31000
READ_MODIFY_WRITE - Takes(s): 299.9, Count: 371660, OPS: 1239.3, Avg(us): 10338, Min(us): 6363, Max(us): 111374, 99th(us): 17000, 99.9th(us): 32000, 99.99th(us): 46000
UPDATE - Takes(s): 299.9, Count: 371661, OPS: 1239.3, Avg(us): 8560, Min(us): 4904, Max(us): 60977, 99th(us): 15000, 99.9th(us): 28000, 99.99th(us): 42000
READ   - Takes(s): 310.0, Count: 767377, OPS: 2475.7, Avg(us): 1752, Min(us): 792, Max(us): 97485, 99th(us): 3000, 99.9th(us): 4000, 99.99th(us): 31000
READ_MODIFY_WRITE - Takes(s): 309.9, Count: 383790, OPS: 1238.4, Avg(us): 10345, Min(us): 6363, Max(us): 111374, 99th(us): 18000, 99.9th(us): 32000, 99.99th(us): 47000
UPDATE - Takes(s): 309.9, Count: 383790, OPS: 1238.4, Avg(us): 8567, Min(us): 4904, Max(us): 60977, 99th(us): 16000, 99.9th(us): 28000, 99.99th(us): 42000
READ   - Takes(s): 320.0, Count: 792627, OPS: 2477.3, Avg(us): 1752, Min(us): 792, Max(us): 97485, 99th(us): 3000, 99.9th(us): 4000, 99.99th(us): 31000
READ_MODIFY_WRITE - Takes(s): 319.9, Count: 396421, OPS: 1239.2, Avg(us): 10337, Min(us): 6363, Max(us): 111374, 99th(us): 17000, 99.9th(us): 32000, 99.99th(us): 46000
UPDATE - Takes(s): 319.9, Count: 396421, OPS: 1239.2, Avg(us): 8560, Min(us): 4904, Max(us): 60977, 99th(us): 16000, 99.9th(us): 28000, 99.99th(us): 43000
READ   - Takes(s): 330.0, Count: 818012, OPS: 2479.1, Avg(us): 1752, Min(us): 792, Max(us): 97485, 99th(us): 3000, 99.9th(us): 4000, 99.99th(us): 31000
READ_MODIFY_WRITE - Takes(s): 329.9, Count: 408968, OPS: 1239.7, Avg(us): 10332, Min(us): 6363, Max(us): 111374, 99th(us): 17000, 99.9th(us): 32000, 99.99th(us): 46000
UPDATE - Takes(s): 329.9, Count: 408968, OPS: 1239.7, Avg(us): 8555, Min(us): 4904, Max(us): 60977, 99th(us): 15000, 99.9th(us): 28000, 99.99th(us): 43000
READ   - Takes(s): 340.0, Count: 842967, OPS: 2479.6, Avg(us): 1752, Min(us): 792, Max(us): 97485, 99th(us): 3000, 99.9th(us): 4000, 99.99th(us): 31000
READ_MODIFY_WRITE - Takes(s): 339.9, Count: 421358, OPS: 1239.7, Avg(us): 10331, Min(us): 6363, Max(us): 111374, 99th(us): 17000, 99.9th(us): 32000, 99.99th(us): 46000
UPDATE - Takes(s): 339.9, Count: 421358, OPS: 1239.7, Avg(us): 8554, Min(us): 4797, Max(us): 60977, 99th(us): 15000, 99.9th(us): 28000, 99.99th(us): 42000
READ   - Takes(s): 350.0, Count: 867908, OPS: 2480.0, Avg(us): 1751, Min(us): 792, Max(us): 97485, 99th(us): 3000, 99.9th(us): 4000, 99.99th(us): 31000
READ_MODIFY_WRITE - Takes(s): 349.9, Count: 433779, OPS: 1239.7, Avg(us): 10330, Min(us): 6363, Max(us): 111374, 99th(us): 17000, 99.9th(us): 32000, 99.99th(us): 46000
UPDATE - Takes(s): 349.9, Count: 433779, OPS: 1239.7, Avg(us): 8553, Min(us): 4797, Max(us): 60977, 99th(us): 15000, 99.9th(us): 28000, 99.99th(us): 42000
READ   - Takes(s): 360.0, Count: 892970, OPS: 2480.8, Avg(us): 1751, Min(us): 792, Max(us): 97485, 99th(us): 3000, 99.9th(us): 4000, 99.99th(us): 31000
READ_MODIFY_WRITE - Takes(s): 359.9, Count: 446284, OPS: 1240.0, Avg(us): 10327, Min(us): 6363, Max(us): 111374, 99th(us): 17000, 99.9th(us): 32000, 99.99th(us): 46000
UPDATE - Takes(s): 359.9, Count: 446284, OPS: 1240.0, Avg(us): 8551, Min(us): 4797, Max(us): 60977, 99th(us): 15000, 99.9th(us): 28000, 99.99th(us): 42000
READ   - Takes(s): 370.0, Count: 918135, OPS: 2481.7, Avg(us): 1751, Min(us): 792, Max(us): 97485, 99th(us): 3000, 99.9th(us): 4000, 99.99th(us): 31000
READ_MODIFY_WRITE - Takes(s): 369.9, Count: 458808, OPS: 1240.4, Avg(us): 10324, Min(us): 6363, Max(us): 111374, 99th(us): 17000, 99.9th(us): 32000, 99.99th(us): 46000
UPDATE - Takes(s): 369.9, Count: 458808, OPS: 1240.4, Avg(us): 8548, Min(us): 4797, Max(us): 60977, 99th(us): 15000, 99.9th(us): 28000, 99.99th(us): 42000
READ   - Takes(s): 380.0, Count: 943266, OPS: 2482.5, Avg(us): 1751, Min(us): 792, Max(us): 97485, 99th(us): 3000, 99.9th(us): 4000, 99.99th(us): 31000
READ_MODIFY_WRITE - Takes(s): 379.9, Count: 471412, OPS: 1240.9, Avg(us): 10319, Min(us): 6363, Max(us): 111374, 99th(us): 17000, 99.9th(us): 32000, 99.99th(us): 46000
UPDATE - Takes(s): 379.9, Count: 471412, OPS: 1240.9, Avg(us): 8543, Min(us): 4797, Max(us): 60977, 99th(us): 15000, 99.9th(us): 28000, 99.99th(us): 42000
READ   - Takes(s): 390.0, Count: 968501, OPS: 2483.6, Avg(us): 1750, Min(us): 792, Max(us): 97485, 99th(us): 3000, 99.9th(us): 4000, 99.99th(us): 31000
READ_MODIFY_WRITE - Takes(s): 389.9, Count: 484059, OPS: 1241.5, Avg(us): 10314, Min(us): 6363, Max(us): 111374, 99th(us): 17000, 99.9th(us): 32000, 99.99th(us): 46000
UPDATE - Takes(s): 389.9, Count: 484060, OPS: 1241.5, Avg(us): 8538, Min(us): 4797, Max(us): 60977, 99th(us): 15000, 99.9th(us): 28000, 99.99th(us): 42000
READ   - Takes(s): 400.0, Count: 993445, OPS: 2483.9, Avg(us): 1750, Min(us): 792, Max(us): 97485, 99th(us): 3000, 99.9th(us): 4000, 99.99th(us): 31000
READ_MODIFY_WRITE - Takes(s): 399.9, Count: 496609, OPS: 1241.8, Avg(us): 10311, Min(us): 6363, Max(us): 111374, 99th(us): 17000, 99.9th(us): 32000, 99.99th(us): 46000
UPDATE - Takes(s): 399.9, Count: 496609, OPS: 1241.8, Avg(us): 8535, Min(us): 4797, Max(us): 60977, 99th(us): 15000, 99.9th(us): 28000, 99.99th(us): 42000
Run finished, takes 6m45.372181125s
READ   - Takes(s): 405.3, Count: 999986, OPS: 2467.1, Avg(us): 1751, Min(us): 792, Max(us): 97485, 99th(us): 3000, 99.9th(us): 4000, 99.99th(us): 31000
READ_MODIFY_WRITE - Takes(s): 405.3, Count: 499892, OPS: 1233.5, Avg(us): 10320, Min(us): 6363, Max(us): 111374, 99th(us): 17000, 99.9th(us): 32000, 99.99th(us): 46000
UPDATE - Takes(s): 405.3, Count: 499892, OPS: 1233.5, Avg(us): 8544, Min(us): 4797, Max(us): 60977, 99th(us): 15000, 99.9th(us): 28000, 99.99th(us): 42000
[2022/06/06 15:19:58.815 -05:00] [INFO] [client.go:754] ["[pd] stop fetching the pending tso requests due to context canceled"] [dc-location=global]
[2022/06/06 15:19:58.815 -05:00] [INFO] [client.go:692] ["[pd] exit tso dispatcher"] [dc-location=global]
