[2022/06/06 15:52:25.676 -05:00] [INFO] [client.go:378] ["[pd] create pd client with endpoints"] [pd-address="[10.10.1.4:2379]"]
[2022/06/06 15:52:25.682 -05:00] [INFO] [base_client.go:350] ["[pd] switch leader"] [new-leader=http://10.10.1.4:2379] [old-leader=]
[2022/06/06 15:52:25.682 -05:00] [INFO] [base_client.go:105] ["[pd] init cluster id"] [cluster-id=7106192817000404639]
[2022/06/06 15:52:25.682 -05:00] [INFO] [client.go:673] ["[pd] tso dispatcher created"] [dc-location=global]
***************** properties *****************
"updateproportion"="0"
"tikv.pd"="10.10.1.4:2379"
"readproportion"="0.5"
"operationcount"="1000000"
"tikv.conncount"="128"
"tikv.batchsize"="128"
"dotransactions"="true"
"workload"="core"
"recordcount"="1000000"
"verbose"="false"
"readmodifywriteproportion"="0.5"
"insertproportion"="0"
"tikv.type"="raw"
"threadcount"="70"
"requestdistribution"="uniform"
"readallfields"="true"
"scanproportion"="0"
"debug.pprof"=":6060"
**********************************************
READ   - Takes(s): 10.0, Count: 78294, OPS: 7861.0, Avg(us): 2121, Min(us): 621, Max(us): 153678, 99th(us): 7000, 99.9th(us): 42000, 99.99th(us): 91000
READ_MODIFY_WRITE - Takes(s): 9.9, Count: 39022, OPS: 3940.7, Avg(us): 15794, Min(us): 6356, Max(us): 186240, 99th(us): 28000, 99.9th(us): 98000, 99.99th(us): 171000
UPDATE - Takes(s): 9.9, Count: 39024, OPS: 3940.7, Avg(us): 13628, Min(us): 5031, Max(us): 98590, 99th(us): 24000, 99.9th(us): 57000, 99.99th(us): 91000
READ   - Takes(s): 20.0, Count: 157841, OPS: 7908.1, Avg(us): 2081, Min(us): 621, Max(us): 153678, 99th(us): 7000, 99.9th(us): 19000, 99.99th(us): 90000
READ_MODIFY_WRITE - Takes(s): 19.9, Count: 78747, OPS: 3956.7, Avg(us): 15672, Min(us): 6356, Max(us): 186240, 99th(us): 27000, 99.9th(us): 63000, 99.99th(us): 119000
UPDATE - Takes(s): 19.9, Count: 78753, OPS: 3956.9, Avg(us): 13558, Min(us): 5031, Max(us): 98590, 99th(us): 24000, 99.9th(us): 47000, 99.99th(us): 76000
READ   - Takes(s): 30.0, Count: 229135, OPS: 7648.2, Avg(us): 2067, Min(us): 621, Max(us): 153678, 99th(us): 7000, 99.9th(us): 17000, 99.99th(us): 90000
READ_MODIFY_WRITE - Takes(s): 29.9, Count: 114596, OPS: 3832.4, Avg(us): 16249, Min(us): 6356, Max(us): 186240, 99th(us): 33000, 99.9th(us): 72000, 99.99th(us): 118000
UPDATE - Takes(s): 29.9, Count: 114599, OPS: 3832.5, Avg(us): 14146, Min(us): 5031, Max(us): 98590, 99th(us): 29000, 99.9th(us): 60000, 99.99th(us): 91000
READ   - Takes(s): 40.0, Count: 302133, OPS: 7561.0, Avg(us): 2070, Min(us): 621, Max(us): 153678, 99th(us): 7000, 99.9th(us): 17000, 99.99th(us): 90000
READ_MODIFY_WRITE - Takes(s): 39.9, Count: 151235, OPS: 3790.2, Avg(us): 16439, Min(us): 6173, Max(us): 186240, 99th(us): 33000, 99.9th(us): 71000, 99.99th(us): 114000
UPDATE - Takes(s): 39.9, Count: 151237, OPS: 3790.2, Avg(us): 14336, Min(us): 5031, Max(us): 98590, 99th(us): 30000, 99.9th(us): 60000, 99.99th(us): 88000
READ   - Takes(s): 50.0, Count: 375527, OPS: 7516.7, Avg(us): 2066, Min(us): 617, Max(us): 153678, 99th(us): 7000, 99.9th(us): 16000, 99.99th(us): 89000
READ_MODIFY_WRITE - Takes(s): 49.9, Count: 188252, OPS: 3772.4, Avg(us): 16526, Min(us): 6129, Max(us): 186240, 99th(us): 33000, 99.9th(us): 70000, 99.99th(us): 113000
UPDATE - Takes(s): 49.9, Count: 188252, OPS: 3772.4, Avg(us): 14427, Min(us): 4703, Max(us): 98590, 99th(us): 30000, 99.9th(us): 59000, 99.99th(us): 87000
READ   - Takes(s): 60.0, Count: 450509, OPS: 7513.6, Avg(us): 2060, Min(us): 617, Max(us): 153678, 99th(us): 7000, 99.9th(us): 16000, 99.99th(us): 88000
READ_MODIFY_WRITE - Takes(s): 59.9, Count: 225763, OPS: 3768.9, Avg(us): 16541, Min(us): 6129, Max(us): 186240, 99th(us): 33000, 99.9th(us): 71000, 99.99th(us): 111000
UPDATE - Takes(s): 59.9, Count: 225764, OPS: 3768.9, Avg(us): 14449, Min(us): 4703, Max(us): 98590, 99th(us): 30000, 99.9th(us): 62000, 99.99th(us): 88000
READ   - Takes(s): 70.0, Count: 531254, OPS: 7593.7, Avg(us): 2055, Min(us): 614, Max(us): 153678, 99th(us): 7000, 99.9th(us): 16000, 99.99th(us): 68000
READ_MODIFY_WRITE - Takes(s): 69.9, Count: 266053, OPS: 3806.1, Avg(us): 16358, Min(us): 5719, Max(us): 186240, 99th(us): 33000, 99.9th(us): 70000, 99.99th(us): 105000
UPDATE - Takes(s): 69.9, Count: 266057, OPS: 3806.1, Avg(us): 14272, Min(us): 4450, Max(us): 98590, 99th(us): 30000, 99.9th(us): 60000, 99.99th(us): 87000
READ   - Takes(s): 80.0, Count: 608490, OPS: 7610.0, Avg(us): 2057, Min(us): 614, Max(us): 153678, 99th(us): 7000, 99.9th(us): 16000, 99.99th(us): 69000
READ_MODIFY_WRITE - Takes(s): 79.9, Count: 304720, OPS: 3813.7, Avg(us): 16314, Min(us): 5719, Max(us): 186240, 99th(us): 32000, 99.9th(us): 70000, 99.99th(us): 103000
UPDATE - Takes(s): 79.9, Count: 304721, OPS: 3813.7, Avg(us): 14227, Min(us): 4450, Max(us): 98590, 99th(us): 29000, 99.9th(us): 60000, 99.99th(us): 87000
READ   - Takes(s): 90.0, Count: 684830, OPS: 7612.7, Avg(us): 2054, Min(us): 597, Max(us): 153678, 99th(us): 7000, 99.9th(us): 15000, 99.99th(us): 68000
READ_MODIFY_WRITE - Takes(s): 89.9, Count: 342621, OPS: 3811.1, Avg(us): 16324, Min(us): 5719, Max(us): 186240, 99th(us): 32000, 99.9th(us): 73000, 99.99th(us): 107000
UPDATE - Takes(s): 89.9, Count: 342624, OPS: 3811.1, Avg(us): 14239, Min(us): 4450, Max(us): 111509, 99th(us): 29000, 99.9th(us): 64000, 99.99th(us): 89000
READ   - Takes(s): 100.0, Count: 764587, OPS: 7649.0, Avg(us): 2054, Min(us): 597, Max(us): 153678, 99th(us): 7000, 99.9th(us): 16000, 99.99th(us): 68000
READ_MODIFY_WRITE - Takes(s): 99.9, Count: 382411, OPS: 3827.9, Avg(us): 16240, Min(us): 5719, Max(us): 186240, 99th(us): 32000, 99.9th(us): 72000, 99.99th(us): 105000
UPDATE - Takes(s): 99.9, Count: 382412, OPS: 3827.9, Avg(us): 14157, Min(us): 4450, Max(us): 111509, 99th(us): 29000, 99.9th(us): 63000, 99.99th(us): 89000
READ   - Takes(s): 110.0, Count: 844139, OPS: 7676.8, Avg(us): 2051, Min(us): 591, Max(us): 153678, 99th(us): 7000, 99.9th(us): 16000, 99.99th(us): 68000
READ_MODIFY_WRITE - Takes(s): 109.9, Count: 421917, OPS: 3839.0, Avg(us): 16185, Min(us): 5719, Max(us): 186240, 99th(us): 32000, 99.9th(us): 72000, 99.99th(us): 103000
UPDATE - Takes(s): 109.9, Count: 421918, OPS: 3839.0, Avg(us): 14106, Min(us): 4450, Max(us): 111509, 99th(us): 29000, 99.9th(us): 63000, 99.99th(us): 88000
READ   - Takes(s): 120.0, Count: 920367, OPS: 7672.3, Avg(us): 2051, Min(us): 591, Max(us): 153678, 99th(us): 7000, 99.9th(us): 16000, 99.99th(us): 68000
READ_MODIFY_WRITE - Takes(s): 119.9, Count: 460198, OPS: 3838.1, Avg(us): 16189, Min(us): 5489, Max(us): 186240, 99th(us): 32000, 99.9th(us): 73000, 99.99th(us): 103000
UPDATE - Takes(s): 119.9, Count: 460198, OPS: 3838.1, Avg(us): 14109, Min(us): 4450, Max(us): 111509, 99th(us): 29000, 99.9th(us): 64000, 99.99th(us): 89000
READ   - Takes(s): 130.0, Count: 997914, OPS: 7678.6, Avg(us): 2052, Min(us): 591, Max(us): 153678, 99th(us): 7000, 99.9th(us): 17000, 99.99th(us): 68000
READ_MODIFY_WRITE - Takes(s): 129.9, Count: 498646, OPS: 3838.6, Avg(us): 16130, Min(us): 5489, Max(us): 186240, 99th(us): 31000, 99.9th(us): 73000, 99.99th(us): 101000
UPDATE - Takes(s): 129.9, Count: 498648, OPS: 3838.6, Avg(us): 14049, Min(us): 4450, Max(us): 111509, 99th(us): 28000, 99.9th(us): 64000, 99.99th(us): 90000
Run finished, takes 2m11.427956522s
READ   - Takes(s): 131.4, Count: 999950, OPS: 7610.8, Avg(us): 2052, Min(us): 591, Max(us): 153678, 99th(us): 7000, 99.9th(us): 17000, 99.99th(us): 69000
READ_MODIFY_WRITE - Takes(s): 131.3, Count: 499711, OPS: 3805.0, Avg(us): 16117, Min(us): 5489, Max(us): 186240, 99th(us): 31000, 99.9th(us): 73000, 99.99th(us): 102000
UPDATE - Takes(s): 131.3, Count: 499711, OPS: 3805.0, Avg(us): 14037, Min(us): 4450, Max(us): 111509, 99th(us): 28000, 99.9th(us): 64000, 99.99th(us): 90000
[2022/06/06 15:54:37.111 -05:00] [INFO] [client.go:754] ["[pd] stop fetching the pending tso requests due to context canceled"] [dc-location=global]
[2022/06/06 15:54:37.111 -05:00] [INFO] [client.go:692] ["[pd] exit tso dispatcher"] [dc-location=global]
