[2022/06/06 15:33:16.357 -05:00] [INFO] [client.go:378] ["[pd] create pd client with endpoints"] [pd-address="[10.10.1.4:2379]"]
[2022/06/06 15:33:16.363 -05:00] [INFO] [base_client.go:350] ["[pd] switch leader"] [new-leader=http://10.10.1.4:2379] [old-leader=]
[2022/06/06 15:33:16.363 -05:00] [INFO] [base_client.go:105] ["[pd] init cluster id"] [cluster-id=7106192817000404639]
[2022/06/06 15:33:16.363 -05:00] [INFO] [client.go:673] ["[pd] tso dispatcher created"] [dc-location=global]
***************** properties *****************
"recordcount"="1000000"
"readmodifywriteproportion"="0.5"
"tikv.conncount"="128"
"readproportion"="0.5"
"insertproportion"="0"
"verbose"="false"
"debug.pprof"=":6060"
"tikv.type"="raw"
"requestdistribution"="uniform"
"tikv.pd"="10.10.1.4:2379"
"tikv.batchsize"="128"
"threadcount"="35"
"dotransactions"="true"
"scanproportion"="0"
"readallfields"="true"
"operationcount"="1000000"
"updateproportion"="0"
"workload"="core"
**********************************************
READ   - Takes(s): 10.0, Count: 47117, OPS: 4730.5, Avg(us): 1875, Min(us): 682, Max(us): 88134, 99th(us): 4000, 99.9th(us): 26000, 99.99th(us): 85000
READ_MODIFY_WRITE - Takes(s): 9.9, Count: 23576, OPS: 2379.6, Avg(us): 12929, Min(us): 6710, Max(us): 153507, 99th(us): 29000, 99.9th(us): 115000, 99.99th(us): 148000
UPDATE - Takes(s): 9.9, Count: 23580, OPS: 2379.9, Avg(us): 11041, Min(us): 4924, Max(us): 150884, 99th(us): 26000, 99.9th(us): 124000, 99.99th(us): 149000
READ   - Takes(s): 20.0, Count: 97541, OPS: 4886.8, Avg(us): 1825, Min(us): 675, Max(us): 88134, 99th(us): 4000, 99.9th(us): 11000, 99.99th(us): 85000
READ_MODIFY_WRITE - Takes(s): 19.9, Count: 48827, OPS: 2452.7, Avg(us): 12489, Min(us): 6111, Max(us): 153507, 99th(us): 24000, 99.9th(us): 59000, 99.99th(us): 144000
UPDATE - Takes(s): 19.9, Count: 48830, OPS: 2452.8, Avg(us): 10642, Min(us): 4814, Max(us): 150884, 99th(us): 22000, 99.9th(us): 48000, 99.99th(us): 145000
READ   - Takes(s): 30.0, Count: 147785, OPS: 4932.8, Avg(us): 1809, Min(us): 675, Max(us): 88134, 99th(us): 4000, 99.9th(us): 9000, 99.99th(us): 83000
READ_MODIFY_WRITE - Takes(s): 29.9, Count: 73968, OPS: 2473.3, Avg(us): 12367, Min(us): 6111, Max(us): 153507, 99th(us): 23000, 99.9th(us): 52000, 99.99th(us): 143000
UPDATE - Takes(s): 29.9, Count: 73968, OPS: 2473.2, Avg(us): 10534, Min(us): 4814, Max(us): 150884, 99th(us): 20000, 99.9th(us): 43000, 99.99th(us): 141000
READ   - Takes(s): 40.0, Count: 198659, OPS: 4971.5, Avg(us): 1795, Min(us): 673, Max(us): 88134, 99th(us): 4000, 99.9th(us): 8000, 99.99th(us): 60000
READ_MODIFY_WRITE - Takes(s): 39.9, Count: 99487, OPS: 2493.0, Avg(us): 12263, Min(us): 5623, Max(us): 153507, 99th(us): 22000, 99.9th(us): 50000, 99.99th(us): 141000
UPDATE - Takes(s): 39.9, Count: 99488, OPS: 2493.0, Avg(us): 10442, Min(us): 4213, Max(us): 150884, 99th(us): 20000, 99.9th(us): 41000, 99.99th(us): 141000
READ   - Takes(s): 50.0, Count: 247323, OPS: 4950.4, Avg(us): 1792, Min(us): 673, Max(us): 88134, 99th(us): 4000, 99.9th(us): 8000, 99.99th(us): 48000
READ_MODIFY_WRITE - Takes(s): 49.9, Count: 123951, OPS: 2483.6, Avg(us): 12316, Min(us): 5393, Max(us): 153507, 99th(us): 24000, 99.9th(us): 54000, 99.99th(us): 138000
UPDATE - Takes(s): 49.9, Count: 123951, OPS: 2483.6, Avg(us): 10498, Min(us): 4213, Max(us): 150884, 99th(us): 21000, 99.9th(us): 46000, 99.99th(us): 129000
READ   - Takes(s): 60.0, Count: 298474, OPS: 4977.9, Avg(us): 1786, Min(us): 656, Max(us): 88134, 99th(us): 4000, 99.9th(us): 7000, 99.99th(us): 48000
READ_MODIFY_WRITE - Takes(s): 59.9, Count: 149586, OPS: 2497.0, Avg(us): 12242, Min(us): 5393, Max(us): 153507, 99th(us): 23000, 99.9th(us): 52000, 99.99th(us): 134000
UPDATE - Takes(s): 59.9, Count: 149586, OPS: 2497.0, Avg(us): 10431, Min(us): 4213, Max(us): 150884, 99th(us): 20000, 99.9th(us): 45000, 99.99th(us): 133000
READ   - Takes(s): 70.0, Count: 349479, OPS: 4995.4, Avg(us): 1785, Min(us): 648, Max(us): 88134, 99th(us): 4000, 99.9th(us): 7000, 99.99th(us): 48000
READ_MODIFY_WRITE - Takes(s): 69.9, Count: 175165, OPS: 2505.7, Avg(us): 12193, Min(us): 5393, Max(us): 153507, 99th(us): 22000, 99.9th(us): 52000, 99.99th(us): 132000
UPDATE - Takes(s): 69.9, Count: 175166, OPS: 2505.7, Avg(us): 10382, Min(us): 4213, Max(us): 150884, 99th(us): 20000, 99.9th(us): 44000, 99.99th(us): 131000
READ   - Takes(s): 80.0, Count: 400646, OPS: 5010.6, Avg(us): 1782, Min(us): 648, Max(us): 88134, 99th(us): 4000, 99.9th(us): 7000, 99.99th(us): 47000
READ_MODIFY_WRITE - Takes(s): 79.9, Count: 200830, OPS: 2513.3, Avg(us): 12151, Min(us): 5393, Max(us): 153507, 99th(us): 22000, 99.9th(us): 51000, 99.99th(us): 129000
UPDATE - Takes(s): 79.9, Count: 200831, OPS: 2513.3, Avg(us): 10343, Min(us): 4213, Max(us): 150884, 99th(us): 20000, 99.9th(us): 44000, 99.99th(us): 128000
READ   - Takes(s): 90.0, Count: 452183, OPS: 5026.5, Avg(us): 1781, Min(us): 648, Max(us): 88134, 99th(us): 4000, 99.9th(us): 7000, 99.99th(us): 46000
READ_MODIFY_WRITE - Takes(s): 89.9, Count: 226600, OPS: 2520.4, Avg(us): 12111, Min(us): 5393, Max(us): 153507, 99th(us): 22000, 99.9th(us): 51000, 99.99th(us): 126000
UPDATE - Takes(s): 89.9, Count: 226601, OPS: 2520.4, Avg(us): 10305, Min(us): 4213, Max(us): 150884, 99th(us): 19000, 99.9th(us): 43000, 99.99th(us): 124000
READ   - Takes(s): 100.0, Count: 500668, OPS: 5008.7, Avg(us): 1780, Min(us): 648, Max(us): 88134, 99th(us): 4000, 99.9th(us): 7000, 99.99th(us): 46000
READ_MODIFY_WRITE - Takes(s): 99.9, Count: 250786, OPS: 2510.2, Avg(us): 12164, Min(us): 5393, Max(us): 153507, 99th(us): 23000, 99.9th(us): 51000, 99.99th(us): 115000
UPDATE - Takes(s): 99.9, Count: 250786, OPS: 2510.2, Avg(us): 10359, Min(us): 4213, Max(us): 150884, 99th(us): 20000, 99.9th(us): 45000, 99.99th(us): 114000
READ   - Takes(s): 110.0, Count: 551991, OPS: 5019.9, Avg(us): 1779, Min(us): 648, Max(us): 88134, 99th(us): 4000, 99.9th(us): 7000, 99.99th(us): 46000
READ_MODIFY_WRITE - Takes(s): 109.9, Count: 276239, OPS: 2513.4, Avg(us): 12143, Min(us): 5393, Max(us): 153507, 99th(us): 22000, 99.9th(us): 51000, 99.99th(us): 101000
UPDATE - Takes(s): 109.9, Count: 276241, OPS: 2513.4, Avg(us): 10339, Min(us): 4213, Max(us): 150884, 99th(us): 20000, 99.9th(us): 45000, 99.99th(us): 95000
READ   - Takes(s): 120.0, Count: 602369, OPS: 5021.4, Avg(us): 1777, Min(us): 648, Max(us): 88134, 99th(us): 4000, 99.9th(us): 7000, 99.99th(us): 46000
READ_MODIFY_WRITE - Takes(s): 119.9, Count: 301611, OPS: 2515.4, Avg(us): 12135, Min(us): 5393, Max(us): 153507, 99th(us): 22000, 99.9th(us): 50000, 99.99th(us): 100000
UPDATE - Takes(s): 119.9, Count: 301611, OPS: 2515.4, Avg(us): 10333, Min(us): 4213, Max(us): 150884, 99th(us): 20000, 99.9th(us): 44000, 99.99th(us): 91000
READ   - Takes(s): 130.0, Count: 653253, OPS: 5026.6, Avg(us): 1777, Min(us): 648, Max(us): 88134, 99th(us): 4000, 99.9th(us): 7000, 99.99th(us): 45000
READ_MODIFY_WRITE - Takes(s): 129.9, Count: 326941, OPS: 2516.7, Avg(us): 12126, Min(us): 5393, Max(us): 153507, 99th(us): 22000, 99.9th(us): 50000, 99.99th(us): 98000
UPDATE - Takes(s): 129.9, Count: 326942, OPS: 2516.7, Avg(us): 10324, Min(us): 4213, Max(us): 150884, 99th(us): 20000, 99.9th(us): 44000, 99.99th(us): 89000
READ   - Takes(s): 140.0, Count: 701813, OPS: 5014.4, Avg(us): 1778, Min(us): 648, Max(us): 88134, 99th(us): 4000, 99.9th(us): 7000, 99.99th(us): 45000
READ_MODIFY_WRITE - Takes(s): 139.9, Count: 351208, OPS: 2510.3, Avg(us): 12160, Min(us): 5393, Max(us): 153507, 99th(us): 23000, 99.9th(us): 51000, 99.99th(us): 97000
UPDATE - Takes(s): 139.9, Count: 351208, OPS: 2510.3, Avg(us): 10356, Min(us): 4213, Max(us): 150884, 99th(us): 20000, 99.9th(us): 45000, 99.99th(us): 86000
READ   - Takes(s): 150.0, Count: 747796, OPS: 4986.6, Avg(us): 1778, Min(us): 648, Max(us): 88134, 99th(us): 4000, 99.9th(us): 6000, 99.99th(us): 46000
READ_MODIFY_WRITE - Takes(s): 149.9, Count: 374260, OPS: 2496.6, Avg(us): 12236, Min(us): 5393, Max(us): 153507, 99th(us): 24000, 99.9th(us): 50000, 99.99th(us): 96000
UPDATE - Takes(s): 149.9, Count: 374261, OPS: 2496.6, Avg(us): 10432, Min(us): 4213, Max(us): 150884, 99th(us): 21000, 99.9th(us): 45000, 99.99th(us): 85000
READ   - Takes(s): 160.0, Count: 794765, OPS: 4968.5, Avg(us): 1778, Min(us): 648, Max(us): 88134, 99th(us): 4000, 99.9th(us): 6000, 99.99th(us): 45000
READ_MODIFY_WRITE - Takes(s): 159.9, Count: 397642, OPS: 2486.7, Avg(us): 12290, Min(us): 5393, Max(us): 153507, 99th(us): 24000, 99.9th(us): 50000, 99.99th(us): 96000
UPDATE - Takes(s): 159.9, Count: 397642, OPS: 2486.7, Avg(us): 10487, Min(us): 4213, Max(us): 150884, 99th(us): 22000, 99.9th(us): 44000, 99.99th(us): 83000
READ   - Takes(s): 170.0, Count: 842218, OPS: 4955.4, Avg(us): 1778, Min(us): 648, Max(us): 88134, 99th(us): 4000, 99.9th(us): 6000, 99.99th(us): 45000
READ_MODIFY_WRITE - Takes(s): 169.9, Count: 421496, OPS: 2480.7, Avg(us): 12325, Min(us): 5393, Max(us): 153507, 99th(us): 24000, 99.9th(us): 50000, 99.99th(us): 92000
UPDATE - Takes(s): 169.9, Count: 421496, OPS: 2480.7, Avg(us): 10521, Min(us): 4213, Max(us): 150884, 99th(us): 22000, 99.9th(us): 44000, 99.99th(us): 82000
READ   - Takes(s): 180.0, Count: 890341, OPS: 4947.4, Avg(us): 1779, Min(us): 628, Max(us): 88134, 99th(us): 4000, 99.9th(us): 6000, 99.99th(us): 45000
READ_MODIFY_WRITE - Takes(s): 179.9, Count: 445692, OPS: 2477.3, Avg(us): 12343, Min(us): 5393, Max(us): 153507, 99th(us): 24000, 99.9th(us): 50000, 99.99th(us): 91000
UPDATE - Takes(s): 179.9, Count: 445692, OPS: 2477.3, Avg(us): 10539, Min(us): 4213, Max(us): 150884, 99th(us): 22000, 99.9th(us): 44000, 99.99th(us): 77000
READ   - Takes(s): 190.0, Count: 938970, OPS: 4943.0, Avg(us): 1780, Min(us): 628, Max(us): 88134, 99th(us): 4000, 99.9th(us): 6000, 99.99th(us): 45000
READ_MODIFY_WRITE - Takes(s): 189.9, Count: 469989, OPS: 2474.8, Avg(us): 12356, Min(us): 5393, Max(us): 153507, 99th(us): 25000, 99.9th(us): 50000, 99.99th(us): 89000
UPDATE - Takes(s): 189.9, Count: 469989, OPS: 2474.8, Avg(us): 10551, Min(us): 4213, Max(us): 150884, 99th(us): 22000, 99.9th(us): 44000, 99.99th(us): 76000
READ   - Takes(s): 200.0, Count: 990071, OPS: 4951.3, Avg(us): 1780, Min(us): 628, Max(us): 88134, 99th(us): 4000, 99.9th(us): 6000, 99.99th(us): 45000
READ_MODIFY_WRITE - Takes(s): 199.9, Count: 495396, OPS: 2478.1, Avg(us): 12335, Min(us): 5393, Max(us): 153507, 99th(us): 24000, 99.9th(us): 49000, 99.99th(us): 88000
UPDATE - Takes(s): 199.9, Count: 495396, OPS: 2478.1, Avg(us): 10531, Min(us): 4213, Max(us): 150884, 99th(us): 22000, 99.9th(us): 43000, 99.99th(us): 74000
Run finished, takes 3m23.30132528s
READ   - Takes(s): 203.3, Count: 999984, OPS: 4919.7, Avg(us): 1779, Min(us): 628, Max(us): 88134, 99th(us): 4000, 99.9th(us): 6000, 99.99th(us): 45000
READ_MODIFY_WRITE - Takes(s): 203.2, Count: 500397, OPS: 2462.5, Avg(us): 12323, Min(us): 5393, Max(us): 153507, 99th(us): 24000, 99.9th(us): 49000, 99.99th(us): 87000
UPDATE - Takes(s): 203.2, Count: 500397, OPS: 2462.5, Avg(us): 10519, Min(us): 4213, Max(us): 150884, 99th(us): 22000, 99.9th(us): 43000, 99.99th(us): 73000
[2022/06/06 15:36:39.666 -05:00] [INFO] [client.go:754] ["[pd] stop fetching the pending tso requests due to context canceled"] [dc-location=global]
[2022/06/06 15:36:39.666 -05:00] [INFO] [client.go:692] ["[pd] exit tso dispatcher"] [dc-location=global]
