[2022/06/07 09:53:37.244 -05:00] [INFO] [client.go:378] ["[pd] create pd client with endpoints"] [pd-address="[10.10.1.4:2379]"]
[2022/06/07 09:53:37.249 -05:00] [INFO] [base_client.go:350] ["[pd] switch leader"] [new-leader=http://10.10.1.4:2379] [old-leader=]
[2022/06/07 09:53:37.249 -05:00] [INFO] [base_client.go:105] ["[pd] init cluster id"] [cluster-id=7106506722672181532]
[2022/06/07 09:53:37.251 -05:00] [INFO] [client.go:673] ["[pd] tso dispatcher created"] [dc-location=global]
***************** properties *****************
"tikv.conncount"="128"
"debug.pprof"=":6060"
"verbose"="false"
"recordcount"="1000000"
"tikv.pd"="10.10.1.4:2379"
"dotransactions"="true"
"updateproportion"="0"
"tikv.type"="raw"
"scanproportion"="0"
"operationcount"="1000000"
"insertproportion"="0"
"readmodifywriteproportion"="0.5"
"workload"="core"
"requestdistribution"="uniform"
"readallfields"="true"
"readproportion"="0.5"
"tikv.batchsize"="128"
"threadcount"="110"
**********************************************
READ   - Takes(s): 10.0, Count: 104167, OPS: 10459.7, Avg(us): 2578, Min(us): 573, Max(us): 108138, 99th(us): 11000, 99.9th(us): 62000, 99.99th(us): 108000
READ_MODIFY_WRITE - Takes(s): 9.9, Count: 51699, OPS: 5215.7, Avg(us): 18599, Min(us): 6038, Max(us): 136589, 99th(us): 37000, 99.9th(us): 90000, 99.99th(us): 132000
UPDATE - Takes(s): 9.9, Count: 51707, OPS: 5216.4, Avg(us): 16016, Min(us): 4993, Max(us): 107423, 99th(us): 30000, 99.9th(us): 61000, 99.99th(us): 88000
READ   - Takes(s): 20.0, Count: 206444, OPS: 10343.5, Avg(us): 2506, Min(us): 573, Max(us): 108138, 99th(us): 11000, 99.9th(us): 48000, 99.99th(us): 107000
READ_MODIFY_WRITE - Takes(s): 19.9, Count: 102803, OPS: 5162.9, Avg(us): 18836, Min(us): 6038, Max(us): 136589, 99th(us): 40000, 99.9th(us): 83000, 99.99th(us): 132000
UPDATE - Takes(s): 19.9, Count: 102806, OPS: 5162.9, Avg(us): 16316, Min(us): 4671, Max(us): 114249, 99th(us): 34000, 99.9th(us): 68000, 99.99th(us): 89000
READ   - Takes(s): 30.0, Count: 313251, OPS: 10456.1, Avg(us): 2491, Min(us): 573, Max(us): 108138, 99th(us): 11000, 99.9th(us): 45000, 99.99th(us): 100000
READ_MODIFY_WRITE - Takes(s): 29.9, Count: 156311, OPS: 5225.7, Avg(us): 18576, Min(us): 6038, Max(us): 140894, 99th(us): 39000, 99.9th(us): 83000, 99.99th(us): 129000
UPDATE - Takes(s): 29.9, Count: 156313, OPS: 5225.7, Avg(us): 16072, Min(us): 4671, Max(us): 127792, 99th(us): 33000, 99.9th(us): 71000, 99.99th(us): 95000
READ   - Takes(s): 40.0, Count: 410114, OPS: 10263.4, Avg(us): 2483, Min(us): 573, Max(us): 108138, 99th(us): 11000, 99.9th(us): 43000, 99.99th(us): 93000
READ_MODIFY_WRITE - Takes(s): 39.9, Count: 204799, OPS: 5131.3, Avg(us): 18967, Min(us): 6038, Max(us): 140894, 99th(us): 41000, 99.9th(us): 83000, 99.99th(us): 124000
UPDATE - Takes(s): 39.9, Count: 204801, OPS: 5131.3, Avg(us): 16468, Min(us): 4671, Max(us): 127792, 99th(us): 35000, 99.9th(us): 72000, 99.99th(us): 101000
READ   - Takes(s): 50.0, Count: 508724, OPS: 10182.9, Avg(us): 2470, Min(us): 573, Max(us): 108138, 99th(us): 11000, 99.9th(us): 40000, 99.99th(us): 90000
READ_MODIFY_WRITE - Takes(s): 49.9, Count: 254235, OPS: 5093.7, Avg(us): 19137, Min(us): 6038, Max(us): 140894, 99th(us): 41000, 99.9th(us): 84000, 99.99th(us): 119000
UPDATE - Takes(s): 49.9, Count: 254238, OPS: 5093.7, Avg(us): 16647, Min(us): 4671, Max(us): 127792, 99th(us): 35000, 99.9th(us): 72000, 99.99th(us): 102000
READ   - Takes(s): 60.0, Count: 607450, OPS: 10131.1, Avg(us): 2461, Min(us): 573, Max(us): 108138, 99th(us): 11000, 99.9th(us): 37000, 99.99th(us): 87000
READ_MODIFY_WRITE - Takes(s): 59.9, Count: 303155, OPS: 5060.0, Avg(us): 19280, Min(us): 5955, Max(us): 140894, 99th(us): 41000, 99.9th(us): 84000, 99.99th(us): 118000
UPDATE - Takes(s): 59.9, Count: 303158, OPS: 5060.0, Avg(us): 16797, Min(us): 4180, Max(us): 127792, 99th(us): 36000, 99.9th(us): 74000, 99.99th(us): 101000
READ   - Takes(s): 70.0, Count: 709452, OPS: 10141.0, Avg(us): 2450, Min(us): 573, Max(us): 108138, 99th(us): 11000, 99.9th(us): 35000, 99.99th(us): 84000
READ_MODIFY_WRITE - Takes(s): 69.9, Count: 354151, OPS: 5065.7, Avg(us): 19266, Min(us): 5630, Max(us): 140894, 99th(us): 41000, 99.9th(us): 85000, 99.99th(us): 117000
UPDATE - Takes(s): 69.9, Count: 354154, OPS: 5065.7, Avg(us): 16792, Min(us): 4180, Max(us): 127792, 99th(us): 35000, 99.9th(us): 75000, 99.99th(us): 101000
READ   - Takes(s): 80.0, Count: 811284, OPS: 10146.3, Avg(us): 2441, Min(us): 533, Max(us): 108138, 99th(us): 10000, 99.9th(us): 34000, 99.99th(us): 83000
READ_MODIFY_WRITE - Takes(s): 79.9, Count: 404843, OPS: 5066.1, Avg(us): 19267, Min(us): 5630, Max(us): 140894, 99th(us): 41000, 99.9th(us): 85000, 99.99th(us): 116000
UPDATE - Takes(s): 79.9, Count: 404846, OPS: 5066.1, Avg(us): 16803, Min(us): 4180, Max(us): 127792, 99th(us): 35000, 99.9th(us): 75000, 99.99th(us): 101000
READ   - Takes(s): 90.0, Count: 916419, OPS: 10187.1, Avg(us): 2442, Min(us): 533, Max(us): 108138, 99th(us): 10000, 99.9th(us): 34000, 99.99th(us): 83000
READ_MODIFY_WRITE - Takes(s): 89.9, Count: 457422, OPS: 5087.1, Avg(us): 19175, Min(us): 5630, Max(us): 140894, 99th(us): 40000, 99.9th(us): 85000, 99.99th(us): 111000
UPDATE - Takes(s): 89.9, Count: 457444, OPS: 5087.1, Avg(us): 16709, Min(us): 4180, Max(us): 129146, 99th(us): 35000, 99.9th(us): 75000, 99.99th(us): 98000
Run finished, takes 1m39.193946248s
READ   - Takes(s): 99.2, Count: 999897, OPS: 10084.4, Avg(us): 2439, Min(us): 533, Max(us): 108138, 99th(us): 11000, 99.9th(us): 37000, 99.99th(us): 84000
READ_MODIFY_WRITE - Takes(s): 99.1, Count: 498989, OPS: 5034.9, Avg(us): 19058, Min(us): 5630, Max(us): 140894, 99th(us): 40000, 99.9th(us): 88000, 99.99th(us): 117000
UPDATE - Takes(s): 99.1, Count: 498990, OPS: 5034.9, Avg(us): 16594, Min(us): 4180, Max(us): 129146, 99th(us): 35000, 99.9th(us): 76000, 99.99th(us): 102000
[2022/06/07 09:55:16.447 -05:00] [INFO] [client.go:754] ["[pd] stop fetching the pending tso requests due to context canceled"] [dc-location=global]
[2022/06/07 09:55:16.447 -05:00] [INFO] [client.go:692] ["[pd] exit tso dispatcher"] [dc-location=global]
