[2022/06/07 09:56:53.652 -05:00] [INFO] [client.go:378] ["[pd] create pd client with endpoints"] [pd-address="[10.10.1.4:2379]"]
[2022/06/07 09:56:53.658 -05:00] [INFO] [base_client.go:350] ["[pd] switch leader"] [new-leader=http://10.10.1.4:2379] [old-leader=]
[2022/06/07 09:56:53.658 -05:00] [INFO] [base_client.go:105] ["[pd] init cluster id"] [cluster-id=7106506722672181532]
[2022/06/07 09:56:53.659 -05:00] [INFO] [client.go:673] ["[pd] tso dispatcher created"] [dc-location=global]
***************** properties *****************
"tikv.conncount"="128"
"insertproportion"="0"
"dotransactions"="true"
"readproportion"="0.5"
"debug.pprof"=":6060"
"tikv.type"="raw"
"recordcount"="1000000"
"threadcount"="120"
"workload"="core"
"readmodifywriteproportion"="0.5"
"updateproportion"="0"
"requestdistribution"="uniform"
"tikv.pd"="10.10.1.4:2379"
"verbose"="false"
"readallfields"="true"
"scanproportion"="0"
"tikv.batchsize"="128"
"operationcount"="1000000"
**********************************************
READ   - Takes(s): 10.0, Count: 107476, OPS: 10795.5, Avg(us): 2705, Min(us): 557, Max(us): 99008, 99th(us): 12000, 99.9th(us): 62000, 99.99th(us): 98000
READ_MODIFY_WRITE - Takes(s): 9.9, Count: 53762, OPS: 5434.1, Avg(us): 19595, Min(us): 5722, Max(us): 167894, 99th(us): 39000, 99.9th(us): 115000, 99.99th(us): 134000
UPDATE - Takes(s): 9.9, Count: 53765, OPS: 5434.2, Avg(us): 16849, Min(us): 4722, Max(us): 118235, 99th(us): 32000, 99.9th(us): 70000, 99.99th(us): 99000
READ   - Takes(s): 20.0, Count: 214010, OPS: 10724.3, Avg(us): 2649, Min(us): 557, Max(us): 99008, 99th(us): 12000, 99.9th(us): 50000, 99.99th(us): 96000
READ_MODIFY_WRITE - Takes(s): 19.9, Count: 107031, OPS: 5380.2, Avg(us): 19759, Min(us): 5722, Max(us): 167894, 99th(us): 41000, 99.9th(us): 93000, 99.99th(us): 128000
UPDATE - Takes(s): 19.9, Count: 107037, OPS: 5380.4, Avg(us): 17076, Min(us): 4722, Max(us): 118235, 99th(us): 35000, 99.9th(us): 70000, 99.99th(us): 98000
READ   - Takes(s): 30.0, Count: 316979, OPS: 10581.6, Avg(us): 2624, Min(us): 557, Max(us): 99008, 99th(us): 12000, 99.9th(us): 49000, 99.99th(us): 95000
READ_MODIFY_WRITE - Takes(s): 29.9, Count: 158618, OPS: 5306.1, Avg(us): 20065, Min(us): 5722, Max(us): 167894, 99th(us): 42000, 99.9th(us): 93000, 99.99th(us): 128000
UPDATE - Takes(s): 29.9, Count: 158624, OPS: 5306.2, Avg(us): 17407, Min(us): 4722, Max(us): 125982, 99th(us): 36000, 99.9th(us): 75000, 99.99th(us): 102000
READ   - Takes(s): 40.0, Count: 420829, OPS: 10532.4, Avg(us): 2610, Min(us): 557, Max(us): 99008, 99th(us): 12000, 99.9th(us): 46000, 99.99th(us): 94000
READ_MODIFY_WRITE - Takes(s): 39.9, Count: 210640, OPS: 5280.1, Avg(us): 20169, Min(us): 5722, Max(us): 167894, 99th(us): 42000, 99.9th(us): 92000, 99.99th(us): 128000
UPDATE - Takes(s): 39.9, Count: 210643, OPS: 5280.1, Avg(us): 17525, Min(us): 4722, Max(us): 125982, 99th(us): 36000, 99.9th(us): 76000, 99.99th(us): 105000
READ   - Takes(s): 50.0, Count: 523089, OPS: 10471.1, Avg(us): 2600, Min(us): 557, Max(us): 99008, 99th(us): 11000, 99.9th(us): 43000, 99.99th(us): 93000
READ_MODIFY_WRITE - Takes(s): 49.9, Count: 261775, OPS: 5246.7, Avg(us): 20303, Min(us): 5722, Max(us): 167894, 99th(us): 43000, 99.9th(us): 93000, 99.99th(us): 127000
UPDATE - Takes(s): 49.9, Count: 261775, OPS: 5246.6, Avg(us): 17671, Min(us): 4722, Max(us): 125982, 99th(us): 37000, 99.9th(us): 78000, 99.99th(us): 107000
READ   - Takes(s): 60.0, Count: 631416, OPS: 10531.4, Avg(us): 2590, Min(us): 557, Max(us): 99008, 99th(us): 11000, 99.9th(us): 40000, 99.99th(us): 92000
READ_MODIFY_WRITE - Takes(s): 59.9, Count: 315784, OPS: 5272.4, Avg(us): 20199, Min(us): 5722, Max(us): 167894, 99th(us): 42000, 99.9th(us): 92000, 99.99th(us): 126000
UPDATE - Takes(s): 59.9, Count: 315786, OPS: 5272.4, Avg(us): 17579, Min(us): 4722, Max(us): 125982, 99th(us): 36000, 99.9th(us): 78000, 99.99th(us): 107000
READ   - Takes(s): 70.0, Count: 738696, OPS: 10559.5, Avg(us): 2585, Min(us): 557, Max(us): 99008, 99th(us): 11000, 99.9th(us): 38000, 99.99th(us): 90000
READ_MODIFY_WRITE - Takes(s): 69.9, Count: 369625, OPS: 5288.4, Avg(us): 20130, Min(us): 5722, Max(us): 167894, 99th(us): 43000, 99.9th(us): 90000, 99.99th(us): 125000
UPDATE - Takes(s): 69.9, Count: 369627, OPS: 5288.4, Avg(us): 17517, Min(us): 4640, Max(us): 125982, 99th(us): 37000, 99.9th(us): 78000, 99.99th(us): 106000
READ   - Takes(s): 80.0, Count: 848554, OPS: 10612.8, Avg(us): 2587, Min(us): 557, Max(us): 100215, 99th(us): 11000, 99.9th(us): 38000, 99.99th(us): 91000
READ_MODIFY_WRITE - Takes(s): 79.9, Count: 424324, OPS: 5311.1, Avg(us): 20023, Min(us): 5722, Max(us): 167894, 99th(us): 42000, 99.9th(us): 90000, 99.99th(us): 124000
UPDATE - Takes(s): 79.9, Count: 424328, OPS: 5311.1, Avg(us): 17408, Min(us): 4640, Max(us): 125982, 99th(us): 36000, 99.9th(us): 78000, 99.99th(us): 105000
READ   - Takes(s): 90.0, Count: 956184, OPS: 10629.5, Avg(us): 2591, Min(us): 557, Max(us): 100215, 99th(us): 12000, 99.9th(us): 37000, 99.99th(us): 90000
READ_MODIFY_WRITE - Takes(s): 89.9, Count: 478328, OPS: 5321.1, Avg(us): 19977, Min(us): 5722, Max(us): 167894, 99th(us): 42000, 99.9th(us): 88000, 99.99th(us): 124000
UPDATE - Takes(s): 89.9, Count: 478330, OPS: 5321.1, Avg(us): 17358, Min(us): 4640, Max(us): 125982, 99th(us): 36000, 99.9th(us): 77000, 99.99th(us): 105000
Run finished, takes 1m35.155940042s
READ   - Takes(s): 95.1, Count: 999959, OPS: 10513.6, Avg(us): 2588, Min(us): 526, Max(us): 100215, 99th(us): 12000, 99.9th(us): 38000, 99.99th(us): 90000
READ_MODIFY_WRITE - Takes(s): 95.0, Count: 500477, OPS: 5265.5, Avg(us): 19897, Min(us): 5722, Max(us): 167894, 99th(us): 43000, 99.9th(us): 90000, 99.99th(us): 124000
UPDATE - Takes(s): 95.0, Count: 500477, OPS: 5265.4, Avg(us): 17282, Min(us): 4640, Max(us): 125982, 99th(us): 36000, 99.9th(us): 79000, 99.99th(us): 106000
[2022/06/07 09:58:28.817 -05:00] [INFO] [client.go:754] ["[pd] stop fetching the pending tso requests due to context canceled"] [dc-location=global]
[2022/06/07 09:58:28.817 -05:00] [INFO] [client.go:692] ["[pd] exit tso dispatcher"] [dc-location=global]
