[2022/06/08 12:32:45.707 -05:00] [INFO] [client.go:378] ["[pd] create pd client with endpoints"] [pd-address="[10.10.1.4:2379]"]
[2022/06/08 12:32:45.712 -05:00] [INFO] [base_client.go:350] ["[pd] switch leader"] [new-leader=http://10.10.1.4:2379] [old-leader=]
[2022/06/08 12:32:45.712 -05:00] [INFO] [base_client.go:105] ["[pd] init cluster id"] [cluster-id=7106905351409710382]
[2022/06/08 12:32:45.712 -05:00] [INFO] [client.go:673] ["[pd] tso dispatcher created"] [dc-location=global]
***************** properties *****************
"updateproportion"="0"
"debug.pprof"=":6060"
"tikv.pd"="10.10.1.4:2379"
"tikv.conncount"="128"
"scanproportion"="0"
"requestdistribution"="latest"
"dotransactions"="true"
"recordcount"="1000000"
"threadcount"="95"
"operationcount"="1000000"
"readproportion"="0.95"
"verbose"="false"
"tikv.type"="raw"
"tikv.batchsize"="128"
"readallfields"="true"
"insertproportion"="0.05"
"workload"="core"
**********************************************
INSERT - Takes(s): 10.0, Count: 4381, OPS: 440.2, Avg(us): 31123, Min(us): 6780, Max(us): 103124, 99th(us): 65000, 99.9th(us): 79000, 99.99th(us): 91000
READ   - Takes(s): 10.0, Count: 83945, OPS: 8425.5, Avg(us): 9655, Min(us): 704, Max(us): 87488, 99th(us): 46000, 99.9th(us): 68000, 99.99th(us): 86000
INSERT - Takes(s): 20.0, Count: 8806, OPS: 441.3, Avg(us): 30730, Min(us): 6313, Max(us): 103124, 99th(us): 63000, 99.9th(us): 77000, 99.99th(us): 104000
READ   - Takes(s): 20.0, Count: 168346, OPS: 8432.8, Avg(us): 9653, Min(us): 704, Max(us): 87488, 99th(us): 45000, 99.9th(us): 60000, 99.99th(us): 85000
INSERT - Takes(s): 30.0, Count: 13643, OPS: 455.5, Avg(us): 30353, Min(us): 5948, Max(us): 103124, 99th(us): 62000, 99.9th(us): 75000, 99.99th(us): 91000
READ   - Takes(s): 30.0, Count: 260180, OPS: 8683.3, Avg(us): 9341, Min(us): 704, Max(us): 87488, 99th(us): 44000, 99.9th(us): 60000, 99.99th(us): 83000
INSERT - Takes(s): 40.0, Count: 18201, OPS: 455.6, Avg(us): 30337, Min(us): 5770, Max(us): 103124, 99th(us): 63000, 99.9th(us): 76000, 99.99th(us): 95000
READ   - Takes(s): 40.0, Count: 344215, OPS: 8613.3, Avg(us): 9414, Min(us): 704, Max(us): 87488, 99th(us): 45000, 99.9th(us): 60000, 99.99th(us): 83000
INSERT - Takes(s): 50.0, Count: 22467, OPS: 449.8, Avg(us): 30335, Min(us): 5770, Max(us): 103124, 99th(us): 63000, 99.9th(us): 75000, 99.99th(us): 91000
READ   - Takes(s): 50.0, Count: 425377, OPS: 8513.8, Avg(us): 9543, Min(us): 704, Max(us): 87488, 99th(us): 45000, 99.9th(us): 59000, 99.99th(us): 83000
INSERT - Takes(s): 60.0, Count: 27108, OPS: 452.2, Avg(us): 30490, Min(us): 5770, Max(us): 103124, 99th(us): 62000, 99.9th(us): 74000, 99.99th(us): 91000
READ   - Takes(s): 60.0, Count: 516262, OPS: 8609.7, Avg(us): 9420, Min(us): 704, Max(us): 87488, 99th(us): 44000, 99.9th(us): 58000, 99.99th(us): 83000
INSERT - Takes(s): 70.0, Count: 31483, OPS: 450.1, Avg(us): 30650, Min(us): 5770, Max(us): 103124, 99th(us): 62000, 99.9th(us): 74000, 99.99th(us): 91000
READ   - Takes(s): 70.0, Count: 600251, OPS: 8579.5, Avg(us): 9451, Min(us): 704, Max(us): 87488, 99th(us): 44000, 99.9th(us): 58000, 99.99th(us): 82000
INSERT - Takes(s): 80.0, Count: 35886, OPS: 448.8, Avg(us): 30727, Min(us): 5770, Max(us): 103124, 99th(us): 62000, 99.9th(us): 73000, 99.99th(us): 91000
READ   - Takes(s): 80.0, Count: 683656, OPS: 8549.7, Avg(us): 9484, Min(us): 704, Max(us): 101688, 99th(us): 44000, 99.9th(us): 58000, 99.99th(us): 82000
INSERT - Takes(s): 90.0, Count: 40373, OPS: 448.8, Avg(us): 30660, Min(us): 5393, Max(us): 103124, 99th(us): 62000, 99.9th(us): 73000, 99.99th(us): 90000
READ   - Takes(s): 90.0, Count: 767219, OPS: 8528.1, Avg(us): 9512, Min(us): 704, Max(us): 101688, 99th(us): 44000, 99.9th(us): 58000, 99.99th(us): 81000
INSERT - Takes(s): 100.0, Count: 44988, OPS: 450.1, Avg(us): 30536, Min(us): 5393, Max(us): 103124, 99th(us): 62000, 99.9th(us): 73000, 99.99th(us): 90000
READ   - Takes(s): 100.0, Count: 854343, OPS: 8546.6, Avg(us): 9492, Min(us): 704, Max(us): 101688, 99th(us): 44000, 99.9th(us): 58000, 99.99th(us): 81000
INSERT - Takes(s): 110.0, Count: 49673, OPS: 451.8, Avg(us): 30386, Min(us): 5393, Max(us): 103124, 99th(us): 62000, 99.9th(us): 73000, 99.99th(us): 90000
READ   - Takes(s): 110.0, Count: 942181, OPS: 8568.2, Avg(us): 9453, Min(us): 704, Max(us): 101688, 99th(us): 43000, 99.9th(us): 57000, 99.99th(us): 80000
Run finished, takes 1m51.058971399s
INSERT - Takes(s): 111.0, Count: 50107, OPS: 451.4, Avg(us): 30263, Min(us): 5393, Max(us): 103124, 99th(us): 61000, 99.9th(us): 72000, 99.99th(us): 90000
READ   - Takes(s): 111.0, Count: 949858, OPS: 8555.6, Avg(us): 9410, Min(us): 704, Max(us): 101688, 99th(us): 43000, 99.9th(us): 57000, 99.99th(us): 81000
[2022/06/08 12:34:36.772 -05:00] [INFO] [client.go:754] ["[pd] stop fetching the pending tso requests due to context canceled"] [dc-location=global]
[2022/06/08 12:34:36.772 -05:00] [INFO] [client.go:692] ["[pd] exit tso dispatcher"] [dc-location=global]
