[2022/06/08 12:09:20.107 -05:00] [INFO] [client.go:378] ["[pd] create pd client with endpoints"] [pd-address="[10.10.1.4:2379]"]
[2022/06/08 12:09:20.113 -05:00] [INFO] [base_client.go:350] ["[pd] switch leader"] [new-leader=http://10.10.1.4:2379] [old-leader=]
[2022/06/08 12:09:20.113 -05:00] [INFO] [base_client.go:105] ["[pd] init cluster id"] [cluster-id=7106905351409710382]
[2022/06/08 12:09:20.113 -05:00] [INFO] [client.go:673] ["[pd] tso dispatcher created"] [dc-location=global]
***************** properties *****************
"insertproportion"="0.05"
"debug.pprof"=":6060"
"readallfields"="true"
"verbose"="false"
"tikv.conncount"="128"
"workload"="core"
"scanproportion"="0"
"updateproportion"="0"
"recordcount"="1000000"
"threadcount"="30"
"tikv.type"="raw"
"operationcount"="1000000"
"tikv.pd"="10.10.1.4:2379"
"tikv.batchsize"="128"
"requestdistribution"="latest"
"dotransactions"="true"
"readproportion"="0.95"
**********************************************
INSERT - Takes(s): 10.0, Count: 4771, OPS: 479.0, Avg(us): 11435, Min(us): 5664, Max(us): 40048, 99th(us): 19000, 99.9th(us): 25000, 99.99th(us): 41000
READ   - Takes(s): 10.0, Count: 91187, OPS: 9150.5, Avg(us): 2673, Min(us): 701, Max(us): 84473, 99th(us): 9000, 99.9th(us): 17000, 99.99th(us): 38000
INSERT - Takes(s): 20.0, Count: 9494, OPS: 475.7, Avg(us): 11449, Min(us): 5324, Max(us): 40048, 99th(us): 19000, 99.9th(us): 25000, 99.99th(us): 41000
READ   - Takes(s): 20.0, Count: 182043, OPS: 9118.0, Avg(us): 2681, Min(us): 680, Max(us): 84473, 99th(us): 9000, 99.9th(us): 15000, 99.99th(us): 51000
INSERT - Takes(s): 30.0, Count: 14279, OPS: 476.6, Avg(us): 11527, Min(us): 5324, Max(us): 63959, 99th(us): 19000, 99.9th(us): 24000, 99.99th(us): 38000
READ   - Takes(s): 30.0, Count: 272273, OPS: 9086.4, Avg(us): 2683, Min(us): 680, Max(us): 84473, 99th(us): 9000, 99.9th(us): 14000, 99.99th(us): 53000
INSERT - Takes(s): 40.0, Count: 19315, OPS: 483.4, Avg(us): 11492, Min(us): 5324, Max(us): 63959, 99th(us): 18000, 99.9th(us): 24000, 99.99th(us): 41000
READ   - Takes(s): 40.0, Count: 368198, OPS: 9213.0, Avg(us): 2639, Min(us): 556, Max(us): 84473, 99th(us): 9000, 99.9th(us): 13000, 99.99th(us): 52000
INSERT - Takes(s): 50.0, Count: 24349, OPS: 487.4, Avg(us): 11432, Min(us): 4906, Max(us): 78329, 99th(us): 18000, 99.9th(us): 24000, 99.99th(us): 73000
READ   - Takes(s): 50.0, Count: 463804, OPS: 9282.6, Avg(us): 2616, Min(us): 556, Max(us): 84473, 99th(us): 9000, 99.9th(us): 13000, 99.99th(us): 56000
INSERT - Takes(s): 60.0, Count: 28948, OPS: 482.8, Avg(us): 11480, Min(us): 4906, Max(us): 78329, 99th(us): 18000, 99.9th(us): 23000, 99.99th(us): 73000
READ   - Takes(s): 60.0, Count: 550821, OPS: 9185.7, Avg(us): 2647, Min(us): 556, Max(us): 84473, 99th(us): 9000, 99.9th(us): 13000, 99.99th(us): 55000
INSERT - Takes(s): 70.0, Count: 33519, OPS: 479.1, Avg(us): 11509, Min(us): 4906, Max(us): 78329, 99th(us): 18000, 99.9th(us): 23000, 99.99th(us): 70000
READ   - Takes(s): 70.0, Count: 637559, OPS: 9112.6, Avg(us): 2671, Min(us): 556, Max(us): 84473, 99th(us): 9000, 99.9th(us): 13000, 99.99th(us): 58000
INSERT - Takes(s): 80.0, Count: 38535, OPS: 481.9, Avg(us): 11480, Min(us): 4906, Max(us): 78329, 99th(us): 18000, 99.9th(us): 23000, 99.99th(us): 70000
READ   - Takes(s): 80.0, Count: 734008, OPS: 9179.1, Avg(us): 2650, Min(us): 556, Max(us): 90403, 99th(us): 9000, 99.9th(us): 13000, 99.99th(us): 58000
INSERT - Takes(s): 90.0, Count: 43640, OPS: 485.1, Avg(us): 11448, Min(us): 4906, Max(us): 78329, 99th(us): 18000, 99.9th(us): 23000, 99.99th(us): 64000
READ   - Takes(s): 90.0, Count: 829826, OPS: 9223.9, Avg(us): 2634, Min(us): 556, Max(us): 90403, 99th(us): 9000, 99.9th(us): 13000, 99.99th(us): 60000
INSERT - Takes(s): 100.0, Count: 47999, OPS: 480.2, Avg(us): 11490, Min(us): 4906, Max(us): 78329, 99th(us): 18000, 99.9th(us): 23000, 99.99th(us): 70000
READ   - Takes(s): 100.0, Count: 910867, OPS: 9111.9, Avg(us): 2671, Min(us): 556, Max(us): 90403, 99th(us): 9000, 99.9th(us): 13000, 99.99th(us): 60000
Run finished, takes 1m45.677928969s
INSERT - Takes(s): 105.6, Count: 50034, OPS: 473.6, Avg(us): 11498, Min(us): 4906, Max(us): 78329, 99th(us): 18000, 99.9th(us): 23000, 99.99th(us): 64000
READ   - Takes(s): 105.6, Count: 949956, OPS: 8992.2, Avg(us): 2684, Min(us): 556, Max(us): 90403, 99th(us): 9000, 99.9th(us): 13000, 99.99th(us): 59000
[2022/06/08 12:11:05.792 -05:00] [INFO] [client.go:754] ["[pd] stop fetching the pending tso requests due to context canceled"] [dc-location=global]
[2022/06/08 12:11:05.792 -05:00] [INFO] [client.go:692] ["[pd] exit tso dispatcher"] [dc-location=global]
