[2022/06/08 11:59:52.413 -05:00] [INFO] [client.go:378] ["[pd] create pd client with endpoints"] [pd-address="[10.10.1.4:2379]"]
[2022/06/08 11:59:52.417 -05:00] [INFO] [base_client.go:350] ["[pd] switch leader"] [new-leader=http://10.10.1.4:2379] [old-leader=]
[2022/06/08 11:59:52.417 -05:00] [INFO] [base_client.go:105] ["[pd] init cluster id"] [cluster-id=7106905351409710382]
[2022/06/08 11:59:52.417 -05:00] [INFO] [client.go:673] ["[pd] tso dispatcher created"] [dc-location=global]
***************** properties *****************
"operationcount"="1000000"
"tikv.type"="raw"
"readproportion"="0.95"
"threadcount"="10"
"dotransactions"="true"
"workload"="core"
"scanproportion"="0"
"debug.pprof"=":6060"
"recordcount"="1000000"
"verbose"="false"
"insertproportion"="0.05"
"readallfields"="true"
"tikv.pd"="10.10.1.4:2379"
"tikv.conncount"="128"
"tikv.batchsize"="128"
"updateproportion"="0"
"requestdistribution"="latest"
**********************************************
INSERT - Takes(s): 9.9, Count: 2399, OPS: 242.1, Avg(us): 7961, Min(us): 5522, Max(us): 31539, 99th(us): 12000, 99.9th(us): 18000, 99.99th(us): 32000
READ   - Takes(s): 10.0, Count: 45221, OPS: 4536.8, Avg(us): 1769, Min(us): 884, Max(us): 85715, 99th(us): 3000, 99.9th(us): 6000, 99.99th(us): 38000
INSERT - Takes(s): 19.9, Count: 4839, OPS: 243.1, Avg(us): 7911, Min(us): 5522, Max(us): 31539, 99th(us): 12000, 99.9th(us): 18000, 99.99th(us): 32000
READ   - Takes(s): 20.0, Count: 92113, OPS: 4613.1, Avg(us): 1736, Min(us): 884, Max(us): 85715, 99th(us): 3000, 99.9th(us): 5000, 99.99th(us): 34000
INSERT - Takes(s): 29.9, Count: 7277, OPS: 243.3, Avg(us): 7875, Min(us): 5341, Max(us): 31539, 99th(us): 12000, 99.9th(us): 18000, 99.99th(us): 32000
READ   - Takes(s): 30.0, Count: 139603, OPS: 4658.3, Avg(us): 1719, Min(us): 873, Max(us): 85715, 99th(us): 3000, 99.9th(us): 4000, 99.99th(us): 35000
INSERT - Takes(s): 39.9, Count: 9765, OPS: 244.7, Avg(us): 7894, Min(us): 5341, Max(us): 55721, 99th(us): 12000, 99.9th(us): 18000, 99.99th(us): 56000
READ   - Takes(s): 40.0, Count: 186695, OPS: 4671.2, Avg(us): 1710, Min(us): 873, Max(us): 85715, 99th(us): 3000, 99.9th(us): 4000, 99.99th(us): 35000
INSERT - Takes(s): 49.9, Count: 12315, OPS: 246.8, Avg(us): 7896, Min(us): 5054, Max(us): 55721, 99th(us): 12000, 99.9th(us): 18000, 99.99th(us): 55000
READ   - Takes(s): 50.0, Count: 233827, OPS: 4679.5, Avg(us): 1703, Min(us): 873, Max(us): 85715, 99th(us): 3000, 99.9th(us): 4000, 99.99th(us): 36000
INSERT - Takes(s): 59.9, Count: 14911, OPS: 248.9, Avg(us): 7891, Min(us): 5054, Max(us): 55721, 99th(us): 12000, 99.9th(us): 18000, 99.99th(us): 55000
READ   - Takes(s): 60.0, Count: 280881, OPS: 4683.9, Avg(us): 1698, Min(us): 781, Max(us): 85715, 99th(us): 3000, 99.9th(us): 4000, 99.99th(us): 40000
INSERT - Takes(s): 69.9, Count: 17334, OPS: 248.0, Avg(us): 7889, Min(us): 5054, Max(us): 55721, 99th(us): 12000, 99.9th(us): 17000, 99.99th(us): 55000
READ   - Takes(s): 70.0, Count: 328256, OPS: 4691.6, Avg(us): 1697, Min(us): 781, Max(us): 85715, 99th(us): 3000, 99.9th(us): 4000, 99.99th(us): 42000
INSERT - Takes(s): 79.9, Count: 19737, OPS: 247.0, Avg(us): 7883, Min(us): 5054, Max(us): 55721, 99th(us): 12000, 99.9th(us): 17000, 99.99th(us): 55000
READ   - Takes(s): 80.0, Count: 375868, OPS: 4700.3, Avg(us): 1695, Min(us): 781, Max(us): 85715, 99th(us): 3000, 99.9th(us): 4000, 99.99th(us): 43000
INSERT - Takes(s): 89.9, Count: 22215, OPS: 247.1, Avg(us): 7872, Min(us): 5054, Max(us): 55956, 99th(us): 12000, 99.9th(us): 17000, 99.99th(us): 55000
READ   - Takes(s): 90.0, Count: 423643, OPS: 4708.8, Avg(us): 1693, Min(us): 781, Max(us): 85715, 99th(us): 3000, 99.9th(us): 4000, 99.99th(us): 44000
INSERT - Takes(s): 99.9, Count: 24757, OPS: 247.8, Avg(us): 7873, Min(us): 5054, Max(us): 57361, 99th(us): 12000, 99.9th(us): 17000, 99.99th(us): 56000
READ   - Takes(s): 100.0, Count: 470921, OPS: 4710.7, Avg(us): 1691, Min(us): 781, Max(us): 85715, 99th(us): 3000, 99.9th(us): 4000, 99.99th(us): 44000
INSERT - Takes(s): 109.9, Count: 27173, OPS: 247.2, Avg(us): 7863, Min(us): 4941, Max(us): 57361, 99th(us): 12000, 99.9th(us): 17000, 99.99th(us): 56000
READ   - Takes(s): 110.0, Count: 518992, OPS: 4719.5, Avg(us): 1689, Min(us): 781, Max(us): 85715, 99th(us): 3000, 99.9th(us): 4000, 99.99th(us): 46000
INSERT - Takes(s): 119.9, Count: 29545, OPS: 246.4, Avg(us): 7855, Min(us): 4941, Max(us): 63709, 99th(us): 12000, 99.9th(us): 17000, 99.99th(us): 58000
READ   - Takes(s): 120.0, Count: 566596, OPS: 4722.9, Avg(us): 1689, Min(us): 781, Max(us): 85715, 99th(us): 3000, 99.9th(us): 4000, 99.99th(us): 46000
INSERT - Takes(s): 129.9, Count: 32106, OPS: 247.1, Avg(us): 7855, Min(us): 4941, Max(us): 63709, 99th(us): 12000, 99.9th(us): 18000, 99.99th(us): 60000
READ   - Takes(s): 130.0, Count: 613814, OPS: 4722.8, Avg(us): 1688, Min(us): 781, Max(us): 85715, 99th(us): 3000, 99.9th(us): 4000, 99.99th(us): 46000
INSERT - Takes(s): 139.9, Count: 34620, OPS: 247.4, Avg(us): 7855, Min(us): 4941, Max(us): 63709, 99th(us): 12000, 99.9th(us): 17000, 99.99th(us): 60000
READ   - Takes(s): 140.0, Count: 660982, OPS: 4722.4, Avg(us): 1688, Min(us): 781, Max(us): 85715, 99th(us): 3000, 99.9th(us): 4000, 99.99th(us): 46000
INSERT - Takes(s): 149.9, Count: 37131, OPS: 247.7, Avg(us): 7849, Min(us): 4941, Max(us): 63709, 99th(us): 12000, 99.9th(us): 17000, 99.99th(us): 60000
READ   - Takes(s): 150.0, Count: 708478, OPS: 4724.2, Avg(us): 1687, Min(us): 781, Max(us): 85715, 99th(us): 3000, 99.9th(us): 4000, 99.99th(us): 46000
INSERT - Takes(s): 159.9, Count: 39685, OPS: 248.2, Avg(us): 7844, Min(us): 4941, Max(us): 63709, 99th(us): 12000, 99.9th(us): 17000, 99.99th(us): 60000
READ   - Takes(s): 160.0, Count: 755390, OPS: 4722.2, Avg(us): 1687, Min(us): 781, Max(us): 85715, 99th(us): 3000, 99.9th(us): 4000, 99.99th(us): 46000
INSERT - Takes(s): 169.9, Count: 42185, OPS: 248.3, Avg(us): 7841, Min(us): 4941, Max(us): 63709, 99th(us): 12000, 99.9th(us): 17000, 99.99th(us): 58000
READ   - Takes(s): 170.0, Count: 803042, OPS: 4724.7, Avg(us): 1686, Min(us): 781, Max(us): 85715, 99th(us): 3000, 99.9th(us): 4000, 99.99th(us): 46000
INSERT - Takes(s): 179.9, Count: 44713, OPS: 248.5, Avg(us): 7840, Min(us): 4941, Max(us): 63709, 99th(us): 11000, 99.9th(us): 17000, 99.99th(us): 58000
READ   - Takes(s): 180.0, Count: 850057, OPS: 4723.4, Avg(us): 1686, Min(us): 781, Max(us): 85715, 99th(us): 3000, 99.9th(us): 4000, 99.99th(us): 46000
INSERT - Takes(s): 189.9, Count: 47202, OPS: 248.6, Avg(us): 7836, Min(us): 4941, Max(us): 63709, 99th(us): 11000, 99.9th(us): 17000, 99.99th(us): 58000
READ   - Takes(s): 190.0, Count: 897271, OPS: 4723.3, Avg(us): 1686, Min(us): 781, Max(us): 85715, 99th(us): 3000, 99.9th(us): 4000, 99.99th(us): 46000
INSERT - Takes(s): 199.9, Count: 49679, OPS: 248.5, Avg(us): 7836, Min(us): 4941, Max(us): 63709, 99th(us): 11000, 99.9th(us): 17000, 99.99th(us): 58000
READ   - Takes(s): 200.0, Count: 944228, OPS: 4721.9, Avg(us): 1687, Min(us): 781, Max(us): 85715, 99th(us): 3000, 99.9th(us): 4000, 99.99th(us): 46000
Run finished, takes 3m22.269737476s
INSERT - Takes(s): 202.2, Count: 49971, OPS: 247.2, Avg(us): 7834, Min(us): 4941, Max(us): 63709, 99th(us): 11000, 99.9th(us): 17000, 99.99th(us): 58000
READ   - Takes(s): 202.2, Count: 950028, OPS: 4697.6, Avg(us): 1687, Min(us): 781, Max(us): 85715, 99th(us): 3000, 99.9th(us): 4000, 99.99th(us): 47000
[2022/06/08 12:03:14.688 -05:00] [INFO] [client.go:754] ["[pd] stop fetching the pending tso requests due to context canceled"] [dc-location=global]
[2022/06/08 12:03:14.688 -05:00] [INFO] [client.go:692] ["[pd] exit tso dispatcher"] [dc-location=global]
