[2022/06/08 12:05:34.521 -05:00] [INFO] [client.go:378] ["[pd] create pd client with endpoints"] [pd-address="[10.10.1.4:2379]"]
[2022/06/08 12:05:34.527 -05:00] [INFO] [base_client.go:350] ["[pd] switch leader"] [new-leader=http://10.10.1.4:2379] [old-leader=]
[2022/06/08 12:05:34.527 -05:00] [INFO] [base_client.go:105] ["[pd] init cluster id"] [cluster-id=7106905351409710382]
[2022/06/08 12:05:34.527 -05:00] [INFO] [client.go:673] ["[pd] tso dispatcher created"] [dc-location=global]
***************** properties *****************
"verbose"="false"
"tikv.conncount"="128"
"requestdistribution"="latest"
"workload"="core"
"debug.pprof"=":6060"
"tikv.batchsize"="128"
"dotransactions"="true"
"readproportion"="0.95"
"scanproportion"="0"
"operationcount"="1000000"
"threadcount"="20"
"recordcount"="1000000"
"readallfields"="true"
"insertproportion"="0.05"
"tikv.pd"="10.10.1.4:2379"
"updateproportion"="0"
"tikv.type"="raw"
**********************************************
INSERT - Takes(s): 9.9, Count: 4169, OPS: 420.1, Avg(us): 9326, Min(us): 5249, Max(us): 17423, 99th(us): 14000, 99.9th(us): 17000, 99.99th(us): 18000
READ   - Takes(s): 10.0, Count: 79201, OPS: 7949.6, Avg(us): 2016, Min(us): 759, Max(us): 78938, 99th(us): 6000, 99.9th(us): 8000, 99.99th(us): 64000
INSERT - Takes(s): 19.9, Count: 8433, OPS: 423.3, Avg(us): 9261, Min(us): 4770, Max(us): 19583, 99th(us): 14000, 99.9th(us): 17000, 99.99th(us): 20000
READ   - Takes(s): 20.0, Count: 161043, OPS: 8067.3, Avg(us): 1981, Min(us): 719, Max(us): 78938, 99th(us): 6000, 99.9th(us): 8000, 99.99th(us): 40000
INSERT - Takes(s): 29.9, Count: 12701, OPS: 424.4, Avg(us): 9307, Min(us): 4589, Max(us): 50415, 99th(us): 14000, 99.9th(us): 17000, 99.99th(us): 20000
READ   - Takes(s): 30.0, Count: 242221, OPS: 8084.1, Avg(us): 1971, Min(us): 717, Max(us): 78938, 99th(us): 6000, 99.9th(us): 8000, 99.99th(us): 44000
INSERT - Takes(s): 39.9, Count: 17005, OPS: 425.9, Avg(us): 9322, Min(us): 4589, Max(us): 50415, 99th(us): 14000, 99.9th(us): 17000, 99.99th(us): 48000
READ   - Takes(s): 40.0, Count: 322550, OPS: 8071.3, Avg(us): 1971, Min(us): 717, Max(us): 103201, 99th(us): 6000, 99.9th(us): 8000, 99.99th(us): 47000
INSERT - Takes(s): 49.9, Count: 21073, OPS: 422.1, Avg(us): 9327, Min(us): 4589, Max(us): 50415, 99th(us): 14000, 99.9th(us): 18000, 99.99th(us): 31000
READ   - Takes(s): 50.0, Count: 400031, OPS: 8006.6, Avg(us): 1991, Min(us): 712, Max(us): 103201, 99th(us): 6000, 99.9th(us): 8000, 99.99th(us): 50000
INSERT - Takes(s): 59.9, Count: 25692, OPS: 428.7, Avg(us): 9277, Min(us): 4589, Max(us): 74793, 99th(us): 14000, 99.9th(us): 18000, 99.99th(us): 48000
READ   - Takes(s): 60.0, Count: 487209, OPS: 8125.2, Avg(us): 1956, Min(us): 712, Max(us): 103201, 99th(us): 6000, 99.9th(us): 8000, 99.99th(us): 53000
INSERT - Takes(s): 69.9, Count: 30022, OPS: 429.4, Avg(us): 9236, Min(us): 4589, Max(us): 74793, 99th(us): 14000, 99.9th(us): 18000, 99.99th(us): 31000
READ   - Takes(s): 70.0, Count: 571620, OPS: 8170.4, Avg(us): 1947, Min(us): 707, Max(us): 103201, 99th(us): 5000, 99.9th(us): 8000, 99.99th(us): 53000
INSERT - Takes(s): 79.9, Count: 34274, OPS: 428.8, Avg(us): 9247, Min(us): 4589, Max(us): 74793, 99th(us): 14000, 99.9th(us): 19000, 99.99th(us): 40000
READ   - Takes(s): 80.0, Count: 651097, OPS: 8142.5, Avg(us): 1953, Min(us): 696, Max(us): 103201, 99th(us): 5000, 99.9th(us): 8000, 99.99th(us): 50000
INSERT - Takes(s): 89.9, Count: 38248, OPS: 425.3, Avg(us): 9264, Min(us): 4589, Max(us): 74793, 99th(us): 14000, 99.9th(us): 19000, 99.99th(us): 48000
READ   - Takes(s): 90.0, Count: 727311, OPS: 8084.6, Avg(us): 1970, Min(us): 686, Max(us): 103201, 99th(us): 6000, 99.9th(us): 8000, 99.99th(us): 47000
INSERT - Takes(s): 99.9, Count: 42628, OPS: 426.6, Avg(us): 9255, Min(us): 4589, Max(us): 74793, 99th(us): 14000, 99.9th(us): 18000, 99.99th(us): 40000
READ   - Takes(s): 100.0, Count: 811508, OPS: 8118.1, Avg(us): 1961, Min(us): 686, Max(us): 103201, 99th(us): 6000, 99.9th(us): 8000, 99.99th(us): 50000
INSERT - Takes(s): 109.9, Count: 46699, OPS: 424.8, Avg(us): 9265, Min(us): 4589, Max(us): 74793, 99th(us): 14000, 99.9th(us): 19000, 99.99th(us): 40000
READ   - Takes(s): 110.0, Count: 888489, OPS: 8079.9, Avg(us): 1972, Min(us): 686, Max(us): 103201, 99th(us): 6000, 99.9th(us): 8000, 99.99th(us): 56000
Run finished, takes 1m58.609086325s
INSERT - Takes(s): 118.5, Count: 49877, OPS: 420.8, Avg(us): 9271, Min(us): 4589, Max(us): 90483, 99th(us): 14000, 99.9th(us): 19000, 99.99th(us): 72000
READ   - Takes(s): 118.6, Count: 950123, OPS: 8013.1, Avg(us): 1973, Min(us): 686, Max(us): 103201, 99th(us): 6000, 99.9th(us): 8000, 99.99th(us): 60000
[2022/06/08 12:07:33.137 -05:00] [INFO] [client.go:754] ["[pd] stop fetching the pending tso requests due to context canceled"] [dc-location=global]
[2022/06/08 12:07:33.138 -05:00] [INFO] [client.go:692] ["[pd] exit tso dispatcher"] [dc-location=global]
