[2022/06/08 12:30:55.350 -05:00] [INFO] [client.go:378] ["[pd] create pd client with endpoints"] [pd-address="[10.10.1.4:2379]"]
[2022/06/08 12:30:55.357 -05:00] [INFO] [base_client.go:350] ["[pd] switch leader"] [new-leader=http://10.10.1.4:2379] [old-leader=]
[2022/06/08 12:30:55.357 -05:00] [INFO] [base_client.go:105] ["[pd] init cluster id"] [cluster-id=7106905351409710382]
[2022/06/08 12:30:55.357 -05:00] [INFO] [client.go:673] ["[pd] tso dispatcher created"] [dc-location=global]
***************** properties *****************
"tikv.type"="raw"
"workload"="core"
"scanproportion"="0"
"updateproportion"="0"
"verbose"="false"
"insertproportion"="0.05"
"dotransactions"="true"
"requestdistribution"="latest"
"tikv.pd"="10.10.1.4:2379"
"threadcount"="90"
"recordcount"="1000000"
"debug.pprof"=":6060"
"operationcount"="1000000"
"readproportion"="0.95"
"readallfields"="true"
"tikv.conncount"="128"
"tikv.batchsize"="128"
**********************************************
INSERT - Takes(s): 9.9, Count: 5020, OPS: 505.9, Avg(us): 27532, Min(us): 6446, Max(us): 166731, 99th(us): 57000, 99.9th(us): 67000, 99.99th(us): 167000
READ   - Takes(s): 10.0, Count: 94291, OPS: 9465.7, Avg(us): 8053, Min(us): 886, Max(us): 163795, 99th(us): 40000, 99.9th(us): 58000, 99.99th(us): 131000
INSERT - Takes(s): 19.9, Count: 9445, OPS: 474.1, Avg(us): 28615, Min(us): 6446, Max(us): 166731, 99th(us): 57000, 99.9th(us): 66000, 99.99th(us): 167000
READ   - Takes(s): 20.0, Count: 177405, OPS: 8887.6, Avg(us): 8598, Min(us): 886, Max(us): 163795, 99th(us): 39000, 99.9th(us): 53000, 99.99th(us): 130000
INSERT - Takes(s): 29.9, Count: 13929, OPS: 465.5, Avg(us): 28567, Min(us): 6446, Max(us): 166731, 99th(us): 57000, 99.9th(us): 65000, 99.99th(us): 161000
READ   - Takes(s): 30.0, Count: 263639, OPS: 8799.4, Avg(us): 8711, Min(us): 876, Max(us): 163795, 99th(us): 39000, 99.9th(us): 53000, 99.99th(us): 121000
INSERT - Takes(s): 39.9, Count: 18478, OPS: 462.8, Avg(us): 28387, Min(us): 6446, Max(us): 166731, 99th(us): 56000, 99.9th(us): 65000, 99.99th(us): 164000
READ   - Takes(s): 40.0, Count: 352767, OPS: 8827.8, Avg(us): 8698, Min(us): 876, Max(us): 163795, 99th(us): 38000, 99.9th(us): 52000, 99.99th(us): 113000
INSERT - Takes(s): 49.9, Count: 22979, OPS: 460.3, Avg(us): 28351, Min(us): 6344, Max(us): 166731, 99th(us): 56000, 99.9th(us): 65000, 99.99th(us): 161000
READ   - Takes(s): 50.0, Count: 439170, OPS: 8790.3, Avg(us): 8743, Min(us): 736, Max(us): 163795, 99th(us): 39000, 99.9th(us): 52000, 99.99th(us): 108000
INSERT - Takes(s): 59.9, Count: 27290, OPS: 455.4, Avg(us): 28408, Min(us): 6344, Max(us): 166731, 99th(us): 56000, 99.9th(us): 67000, 99.99th(us): 161000
READ   - Takes(s): 60.0, Count: 522892, OPS: 8720.5, Avg(us): 8825, Min(us): 736, Max(us): 163795, 99th(us): 39000, 99.9th(us): 52000, 99.99th(us): 107000
INSERT - Takes(s): 69.9, Count: 31461, OPS: 449.9, Avg(us): 28649, Min(us): 6344, Max(us): 166731, 99th(us): 56000, 99.9th(us): 66000, 99.99th(us): 87000
READ   - Takes(s): 70.0, Count: 602192, OPS: 8607.5, Avg(us): 8945, Min(us): 736, Max(us): 163795, 99th(us): 39000, 99.9th(us): 52000, 99.99th(us): 100000
INSERT - Takes(s): 79.9, Count: 35905, OPS: 449.3, Avg(us): 28660, Min(us): 6344, Max(us): 166731, 99th(us): 56000, 99.9th(us): 65000, 99.99th(us): 87000
READ   - Takes(s): 80.0, Count: 687135, OPS: 8593.4, Avg(us): 8962, Min(us): 736, Max(us): 163795, 99th(us): 39000, 99.9th(us): 52000, 99.99th(us): 98000
INSERT - Takes(s): 89.9, Count: 40306, OPS: 448.2, Avg(us): 28672, Min(us): 6344, Max(us): 166731, 99th(us): 56000, 99.9th(us): 66000, 99.99th(us): 84000
READ   - Takes(s): 90.0, Count: 770990, OPS: 8570.3, Avg(us): 8988, Min(us): 736, Max(us): 163795, 99th(us): 39000, 99.9th(us): 52000, 99.99th(us): 81000
INSERT - Takes(s): 99.9, Count: 45059, OPS: 450.9, Avg(us): 28546, Min(us): 6344, Max(us): 166731, 99th(us): 56000, 99.9th(us): 66000, 99.99th(us): 84000
READ   - Takes(s): 100.0, Count: 860459, OPS: 8608.0, Avg(us): 8946, Min(us): 736, Max(us): 163795, 99th(us): 39000, 99.9th(us): 52000, 99.99th(us): 76000
INSERT - Takes(s): 109.9, Count: 49691, OPS: 452.1, Avg(us): 28452, Min(us): 5966, Max(us): 166731, 99th(us): 57000, 99.9th(us): 66000, 99.99th(us): 84000
READ   - Takes(s): 110.0, Count: 950205, OPS: 8641.3, Avg(us): 8856, Min(us): 736, Max(us): 163795, 99th(us): 39000, 99.9th(us): 52000, 99.99th(us): 75000
Run finished, takes 1m50.149302564s
INSERT - Takes(s): 110.1, Count: 49697, OPS: 451.5, Avg(us): 28449, Min(us): 5966, Max(us): 166731, 99th(us): 57000, 99.9th(us): 66000, 99.99th(us): 84000
READ   - Takes(s): 110.1, Count: 950293, OPS: 8630.4, Avg(us): 8855, Min(us): 736, Max(us): 163795, 99th(us): 39000, 99.9th(us): 52000, 99.99th(us): 75000
[2022/06/08 12:32:45.507 -05:00] [INFO] [client.go:754] ["[pd] stop fetching the pending tso requests due to context canceled"] [dc-location=global]
[2022/06/08 12:32:45.507 -05:00] [INFO] [client.go:692] ["[pd] exit tso dispatcher"] [dc-location=global]
