[2022/06/08 12:11:06.006 -05:00] [INFO] [client.go:378] ["[pd] create pd client with endpoints"] [pd-address="[10.10.1.4:2379]"]
[2022/06/08 12:11:06.011 -05:00] [INFO] [base_client.go:350] ["[pd] switch leader"] [new-leader=http://10.10.1.4:2379] [old-leader=]
[2022/06/08 12:11:06.011 -05:00] [INFO] [base_client.go:105] ["[pd] init cluster id"] [cluster-id=7106905351409710382]
[2022/06/08 12:11:06.012 -05:00] [INFO] [client.go:673] ["[pd] tso dispatcher created"] [dc-location=global]
***************** properties *****************
"tikv.pd"="10.10.1.4:2379"
"tikv.type"="raw"
"insertproportion"="0.05"
"threadcount"="35"
"scanproportion"="0"
"debug.pprof"=":6060"
"readproportion"="0.95"
"dotransactions"="true"
"readallfields"="true"
"recordcount"="1000000"
"operationcount"="1000000"
"verbose"="false"
"updateproportion"="0"
"workload"="core"
"tikv.conncount"="128"
"requestdistribution"="latest"
"tikv.batchsize"="128"
**********************************************
INSERT - Takes(s): 9.9, Count: 4916, OPS: 495.3, Avg(us): 12603, Min(us): 5241, Max(us): 104086, 99th(us): 21000, 99.9th(us): 37000, 99.99th(us): 105000
READ   - Takes(s): 10.0, Count: 95163, OPS: 9546.6, Avg(us): 3008, Min(us): 716, Max(us): 125617, 99th(us): 11000, 99.9th(us): 18000, 99.99th(us): 96000
INSERT - Takes(s): 19.9, Count: 9983, OPS: 501.0, Avg(us): 12423, Min(us): 5241, Max(us): 104086, 99th(us): 20000, 99.9th(us): 26000, 99.99th(us): 105000
READ   - Takes(s): 20.0, Count: 192704, OPS: 9650.6, Avg(us): 2971, Min(us): 655, Max(us): 125617, 99th(us): 10000, 99.9th(us): 16000, 99.99th(us): 91000
INSERT - Takes(s): 29.9, Count: 14711, OPS: 491.6, Avg(us): 12546, Min(us): 5170, Max(us): 104086, 99th(us): 20000, 99.9th(us): 26000, 99.99th(us): 104000
READ   - Takes(s): 30.0, Count: 283575, OPS: 9462.5, Avg(us): 3034, Min(us): 655, Max(us): 125617, 99th(us): 11000, 99.9th(us): 16000, 99.99th(us): 72000
INSERT - Takes(s): 39.9, Count: 19617, OPS: 491.3, Avg(us): 12513, Min(us): 5170, Max(us): 104086, 99th(us): 21000, 99.9th(us): 25000, 99.99th(us): 104000
READ   - Takes(s): 40.0, Count: 378810, OPS: 9477.8, Avg(us): 3030, Min(us): 655, Max(us): 125617, 99th(us): 11000, 99.9th(us): 16000, 99.99th(us): 67000
INSERT - Takes(s): 49.9, Count: 24005, OPS: 480.8, Avg(us): 12603, Min(us): 5170, Max(us): 104086, 99th(us): 21000, 99.9th(us): 25000, 99.99th(us): 102000
READ   - Takes(s): 50.0, Count: 463160, OPS: 9269.1, Avg(us): 3108, Min(us): 655, Max(us): 125617, 99th(us): 11000, 99.9th(us): 16000, 99.99th(us): 58000
INSERT - Takes(s): 59.9, Count: 29289, OPS: 488.8, Avg(us): 12564, Min(us): 5170, Max(us): 104086, 99th(us): 21000, 99.9th(us): 25000, 99.99th(us): 102000
READ   - Takes(s): 60.0, Count: 561336, OPS: 9360.6, Avg(us): 3068, Min(us): 655, Max(us): 125617, 99th(us): 11000, 99.9th(us): 16000, 99.99th(us): 61000
INSERT - Takes(s): 69.9, Count: 34225, OPS: 489.4, Avg(us): 12604, Min(us): 5170, Max(us): 104086, 99th(us): 21000, 99.9th(us): 25000, 99.99th(us): 75000
READ   - Takes(s): 70.0, Count: 653094, OPS: 9334.1, Avg(us): 3073, Min(us): 655, Max(us): 125617, 99th(us): 11000, 99.9th(us): 16000, 99.99th(us): 61000
INSERT - Takes(s): 79.9, Count: 38987, OPS: 487.8, Avg(us): 12648, Min(us): 5170, Max(us): 104086, 99th(us): 21000, 99.9th(us): 26000, 99.99th(us): 75000
READ   - Takes(s): 80.0, Count: 742030, OPS: 9279.1, Avg(us): 3091, Min(us): 655, Max(us): 125617, 99th(us): 11000, 99.9th(us): 16000, 99.99th(us): 59000
INSERT - Takes(s): 89.9, Count: 44065, OPS: 490.0, Avg(us): 12639, Min(us): 5170, Max(us): 104086, 99th(us): 21000, 99.9th(us): 25000, 99.99th(us): 86000
READ   - Takes(s): 90.0, Count: 839436, OPS: 9330.4, Avg(us): 3072, Min(us): 655, Max(us): 125617, 99th(us): 11000, 99.9th(us): 16000, 99.99th(us): 66000
INSERT - Takes(s): 99.9, Count: 49224, OPS: 492.6, Avg(us): 12659, Min(us): 5170, Max(us): 104086, 99th(us): 21000, 99.9th(us): 28000, 99.99th(us): 86000
READ   - Takes(s): 100.0, Count: 937975, OPS: 9382.8, Avg(us): 3050, Min(us): 655, Max(us): 125617, 99th(us): 11000, 99.9th(us): 16000, 99.99th(us): 66000
Run finished, takes 1m41.955605597s
INSERT - Takes(s): 101.9, Count: 49920, OPS: 490.0, Avg(us): 12637, Min(us): 5170, Max(us): 104086, 99th(us): 21000, 99.9th(us): 29000, 99.99th(us): 86000
READ   - Takes(s): 101.9, Count: 950065, OPS: 9321.4, Avg(us): 3045, Min(us): 655, Max(us): 125617, 99th(us): 11000, 99.9th(us): 16000, 99.99th(us): 66000
[2022/06/08 12:12:47.968 -05:00] [INFO] [client.go:754] ["[pd] stop fetching the pending tso requests due to context canceled"] [dc-location=global]
[2022/06/08 12:12:47.968 -05:00] [INFO] [client.go:692] ["[pd] exit tso dispatcher"] [dc-location=global]
