[2022/06/08 12:27:16.576 -05:00] [INFO] [client.go:378] ["[pd] create pd client with endpoints"] [pd-address="[10.10.1.4:2379]"]
[2022/06/08 12:27:16.584 -05:00] [INFO] [base_client.go:350] ["[pd] switch leader"] [new-leader=http://10.10.1.4:2379] [old-leader=]
[2022/06/08 12:27:16.584 -05:00] [INFO] [base_client.go:105] ["[pd] init cluster id"] [cluster-id=7106905351409710382]
[2022/06/08 12:27:16.584 -05:00] [INFO] [client.go:673] ["[pd] tso dispatcher created"] [dc-location=global]
***************** properties *****************
"tikv.pd"="10.10.1.4:2379"
"workload"="core"
"updateproportion"="0"
"verbose"="false"
"recordcount"="1000000"
"debug.pprof"=":6060"
"dotransactions"="true"
"readproportion"="0.95"
"tikv.type"="raw"
"tikv.batchsize"="128"
"insertproportion"="0.05"
"requestdistribution"="latest"
"readallfields"="true"
"scanproportion"="0"
"tikv.conncount"="128"
"threadcount"="80"
"operationcount"="1000000"
**********************************************
INSERT - Takes(s): 9.9, Count: 4660, OPS: 468.5, Avg(us): 24747, Min(us): 5398, Max(us): 89139, 99th(us): 49000, 99.9th(us): 59000, 99.99th(us): 73000
READ   - Takes(s): 10.0, Count: 87417, OPS: 8779.5, Avg(us): 7802, Min(us): 775, Max(us): 109923, 99th(us): 35000, 99.9th(us): 60000, 99.99th(us): 107000
INSERT - Takes(s): 19.9, Count: 9412, OPS: 471.9, Avg(us): 24879, Min(us): 5398, Max(us): 89139, 99th(us): 50000, 99.9th(us): 59000, 99.99th(us): 73000
READ   - Takes(s): 20.0, Count: 176291, OPS: 8833.6, Avg(us): 7724, Min(us): 775, Max(us): 109923, 99th(us): 35000, 99.9th(us): 52000, 99.99th(us): 92000
INSERT - Takes(s): 29.9, Count: 13877, OPS: 463.4, Avg(us): 24956, Min(us): 5398, Max(us): 89139, 99th(us): 51000, 99.9th(us): 60000, 99.99th(us): 73000
READ   - Takes(s): 30.0, Count: 263899, OPS: 8809.3, Avg(us): 7762, Min(us): 678, Max(us): 109923, 99th(us): 35000, 99.9th(us): 52000, 99.99th(us): 91000
INSERT - Takes(s): 39.9, Count: 18542, OPS: 464.2, Avg(us): 25119, Min(us): 5398, Max(us): 89139, 99th(us): 50000, 99.9th(us): 61000, 99.99th(us): 77000
READ   - Takes(s): 40.0, Count: 353495, OPS: 8846.9, Avg(us): 7714, Min(us): 678, Max(us): 109923, 99th(us): 35000, 99.9th(us): 52000, 99.99th(us): 90000
INSERT - Takes(s): 49.9, Count: 22464, OPS: 449.8, Avg(us): 25555, Min(us): 5398, Max(us): 89139, 99th(us): 51000, 99.9th(us): 61000, 99.99th(us): 77000
READ   - Takes(s): 50.0, Count: 427270, OPS: 8552.8, Avg(us): 7998, Min(us): 678, Max(us): 109923, 99th(us): 35000, 99.9th(us): 52000, 99.99th(us): 88000
INSERT - Takes(s): 59.9, Count: 26849, OPS: 447.9, Avg(us): 25557, Min(us): 5398, Max(us): 89139, 99th(us): 50000, 99.9th(us): 61000, 99.99th(us): 77000
READ   - Takes(s): 60.0, Count: 513103, OPS: 8557.8, Avg(us): 7997, Min(us): 678, Max(us): 109923, 99th(us): 35000, 99.9th(us): 51000, 99.99th(us): 86000
INSERT - Takes(s): 69.9, Count: 31242, OPS: 446.7, Avg(us): 25657, Min(us): 5398, Max(us): 89139, 99th(us): 51000, 99.9th(us): 61000, 99.99th(us): 77000
READ   - Takes(s): 70.0, Count: 596524, OPS: 8526.9, Avg(us): 8025, Min(us): 678, Max(us): 109923, 99th(us): 35000, 99.9th(us): 51000, 99.99th(us): 81000
INSERT - Takes(s): 79.9, Count: 36164, OPS: 452.4, Avg(us): 25629, Min(us): 5398, Max(us): 89139, 99th(us): 51000, 99.9th(us): 62000, 99.99th(us): 78000
READ   - Takes(s): 80.0, Count: 689589, OPS: 8624.5, Avg(us): 7918, Min(us): 678, Max(us): 109923, 99th(us): 35000, 99.9th(us): 51000, 99.99th(us): 80000
INSERT - Takes(s): 89.9, Count: 40788, OPS: 453.5, Avg(us): 25623, Min(us): 5398, Max(us): 89139, 99th(us): 51000, 99.9th(us): 62000, 99.99th(us): 77000
READ   - Takes(s): 90.0, Count: 777959, OPS: 8648.1, Avg(us): 7893, Min(us): 678, Max(us): 109923, 99th(us): 35000, 99.9th(us): 50000, 99.99th(us): 79000
INSERT - Takes(s): 99.9, Count: 45421, OPS: 454.5, Avg(us): 25680, Min(us): 5398, Max(us): 89139, 99th(us): 51000, 99.9th(us): 61000, 99.99th(us): 77000
READ   - Takes(s): 100.0, Count: 867895, OPS: 8682.7, Avg(us): 7855, Min(us): 678, Max(us): 109923, 99th(us): 35000, 99.9th(us): 49000, 99.99th(us): 77000
Run finished, takes 1m49.314599097s
INSERT - Takes(s): 109.3, Count: 49703, OPS: 454.9, Avg(us): 25497, Min(us): 5398, Max(us): 89139, 99th(us): 51000, 99.9th(us): 62000, 99.99th(us): 81000
READ   - Takes(s): 109.3, Count: 950290, OPS: 8696.6, Avg(us): 7770, Min(us): 678, Max(us): 109923, 99th(us): 35000, 99.9th(us): 50000, 99.99th(us): 75000
[2022/06/08 12:29:05.900 -05:00] [INFO] [client.go:754] ["[pd] stop fetching the pending tso requests due to context canceled"] [dc-location=global]
[2022/06/08 12:29:05.900 -05:00] [INFO] [client.go:692] ["[pd] exit tso dispatcher"] [dc-location=global]
