[2022/06/08 12:12:48.170 -05:00] [INFO] [client.go:378] ["[pd] create pd client with endpoints"] [pd-address="[10.10.1.4:2379]"]
[2022/06/08 12:12:48.175 -05:00] [INFO] [base_client.go:350] ["[pd] switch leader"] [new-leader=http://10.10.1.4:2379] [old-leader=]
[2022/06/08 12:12:48.176 -05:00] [INFO] [base_client.go:105] ["[pd] init cluster id"] [cluster-id=7106905351409710382]
[2022/06/08 12:12:48.176 -05:00] [INFO] [client.go:673] ["[pd] tso dispatcher created"] [dc-location=global]
***************** properties *****************
"updateproportion"="0"
"verbose"="false"
"insertproportion"="0.05"
"tikv.batchsize"="128"
"threadcount"="40"
"workload"="core"
"scanproportion"="0"
"tikv.pd"="10.10.1.4:2379"
"tikv.type"="raw"
"debug.pprof"=":6060"
"dotransactions"="true"
"recordcount"="1000000"
"requestdistribution"="latest"
"tikv.conncount"="128"
"operationcount"="1000000"
"readallfields"="true"
"readproportion"="0.95"
**********************************************
INSERT - Takes(s): 10.0, Count: 4494, OPS: 451.4, Avg(us): 14057, Min(us): 5883, Max(us): 46737, 99th(us): 25000, 99.9th(us): 38000, 99.99th(us): 47000
READ   - Takes(s): 10.0, Count: 87257, OPS: 8756.8, Avg(us): 3840, Min(us): 778, Max(us): 67708, 99th(us): 15000, 99.9th(us): 41000, 99.99th(us): 60000
INSERT - Takes(s): 20.0, Count: 9063, OPS: 454.1, Avg(us): 14202, Min(us): 5569, Max(us): 46737, 99th(us): 24000, 99.9th(us): 29000, 99.99th(us): 47000
READ   - Takes(s): 20.0, Count: 177648, OPS: 8898.1, Avg(us): 3760, Min(us): 712, Max(us): 74886, 99th(us): 14000, 99.9th(us): 30000, 99.99th(us): 58000
INSERT - Takes(s): 30.0, Count: 13680, OPS: 456.7, Avg(us): 14351, Min(us): 5569, Max(us): 52508, 99th(us): 25000, 99.9th(us): 31000, 99.99th(us): 51000
READ   - Takes(s): 30.0, Count: 265470, OPS: 8859.6, Avg(us): 3762, Min(us): 712, Max(us): 96885, 99th(us): 14000, 99.9th(us): 24000, 99.99th(us): 59000
INSERT - Takes(s): 40.0, Count: 18535, OPS: 463.9, Avg(us): 14373, Min(us): 5236, Max(us): 52508, 99th(us): 26000, 99.9th(us): 33000, 99.99th(us): 51000
READ   - Takes(s): 40.0, Count: 359811, OPS: 9003.3, Avg(us): 3688, Min(us): 712, Max(us): 96885, 99th(us): 14000, 99.9th(us): 22000, 99.99th(us): 56000
INSERT - Takes(s): 50.0, Count: 23867, OPS: 477.8, Avg(us): 14311, Min(us): 5236, Max(us): 52508, 99th(us): 25000, 99.9th(us): 32000, 99.99th(us): 47000
READ   - Takes(s): 50.0, Count: 461410, OPS: 9234.8, Avg(us): 3576, Min(us): 710, Max(us): 96885, 99th(us): 14000, 99.9th(us): 21000, 99.99th(us): 56000
INSERT - Takes(s): 60.0, Count: 28637, OPS: 477.6, Avg(us): 14358, Min(us): 5236, Max(us): 52508, 99th(us): 25000, 99.9th(us): 33000, 99.99th(us): 47000
READ   - Takes(s): 60.0, Count: 551244, OPS: 9192.9, Avg(us): 3590, Min(us): 710, Max(us): 96885, 99th(us): 14000, 99.9th(us): 21000, 99.99th(us): 55000
INSERT - Takes(s): 70.0, Count: 33734, OPS: 482.2, Avg(us): 14258, Min(us): 5236, Max(us): 56153, 99th(us): 25000, 99.9th(us): 33000, 99.99th(us): 53000
READ   - Takes(s): 70.0, Count: 651394, OPS: 9310.4, Avg(us): 3542, Min(us): 639, Max(us): 96885, 99th(us): 13000, 99.9th(us): 20000, 99.99th(us): 55000
INSERT - Takes(s): 80.0, Count: 38201, OPS: 477.8, Avg(us): 14311, Min(us): 5236, Max(us): 56153, 99th(us): 25000, 99.9th(us): 33000, 99.99th(us): 53000
READ   - Takes(s): 80.0, Count: 736718, OPS: 9213.1, Avg(us): 3584, Min(us): 639, Max(us): 96885, 99th(us): 13000, 99.9th(us): 20000, 99.99th(us): 54000
INSERT - Takes(s): 90.0, Count: 43382, OPS: 482.3, Avg(us): 14238, Min(us): 5236, Max(us): 56153, 99th(us): 25000, 99.9th(us): 33000, 99.99th(us): 52000
READ   - Takes(s): 90.0, Count: 834353, OPS: 9274.3, Avg(us): 3557, Min(us): 639, Max(us): 96885, 99th(us): 13000, 99.9th(us): 20000, 99.99th(us): 55000
INSERT - Takes(s): 100.0, Count: 48307, OPS: 483.3, Avg(us): 14238, Min(us): 5236, Max(us): 56871, 99th(us): 25000, 99.9th(us): 33000, 99.99th(us): 53000
READ   - Takes(s): 100.0, Count: 927886, OPS: 9282.2, Avg(us): 3552, Min(us): 639, Max(us): 96885, 99th(us): 13000, 99.9th(us): 20000, 99.99th(us): 55000
Run finished, takes 1m42.675302899s
INSERT - Takes(s): 102.6, Count: 49495, OPS: 482.3, Avg(us): 14204, Min(us): 5236, Max(us): 56871, 99th(us): 25000, 99.9th(us): 32000, 99.99th(us): 53000
READ   - Takes(s): 102.6, Count: 950504, OPS: 9260.6, Avg(us): 3539, Min(us): 639, Max(us): 96885, 99th(us): 13000, 99.9th(us): 20000, 99.99th(us): 55000
[2022/06/08 12:14:30.852 -05:00] [INFO] [client.go:754] ["[pd] stop fetching the pending tso requests due to context canceled"] [dc-location=global]
[2022/06/08 12:14:30.852 -05:00] [INFO] [client.go:692] ["[pd] exit tso dispatcher"] [dc-location=global]
