[2022/06/08 12:14:31.056 -05:00] [INFO] [client.go:378] ["[pd] create pd client with endpoints"] [pd-address="[10.10.1.4:2379]"]
[2022/06/08 12:14:31.061 -05:00] [INFO] [base_client.go:350] ["[pd] switch leader"] [new-leader=http://10.10.1.4:2379] [old-leader=]
[2022/06/08 12:14:31.061 -05:00] [INFO] [base_client.go:105] ["[pd] init cluster id"] [cluster-id=7106905351409710382]
[2022/06/08 12:14:31.061 -05:00] [INFO] [client.go:673] ["[pd] tso dispatcher created"] [dc-location=global]
***************** properties *****************
"recordcount"="1000000"
"scanproportion"="0"
"workload"="core"
"threadcount"="45"
"requestdistribution"="latest"
"insertproportion"="0.05"
"tikv.batchsize"="128"
"readallfields"="true"
"debug.pprof"=":6060"
"readproportion"="0.95"
"tikv.pd"="10.10.1.4:2379"
"dotransactions"="true"
"operationcount"="1000000"
"tikv.type"="raw"
"tikv.conncount"="128"
"verbose"="false"
"updateproportion"="0"
**********************************************
INSERT - Takes(s): 10.0, Count: 5256, OPS: 527.9, Avg(us): 14940, Min(us): 5656, Max(us): 48120, 99th(us): 27000, 99.9th(us): 43000, 99.99th(us): 49000
READ   - Takes(s): 10.0, Count: 101525, OPS: 10189.0, Avg(us): 3639, Min(us): 690, Max(us): 86739, 99th(us): 15000, 99.9th(us): 25000, 99.99th(us): 67000
INSERT - Takes(s): 20.0, Count: 9759, OPS: 489.0, Avg(us): 15531, Min(us): 5656, Max(us): 62531, 99th(us): 28000, 99.9th(us): 44000, 99.99th(us): 63000
READ   - Takes(s): 20.0, Count: 186011, OPS: 9317.2, Avg(us): 4005, Min(us): 690, Max(us): 86739, 99th(us): 17000, 99.9th(us): 25000, 99.99th(us): 56000
INSERT - Takes(s): 30.0, Count: 14541, OPS: 485.4, Avg(us): 15543, Min(us): 5656, Max(us): 62531, 99th(us): 28000, 99.9th(us): 41000, 99.99th(us): 63000
READ   - Takes(s): 30.0, Count: 278287, OPS: 9287.4, Avg(us): 4021, Min(us): 690, Max(us): 86739, 99th(us): 17000, 99.9th(us): 25000, 99.99th(us): 62000
INSERT - Takes(s): 40.0, Count: 18877, OPS: 472.4, Avg(us): 15728, Min(us): 5656, Max(us): 72772, 99th(us): 28000, 99.9th(us): 43000, 99.99th(us): 71000
READ   - Takes(s): 40.0, Count: 361085, OPS: 9035.3, Avg(us): 4145, Min(us): 690, Max(us): 86739, 99th(us): 17000, 99.9th(us): 25000, 99.99th(us): 63000
INSERT - Takes(s): 50.0, Count: 23644, OPS: 473.3, Avg(us): 15701, Min(us): 5656, Max(us): 72772, 99th(us): 28000, 99.9th(us): 36000, 99.99th(us): 71000
READ   - Takes(s): 50.0, Count: 454197, OPS: 9090.5, Avg(us): 4119, Min(us): 690, Max(us): 86739, 99th(us): 17000, 99.9th(us): 24000, 99.99th(us): 63000
INSERT - Takes(s): 60.0, Count: 28444, OPS: 474.4, Avg(us): 15698, Min(us): 5656, Max(us): 74495, 99th(us): 28000, 99.9th(us): 36000, 99.99th(us): 71000
READ   - Takes(s): 60.0, Count: 545031, OPS: 9089.3, Avg(us): 4117, Min(us): 690, Max(us): 86739, 99th(us): 16000, 99.9th(us): 24000, 99.99th(us): 66000
INSERT - Takes(s): 70.0, Count: 33531, OPS: 479.3, Avg(us): 15637, Min(us): 5656, Max(us): 74495, 99th(us): 28000, 99.9th(us): 35000, 99.99th(us): 71000
READ   - Takes(s): 70.0, Count: 642277, OPS: 9180.1, Avg(us): 4070, Min(us): 690, Max(us): 86739, 99th(us): 16000, 99.9th(us): 23000, 99.99th(us): 65000
INSERT - Takes(s): 80.0, Count: 37907, OPS: 474.1, Avg(us): 15716, Min(us): 5656, Max(us): 74495, 99th(us): 28000, 99.9th(us): 35000, 99.99th(us): 71000
READ   - Takes(s): 80.0, Count: 724315, OPS: 9058.0, Avg(us): 4130, Min(us): 690, Max(us): 86739, 99th(us): 16000, 99.9th(us): 23000, 99.99th(us): 63000
INSERT - Takes(s): 90.0, Count: 42723, OPS: 474.9, Avg(us): 15694, Min(us): 5626, Max(us): 91474, 99th(us): 28000, 99.9th(us): 35000, 99.99th(us): 74000
READ   - Takes(s): 90.0, Count: 817578, OPS: 9087.9, Avg(us): 4116, Min(us): 690, Max(us): 86739, 99th(us): 16000, 99.9th(us): 23000, 99.99th(us): 67000
INSERT - Takes(s): 100.0, Count: 47957, OPS: 479.8, Avg(us): 15615, Min(us): 5626, Max(us): 91474, 99th(us): 28000, 99.9th(us): 34000, 99.99th(us): 74000
READ   - Takes(s): 100.0, Count: 916357, OPS: 9166.9, Avg(us): 4076, Min(us): 690, Max(us): 86739, 99th(us): 16000, 99.9th(us): 23000, 99.99th(us): 67000
Run finished, takes 1m44.11288598s
INSERT - Takes(s): 104.1, Count: 49782, OPS: 478.4, Avg(us): 15552, Min(us): 5557, Max(us): 91474, 99th(us): 27000, 99.9th(us): 34000, 99.99th(us): 74000
READ   - Takes(s): 104.1, Count: 950208, OPS: 9129.9, Avg(us): 4053, Min(us): 680, Max(us): 86739, 99th(us): 16000, 99.9th(us): 23000, 99.99th(us): 67000
[2022/06/08 12:16:15.175 -05:00] [INFO] [client.go:754] ["[pd] stop fetching the pending tso requests due to context canceled"] [dc-location=global]
[2022/06/08 12:16:15.175 -05:00] [INFO] [client.go:692] ["[pd] exit tso dispatcher"] [dc-location=global]
