[2022/06/08 11:53:11.162 -05:00] [INFO] [client.go:378] ["[pd] create pd client with endpoints"] [pd-address="[10.10.1.4:2379]"]
[2022/06/08 11:53:11.167 -05:00] [INFO] [base_client.go:350] ["[pd] switch leader"] [new-leader=http://10.10.1.4:2379] [old-leader=]
[2022/06/08 11:53:11.167 -05:00] [INFO] [base_client.go:105] ["[pd] init cluster id"] [cluster-id=7106905351409710382]
[2022/06/08 11:53:11.167 -05:00] [INFO] [client.go:673] ["[pd] tso dispatcher created"] [dc-location=global]
***************** properties *****************
"workload"="core"
"requestdistribution"="latest"
"recordcount"="1000000"
"readproportion"="0.95"
"tikv.batchsize"="128"
"tikv.pd"="10.10.1.4:2379"
"verbose"="false"
"tikv.type"="raw"
"updateproportion"="0"
"readallfields"="true"
"debug.pprof"=":6060"
"tikv.conncount"="128"
"scanproportion"="0"
"operationcount"="1000000"
"dotransactions"="true"
"insertproportion"="0.05"
"threadcount"="5"
**********************************************
INSERT - Takes(s): 9.9, Count: 1153, OPS: 116.5, Avg(us): 7301, Min(us): 5642, Max(us): 34150, 99th(us): 10000, 99.9th(us): 12000, 99.99th(us): 35000
READ   - Takes(s): 10.0, Count: 22779, OPS: 2285.2, Avg(us): 1804, Min(us): 1123, Max(us): 59166, 99th(us): 3000, 99.9th(us): 4000, 99.99th(us): 59000
INSERT - Takes(s): 19.9, Count: 2373, OPS: 119.3, Avg(us): 7251, Min(us): 5466, Max(us): 34150, 99th(us): 10000, 99.9th(us): 12000, 99.99th(us): 35000
READ   - Takes(s): 20.0, Count: 45854, OPS: 2296.5, Avg(us): 1785, Min(us): 1012, Max(us): 59166, 99th(us): 3000, 99.9th(us): 5000, 99.99th(us): 34000
INSERT - Takes(s): 29.9, Count: 3562, OPS: 119.2, Avg(us): 7230, Min(us): 5466, Max(us): 34150, 99th(us): 10000, 99.9th(us): 12000, 99.99th(us): 35000
READ   - Takes(s): 30.0, Count: 69181, OPS: 2308.5, Avg(us): 1775, Min(us): 1012, Max(us): 59166, 99th(us): 3000, 99.9th(us): 4000, 99.99th(us): 34000
INSERT - Takes(s): 39.9, Count: 4798, OPS: 120.3, Avg(us): 7224, Min(us): 5466, Max(us): 34150, 99th(us): 10000, 99.9th(us): 12000, 99.99th(us): 35000
READ   - Takes(s): 40.0, Count: 92529, OPS: 2315.1, Avg(us): 1766, Min(us): 1012, Max(us): 59166, 99th(us): 3000, 99.9th(us): 4000, 99.99th(us): 33000
INSERT - Takes(s): 49.9, Count: 6030, OPS: 120.9, Avg(us): 7212, Min(us): 5466, Max(us): 34150, 99th(us): 10000, 99.9th(us): 12000, 99.99th(us): 35000
READ   - Takes(s): 50.0, Count: 116280, OPS: 2327.1, Avg(us): 1756, Min(us): 1012, Max(us): 59166, 99th(us): 3000, 99.9th(us): 4000, 99.99th(us): 34000
INSERT - Takes(s): 59.9, Count: 7312, OPS: 122.1, Avg(us): 7211, Min(us): 5459, Max(us): 40312, 99th(us): 10000, 99.9th(us): 12000, 99.99th(us): 41000
READ   - Takes(s): 60.0, Count: 139830, OPS: 2331.8, Avg(us): 1748, Min(us): 1012, Max(us): 59166, 99th(us): 3000, 99.9th(us): 4000, 99.99th(us): 34000
INSERT - Takes(s): 69.9, Count: 8569, OPS: 122.6, Avg(us): 7207, Min(us): 5417, Max(us): 40312, 99th(us): 10000, 99.9th(us): 12000, 99.99th(us): 41000
READ   - Takes(s): 70.0, Count: 163462, OPS: 2336.3, Avg(us): 1743, Min(us): 1012, Max(us): 59166, 99th(us): 3000, 99.9th(us): 4000, 99.99th(us): 34000
INSERT - Takes(s): 79.9, Count: 9773, OPS: 122.3, Avg(us): 7203, Min(us): 5417, Max(us): 40312, 99th(us): 10000, 99.9th(us): 12000, 99.99th(us): 41000
READ   - Takes(s): 80.0, Count: 187378, OPS: 2343.2, Avg(us): 1739, Min(us): 1012, Max(us): 59166, 99th(us): 3000, 99.9th(us): 4000, 99.99th(us): 34000
INSERT - Takes(s): 89.9, Count: 11040, OPS: 122.8, Avg(us): 7207, Min(us): 5313, Max(us): 40312, 99th(us): 10000, 99.9th(us): 12000, 99.99th(us): 35000
READ   - Takes(s): 90.0, Count: 210924, OPS: 2344.5, Avg(us): 1736, Min(us): 1012, Max(us): 59166, 99th(us): 3000, 99.9th(us): 4000, 99.99th(us): 34000
INSERT - Takes(s): 99.9, Count: 12274, OPS: 122.9, Avg(us): 7204, Min(us): 5313, Max(us): 40312, 99th(us): 10000, 99.9th(us): 13000, 99.99th(us): 35000
READ   - Takes(s): 100.0, Count: 234805, OPS: 2348.8, Avg(us): 1733, Min(us): 998, Max(us): 59166, 99th(us): 3000, 99.9th(us): 4000, 99.99th(us): 34000
INSERT - Takes(s): 109.9, Count: 13511, OPS: 122.9, Avg(us): 7208, Min(us): 5313, Max(us): 40312, 99th(us): 10000, 99.9th(us): 12000, 99.99th(us): 35000
READ   - Takes(s): 110.0, Count: 258506, OPS: 2350.8, Avg(us): 1731, Min(us): 986, Max(us): 59166, 99th(us): 3000, 99.9th(us): 4000, 99.99th(us): 34000
INSERT - Takes(s): 119.9, Count: 14720, OPS: 122.8, Avg(us): 7199, Min(us): 5313, Max(us): 40312, 99th(us): 10000, 99.9th(us): 12000, 99.99th(us): 35000
READ   - Takes(s): 120.0, Count: 282592, OPS: 2355.6, Avg(us): 1728, Min(us): 986, Max(us): 59166, 99th(us): 3000, 99.9th(us): 4000, 99.99th(us): 34000
INSERT - Takes(s): 129.9, Count: 16007, OPS: 123.2, Avg(us): 7201, Min(us): 5313, Max(us): 40312, 99th(us): 10000, 99.9th(us): 13000, 99.99th(us): 34000
READ   - Takes(s): 130.0, Count: 306208, OPS: 2356.0, Avg(us): 1726, Min(us): 986, Max(us): 59166, 99th(us): 3000, 99.9th(us): 4000, 99.99th(us): 34000
INSERT - Takes(s): 139.9, Count: 17230, OPS: 123.2, Avg(us): 7202, Min(us): 5313, Max(us): 40312, 99th(us): 10000, 99.9th(us): 13000, 99.99th(us): 35000
READ   - Takes(s): 140.0, Count: 330171, OPS: 2358.9, Avg(us): 1724, Min(us): 986, Max(us): 59166, 99th(us): 3000, 99.9th(us): 4000, 99.99th(us): 34000
INSERT - Takes(s): 149.9, Count: 18488, OPS: 123.3, Avg(us): 7207, Min(us): 5313, Max(us): 40312, 99th(us): 10000, 99.9th(us): 13000, 99.99th(us): 35000
READ   - Takes(s): 150.0, Count: 353968, OPS: 2360.3, Avg(us): 1722, Min(us): 978, Max(us): 59166, 99th(us): 3000, 99.9th(us): 4000, 99.99th(us): 34000
INSERT - Takes(s): 159.9, Count: 19684, OPS: 123.1, Avg(us): 7243, Min(us): 5313, Max(us): 137945, 99th(us): 10000, 99.9th(us): 14000, 99.99th(us): 129000
READ   - Takes(s): 160.0, Count: 377353, OPS: 2358.9, Avg(us): 1722, Min(us): 960, Max(us): 59166, 99th(us): 3000, 99.9th(us): 4000, 99.99th(us): 36000
INSERT - Takes(s): 169.9, Count: 20969, OPS: 123.4, Avg(us): 7242, Min(us): 5313, Max(us): 137945, 99th(us): 10000, 99.9th(us): 14000, 99.99th(us): 105000
READ   - Takes(s): 170.0, Count: 400893, OPS: 2358.7, Avg(us): 1722, Min(us): 960, Max(us): 59166, 99th(us): 3000, 99.9th(us): 4000, 99.99th(us): 34000
INSERT - Takes(s): 179.9, Count: 22243, OPS: 123.6, Avg(us): 7240, Min(us): 5313, Max(us): 137945, 99th(us): 10000, 99.9th(us): 14000, 99.99th(us): 105000
READ   - Takes(s): 180.0, Count: 424437, OPS: 2358.4, Avg(us): 1721, Min(us): 960, Max(us): 59166, 99th(us): 3000, 99.9th(us): 4000, 99.99th(us): 35000
INSERT - Takes(s): 189.9, Count: 23515, OPS: 123.8, Avg(us): 7239, Min(us): 5313, Max(us): 137945, 99th(us): 10000, 99.9th(us): 14000, 99.99th(us): 105000
READ   - Takes(s): 190.0, Count: 448026, OPS: 2358.4, Avg(us): 1721, Min(us): 960, Max(us): 59166, 99th(us): 3000, 99.9th(us): 4000, 99.99th(us): 34000
INSERT - Takes(s): 199.9, Count: 24731, OPS: 123.7, Avg(us): 7238, Min(us): 5313, Max(us): 137945, 99th(us): 10000, 99.9th(us): 14000, 99.99th(us): 105000
READ   - Takes(s): 200.0, Count: 471904, OPS: 2359.9, Avg(us): 1720, Min(us): 932, Max(us): 59166, 99th(us): 3000, 99.9th(us): 4000, 99.99th(us): 35000
INSERT - Takes(s): 209.9, Count: 25998, OPS: 123.9, Avg(us): 7233, Min(us): 5313, Max(us): 137945, 99th(us): 10000, 99.9th(us): 14000, 99.99th(us): 105000
READ   - Takes(s): 210.0, Count: 495547, OPS: 2360.1, Avg(us): 1719, Min(us): 932, Max(us): 59166, 99th(us): 3000, 99.9th(us): 3000, 99.99th(us): 34000
INSERT - Takes(s): 219.9, Count: 27227, OPS: 123.8, Avg(us): 7229, Min(us): 5313, Max(us): 137945, 99th(us): 10000, 99.9th(us): 14000, 99.99th(us): 105000
READ   - Takes(s): 220.0, Count: 519290, OPS: 2360.8, Avg(us): 1719, Min(us): 932, Max(us): 59166, 99th(us): 3000, 99.9th(us): 3000, 99.99th(us): 34000
INSERT - Takes(s): 229.9, Count: 28458, OPS: 123.8, Avg(us): 7228, Min(us): 5313, Max(us): 137945, 99th(us): 10000, 99.9th(us): 14000, 99.99th(us): 105000
READ   - Takes(s): 230.0, Count: 543128, OPS: 2361.8, Avg(us): 1719, Min(us): 932, Max(us): 59166, 99th(us): 3000, 99.9th(us): 3000, 99.99th(us): 35000
INSERT - Takes(s): 239.9, Count: 29635, OPS: 123.5, Avg(us): 7223, Min(us): 5313, Max(us): 137945, 99th(us): 10000, 99.9th(us): 14000, 99.99th(us): 105000
READ   - Takes(s): 240.0, Count: 567289, OPS: 2364.0, Avg(us): 1718, Min(us): 932, Max(us): 59166, 99th(us): 3000, 99.9th(us): 3000, 99.99th(us): 35000
INSERT - Takes(s): 249.9, Count: 30920, OPS: 123.7, Avg(us): 7217, Min(us): 5263, Max(us): 137945, 99th(us): 10000, 99.9th(us): 14000, 99.99th(us): 101000
READ   - Takes(s): 250.0, Count: 590920, OPS: 2364.0, Avg(us): 1718, Min(us): 932, Max(us): 59166, 99th(us): 3000, 99.9th(us): 3000, 99.99th(us): 35000
INSERT - Takes(s): 259.9, Count: 32119, OPS: 123.6, Avg(us): 7216, Min(us): 5263, Max(us): 137945, 99th(us): 10000, 99.9th(us): 14000, 99.99th(us): 101000
READ   - Takes(s): 260.0, Count: 614979, OPS: 2365.6, Avg(us): 1717, Min(us): 932, Max(us): 59166, 99th(us): 3000, 99.9th(us): 3000, 99.99th(us): 34000
INSERT - Takes(s): 269.9, Count: 33372, OPS: 123.6, Avg(us): 7212, Min(us): 5263, Max(us): 137945, 99th(us): 10000, 99.9th(us): 14000, 99.99th(us): 101000
READ   - Takes(s): 270.0, Count: 638983, OPS: 2366.9, Avg(us): 1716, Min(us): 932, Max(us): 59166, 99th(us): 3000, 99.9th(us): 3000, 99.99th(us): 35000
INSERT - Takes(s): 279.9, Count: 34655, OPS: 123.8, Avg(us): 7210, Min(us): 5263, Max(us): 137945, 99th(us): 10000, 99.9th(us): 14000, 99.99th(us): 101000
READ   - Takes(s): 280.0, Count: 662660, OPS: 2366.9, Avg(us): 1716, Min(us): 932, Max(us): 59166, 99th(us): 3000, 99.9th(us): 3000, 99.99th(us): 35000
INSERT - Takes(s): 289.9, Count: 35907, OPS: 123.9, Avg(us): 7208, Min(us): 5263, Max(us): 137945, 99th(us): 10000, 99.9th(us): 13000, 99.99th(us): 101000
READ   - Takes(s): 290.0, Count: 686512, OPS: 2367.6, Avg(us): 1715, Min(us): 932, Max(us): 59166, 99th(us): 3000, 99.9th(us): 3000, 99.99th(us): 35000
INSERT - Takes(s): 299.9, Count: 37169, OPS: 123.9, Avg(us): 7205, Min(us): 5263, Max(us): 137945, 99th(us): 10000, 99.9th(us): 13000, 99.99th(us): 101000
READ   - Takes(s): 300.0, Count: 710594, OPS: 2368.9, Avg(us): 1714, Min(us): 932, Max(us): 59166, 99th(us): 3000, 99.9th(us): 3000, 99.99th(us): 35000
INSERT - Takes(s): 309.9, Count: 38391, OPS: 123.9, Avg(us): 7205, Min(us): 5263, Max(us): 137945, 99th(us): 10000, 99.9th(us): 13000, 99.99th(us): 101000
READ   - Takes(s): 310.0, Count: 734607, OPS: 2369.9, Avg(us): 1714, Min(us): 932, Max(us): 59166, 99th(us): 3000, 99.9th(us): 3000, 99.99th(us): 35000
INSERT - Takes(s): 319.9, Count: 39667, OPS: 124.0, Avg(us): 7204, Min(us): 5263, Max(us): 137945, 99th(us): 10000, 99.9th(us): 13000, 99.99th(us): 101000
READ   - Takes(s): 320.0, Count: 758449, OPS: 2370.4, Avg(us): 1713, Min(us): 932, Max(us): 59166, 99th(us): 3000, 99.9th(us): 3000, 99.99th(us): 35000
INSERT - Takes(s): 329.9, Count: 40918, OPS: 124.0, Avg(us): 7203, Min(us): 5263, Max(us): 137945, 99th(us): 10000, 99.9th(us): 13000, 99.99th(us): 78000
READ   - Takes(s): 330.0, Count: 782377, OPS: 2371.1, Avg(us): 1712, Min(us): 932, Max(us): 59166, 99th(us): 3000, 99.9th(us): 3000, 99.99th(us): 35000
INSERT - Takes(s): 339.9, Count: 42212, OPS: 124.2, Avg(us): 7200, Min(us): 5263, Max(us): 137945, 99th(us): 10000, 99.9th(us): 13000, 99.99th(us): 78000
READ   - Takes(s): 340.0, Count: 806193, OPS: 2371.4, Avg(us): 1712, Min(us): 826, Max(us): 59166, 99th(us): 3000, 99.9th(us): 3000, 99.99th(us): 35000
INSERT - Takes(s): 349.9, Count: 43476, OPS: 124.3, Avg(us): 7196, Min(us): 4946, Max(us): 137945, 99th(us): 10000, 99.9th(us): 13000, 99.99th(us): 78000
READ   - Takes(s): 350.0, Count: 830055, OPS: 2371.8, Avg(us): 1712, Min(us): 826, Max(us): 59166, 99th(us): 3000, 99.9th(us): 3000, 99.99th(us): 35000
INSERT - Takes(s): 359.9, Count: 44766, OPS: 124.4, Avg(us): 7196, Min(us): 4946, Max(us): 137945, 99th(us): 10000, 99.9th(us): 13000, 99.99th(us): 78000
READ   - Takes(s): 360.0, Count: 853808, OPS: 2371.9, Avg(us): 1711, Min(us): 826, Max(us): 59166, 99th(us): 3000, 99.9th(us): 3000, 99.99th(us): 35000
INSERT - Takes(s): 369.9, Count: 46071, OPS: 124.6, Avg(us): 7192, Min(us): 4946, Max(us): 137945, 99th(us): 10000, 99.9th(us): 13000, 99.99th(us): 78000
READ   - Takes(s): 370.0, Count: 877785, OPS: 2372.6, Avg(us): 1710, Min(us): 826, Max(us): 59166, 99th(us): 3000, 99.9th(us): 3000, 99.99th(us): 35000
INSERT - Takes(s): 379.9, Count: 47328, OPS: 124.6, Avg(us): 7190, Min(us): 4946, Max(us): 137945, 99th(us): 10000, 99.9th(us): 13000, 99.99th(us): 78000
READ   - Takes(s): 380.0, Count: 901782, OPS: 2373.3, Avg(us): 1710, Min(us): 826, Max(us): 59166, 99th(us): 3000, 99.9th(us): 3000, 99.99th(us): 35000
INSERT - Takes(s): 389.9, Count: 48585, OPS: 124.6, Avg(us): 7187, Min(us): 4946, Max(us): 137945, 99th(us): 10000, 99.9th(us): 13000, 99.99th(us): 78000
READ   - Takes(s): 390.0, Count: 925924, OPS: 2374.4, Avg(us): 1709, Min(us): 826, Max(us): 59166, 99th(us): 3000, 99.9th(us): 3000, 99.99th(us): 35000
INSERT - Takes(s): 399.9, Count: 49787, OPS: 124.5, Avg(us): 7187, Min(us): 4946, Max(us): 137945, 99th(us): 10000, 99.9th(us): 13000, 99.99th(us): 78000
READ   - Takes(s): 400.0, Count: 949130, OPS: 2373.0, Avg(us): 1710, Min(us): 826, Max(us): 59166, 99th(us): 3000, 99.9th(us): 3000, 99.99th(us): 35000
Run finished, takes 6m41.04547234s
INSERT - Takes(s): 400.9, Count: 49844, OPS: 124.3, Avg(us): 7187, Min(us): 4946, Max(us): 137945, 99th(us): 10000, 99.9th(us): 13000, 99.99th(us): 78000
READ   - Takes(s): 401.0, Count: 950156, OPS: 2369.4, Avg(us): 1710, Min(us): 826, Max(us): 59166, 99th(us): 3000, 99.9th(us): 3000, 99.99th(us): 35000
[2022/06/08 11:59:52.213 -05:00] [INFO] [client.go:754] ["[pd] stop fetching the pending tso requests due to context canceled"] [dc-location=global]
[2022/06/08 11:59:52.213 -05:00] [INFO] [client.go:692] ["[pd] exit tso dispatcher"] [dc-location=global]
