[2022/06/08 12:19:55.454 -05:00] [INFO] [client.go:378] ["[pd] create pd client with endpoints"] [pd-address="[10.10.1.4:2379]"]
[2022/06/08 12:19:55.460 -05:00] [INFO] [base_client.go:350] ["[pd] switch leader"] [new-leader=http://10.10.1.4:2379] [old-leader=]
[2022/06/08 12:19:55.460 -05:00] [INFO] [base_client.go:105] ["[pd] init cluster id"] [cluster-id=7106905351409710382]
[2022/06/08 12:19:55.460 -05:00] [INFO] [client.go:673] ["[pd] tso dispatcher created"] [dc-location=global]
***************** properties *****************
"threadcount"="60"
"insertproportion"="0.05"
"readproportion"="0.95"
"updateproportion"="0"
"tikv.batchsize"="128"
"requestdistribution"="latest"
"readallfields"="true"
"operationcount"="1000000"
"dotransactions"="true"
"workload"="core"
"tikv.pd"="10.10.1.4:2379"
"scanproportion"="0"
"tikv.type"="raw"
"recordcount"="1000000"
"verbose"="false"
"debug.pprof"=":6060"
"tikv.conncount"="128"
**********************************************
INSERT - Takes(s): 10.0, Count: 4624, OPS: 464.6, Avg(us): 20243, Min(us): 7336, Max(us): 55884, 99th(us): 39000, 99.9th(us): 51000, 99.99th(us): 56000
READ   - Takes(s): 10.0, Count: 86783, OPS: 8714.0, Avg(us): 5812, Min(us): 719, Max(us): 99353, 99th(us): 25000, 99.9th(us): 38000, 99.99th(us): 93000
INSERT - Takes(s): 20.0, Count: 9479, OPS: 475.1, Avg(us): 19976, Min(us): 6407, Max(us): 68040, 99th(us): 37000, 99.9th(us): 47000, 99.99th(us): 65000
READ   - Takes(s): 20.0, Count: 180304, OPS: 9033.8, Avg(us): 5584, Min(us): 672, Max(us): 99353, 99th(us): 24000, 99.9th(us): 37000, 99.99th(us): 92000
INSERT - Takes(s): 30.0, Count: 13978, OPS: 466.7, Avg(us): 20150, Min(us): 6396, Max(us): 68040, 99th(us): 37000, 99.9th(us): 47000, 99.99th(us): 56000
READ   - Takes(s): 30.0, Count: 264456, OPS: 8827.4, Avg(us): 5722, Min(us): 672, Max(us): 99353, 99th(us): 24000, 99.9th(us): 36000, 99.99th(us): 70000
INSERT - Takes(s): 40.0, Count: 19007, OPS: 475.7, Avg(us): 20007, Min(us): 6396, Max(us): 68040, 99th(us): 37000, 99.9th(us): 44000, 99.99th(us): 65000
READ   - Takes(s): 40.0, Count: 359302, OPS: 8991.9, Avg(us): 5602, Min(us): 672, Max(us): 99353, 99th(us): 24000, 99.9th(us): 35000, 99.99th(us): 77000
INSERT - Takes(s): 50.0, Count: 23478, OPS: 470.0, Avg(us): 20064, Min(us): 5727, Max(us): 78551, 99th(us): 37000, 99.9th(us): 47000, 99.99th(us): 78000
READ   - Takes(s): 50.0, Count: 445587, OPS: 8919.1, Avg(us): 5657, Min(us): 672, Max(us): 99353, 99th(us): 24000, 99.9th(us): 35000, 99.99th(us): 72000
INSERT - Takes(s): 60.0, Count: 28106, OPS: 468.8, Avg(us): 19976, Min(us): 5727, Max(us): 78551, 99th(us): 37000, 99.9th(us): 46000, 99.99th(us): 78000
READ   - Takes(s): 60.0, Count: 534041, OPS: 8906.8, Avg(us): 5671, Min(us): 672, Max(us): 99353, 99th(us): 24000, 99.9th(us): 35000, 99.99th(us): 72000
INSERT - Takes(s): 70.0, Count: 32158, OPS: 459.7, Avg(us): 20162, Min(us): 5727, Max(us): 89539, 99th(us): 37000, 99.9th(us): 47000, 99.99th(us): 79000
READ   - Takes(s): 70.0, Count: 611016, OPS: 8734.0, Avg(us): 5794, Min(us): 672, Max(us): 99353, 99th(us): 24000, 99.9th(us): 35000, 99.99th(us): 77000
INSERT - Takes(s): 80.0, Count: 36879, OPS: 461.3, Avg(us): 20133, Min(us): 5727, Max(us): 89539, 99th(us): 37000, 99.9th(us): 46000, 99.99th(us): 79000
READ   - Takes(s): 80.0, Count: 702683, OPS: 8788.0, Avg(us): 5756, Min(us): 672, Max(us): 99353, 99th(us): 24000, 99.9th(us): 35000, 99.99th(us): 77000
INSERT - Takes(s): 90.0, Count: 41731, OPS: 463.9, Avg(us): 20099, Min(us): 5727, Max(us): 89539, 99th(us): 37000, 99.9th(us): 45000, 99.99th(us): 78000
READ   - Takes(s): 90.0, Count: 793865, OPS: 8824.8, Avg(us): 5727, Min(us): 672, Max(us): 99353, 99th(us): 24000, 99.9th(us): 34000, 99.99th(us): 76000
INSERT - Takes(s): 100.0, Count: 46022, OPS: 460.4, Avg(us): 20124, Min(us): 5307, Max(us): 89539, 99th(us): 37000, 99.9th(us): 45000, 99.99th(us): 79000
READ   - Takes(s): 100.0, Count: 876591, OPS: 8769.5, Avg(us): 5770, Min(us): 672, Max(us): 99353, 99th(us): 24000, 99.9th(us): 35000, 99.99th(us): 78000
Run finished, takes 1m48.166866468s
INSERT - Takes(s): 108.1, Count: 49811, OPS: 460.7, Avg(us): 20012, Min(us): 5307, Max(us): 89539, 99th(us): 37000, 99.9th(us): 47000, 99.99th(us): 79000
READ   - Takes(s): 108.1, Count: 950146, OPS: 8787.4, Avg(us): 5710, Min(us): 672, Max(us): 99353, 99th(us): 24000, 99.9th(us): 35000, 99.99th(us): 77000
[2022/06/08 12:21:43.628 -05:00] [INFO] [client.go:754] ["[pd] stop fetching the pending tso requests due to context canceled"] [dc-location=global]
[2022/06/08 12:21:43.628 -05:00] [INFO] [client.go:692] ["[pd] exit tso dispatcher"] [dc-location=global]
