[2022/06/08 12:34:36.971 -05:00] [INFO] [client.go:378] ["[pd] create pd client with endpoints"] [pd-address="[10.10.1.4:2379]"]
[2022/06/08 12:34:36.975 -05:00] [INFO] [base_client.go:350] ["[pd] switch leader"] [new-leader=http://10.10.1.4:2379] [old-leader=]
[2022/06/08 12:34:36.975 -05:00] [INFO] [base_client.go:105] ["[pd] init cluster id"] [cluster-id=7106905351409710382]
[2022/06/08 12:34:36.975 -05:00] [INFO] [client.go:673] ["[pd] tso dispatcher created"] [dc-location=global]
***************** properties *****************
"insertproportion"="0.05"
"verbose"="false"
"scanproportion"="0"
"debug.pprof"=":6060"
"readproportion"="0.95"
"tikv.conncount"="128"
"recordcount"="1000000"
"tikv.batchsize"="128"
"tikv.type"="raw"
"requestdistribution"="latest"
"tikv.pd"="10.10.1.4:2379"
"threadcount"="100"
"updateproportion"="0"
"operationcount"="1000000"
"workload"="core"
"readallfields"="true"
"dotransactions"="true"
**********************************************
INSERT - Takes(s): 9.9, Count: 4568, OPS: 460.9, Avg(us): 32479, Min(us): 8450, Max(us): 110155, 99th(us): 70000, 99.9th(us): 101000, 99.99th(us): 107000
READ   - Takes(s): 10.0, Count: 86233, OPS: 8650.8, Avg(us): 9849, Min(us): 800, Max(us): 82609, 99th(us): 49000, 99.9th(us): 73000, 99.99th(us): 81000
INSERT - Takes(s): 19.9, Count: 9018, OPS: 453.0, Avg(us): 31946, Min(us): 6997, Max(us): 110155, 99th(us): 68000, 99.9th(us): 95000, 99.99th(us): 111000
READ   - Takes(s): 20.0, Count: 171458, OPS: 8588.5, Avg(us): 9959, Min(us): 800, Max(us): 82609, 99th(us): 48000, 99.9th(us): 62000, 99.99th(us): 79000
INSERT - Takes(s): 29.9, Count: 13301, OPS: 444.7, Avg(us): 32041, Min(us): 5358, Max(us): 110155, 99th(us): 69000, 99.9th(us): 90000, 99.99th(us): 107000
READ   - Takes(s): 30.0, Count: 254684, OPS: 8499.7, Avg(us): 10081, Min(us): 800, Max(us): 87538, 99th(us): 49000, 99.9th(us): 63000, 99.99th(us): 81000
INSERT - Takes(s): 39.9, Count: 17750, OPS: 444.8, Avg(us): 31974, Min(us): 5358, Max(us): 140569, 99th(us): 69000, 99.9th(us): 96000, 99.99th(us): 113000
READ   - Takes(s): 40.0, Count: 339908, OPS: 8505.4, Avg(us): 10078, Min(us): 800, Max(us): 87538, 99th(us): 49000, 99.9th(us): 64000, 99.99th(us): 80000
INSERT - Takes(s): 49.9, Count: 21906, OPS: 438.9, Avg(us): 31979, Min(us): 5358, Max(us): 140569, 99th(us): 69000, 99.9th(us): 90000, 99.99th(us): 108000
READ   - Takes(s): 50.0, Count: 419828, OPS: 8402.7, Avg(us): 10221, Min(us): 718, Max(us): 87538, 99th(us): 48000, 99.9th(us): 64000, 99.99th(us): 79000
INSERT - Takes(s): 59.9, Count: 26241, OPS: 438.0, Avg(us): 32041, Min(us): 5358, Max(us): 140569, 99th(us): 68000, 99.9th(us): 90000, 99.99th(us): 108000
READ   - Takes(s): 60.0, Count: 501241, OPS: 8359.1, Avg(us): 10272, Min(us): 718, Max(us): 87538, 99th(us): 49000, 99.9th(us): 64000, 99.99th(us): 79000
INSERT - Takes(s): 69.9, Count: 30002, OPS: 429.2, Avg(us): 32278, Min(us): 5358, Max(us): 140569, 99th(us): 69000, 99.9th(us): 87000, 99.99th(us): 107000
READ   - Takes(s): 70.0, Count: 573630, OPS: 8199.0, Avg(us): 10494, Min(us): 718, Max(us): 87538, 99th(us): 49000, 99.9th(us): 64000, 99.99th(us): 79000
INSERT - Takes(s): 79.9, Count: 34313, OPS: 429.4, Avg(us): 32256, Min(us): 5358, Max(us): 140569, 99th(us): 68000, 99.9th(us): 87000, 99.99th(us): 108000
READ   - Takes(s): 80.0, Count: 655733, OPS: 8200.4, Avg(us): 10493, Min(us): 718, Max(us): 90807, 99th(us): 49000, 99.9th(us): 64000, 99.99th(us): 80000
INSERT - Takes(s): 89.9, Count: 38857, OPS: 432.2, Avg(us): 32126, Min(us): 5358, Max(us): 140569, 99th(us): 68000, 99.9th(us): 85000, 99.99th(us): 108000
READ   - Takes(s): 90.0, Count: 743073, OPS: 8259.7, Avg(us): 10413, Min(us): 718, Max(us): 90807, 99th(us): 48000, 99.9th(us): 63000, 99.99th(us): 79000
INSERT - Takes(s): 99.9, Count: 43750, OPS: 437.9, Avg(us): 31857, Min(us): 5358, Max(us): 140569, 99th(us): 67000, 99.9th(us): 84000, 99.99th(us): 107000
READ   - Takes(s): 100.0, Count: 835696, OPS: 8360.0, Avg(us): 10279, Min(us): 718, Max(us): 90807, 99th(us): 48000, 99.9th(us): 63000, 99.99th(us): 79000
INSERT - Takes(s): 109.9, Count: 48315, OPS: 439.6, Avg(us): 31727, Min(us): 5358, Max(us): 140569, 99th(us): 67000, 99.9th(us): 83000, 99.99th(us): 107000
READ   - Takes(s): 110.0, Count: 922703, OPS: 8391.0, Avg(us): 10241, Min(us): 718, Max(us): 90807, 99th(us): 48000, 99.9th(us): 62000, 99.99th(us): 79000
Run finished, takes 1m53.23667497s
INSERT - Takes(s): 113.1, Count: 49772, OPS: 439.9, Avg(us): 31548, Min(us): 5358, Max(us): 140569, 99th(us): 66000, 99.9th(us): 83000, 99.99th(us): 107000
READ   - Takes(s): 113.2, Count: 950228, OPS: 8394.3, Avg(us): 10166, Min(us): 718, Max(us): 90807, 99th(us): 47000, 99.9th(us): 62000, 99.99th(us): 79000
[2022/06/08 12:36:30.213 -05:00] [INFO] [client.go:754] ["[pd] stop fetching the pending tso requests due to context canceled"] [dc-location=global]
[2022/06/08 12:36:30.213 -05:00] [INFO] [client.go:692] ["[pd] exit tso dispatcher"] [dc-location=global]
