[2022/06/08 12:16:15.372 -05:00] [INFO] [client.go:378] ["[pd] create pd client with endpoints"] [pd-address="[10.10.1.4:2379]"]
[2022/06/08 12:16:15.376 -05:00] [INFO] [base_client.go:350] ["[pd] switch leader"] [new-leader=http://10.10.1.4:2379] [old-leader=]
[2022/06/08 12:16:15.376 -05:00] [INFO] [base_client.go:105] ["[pd] init cluster id"] [cluster-id=7106905351409710382]
[2022/06/08 12:16:15.377 -05:00] [INFO] [client.go:673] ["[pd] tso dispatcher created"] [dc-location=global]
***************** properties *****************
"updateproportion"="0"
"readproportion"="0.95"
"workload"="core"
"verbose"="false"
"insertproportion"="0.05"
"tikv.type"="raw"
"operationcount"="1000000"
"tikv.pd"="10.10.1.4:2379"
"tikv.conncount"="128"
"readallfields"="true"
"tikv.batchsize"="128"
"scanproportion"="0"
"requestdistribution"="latest"
"dotransactions"="true"
"debug.pprof"=":6060"
"threadcount"="50"
"recordcount"="1000000"
**********************************************
INSERT - Takes(s): 10.0, Count: 4555, OPS: 457.6, Avg(us): 16990, Min(us): 6386, Max(us): 55711, 99th(us): 32000, 99.9th(us): 50000, 99.99th(us): 56000
READ   - Takes(s): 10.0, Count: 89124, OPS: 8944.0, Avg(us): 4720, Min(us): 676, Max(us): 67910, 99th(us): 20000, 99.9th(us): 36000, 99.99th(us): 50000
INSERT - Takes(s): 20.0, Count: 9475, OPS: 474.8, Avg(us): 17076, Min(us): 4305, Max(us): 63608, 99th(us): 31000, 99.9th(us): 46000, 99.99th(us): 64000
READ   - Takes(s): 20.0, Count: 182229, OPS: 9127.6, Avg(us): 4580, Min(us): 676, Max(us): 67910, 99th(us): 19000, 99.9th(us): 31000, 99.99th(us): 60000
INSERT - Takes(s): 30.0, Count: 13490, OPS: 450.3, Avg(us): 17308, Min(us): 4305, Max(us): 63608, 99th(us): 32000, 99.9th(us): 41000, 99.99th(us): 63000
READ   - Takes(s): 30.0, Count: 262090, OPS: 8746.7, Avg(us): 4814, Min(us): 676, Max(us): 73612, 99th(us): 19000, 99.9th(us): 30000, 99.99th(us): 58000
INSERT - Takes(s): 40.0, Count: 17840, OPS: 446.5, Avg(us): 17265, Min(us): 4305, Max(us): 63608, 99th(us): 32000, 99.9th(us): 41000, 99.99th(us): 63000
READ   - Takes(s): 40.0, Count: 346154, OPS: 8661.5, Avg(us): 4870, Min(us): 676, Max(us): 75284, 99th(us): 20000, 99.9th(us): 29000, 99.99th(us): 56000
INSERT - Takes(s): 50.0, Count: 22322, OPS: 446.8, Avg(us): 17289, Min(us): 4305, Max(us): 89842, 99th(us): 32000, 99.9th(us): 41000, 99.99th(us): 71000
READ   - Takes(s): 50.0, Count: 431231, OPS: 8630.7, Avg(us): 4884, Min(us): 676, Max(us): 83466, 99th(us): 19000, 99.9th(us): 28000, 99.99th(us): 63000
INSERT - Takes(s): 60.0, Count: 26772, OPS: 446.5, Avg(us): 17304, Min(us): 4305, Max(us): 89842, 99th(us): 32000, 99.9th(us): 39000, 99.99th(us): 71000
READ   - Takes(s): 60.0, Count: 517073, OPS: 8623.0, Avg(us): 4888, Min(us): 676, Max(us): 84164, 99th(us): 19000, 99.9th(us): 28000, 99.99th(us): 64000
INSERT - Takes(s): 70.0, Count: 31630, OPS: 452.2, Avg(us): 17235, Min(us): 4305, Max(us): 89842, 99th(us): 31000, 99.9th(us): 39000, 99.99th(us): 72000
READ   - Takes(s): 70.0, Count: 609355, OPS: 8709.5, Avg(us): 4831, Min(us): 676, Max(us): 84164, 99th(us): 19000, 99.9th(us): 28000, 99.99th(us): 65000
INSERT - Takes(s): 80.0, Count: 36257, OPS: 453.5, Avg(us): 17264, Min(us): 4305, Max(us): 89842, 99th(us): 31000, 99.9th(us): 39000, 99.99th(us): 72000
READ   - Takes(s): 80.0, Count: 696064, OPS: 8704.7, Avg(us): 4829, Min(us): 676, Max(us): 84164, 99th(us): 19000, 99.9th(us): 28000, 99.99th(us): 64000
INSERT - Takes(s): 90.0, Count: 40948, OPS: 455.2, Avg(us): 17231, Min(us): 4305, Max(us): 89842, 99th(us): 31000, 99.9th(us): 39000, 99.99th(us): 71000
READ   - Takes(s): 90.0, Count: 783911, OPS: 8713.6, Avg(us): 4823, Min(us): 676, Max(us): 84164, 99th(us): 19000, 99.9th(us): 28000, 99.99th(us): 63000
INSERT - Takes(s): 100.0, Count: 45133, OPS: 451.5, Avg(us): 17287, Min(us): 4305, Max(us): 89842, 99th(us): 31000, 99.9th(us): 39000, 99.99th(us): 69000
READ   - Takes(s): 100.0, Count: 864492, OPS: 8648.0, Avg(us): 4863, Min(us): 676, Max(us): 89897, 99th(us): 19000, 99.9th(us): 28000, 99.99th(us): 66000
Run finished, takes 1m49.537320293s
INSERT - Takes(s): 109.5, Count: 49609, OPS: 453.1, Avg(us): 17190, Min(us): 4305, Max(us): 89842, 99th(us): 31000, 99.9th(us): 39000, 99.99th(us): 72000
READ   - Takes(s): 109.5, Count: 950391, OPS: 8679.2, Avg(us): 4819, Min(us): 661, Max(us): 89897, 99th(us): 19000, 99.9th(us): 28000, 99.99th(us): 67000
[2022/06/08 12:18:04.915 -05:00] [INFO] [client.go:754] ["[pd] stop fetching the pending tso requests due to context canceled"] [dc-location=global]
[2022/06/08 12:18:04.915 -05:00] [INFO] [client.go:692] ["[pd] exit tso dispatcher"] [dc-location=global]
