[2022/06/07 14:59:10.102 -05:00] [INFO] [client.go:378] ["[pd] create pd client with endpoints"] [pd-address="[10.10.1.4:2379]"]
[2022/06/07 14:59:10.107 -05:00] [INFO] [base_client.go:350] ["[pd] switch leader"] [new-leader=http://10.10.1.4:2379] [old-leader=]
[2022/06/07 14:59:10.108 -05:00] [INFO] [base_client.go:105] ["[pd] init cluster id"] [cluster-id=7106566731107235629]
[2022/06/07 14:59:10.108 -05:00] [INFO] [client.go:673] ["[pd] tso dispatcher created"] [dc-location=global]
***************** properties *****************
"verbose"="false"
"tikv.conncount"="128"
"threadcount"="10"
"readallfields"="true"
"tikv.pd"="10.10.1.4:2379"
"insertproportion"="0"
"requestdistribution"="uniform"
"recordcount"="1000000"
"dotransactions"="true"
"tikv.type"="raw"
"readproportion"="0.95"
"tikv.batchsize"="128"
"updateproportion"="0.05"
"workload"="core"
"operationcount"="1000000"
"scanproportion"="0"
"debug.pprof"=":6060"
**********************************************
READ   - Takes(s): 10.0, Count: 45110, OPS: 4527.0, Avg(us): 1770, Min(us): 1011, Max(us): 87527, 99th(us): 3000, 99.9th(us): 7000, 99.99th(us): 87000
UPDATE - Takes(s): 9.9, Count: 2269, OPS: 229.4, Avg(us): 8611, Min(us): 6955, Max(us): 43251, 99th(us): 11000, 99.9th(us): 34000, 99.99th(us): 44000
READ   - Takes(s): 20.0, Count: 90979, OPS: 4557.0, Avg(us): 1744, Min(us): 1011, Max(us): 87527, 99th(us): 3000, 99.9th(us): 5000, 99.99th(us): 37000
UPDATE - Takes(s): 19.9, Count: 4685, OPS: 235.5, Avg(us): 8556, Min(us): 6744, Max(us): 43251, 99th(us): 11000, 99.9th(us): 30000, 99.99th(us): 44000
READ   - Takes(s): 30.0, Count: 136208, OPS: 4545.6, Avg(us): 1739, Min(us): 910, Max(us): 87527, 99th(us): 3000, 99.9th(us): 4000, 99.99th(us): 39000
UPDATE - Takes(s): 29.9, Count: 7167, OPS: 239.8, Avg(us): 8552, Min(us): 6744, Max(us): 44896, 99th(us): 11000, 99.9th(us): 28000, 99.99th(us): 45000
READ   - Takes(s): 40.0, Count: 182419, OPS: 4564.5, Avg(us): 1734, Min(us): 910, Max(us): 87527, 99th(us): 3000, 99.9th(us): 4000, 99.99th(us): 36000
UPDATE - Takes(s): 39.9, Count: 9502, OPS: 238.2, Avg(us): 8542, Min(us): 6744, Max(us): 44896, 99th(us): 11000, 99.9th(us): 28000, 99.99th(us): 45000
READ   - Takes(s): 50.0, Count: 228116, OPS: 4565.6, Avg(us): 1731, Min(us): 910, Max(us): 87527, 99th(us): 3000, 99.9th(us): 4000, 99.99th(us): 37000
UPDATE - Takes(s): 49.9, Count: 11949, OPS: 239.5, Avg(us): 8535, Min(us): 6744, Max(us): 44896, 99th(us): 11000, 99.9th(us): 18000, 99.99th(us): 44000
READ   - Takes(s): 60.0, Count: 274063, OPS: 4570.4, Avg(us): 1729, Min(us): 910, Max(us): 87527, 99th(us): 3000, 99.9th(us): 4000, 99.99th(us): 37000
UPDATE - Takes(s): 59.9, Count: 14354, OPS: 239.7, Avg(us): 8532, Min(us): 6744, Max(us): 44896, 99th(us): 11000, 99.9th(us): 18000, 99.99th(us): 44000
READ   - Takes(s): 70.0, Count: 319832, OPS: 4571.4, Avg(us): 1728, Min(us): 785, Max(us): 87527, 99th(us): 3000, 99.9th(us): 4000, 99.99th(us): 36000
UPDATE - Takes(s): 69.9, Count: 16766, OPS: 239.9, Avg(us): 8532, Min(us): 6744, Max(us): 44896, 99th(us): 11000, 99.9th(us): 27000, 99.99th(us): 44000
READ   - Takes(s): 80.0, Count: 365359, OPS: 4569.0, Avg(us): 1727, Min(us): 785, Max(us): 87527, 99th(us): 3000, 99.9th(us): 4000, 99.99th(us): 36000
UPDATE - Takes(s): 79.9, Count: 19250, OPS: 241.0, Avg(us): 8528, Min(us): 6744, Max(us): 44896, 99th(us): 11000, 99.9th(us): 16000, 99.99th(us): 44000
READ   - Takes(s): 90.0, Count: 411525, OPS: 4574.3, Avg(us): 1725, Min(us): 728, Max(us): 87527, 99th(us): 3000, 99.9th(us): 4000, 99.99th(us): 36000
UPDATE - Takes(s): 89.9, Count: 21622, OPS: 240.5, Avg(us): 8537, Min(us): 6744, Max(us): 44896, 99th(us): 11000, 99.9th(us): 28000, 99.99th(us): 40000
READ   - Takes(s): 100.0, Count: 457894, OPS: 4580.6, Avg(us): 1723, Min(us): 728, Max(us): 87527, 99th(us): 3000, 99.9th(us): 4000, 99.99th(us): 36000
UPDATE - Takes(s): 99.9, Count: 24012, OPS: 240.4, Avg(us): 8535, Min(us): 6744, Max(us): 44896, 99th(us): 11000, 99.9th(us): 28000, 99.99th(us): 40000
READ   - Takes(s): 110.0, Count: 503765, OPS: 4581.2, Avg(us): 1722, Min(us): 728, Max(us): 87527, 99th(us): 3000, 99.9th(us): 4000, 99.99th(us): 36000
UPDATE - Takes(s): 109.9, Count: 26389, OPS: 240.1, Avg(us): 8560, Min(us): 6744, Max(us): 69009, 99th(us): 11000, 99.9th(us): 34000, 99.99th(us): 63000
READ   - Takes(s): 120.0, Count: 549286, OPS: 4578.7, Avg(us): 1722, Min(us): 728, Max(us): 87527, 99th(us): 3000, 99.9th(us): 4000, 99.99th(us): 35000
UPDATE - Takes(s): 119.9, Count: 28860, OPS: 240.7, Avg(us): 8556, Min(us): 6581, Max(us): 69009, 99th(us): 11000, 99.9th(us): 33000, 99.99th(us): 63000
READ   - Takes(s): 130.0, Count: 595099, OPS: 4578.9, Avg(us): 1722, Min(us): 728, Max(us): 87527, 99th(us): 3000, 99.9th(us): 4000, 99.99th(us): 35000
UPDATE - Takes(s): 129.9, Count: 31278, OPS: 240.8, Avg(us): 8553, Min(us): 6581, Max(us): 69009, 99th(us): 11000, 99.9th(us): 32000, 99.99th(us): 59000
READ   - Takes(s): 140.0, Count: 641191, OPS: 4581.1, Avg(us): 1722, Min(us): 728, Max(us): 87527, 99th(us): 3000, 99.9th(us): 4000, 99.99th(us): 35000
UPDATE - Takes(s): 139.9, Count: 33644, OPS: 240.5, Avg(us): 8550, Min(us): 6581, Max(us): 69009, 99th(us): 11000, 99.9th(us): 32000, 99.99th(us): 59000
READ   - Takes(s): 150.0, Count: 687142, OPS: 4582.0, Avg(us): 1721, Min(us): 728, Max(us): 87527, 99th(us): 3000, 99.9th(us): 4000, 99.99th(us): 35000
UPDATE - Takes(s): 149.9, Count: 36044, OPS: 240.5, Avg(us): 8547, Min(us): 6581, Max(us): 69009, 99th(us): 11000, 99.9th(us): 32000, 99.99th(us): 59000
READ   - Takes(s): 160.0, Count: 733501, OPS: 4585.4, Avg(us): 1721, Min(us): 728, Max(us): 87527, 99th(us): 3000, 99.9th(us): 4000, 99.99th(us): 35000
UPDATE - Takes(s): 159.9, Count: 38405, OPS: 240.2, Avg(us): 8542, Min(us): 6581, Max(us): 69009, 99th(us): 11000, 99.9th(us): 31000, 99.99th(us): 59000
READ   - Takes(s): 170.0, Count: 779219, OPS: 4584.6, Avg(us): 1721, Min(us): 728, Max(us): 87527, 99th(us): 3000, 99.9th(us): 4000, 99.99th(us): 35000
UPDATE - Takes(s): 169.9, Count: 40829, OPS: 240.3, Avg(us): 8540, Min(us): 6581, Max(us): 69009, 99th(us): 11000, 99.9th(us): 31000, 99.99th(us): 51000
READ   - Takes(s): 180.0, Count: 825746, OPS: 4588.4, Avg(us): 1720, Min(us): 728, Max(us): 87527, 99th(us): 3000, 99.9th(us): 4000, 99.99th(us): 35000
UPDATE - Takes(s): 179.9, Count: 43162, OPS: 239.9, Avg(us): 8537, Min(us): 6581, Max(us): 69009, 99th(us): 11000, 99.9th(us): 29000, 99.99th(us): 56000
READ   - Takes(s): 190.0, Count: 871827, OPS: 4589.4, Avg(us): 1720, Min(us): 728, Max(us): 87527, 99th(us): 3000, 99.9th(us): 4000, 99.99th(us): 35000
UPDATE - Takes(s): 189.9, Count: 45594, OPS: 240.1, Avg(us): 8531, Min(us): 6581, Max(us): 69009, 99th(us): 11000, 99.9th(us): 29000, 99.99th(us): 56000
READ   - Takes(s): 200.0, Count: 917959, OPS: 4590.6, Avg(us): 1720, Min(us): 728, Max(us): 87527, 99th(us): 3000, 99.9th(us): 4000, 99.99th(us): 35000
UPDATE - Takes(s): 199.9, Count: 47967, OPS: 240.0, Avg(us): 8531, Min(us): 6581, Max(us): 69009, 99th(us): 11000, 99.9th(us): 30000, 99.99th(us): 56000
Run finished, takes 3m27.788694361s
READ   - Takes(s): 207.8, Count: 950391, OPS: 4574.6, Avg(us): 1720, Min(us): 728, Max(us): 87527, 99th(us): 3000, 99.9th(us): 4000, 99.99th(us): 36000
UPDATE - Takes(s): 207.7, Count: 49609, OPS: 238.9, Avg(us): 8528, Min(us): 6581, Max(us): 69009, 99th(us): 11000, 99.9th(us): 30000, 99.99th(us): 59000
[2022/06/07 15:02:37.898 -05:00] [INFO] [client.go:754] ["[pd] stop fetching the pending tso requests due to context canceled"] [dc-location=global]
[2022/06/07 15:02:37.898 -05:00] [INFO] [client.go:692] ["[pd] exit tso dispatcher"] [dc-location=global]
