[2022/06/08 22:10:21.994 -05:00] [INFO] [client.go:378] ["[pd] create pd client with endpoints"] [pd-address="[10.10.1.4:2379]"]
[2022/06/08 22:10:21.999 -05:00] [INFO] [base_client.go:350] ["[pd] switch leader"] [new-leader=http://10.10.1.4:2379] [old-leader=]
[2022/06/08 22:10:21.999 -05:00] [INFO] [base_client.go:105] ["[pd] init cluster id"] [cluster-id=7107062843429175921]
[2022/06/08 22:10:21.999 -05:00] [INFO] [client.go:673] ["[pd] tso dispatcher created"] [dc-location=global]
***************** properties *****************
"insertproportion"="0"
"verbose"="false"
"workload"="core"
"dotransactions"="true"
"tikv.type"="raw"
"tikv.conncount"="128"
"debug.pprof"=":6060"
"updateproportion"="0.05"
"scanproportion"="0"
"tikv.batchsize"="128"
"recordcount"="1000000"
"requestdistribution"="uniform"
"tikv.pd"="10.10.1.4:2379"
"threadcount"="105"
"readproportion"="0.95"
"operationcount"="1000000"
"readallfields"="true"
**********************************************
READ   - Takes(s): 10.0, Count: 161486, OPS: 16219.3, Avg(us): 5288, Min(us): 683, Max(us): 113228, 99th(us): 27000, 99.9th(us): 57000, 99.99th(us): 104000
UPDATE - Takes(s): 9.9, Count: 8567, OPS: 865.1, Avg(us): 22534, Min(us): 5504, Max(us): 127089, 99th(us): 64000, 99.9th(us): 98000, 99.99th(us): 128000
READ   - Takes(s): 20.0, Count: 325422, OPS: 16306.6, Avg(us): 5238, Min(us): 683, Max(us): 113228, 99th(us): 28000, 99.9th(us): 51000, 99.99th(us): 106000
UPDATE - Takes(s): 19.9, Count: 17310, OPS: 869.7, Avg(us): 22542, Min(us): 5504, Max(us): 187238, 99th(us): 64000, 99.9th(us): 105000, 99.99th(us): 176000
READ   - Takes(s): 30.0, Count: 487761, OPS: 16282.3, Avg(us): 5250, Min(us): 683, Max(us): 113228, 99th(us): 28000, 99.9th(us): 50000, 99.99th(us): 102000
UPDATE - Takes(s): 29.9, Count: 25584, OPS: 855.6, Avg(us): 22760, Min(us): 5504, Max(us): 187238, 99th(us): 66000, 99.9th(us): 102000, 99.99th(us): 173000
READ   - Takes(s): 40.0, Count: 649468, OPS: 16254.4, Avg(us): 5259, Min(us): 680, Max(us): 113228, 99th(us): 28000, 99.9th(us): 50000, 99.99th(us): 96000
UPDATE - Takes(s): 39.9, Count: 34156, OPS: 856.0, Avg(us): 22732, Min(us): 5504, Max(us): 187238, 99th(us): 66000, 99.9th(us): 97000, 99.99th(us): 153000
READ   - Takes(s): 50.0, Count: 815101, OPS: 16316.2, Avg(us): 5229, Min(us): 680, Max(us): 113228, 99th(us): 28000, 99.9th(us): 50000, 99.99th(us): 95000
UPDATE - Takes(s): 49.9, Count: 43033, OPS: 862.3, Avg(us): 22717, Min(us): 5431, Max(us): 187238, 99th(us): 65000, 99.9th(us): 95000, 99.99th(us): 153000
Run finished, takes 58.381493667s
READ   - Takes(s): 58.3, Count: 949606, OPS: 16277.8, Avg(us): 5183, Min(us): 671, Max(us): 113228, 99th(us): 28000, 99.9th(us): 50000, 99.99th(us): 94000
UPDATE - Takes(s): 58.3, Count: 50309, OPS: 863.2, Avg(us): 22461, Min(us): 5431, Max(us): 187238, 99th(us): 64000, 99.9th(us): 94000, 99.99th(us): 150000
[2022/06/08 22:11:20.381 -05:00] [INFO] [client.go:754] ["[pd] stop fetching the pending tso requests due to context canceled"] [dc-location=global]
[2022/06/08 22:11:20.382 -05:00] [INFO] [client.go:692] ["[pd] exit tso dispatcher"] [dc-location=global]
