[2022/06/08 22:06:30.962 -05:00] [INFO] [client.go:378] ["[pd] create pd client with endpoints"] [pd-address="[10.10.1.4:2379]"]
[2022/06/08 22:06:30.968 -05:00] [INFO] [base_client.go:350] ["[pd] switch leader"] [new-leader=http://10.10.1.4:2379] [old-leader=]
[2022/06/08 22:06:30.968 -05:00] [INFO] [base_client.go:105] ["[pd] init cluster id"] [cluster-id=7107062843429175921]
[2022/06/08 22:06:30.969 -05:00] [INFO] [client.go:673] ["[pd] tso dispatcher created"] [dc-location=global]
***************** properties *****************
"tikv.pd"="10.10.1.4:2379"
"dotransactions"="true"
"workload"="core"
"verbose"="false"
"tikv.conncount"="128"
"readproportion"="0.95"
"insertproportion"="0"
"debug.pprof"=":6060"
"operationcount"="1000000"
"recordcount"="1000000"
"scanproportion"="0"
"readallfields"="true"
"tikv.batchsize"="128"
"requestdistribution"="uniform"
"threadcount"="85"
"tikv.type"="raw"
"updateproportion"="0.05"
**********************************************
READ   - Takes(s): 10.0, Count: 164234, OPS: 16499.6, Avg(us): 4204, Min(us): 706, Max(us): 105578, 99th(us): 20000, 99.9th(us): 57000, 99.99th(us): 96000
UPDATE - Takes(s): 9.9, Count: 8531, OPS: 859.7, Avg(us): 18385, Min(us): 5687, Max(us): 124689, 99th(us): 46000, 99.9th(us): 98000, 99.99th(us): 125000
READ   - Takes(s): 20.0, Count: 332001, OPS: 16638.4, Avg(us): 4134, Min(us): 706, Max(us): 105578, 99th(us): 19000, 99.9th(us): 45000, 99.99th(us): 95000
UPDATE - Takes(s): 19.9, Count: 17315, OPS: 869.1, Avg(us): 18653, Min(us): 5458, Max(us): 124689, 99th(us): 46000, 99.9th(us): 92000, 99.99th(us): 118000
READ   - Takes(s): 30.0, Count: 499092, OPS: 16662.0, Avg(us): 4127, Min(us): 698, Max(us): 106234, 99th(us): 19000, 99.9th(us): 37000, 99.99th(us): 95000
UPDATE - Takes(s): 29.9, Count: 25971, OPS: 867.9, Avg(us): 18632, Min(us): 5458, Max(us): 135661, 99th(us): 46000, 99.9th(us): 93000, 99.99th(us): 118000
READ   - Takes(s): 40.0, Count: 668221, OPS: 16724.8, Avg(us): 4101, Min(us): 652, Max(us): 106234, 99th(us): 19000, 99.9th(us): 35000, 99.99th(us): 94000
UPDATE - Takes(s): 39.9, Count: 35054, OPS: 878.0, Avg(us): 18579, Min(us): 5458, Max(us): 135661, 99th(us): 45000, 99.9th(us): 90000, 99.99th(us): 118000
READ   - Takes(s): 50.0, Count: 836529, OPS: 16746.1, Avg(us): 4092, Min(us): 652, Max(us): 106234, 99th(us): 19000, 99.9th(us): 34000, 99.99th(us): 90000
UPDATE - Takes(s): 49.9, Count: 43873, OPS: 878.8, Avg(us): 18619, Min(us): 5458, Max(us): 135661, 99th(us): 45000, 99.9th(us): 92000, 99.99th(us): 118000
Run finished, takes 57.109045332s
READ   - Takes(s): 57.1, Count: 950124, OPS: 16650.5, Avg(us): 4082, Min(us): 652, Max(us): 106234, 99th(us): 19000, 99.9th(us): 35000, 99.99th(us): 91000
UPDATE - Takes(s): 57.0, Count: 49815, OPS: 873.5, Avg(us): 18546, Min(us): 5458, Max(us): 135661, 99th(us): 45000, 99.9th(us): 90000, 99.99th(us): 118000
[2022/06/08 22:07:28.079 -05:00] [INFO] [client.go:754] ["[pd] stop fetching the pending tso requests due to context canceled"] [dc-location=global]
[2022/06/08 22:07:28.079 -05:00] [INFO] [client.go:692] ["[pd] exit tso dispatcher"] [dc-location=global]
