[2022/06/08 22:11:20.478 -05:00] [INFO] [client.go:378] ["[pd] create pd client with endpoints"] [pd-address="[10.10.1.4:2379]"]
[2022/06/08 22:11:20.484 -05:00] [INFO] [base_client.go:350] ["[pd] switch leader"] [new-leader=http://10.10.1.4:2379] [old-leader=]
[2022/06/08 22:11:20.485 -05:00] [INFO] [base_client.go:105] ["[pd] init cluster id"] [cluster-id=7107062843429175921]
[2022/06/08 22:11:20.485 -05:00] [INFO] [client.go:673] ["[pd] tso dispatcher created"] [dc-location=global]
***************** properties *****************
"workload"="core"
"verbose"="false"
"tikv.type"="raw"
"tikv.batchsize"="128"
"recordcount"="1000000"
"threadcount"="110"
"readallfields"="true"
"insertproportion"="0"
"tikv.conncount"="128"
"operationcount"="1000000"
"scanproportion"="0"
"requestdistribution"="uniform"
"readproportion"="0.95"
"debug.pprof"=":6060"
"dotransactions"="true"
"updateproportion"="0.05"
"tikv.pd"="10.10.1.4:2379"
**********************************************
READ   - Takes(s): 10.0, Count: 161679, OPS: 16239.6, Avg(us): 5592, Min(us): 712, Max(us): 110275, 99th(us): 29000, 99.9th(us): 72000, 99.99th(us): 102000
UPDATE - Takes(s): 9.9, Count: 8274, OPS: 833.4, Avg(us): 23313, Min(us): 6143, Max(us): 119141, 99th(us): 65000, 99.9th(us): 86000, 99.99th(us): 110000
READ   - Takes(s): 20.0, Count: 328209, OPS: 16446.9, Avg(us): 5473, Min(us): 712, Max(us): 110275, 99th(us): 28000, 99.9th(us): 53000, 99.99th(us): 100000
UPDATE - Takes(s): 19.9, Count: 16935, OPS: 849.8, Avg(us): 23588, Min(us): 6070, Max(us): 141615, 99th(us): 67000, 99.9th(us): 93000, 99.99th(us): 134000
READ   - Takes(s): 30.0, Count: 494969, OPS: 16516.2, Avg(us): 5428, Min(us): 685, Max(us): 110275, 99th(us): 28000, 99.9th(us): 51000, 99.99th(us): 92000
UPDATE - Takes(s): 29.9, Count: 25676, OPS: 857.6, Avg(us): 23672, Min(us): 6070, Max(us): 157905, 99th(us): 67000, 99.9th(us): 102000, 99.99th(us): 145000
READ   - Takes(s): 40.0, Count: 657927, OPS: 16466.4, Avg(us): 5450, Min(us): 685, Max(us): 111339, 99th(us): 28000, 99.9th(us): 53000, 99.99th(us): 99000
UPDATE - Takes(s): 39.9, Count: 34146, OPS: 855.2, Avg(us): 23604, Min(us): 5922, Max(us): 157905, 99th(us): 66000, 99.9th(us): 105000, 99.99th(us): 150000
READ   - Takes(s): 50.0, Count: 824720, OPS: 16508.9, Avg(us): 5433, Min(us): 685, Max(us): 111339, 99th(us): 28000, 99.9th(us): 51000, 99.99th(us): 96000
UPDATE - Takes(s): 49.9, Count: 42916, OPS: 859.6, Avg(us): 23516, Min(us): 5875, Max(us): 157905, 99th(us): 65000, 99.9th(us): 101000, 99.99th(us): 150000
Run finished, takes 57.91408996s
READ   - Takes(s): 57.9, Count: 950250, OPS: 16420.5, Avg(us): 5400, Min(us): 685, Max(us): 111339, 99th(us): 28000, 99.9th(us): 52000, 99.99th(us): 96000
UPDATE - Takes(s): 57.8, Count: 49649, OPS: 858.4, Avg(us): 23351, Min(us): 5875, Max(us): 157905, 99th(us): 65000, 99.9th(us): 100000, 99.99th(us): 150000
[2022/06/08 22:12:18.400 -05:00] [INFO] [client.go:754] ["[pd] stop fetching the pending tso requests due to context canceled"] [dc-location=global]
[2022/06/08 22:12:18.400 -05:00] [INFO] [client.go:692] ["[pd] exit tso dispatcher"] [dc-location=global]
