[2022/06/08 22:03:40.757 -05:00] [INFO] [client.go:378] ["[pd] create pd client with endpoints"] [pd-address="[10.10.1.4:2379]"]
[2022/06/08 22:03:40.764 -05:00] [INFO] [base_client.go:350] ["[pd] switch leader"] [new-leader=http://10.10.1.4:2379] [old-leader=]
[2022/06/08 22:03:40.764 -05:00] [INFO] [base_client.go:105] ["[pd] init cluster id"] [cluster-id=7107062843429175921]
[2022/06/08 22:03:40.764 -05:00] [INFO] [client.go:673] ["[pd] tso dispatcher created"] [dc-location=global]
***************** properties *****************
"tikv.conncount"="128"
"tikv.pd"="10.10.1.4:2379"
"tikv.batchsize"="128"
"threadcount"="70"
"updateproportion"="0.05"
"recordcount"="1000000"
"scanproportion"="0"
"insertproportion"="0"
"readproportion"="0.95"
"debug.pprof"=":6060"
"verbose"="false"
"dotransactions"="true"
"readallfields"="true"
"requestdistribution"="uniform"
"operationcount"="1000000"
"workload"="core"
"tikv.type"="raw"
**********************************************
READ   - Takes(s): 10.0, Count: 168814, OPS: 16948.4, Avg(us): 3319, Min(us): 708, Max(us): 99855, 99th(us): 15000, 99.9th(us): 36000, 99.99th(us): 94000
UPDATE - Takes(s): 9.9, Count: 8886, OPS: 895.3, Avg(us): 15450, Min(us): 5574, Max(us): 121943, 99th(us): 36000, 99.9th(us): 73000, 99.99th(us): 115000
READ   - Takes(s): 20.0, Count: 339594, OPS: 17013.2, Avg(us): 3294, Min(us): 690, Max(us): 99855, 99th(us): 14000, 99.9th(us): 26000, 99.99th(us): 94000
UPDATE - Takes(s): 19.9, Count: 17854, OPS: 896.0, Avg(us): 15513, Min(us): 4747, Max(us): 121943, 99th(us): 35000, 99.9th(us): 88000, 99.99th(us): 121000
READ   - Takes(s): 30.0, Count: 511605, OPS: 17075.9, Avg(us): 3281, Min(us): 681, Max(us): 99855, 99th(us): 14000, 99.9th(us): 25000, 99.99th(us): 93000
UPDATE - Takes(s): 29.9, Count: 26813, OPS: 896.0, Avg(us): 15483, Min(us): 4747, Max(us): 121943, 99th(us): 34000, 99.9th(us): 79000, 99.99th(us): 119000
READ   - Takes(s): 40.0, Count: 680142, OPS: 17020.4, Avg(us): 3289, Min(us): 681, Max(us): 100314, 99th(us): 14000, 99.9th(us): 25000, 99.99th(us): 93000
UPDATE - Takes(s): 39.9, Count: 35801, OPS: 896.7, Avg(us): 15490, Min(us): 4747, Max(us): 167559, 99th(us): 35000, 99.9th(us): 82000, 99.99th(us): 121000
READ   - Takes(s): 50.0, Count: 850768, OPS: 17028.8, Avg(us): 3286, Min(us): 681, Max(us): 100314, 99th(us): 14000, 99.9th(us): 25000, 99.99th(us): 91000
UPDATE - Takes(s): 49.9, Count: 44823, OPS: 897.8, Avg(us): 15487, Min(us): 4747, Max(us): 167559, 99th(us): 35000, 99.9th(us): 83000, 99.99th(us): 119000
Run finished, takes 56.323791951s
READ   - Takes(s): 56.3, Count: 949935, OPS: 16877.5, Avg(us): 3271, Min(us): 656, Max(us): 100314, 99th(us): 14000, 99.9th(us): 24000, 99.99th(us): 91000
UPDATE - Takes(s): 56.2, Count: 50009, OPS: 889.1, Avg(us): 15418, Min(us): 4747, Max(us): 167559, 99th(us): 35000, 99.9th(us): 79000, 99.99th(us): 118000
[2022/06/08 22:04:37.089 -05:00] [INFO] [client.go:754] ["[pd] stop fetching the pending tso requests due to context canceled"] [dc-location=global]
[2022/06/08 22:04:37.089 -05:00] [INFO] [client.go:692] ["[pd] exit tso dispatcher"] [dc-location=global]
