[2022/06/08 21:53:59.443 -05:00] [INFO] [client.go:378] ["[pd] create pd client with endpoints"] [pd-address="[10.10.1.4:2379]"]
[2022/06/08 21:53:59.448 -05:00] [INFO] [base_client.go:350] ["[pd] switch leader"] [new-leader=http://10.10.1.4:2379] [old-leader=]
[2022/06/08 21:53:59.448 -05:00] [INFO] [base_client.go:105] ["[pd] init cluster id"] [cluster-id=7107062843429175921]
[2022/06/08 21:53:59.449 -05:00] [INFO] [client.go:673] ["[pd] tso dispatcher created"] [dc-location=global]
***************** properties *****************
"insertproportion"="0"
"updateproportion"="0.05"
"recordcount"="1000000"
"threadcount"="25"
"tikv.type"="raw"
"debug.pprof"=":6060"
"operationcount"="1000000"
"tikv.conncount"="128"
"requestdistribution"="uniform"
"workload"="core"
"tikv.batchsize"="128"
"dotransactions"="true"
"tikv.pd"="10.10.1.4:2379"
"readproportion"="0.95"
"readallfields"="true"
"scanproportion"="0"
"verbose"="false"
**********************************************
READ   - Takes(s): 10.0, Count: 108631, OPS: 10900.7, Avg(us): 1791, Min(us): 879, Max(us): 89728, 99th(us): 4000, 99.9th(us): 6000, 99.99th(us): 88000
UPDATE - Takes(s): 9.9, Count: 5768, OPS: 580.4, Avg(us): 9382, Min(us): 6183, Max(us): 78871, 99th(us): 14000, 99.9th(us): 54000, 99.99th(us): 79000
READ   - Takes(s): 20.0, Count: 220409, OPS: 11039.7, Avg(us): 1763, Min(us): 839, Max(us): 89728, 99th(us): 4000, 99.9th(us): 5000, 99.99th(us): 55000
UPDATE - Takes(s): 19.9, Count: 11691, OPS: 586.4, Avg(us): 9293, Min(us): 5729, Max(us): 78871, 99th(us): 14000, 99.9th(us): 48000, 99.99th(us): 72000
READ   - Takes(s): 30.0, Count: 332949, OPS: 11111.2, Avg(us): 1751, Min(us): 839, Max(us): 89728, 99th(us): 4000, 99.9th(us): 5000, 99.99th(us): 57000
UPDATE - Takes(s): 29.9, Count: 17647, OPS: 589.5, Avg(us): 9229, Min(us): 5729, Max(us): 78871, 99th(us): 14000, 99.9th(us): 29000, 99.99th(us): 72000
READ   - Takes(s): 40.0, Count: 446308, OPS: 11167.5, Avg(us): 1743, Min(us): 721, Max(us): 89728, 99th(us): 4000, 99.9th(us): 5000, 99.99th(us): 57000
UPDATE - Takes(s): 39.9, Count: 23568, OPS: 590.1, Avg(us): 9190, Min(us): 5729, Max(us): 78871, 99th(us): 14000, 99.9th(us): 29000, 99.99th(us): 67000
READ   - Takes(s): 50.0, Count: 559097, OPS: 11189.7, Avg(us): 1738, Min(us): 721, Max(us): 89728, 99th(us): 4000, 99.9th(us): 5000, 99.99th(us): 58000
UPDATE - Takes(s): 49.9, Count: 29636, OPS: 593.5, Avg(us): 9156, Min(us): 5729, Max(us): 78871, 99th(us): 14000, 99.9th(us): 19000, 99.99th(us): 67000
READ   - Takes(s): 60.0, Count: 672910, OPS: 11221.7, Avg(us): 1734, Min(us): 721, Max(us): 89728, 99th(us): 4000, 99.9th(us): 5000, 99.99th(us): 59000
UPDATE - Takes(s): 59.9, Count: 35611, OPS: 594.1, Avg(us): 9127, Min(us): 5458, Max(us): 78871, 99th(us): 14000, 99.9th(us): 19000, 99.99th(us): 67000
READ   - Takes(s): 70.0, Count: 784747, OPS: 11216.3, Avg(us): 1735, Min(us): 721, Max(us): 89728, 99th(us): 4000, 99.9th(us): 5000, 99.99th(us): 59000
UPDATE - Takes(s): 69.9, Count: 41468, OPS: 592.9, Avg(us): 9133, Min(us): 5458, Max(us): 78871, 99th(us): 14000, 99.9th(us): 22000, 99.99th(us): 73000
READ   - Takes(s): 80.0, Count: 896814, OPS: 11215.1, Avg(us): 1736, Min(us): 721, Max(us): 89728, 99th(us): 4000, 99.9th(us): 5000, 99.99th(us): 59000
UPDATE - Takes(s): 79.9, Count: 47337, OPS: 592.2, Avg(us): 9142, Min(us): 5458, Max(us): 109596, 99th(us): 14000, 99.9th(us): 28000, 99.99th(us): 73000
Run finished, takes 1m25.360596776s
READ   - Takes(s): 85.3, Count: 949846, OPS: 11132.3, Avg(us): 1734, Min(us): 721, Max(us): 89728, 99th(us): 4000, 99.9th(us): 5000, 99.99th(us): 59000
UPDATE - Takes(s): 85.3, Count: 50154, OPS: 588.0, Avg(us): 9129, Min(us): 5458, Max(us): 109596, 99th(us): 14000, 99.9th(us): 22000, 99.99th(us): 73000
[2022/06/08 21:55:24.810 -05:00] [INFO] [client.go:754] ["[pd] stop fetching the pending tso requests due to context canceled"] [dc-location=global]
[2022/06/08 21:55:24.810 -05:00] [INFO] [client.go:692] ["[pd] exit tso dispatcher"] [dc-location=global]
