[2022/06/08 21:56:38.600 -05:00] [INFO] [client.go:378] ["[pd] create pd client with endpoints"] [pd-address="[10.10.1.4:2379]"]
[2022/06/08 21:56:38.606 -05:00] [INFO] [base_client.go:350] ["[pd] switch leader"] [new-leader=http://10.10.1.4:2379] [old-leader=]
[2022/06/08 21:56:38.606 -05:00] [INFO] [base_client.go:105] ["[pd] init cluster id"] [cluster-id=7107062843429175921]
[2022/06/08 21:56:38.606 -05:00] [INFO] [client.go:673] ["[pd] tso dispatcher created"] [dc-location=global]
***************** properties *****************
"insertproportion"="0"
"requestdistribution"="uniform"
"operationcount"="1000000"
"threadcount"="35"
"workload"="core"
"tikv.pd"="10.10.1.4:2379"
"tikv.type"="raw"
"tikv.conncount"="128"
"tikv.batchsize"="128"
"recordcount"="1000000"
"readallfields"="true"
"verbose"="false"
"updateproportion"="0.05"
"debug.pprof"=":6060"
"scanproportion"="0"
"dotransactions"="true"
"readproportion"="0.95"
**********************************************
READ   - Takes(s): 10.0, Count: 143037, OPS: 14361.6, Avg(us): 1908, Min(us): 732, Max(us): 101374, 99th(us): 5000, 99.9th(us): 9000, 99.99th(us): 99000
UPDATE - Takes(s): 9.9, Count: 7669, OPS: 772.7, Avg(us): 9808, Min(us): 5177, Max(us): 112586, 99th(us): 16000, 99.9th(us): 62000, 99.99th(us): 113000
READ   - Takes(s): 20.0, Count: 288614, OPS: 14459.9, Avg(us): 1890, Min(us): 687, Max(us): 101374, 99th(us): 5000, 99.9th(us): 8000, 99.99th(us): 73000
UPDATE - Takes(s): 19.9, Count: 15337, OPS: 769.7, Avg(us): 9851, Min(us): 5177, Max(us): 112586, 99th(us): 16000, 99.9th(us): 62000, 99.99th(us): 110000
READ   - Takes(s): 30.0, Count: 435342, OPS: 14531.0, Avg(us): 1885, Min(us): 687, Max(us): 101374, 99th(us): 5000, 99.9th(us): 8000, 99.99th(us): 73000
UPDATE - Takes(s): 29.9, Count: 22865, OPS: 764.1, Avg(us): 9809, Min(us): 5177, Max(us): 112586, 99th(us): 16000, 99.9th(us): 57000, 99.99th(us): 108000
READ   - Takes(s): 40.0, Count: 581814, OPS: 14560.1, Avg(us): 1878, Min(us): 687, Max(us): 101374, 99th(us): 5000, 99.9th(us): 8000, 99.99th(us): 73000
UPDATE - Takes(s): 39.9, Count: 30583, OPS: 766.0, Avg(us): 9832, Min(us): 5177, Max(us): 112586, 99th(us): 16000, 99.9th(us): 66000, 99.99th(us): 84000
READ   - Takes(s): 50.0, Count: 727371, OPS: 14559.2, Avg(us): 1878, Min(us): 687, Max(us): 101374, 99th(us): 5000, 99.9th(us): 8000, 99.99th(us): 73000
UPDATE - Takes(s): 49.9, Count: 38233, OPS: 765.8, Avg(us): 9825, Min(us): 4897, Max(us): 112586, 99th(us): 16000, 99.9th(us): 62000, 99.99th(us): 88000
READ   - Takes(s): 60.0, Count: 874039, OPS: 14577.1, Avg(us): 1875, Min(us): 687, Max(us): 101374, 99th(us): 5000, 99.9th(us): 8000, 99.99th(us): 72000
UPDATE - Takes(s): 59.9, Count: 45873, OPS: 765.5, Avg(us): 9832, Min(us): 4897, Max(us): 112586, 99th(us): 16000, 99.9th(us): 67000, 99.99th(us): 86000
Run finished, takes 1m5.778828384s
READ   - Takes(s): 65.7, Count: 950121, OPS: 14453.1, Avg(us): 1872, Min(us): 687, Max(us): 101374, 99th(us): 5000, 99.9th(us): 8000, 99.99th(us): 72000
UPDATE - Takes(s): 65.7, Count: 49864, OPS: 758.9, Avg(us): 9828, Min(us): 4897, Max(us): 112586, 99th(us): 16000, 99.9th(us): 66000, 99.99th(us): 86000
[2022/06/08 21:57:44.386 -05:00] [INFO] [client.go:754] ["[pd] stop fetching the pending tso requests due to context canceled"] [dc-location=global]
[2022/06/08 21:57:44.386 -05:00] [INFO] [client.go:692] ["[pd] exit tso dispatcher"] [dc-location=global]
