[2022/06/07 15:11:37.308 -05:00] [INFO] [client.go:378] ["[pd] create pd client with endpoints"] [pd-address="[10.10.1.4:2379]"]
[2022/06/07 15:11:37.315 -05:00] [INFO] [base_client.go:350] ["[pd] switch leader"] [new-leader=http://10.10.1.4:2379] [old-leader=]
[2022/06/07 15:11:37.316 -05:00] [INFO] [base_client.go:105] ["[pd] init cluster id"] [cluster-id=7106566731107235629]
[2022/06/07 15:11:37.316 -05:00] [INFO] [client.go:673] ["[pd] tso dispatcher created"] [dc-location=global]
***************** properties *****************
"debug.pprof"=":6060"
"operationcount"="1000000"
"dotransactions"="true"
"threadcount"="45"
"requestdistribution"="uniform"
"verbose"="false"
"tikv.pd"="10.10.1.4:2379"
"updateproportion"="0.05"
"insertproportion"="0"
"tikv.type"="raw"
"workload"="core"
"tikv.batchsize"="128"
"scanproportion"="0"
"tikv.conncount"="128"
"recordcount"="1000000"
"readallfields"="true"
"readproportion"="0.95"
**********************************************
READ   - Takes(s): 10.0, Count: 151478, OPS: 15207.4, Avg(us): 2350, Min(us): 682, Max(us): 102635, 99th(us): 8000, 99.9th(us): 18000, 99.99th(us): 100000
UPDATE - Takes(s): 9.9, Count: 8065, OPS: 812.6, Avg(us): 11426, Min(us): 5063, Max(us): 114872, 99th(us): 21000, 99.9th(us): 79000, 99.99th(us): 115000
READ   - Takes(s): 20.0, Count: 304683, OPS: 15264.2, Avg(us): 2339, Min(us): 682, Max(us): 102635, 99th(us): 8000, 99.9th(us): 16000, 99.99th(us): 87000
UPDATE - Takes(s): 19.9, Count: 16101, OPS: 808.1, Avg(us): 11421, Min(us): 5063, Max(us): 114872, 99th(us): 21000, 99.9th(us): 78000, 99.99th(us): 115000
READ   - Takes(s): 30.0, Count: 457789, OPS: 15279.6, Avg(us): 2320, Min(us): 654, Max(us): 102635, 99th(us): 8000, 99.9th(us): 15000, 99.99th(us): 84000
UPDATE - Takes(s): 29.9, Count: 24162, OPS: 807.4, Avg(us): 11693, Min(us): 5063, Max(us): 114872, 99th(us): 23000, 99.9th(us): 73000, 99.99th(us): 114000
READ   - Takes(s): 40.0, Count: 611550, OPS: 15303.8, Avg(us): 2306, Min(us): 654, Max(us): 102635, 99th(us): 8000, 99.9th(us): 14000, 99.99th(us): 82000
UPDATE - Takes(s): 39.9, Count: 32279, OPS: 808.5, Avg(us): 11858, Min(us): 5063, Max(us): 114872, 99th(us): 24000, 99.9th(us): 73000, 99.99th(us): 114000
READ   - Takes(s): 50.0, Count: 767818, OPS: 15368.5, Avg(us): 2293, Min(us): 654, Max(us): 102635, 99th(us): 8000, 99.9th(us): 14000, 99.99th(us): 82000
UPDATE - Takes(s): 49.9, Count: 40469, OPS: 810.6, Avg(us): 11884, Min(us): 5063, Max(us): 114872, 99th(us): 24000, 99.9th(us): 67000, 99.99th(us): 92000
READ   - Takes(s): 60.0, Count: 922511, OPS: 15385.3, Avg(us): 2289, Min(us): 609, Max(us): 102635, 99th(us): 8000, 99.9th(us): 14000, 99.99th(us): 80000
UPDATE - Takes(s): 59.9, Count: 48668, OPS: 812.2, Avg(us): 11867, Min(us): 5063, Max(us): 114872, 99th(us): 24000, 99.9th(us): 65000, 99.99th(us): 92000
Run finished, takes 1m2.194800678s
READ   - Takes(s): 62.2, Count: 949906, OPS: 15282.8, Avg(us): 2283, Min(us): 609, Max(us): 102635, 99th(us): 8000, 99.9th(us): 14000, 99.99th(us): 80000
UPDATE - Takes(s): 62.1, Count: 50084, OPS: 806.3, Avg(us): 11834, Min(us): 5058, Max(us): 114872, 99th(us): 24000, 99.9th(us): 65000, 99.99th(us): 92000
[2022/06/07 15:12:39.512 -05:00] [INFO] [client.go:754] ["[pd] stop fetching the pending tso requests due to context canceled"] [dc-location=global]
[2022/06/07 15:12:39.512 -05:00] [INFO] [client.go:692] ["[pd] exit tso dispatcher"] [dc-location=global]
