[2022/06/08 21:55:24.902 -05:00] [INFO] [client.go:378] ["[pd] create pd client with endpoints"] [pd-address="[10.10.1.4:2379]"]
[2022/06/08 21:55:24.907 -05:00] [INFO] [base_client.go:350] ["[pd] switch leader"] [new-leader=http://10.10.1.4:2379] [old-leader=]
[2022/06/08 21:55:24.907 -05:00] [INFO] [base_client.go:105] ["[pd] init cluster id"] [cluster-id=7107062843429175921]
[2022/06/08 21:55:24.908 -05:00] [INFO] [client.go:673] ["[pd] tso dispatcher created"] [dc-location=global]
***************** properties *****************
"workload"="core"
"tikv.pd"="10.10.1.4:2379"
"dotransactions"="true"
"debug.pprof"=":6060"
"verbose"="false"
"readallfields"="true"
"tikv.conncount"="128"
"recordcount"="1000000"
"insertproportion"="0"
"requestdistribution"="uniform"
"updateproportion"="0.05"
"tikv.type"="raw"
"threadcount"="30"
"readproportion"="0.95"
"tikv.batchsize"="128"
"scanproportion"="0"
"operationcount"="1000000"
**********************************************
READ   - Takes(s): 10.0, Count: 129266, OPS: 12977.2, Avg(us): 1820, Min(us): 784, Max(us): 90641, 99th(us): 4000, 99.9th(us): 7000, 99.99th(us): 89000
UPDATE - Takes(s): 9.9, Count: 6690, OPS: 675.9, Avg(us): 9433, Min(us): 5461, Max(us): 71230, 99th(us): 15000, 99.9th(us): 18000, 99.99th(us): 72000
READ   - Takes(s): 20.0, Count: 259819, OPS: 13016.4, Avg(us): 1800, Min(us): 773, Max(us): 90641, 99th(us): 4000, 99.9th(us): 7000, 99.99th(us): 61000
UPDATE - Takes(s): 19.9, Count: 13632, OPS: 685.1, Avg(us): 9466, Min(us): 5461, Max(us): 71230, 99th(us): 15000, 99.9th(us): 45000, 99.99th(us): 69000
READ   - Takes(s): 30.0, Count: 390680, OPS: 13039.6, Avg(us): 1794, Min(us): 684, Max(us): 90641, 99th(us): 4000, 99.9th(us): 6000, 99.99th(us): 62000
UPDATE - Takes(s): 29.9, Count: 20497, OPS: 685.6, Avg(us): 9489, Min(us): 5280, Max(us): 72611, 99th(us): 15000, 99.9th(us): 48000, 99.99th(us): 72000
READ   - Takes(s): 40.0, Count: 521898, OPS: 13060.2, Avg(us): 1788, Min(us): 684, Max(us): 90641, 99th(us): 4000, 99.9th(us): 6000, 99.99th(us): 64000
UPDATE - Takes(s): 39.9, Count: 27374, OPS: 686.1, Avg(us): 9529, Min(us): 5280, Max(us): 74113, 99th(us): 15000, 99.9th(us): 48000, 99.99th(us): 73000
READ   - Takes(s): 50.0, Count: 653649, OPS: 13083.2, Avg(us): 1785, Min(us): 684, Max(us): 90641, 99th(us): 4000, 99.9th(us): 6000, 99.99th(us): 65000
UPDATE - Takes(s): 49.9, Count: 34197, OPS: 685.3, Avg(us): 9520, Min(us): 5280, Max(us): 74113, 99th(us): 15000, 99.9th(us): 45000, 99.99th(us): 72000
READ   - Takes(s): 60.0, Count: 783529, OPS: 13067.3, Avg(us): 1786, Min(us): 684, Max(us): 90641, 99th(us): 4000, 99.9th(us): 6000, 99.99th(us): 64000
UPDATE - Takes(s): 59.9, Count: 41058, OPS: 685.5, Avg(us): 9528, Min(us): 5280, Max(us): 74113, 99th(us): 15000, 99.9th(us): 45000, 99.99th(us): 72000
READ   - Takes(s): 70.0, Count: 913821, OPS: 13061.9, Avg(us): 1785, Min(us): 684, Max(us): 90641, 99th(us): 4000, 99.9th(us): 6000, 99.99th(us): 65000
UPDATE - Takes(s): 69.9, Count: 47855, OPS: 684.6, Avg(us): 9565, Min(us): 5196, Max(us): 80761, 99th(us): 15000, 99.9th(us): 45000, 99.99th(us): 73000
Run finished, takes 1m13.5950454s
READ   - Takes(s): 73.6, Count: 950203, OPS: 12918.1, Avg(us): 1786, Min(us): 684, Max(us): 90641, 99th(us): 4000, 99.9th(us): 6000, 99.99th(us): 66000
UPDATE - Takes(s): 73.5, Count: 49787, OPS: 677.4, Avg(us): 9552, Min(us): 4785, Max(us): 80761, 99th(us): 15000, 99.9th(us): 47000, 99.99th(us): 73000
[2022/06/08 21:56:38.504 -05:00] [INFO] [client.go:754] ["[pd] stop fetching the pending tso requests due to context canceled"] [dc-location=global]
[2022/06/08 21:56:38.504 -05:00] [INFO] [client.go:692] ["[pd] exit tso dispatcher"] [dc-location=global]
