[2022/06/08 22:01:45.803 -05:00] [INFO] [client.go:378] ["[pd] create pd client with endpoints"] [pd-address="[10.10.1.4:2379]"]
[2022/06/08 22:01:45.809 -05:00] [INFO] [base_client.go:350] ["[pd] switch leader"] [new-leader=http://10.10.1.4:2379] [old-leader=]
[2022/06/08 22:01:45.809 -05:00] [INFO] [base_client.go:105] ["[pd] init cluster id"] [cluster-id=7107062843429175921]
[2022/06/08 22:01:45.810 -05:00] [INFO] [client.go:673] ["[pd] tso dispatcher created"] [dc-location=global]
***************** properties *****************
"tikv.pd"="10.10.1.4:2379"
"tikv.batchsize"="128"
"readproportion"="0.95"
"debug.pprof"=":6060"
"recordcount"="1000000"
"tikv.conncount"="128"
"requestdistribution"="uniform"
"scanproportion"="0"
"updateproportion"="0.05"
"insertproportion"="0"
"operationcount"="1000000"
"verbose"="false"
"threadcount"="60"
"tikv.type"="raw"
"readallfields"="true"
"workload"="core"
"dotransactions"="true"
**********************************************
READ   - Takes(s): 10.0, Count: 164888, OPS: 16556.9, Avg(us): 2904, Min(us): 671, Max(us): 105622, 99th(us): 11000, 99.9th(us): 32000, 99.99th(us): 100000
UPDATE - Takes(s): 9.9, Count: 8573, OPS: 866.3, Avg(us): 13873, Min(us): 4988, Max(us): 164064, 99th(us): 28000, 99.9th(us): 75000, 99.99th(us): 165000
READ   - Takes(s): 20.0, Count: 331116, OPS: 16589.9, Avg(us): 2880, Min(us): 671, Max(us): 105622, 99th(us): 11000, 99.9th(us): 19000, 99.99th(us): 98000
UPDATE - Takes(s): 19.9, Count: 17455, OPS: 877.3, Avg(us): 13870, Min(us): 4727, Max(us): 164064, 99th(us): 28000, 99.9th(us): 75000, 99.99th(us): 161000
READ   - Takes(s): 30.0, Count: 495476, OPS: 16538.6, Avg(us): 2883, Min(us): 671, Max(us): 105622, 99th(us): 11000, 99.9th(us): 18000, 99.99th(us): 96000
UPDATE - Takes(s): 29.9, Count: 26186, OPS: 875.9, Avg(us): 13953, Min(us): 4727, Max(us): 164064, 99th(us): 28000, 99.9th(us): 73000, 99.99th(us): 119000
READ   - Takes(s): 40.0, Count: 662571, OPS: 16581.3, Avg(us): 2875, Min(us): 671, Max(us): 105622, 99th(us): 11000, 99.9th(us): 18000, 99.99th(us): 88000
UPDATE - Takes(s): 39.9, Count: 34988, OPS: 877.0, Avg(us): 13928, Min(us): 4727, Max(us): 164064, 99th(us): 28000, 99.9th(us): 73000, 99.99th(us): 115000
READ   - Takes(s): 50.0, Count: 828263, OPS: 16578.9, Avg(us): 2872, Min(us): 671, Max(us): 105622, 99th(us): 11000, 99.9th(us): 17000, 99.99th(us): 83000
UPDATE - Takes(s): 49.9, Count: 43830, OPS: 878.4, Avg(us): 13945, Min(us): 4727, Max(us): 164064, 99th(us): 28000, 99.9th(us): 79000, 99.99th(us): 115000
Run finished, takes 57.702309s
READ   - Takes(s): 57.7, Count: 949807, OPS: 16472.4, Avg(us): 2864, Min(us): 669, Max(us): 105622, 99th(us): 11000, 99.9th(us): 17000, 99.99th(us): 84000
UPDATE - Takes(s): 57.6, Count: 50152, OPS: 870.7, Avg(us): 13899, Min(us): 4727, Max(us): 164064, 99th(us): 28000, 99.9th(us): 81000, 99.99th(us): 113000
[2022/06/08 22:02:43.513 -05:00] [INFO] [client.go:754] ["[pd] stop fetching the pending tso requests due to context canceled"] [dc-location=global]
[2022/06/08 22:02:43.513 -05:00] [INFO] [client.go:692] ["[pd] exit tso dispatcher"] [dc-location=global]
