[2022/06/08 22:09:23.546 -05:00] [INFO] [client.go:378] ["[pd] create pd client with endpoints"] [pd-address="[10.10.1.4:2379]"]
[2022/06/08 22:09:23.554 -05:00] [INFO] [base_client.go:350] ["[pd] switch leader"] [new-leader=http://10.10.1.4:2379] [old-leader=]
[2022/06/08 22:09:23.554 -05:00] [INFO] [base_client.go:105] ["[pd] init cluster id"] [cluster-id=7107062843429175921]
[2022/06/08 22:09:23.554 -05:00] [INFO] [client.go:673] ["[pd] tso dispatcher created"] [dc-location=global]
***************** properties *****************
"scanproportion"="0"
"debug.pprof"=":6060"
"updateproportion"="0.05"
"tikv.pd"="10.10.1.4:2379"
"operationcount"="1000000"
"verbose"="false"
"readproportion"="0.95"
"recordcount"="1000000"
"tikv.type"="raw"
"tikv.conncount"="128"
"workload"="core"
"requestdistribution"="uniform"
"tikv.batchsize"="128"
"dotransactions"="true"
"insertproportion"="0"
"readallfields"="true"
"threadcount"="100"
**********************************************
READ   - Takes(s): 10.0, Count: 162609, OPS: 16318.7, Avg(us): 4992, Min(us): 694, Max(us): 109151, 99th(us): 26000, 99.9th(us): 58000, 99.99th(us): 97000
UPDATE - Takes(s): 9.9, Count: 8554, OPS: 860.8, Avg(us): 21668, Min(us): 4954, Max(us): 116143, 99th(us): 62000, 99.9th(us): 86000, 99.99th(us): 101000
READ   - Takes(s): 20.0, Count: 327842, OPS: 16425.3, Avg(us): 4949, Min(us): 694, Max(us): 109151, 99th(us): 26000, 99.9th(us): 52000, 99.99th(us): 97000
UPDATE - Takes(s): 19.9, Count: 17117, OPS: 858.9, Avg(us): 21787, Min(us): 4954, Max(us): 116143, 99th(us): 61000, 99.9th(us): 89000, 99.99th(us): 115000
READ   - Takes(s): 30.0, Count: 492445, OPS: 16430.4, Avg(us): 4926, Min(us): 684, Max(us): 109151, 99th(us): 25000, 99.9th(us): 47000, 99.99th(us): 91000
UPDATE - Takes(s): 29.9, Count: 25887, OPS: 864.6, Avg(us): 21973, Min(us): 4954, Max(us): 116143, 99th(us): 60000, 99.9th(us): 87000, 99.99th(us): 109000
READ   - Takes(s): 40.0, Count: 655311, OPS: 16399.4, Avg(us): 4934, Min(us): 684, Max(us): 109151, 99th(us): 25000, 99.9th(us): 48000, 99.99th(us): 94000
UPDATE - Takes(s): 39.9, Count: 34632, OPS: 867.3, Avg(us): 21899, Min(us): 4954, Max(us): 116143, 99th(us): 59000, 99.9th(us): 88000, 99.99th(us): 110000
READ   - Takes(s): 50.0, Count: 818722, OPS: 16387.7, Avg(us): 4938, Min(us): 672, Max(us): 109151, 99th(us): 26000, 99.9th(us): 47000, 99.99th(us): 93000
UPDATE - Takes(s): 49.9, Count: 43185, OPS: 864.9, Avg(us): 21935, Min(us): 4954, Max(us): 140472, 99th(us): 61000, 99.9th(us): 91000, 99.99th(us): 110000
Run finished, takes 58.344179691s
READ   - Takes(s): 58.3, Count: 949944, OPS: 16293.2, Avg(us): 4910, Min(us): 672, Max(us): 109151, 99th(us): 25000, 99.9th(us): 45000, 99.99th(us): 92000
UPDATE - Takes(s): 58.3, Count: 50055, OPS: 859.0, Avg(us): 21776, Min(us): 4954, Max(us): 140472, 99th(us): 60000, 99.9th(us): 89000, 99.99th(us): 109000
[2022/06/08 22:10:21.899 -05:00] [INFO] [client.go:754] ["[pd] stop fetching the pending tso requests due to context canceled"] [dc-location=global]
[2022/06/08 22:10:21.899 -05:00] [INFO] [client.go:692] ["[pd] exit tso dispatcher"] [dc-location=global]
