[2022/06/08 22:04:37.183 -05:00] [INFO] [client.go:378] ["[pd] create pd client with endpoints"] [pd-address="[10.10.1.4:2379]"]
[2022/06/08 22:04:37.189 -05:00] [INFO] [base_client.go:350] ["[pd] switch leader"] [new-leader=http://10.10.1.4:2379] [old-leader=]
[2022/06/08 22:04:37.189 -05:00] [INFO] [base_client.go:105] ["[pd] init cluster id"] [cluster-id=7107062843429175921]
[2022/06/08 22:04:37.190 -05:00] [INFO] [client.go:673] ["[pd] tso dispatcher created"] [dc-location=global]
***************** properties *****************
"verbose"="false"
"tikv.pd"="10.10.1.4:2379"
"requestdistribution"="uniform"
"tikv.type"="raw"
"operationcount"="1000000"
"debug.pprof"=":6060"
"threadcount"="75"
"readallfields"="true"
"updateproportion"="0.05"
"insertproportion"="0"
"tikv.batchsize"="128"
"tikv.conncount"="128"
"readproportion"="0.95"
"recordcount"="1000000"
"dotransactions"="true"
"scanproportion"="0"
"workload"="core"
**********************************************
READ   - Takes(s): 10.0, Count: 169206, OPS: 16993.6, Avg(us): 3548, Min(us): 683, Max(us): 101752, 99th(us): 16000, 99.9th(us): 47000, 99.99th(us): 93000
UPDATE - Takes(s): 9.9, Count: 8988, OPS: 905.3, Avg(us): 16377, Min(us): 5213, Max(us): 107497, 99th(us): 37000, 99.9th(us): 76000, 99.99th(us): 108000
READ   - Takes(s): 20.0, Count: 340052, OPS: 17039.4, Avg(us): 3530, Min(us): 683, Max(us): 101752, 99th(us): 16000, 99.9th(us): 31000, 99.99th(us): 90000
UPDATE - Takes(s): 19.9, Count: 17960, OPS: 901.3, Avg(us): 16440, Min(us): 5146, Max(us): 107497, 99th(us): 38000, 99.9th(us): 74000, 99.99th(us): 104000
READ   - Takes(s): 30.0, Count: 511059, OPS: 17059.9, Avg(us): 3516, Min(us): 683, Max(us): 101752, 99th(us): 16000, 99.9th(us): 28000, 99.99th(us): 90000
UPDATE - Takes(s): 29.9, Count: 27080, OPS: 904.9, Avg(us): 16498, Min(us): 5146, Max(us): 107497, 99th(us): 38000, 99.9th(us): 76000, 99.99th(us): 104000
READ   - Takes(s): 40.0, Count: 681128, OPS: 17046.7, Avg(us): 3525, Min(us): 653, Max(us): 101752, 99th(us): 16000, 99.9th(us): 27000, 99.99th(us): 88000
UPDATE - Takes(s): 39.9, Count: 35881, OPS: 898.7, Avg(us): 16463, Min(us): 5146, Max(us): 107497, 99th(us): 39000, 99.9th(us): 76000, 99.99th(us): 104000
READ   - Takes(s): 50.0, Count: 852147, OPS: 17057.7, Avg(us): 3519, Min(us): 653, Max(us): 101752, 99th(us): 16000, 99.9th(us): 27000, 99.99th(us): 87000
UPDATE - Takes(s): 49.9, Count: 44840, OPS: 898.1, Avg(us): 16524, Min(us): 5146, Max(us): 107497, 99th(us): 39000, 99.9th(us): 75000, 99.99th(us): 103000
Run finished, takes 56.296207365s
READ   - Takes(s): 56.3, Count: 949981, OPS: 16887.7, Avg(us): 3510, Min(us): 653, Max(us): 101752, 99th(us): 16000, 99.9th(us): 28000, 99.99th(us): 89000
UPDATE - Takes(s): 56.2, Count: 49994, OPS: 889.2, Avg(us): 16501, Min(us): 5146, Max(us): 116279, 99th(us): 39000, 99.9th(us): 83000, 99.99th(us): 107000
[2022/06/08 22:05:33.487 -05:00] [INFO] [client.go:754] ["[pd] stop fetching the pending tso requests due to context canceled"] [dc-location=global]
[2022/06/08 22:05:33.487 -05:00] [INFO] [client.go:692] ["[pd] exit tso dispatcher"] [dc-location=global]
