[2022/06/14 13:53:30.857 -05:00] [INFO] [client.go:378] ["[pd] create pd client with endpoints"] [pd-address="[10.10.1.4:2379]"]
[2022/06/14 13:53:30.862 -05:00] [INFO] [base_client.go:350] ["[pd] switch leader"] [new-leader=http://10.10.1.4:2379] [old-leader=]
[2022/06/14 13:53:30.862 -05:00] [INFO] [base_client.go:105] ["[pd] init cluster id"] [cluster-id=7109170666725993190]
[2022/06/14 13:53:30.863 -05:00] [INFO] [client.go:673] ["[pd] tso dispatcher created"] [dc-location=global]
***************** properties *****************
"scanproportion"="0"
"tikv.pd"="10.10.1.4:2379"
"tikv.conncount"="128"
"insertproportion"="0"
"verbose"="false"
"tikv.type"="raw"
"recordcount"="1000000"
"dotransactions"="false"
"readallfields"="true"
"threadcount"="785"
"debug.pprof"=":6060"
"updateproportion"="0.5"
"dropdata"="false"
"requestdistribution"="uniform"
"operationcount"="1000000"
"workload"="core"
"tikv.batchsize"="128"
"readproportion"="0.5"
**********************************************
INSERT - Takes(s): 9.8, Count: 159797, OPS: 16281.3, Avg(us): 48889, Min(us): 13467, Max(us): 249125, 99th(us): 131000, 99.9th(us): 224000, 99.99th(us): 239000
INSERT - Takes(s): 19.8, Count: 318645, OPS: 16080.9, Avg(us): 49035, Min(us): 13467, Max(us): 249125, 99th(us): 126000, 99.9th(us): 215000, 99.99th(us): 235000
INSERT - Takes(s): 29.8, Count: 472661, OPS: 15853.5, Avg(us): 49695, Min(us): 13467, Max(us): 249125, 99th(us): 123000, 99.9th(us): 209000, 99.99th(us): 232000
INSERT - Takes(s): 39.8, Count: 625397, OPS: 15707.5, Avg(us): 50077, Min(us): 12506, Max(us): 249125, 99th(us): 123000, 99.9th(us): 199000, 99.99th(us): 233000
INSERT - Takes(s): 49.8, Count: 780720, OPS: 15672.7, Avg(us): 50159, Min(us): 12506, Max(us): 249125, 99th(us): 125000, 99.9th(us): 190000, 99.99th(us): 231000
INSERT - Takes(s): 59.8, Count: 940674, OPS: 15725.9, Avg(us): 49942, Min(us): 12506, Max(us): 249125, 99th(us): 125000, 99.9th(us): 184000, 99.99th(us): 228000
Run finished, takes 1m3.93027826s
INSERT - Takes(s): 63.7, Count: 999304, OPS: 15678.1, Avg(us): 49946, Min(us): 6387, Max(us): 249125, 99th(us): 124000, 99.9th(us): 184000, 99.99th(us): 229000
[2022/06/14 13:54:34.794 -05:00] [INFO] [client.go:754] ["[pd] stop fetching the pending tso requests due to context canceled"] [dc-location=global]
[2022/06/14 13:54:34.794 -05:00] [INFO] [client.go:692] ["[pd] exit tso dispatcher"] [dc-location=global]
