[2022/06/14 13:49:33.320 -05:00] [INFO] [client.go:378] ["[pd] create pd client with endpoints"] [pd-address="[10.10.1.4:2379]"]
[2022/06/14 13:49:33.327 -05:00] [INFO] [base_client.go:350] ["[pd] switch leader"] [new-leader=http://10.10.1.4:2379] [old-leader=]
[2022/06/14 13:49:33.327 -05:00] [INFO] [base_client.go:105] ["[pd] init cluster id"] [cluster-id=7109169639753263952]
[2022/06/14 13:49:33.328 -05:00] [INFO] [client.go:673] ["[pd] tso dispatcher created"] [dc-location=global]
***************** properties *****************
"tikv.pd"="10.10.1.4:2379"
"tikv.batchsize"="128"
"insertproportion"="0"
"tikv.type"="raw"
"dotransactions"="false"
"readproportion"="0.5"
"scanproportion"="0"
"requestdistribution"="uniform"
"readallfields"="true"
"operationcount"="1000000"
"workload"="core"
"tikv.conncount"="128"
"recordcount"="1000000"
"verbose"="false"
"updateproportion"="0.5"
"dropdata"="false"
"debug.pprof"=":6060"
"threadcount"="665"
**********************************************
INSERT - Takes(s): 9.8, Count: 157035, OPS: 15980.7, Avg(us): 42129, Min(us): 13297, Max(us): 237013, 99th(us): 123000, 99.9th(us): 215000, 99.99th(us): 226000
INSERT - Takes(s): 19.8, Count: 306461, OPS: 15457.2, Avg(us): 43235, Min(us): 13297, Max(us): 237013, 99th(us): 121000, 99.9th(us): 208000, 99.99th(us): 228000
INSERT - Takes(s): 29.8, Count: 454929, OPS: 15252.5, Avg(us): 43729, Min(us): 8076, Max(us): 237013, 99th(us): 118000, 99.9th(us): 224000, 99.99th(us): 228000
INSERT - Takes(s): 39.8, Count: 598679, OPS: 15031.9, Avg(us): 44307, Min(us): 8076, Max(us): 254563, 99th(us): 114000, 99.9th(us): 224000, 99.99th(us): 251000
INSERT - Takes(s): 49.8, Count: 743204, OPS: 14915.8, Avg(us): 44617, Min(us): 8076, Max(us): 254563, 99th(us): 114000, 99.9th(us): 221000, 99.99th(us): 250000
INSERT - Takes(s): 59.8, Count: 895507, OPS: 14968.4, Avg(us): 44446, Min(us): 8076, Max(us): 254563, 99th(us): 109000, 99.9th(us): 218000, 99.99th(us): 250000
Run finished, takes 1m7.442690075s
INSERT - Takes(s): 67.3, Count: 999492, OPS: 14858.1, Avg(us): 44577, Min(us): 6010, Max(us): 254563, 99th(us): 112000, 99.9th(us): 215000, 99.99th(us): 249000
[2022/06/14 13:50:40.771 -05:00] [INFO] [client.go:754] ["[pd] stop fetching the pending tso requests due to context canceled"] [dc-location=global]
[2022/06/14 13:50:40.771 -05:00] [INFO] [client.go:692] ["[pd] exit tso dispatcher"] [dc-location=global]
