[2022/06/14 11:44:45.473 -05:00] [INFO] [client.go:378] ["[pd] create pd client with endpoints"] [pd-address="[10.10.1.4:2379]"]
[2022/06/14 11:44:45.479 -05:00] [INFO] [base_client.go:350] ["[pd] switch leader"] [new-leader=http://10.10.1.4:2379] [old-leader=]
[2022/06/14 11:44:45.479 -05:00] [INFO] [base_client.go:105] ["[pd] init cluster id"] [cluster-id=7109137496155601491]
[2022/06/14 11:44:45.479 -05:00] [INFO] [client.go:673] ["[pd] tso dispatcher created"] [dc-location=global]
***************** properties *****************
"insertproportion"="0"
"requestdistribution"="uniform"
"tikv.batchsize"="128"
"dropdata"="false"
"debug.pprof"=":6060"
"verbose"="false"
"operationcount"="1000000"
"threadcount"="785"
"dotransactions"="false"
"readallfields"="true"
"tikv.conncount"="128"
"recordcount"="1000000"
"readproportion"="0.5"
"updateproportion"="0.5"
"scanproportion"="0"
"tikv.pd"="10.10.1.4:2379"
"workload"="core"
"tikv.type"="raw"
**********************************************
INSERT - Takes(s): 9.8, Count: 153810, OPS: 15655.9, Avg(us): 50758, Min(us): 14947, Max(us): 206741, 99th(us): 146000, 99.9th(us): 187000, 99.99th(us): 200000
INSERT - Takes(s): 19.8, Count: 307336, OPS: 15503.1, Avg(us): 50868, Min(us): 14947, Max(us): 206741, 99th(us): 119000, 99.9th(us): 182000, 99.99th(us): 197000
INSERT - Takes(s): 29.8, Count: 455840, OPS: 15283.8, Avg(us): 51498, Min(us): 14947, Max(us): 206741, 99th(us): 137000, 99.9th(us): 182000, 99.99th(us): 198000
INSERT - Takes(s): 39.8, Count: 596903, OPS: 14988.4, Avg(us): 52469, Min(us): 11063, Max(us): 381393, 99th(us): 141000, 99.9th(us): 361000, 99.99th(us): 374000
INSERT - Takes(s): 49.8, Count: 745243, OPS: 14957.5, Avg(us): 52549, Min(us): 11063, Max(us): 381393, 99th(us): 142000, 99.9th(us): 302000, 99.99th(us): 373000
INSERT - Takes(s): 59.8, Count: 901094, OPS: 15058.0, Avg(us): 52170, Min(us): 11063, Max(us): 381393, 99th(us): 138000, 99.9th(us): 241000, 99.99th(us): 371000
Run finished, takes 1m7.115781622s
INSERT - Takes(s): 66.9, Count: 999304, OPS: 14928.4, Avg(us): 52438, Min(us): 5960, Max(us): 381393, 99th(us): 135000, 99.9th(us): 241000, 99.99th(us): 373000
[2022/06/14 11:45:52.596 -05:00] [INFO] [client.go:754] ["[pd] stop fetching the pending tso requests due to context canceled"] [dc-location=global]
[2022/06/14 11:45:52.596 -05:00] [INFO] [client.go:692] ["[pd] exit tso dispatcher"] [dc-location=global]
