[2022/06/06 12:25:33.857 -05:00] [INFO] [client.go:378] ["[pd] create pd client with endpoints"] [pd-address="[10.10.1.4:2379]"]
[2022/06/06 12:25:33.864 -05:00] [INFO] [base_client.go:350] ["[pd] switch leader"] [new-leader=http://10.10.1.4:2379] [old-leader=]
[2022/06/06 12:25:33.865 -05:00] [INFO] [base_client.go:105] ["[pd] init cluster id"] [cluster-id=7105848244335012427]
[2022/06/06 12:25:33.865 -05:00] [INFO] [client.go:673] ["[pd] tso dispatcher created"] [dc-location=global]
***************** properties *****************
"workload"="core"
"readallfields"="true"
"threadcount"="85"
"debug.pprof"=":6060"
"readproportion"="0.5"
"scanproportion"="0"
"tikv.batchsize"="128"
"tikv.conncount"="128"
"requestdistribution"="uniform"
"updateproportion"="0.5"
"recordcount"="1000000"
"verbose"="false"
"tikv.pd"="10.10.1.4:2379"
"dotransactions"="true"
"operationcount"="1000000"
"insertproportion"="0"
"tikv.type"="raw"
**********************************************
READ   - Takes(s): 10.0, Count: 46063, OPS: 4626.3, Avg(us): 2095, Min(us): 687, Max(us): 153903, 99th(us): 7000, 99.9th(us): 40000, 99.99th(us): 97000
UPDATE - Takes(s): 9.9, Count: 46006, OPS: 4647.7, Avg(us): 16321, Min(us): 5072, Max(us): 168669, 99th(us): 33000, 99.9th(us): 74000, 99.99th(us): 164000
READ   - Takes(s): 20.0, Count: 92100, OPS: 4615.0, Avg(us): 2031, Min(us): 652, Max(us): 153903, 99th(us): 7000, 99.9th(us): 13000, 99.99th(us): 95000
UPDATE - Takes(s): 19.9, Count: 91943, OPS: 4620.5, Avg(us): 16413, Min(us): 4501, Max(us): 168669, 99th(us): 33000, 99.9th(us): 51000, 99.99th(us): 158000
READ   - Takes(s): 30.0, Count: 138056, OPS: 4606.4, Avg(us): 2018, Min(us): 619, Max(us): 153903, 99th(us): 7000, 99.9th(us): 12000, 99.99th(us): 66000
UPDATE - Takes(s): 29.9, Count: 137954, OPS: 4612.0, Avg(us): 16432, Min(us): 4501, Max(us): 168669, 99th(us): 33000, 99.9th(us): 53000, 99.99th(us): 120000
READ   - Takes(s): 40.0, Count: 183611, OPS: 4595.2, Avg(us): 2007, Min(us): 616, Max(us): 153903, 99th(us): 7000, 99.9th(us): 12000, 99.99th(us): 93000
UPDATE - Takes(s): 39.9, Count: 183668, OPS: 4603.3, Avg(us): 16467, Min(us): 4501, Max(us): 168669, 99th(us): 33000, 99.9th(us): 52000, 99.99th(us): 119000
READ   - Takes(s): 50.0, Count: 231020, OPS: 4624.4, Avg(us): 2012, Min(us): 616, Max(us): 153903, 99th(us): 7000, 99.9th(us): 12000, 99.99th(us): 93000
UPDATE - Takes(s): 49.9, Count: 231148, OPS: 4632.3, Avg(us): 16338, Min(us): 4501, Max(us): 168669, 99th(us): 32000, 99.9th(us): 51000, 99.99th(us): 116000
READ   - Takes(s): 60.0, Count: 279824, OPS: 4667.1, Avg(us): 2005, Min(us): 616, Max(us): 153903, 99th(us): 7000, 99.9th(us): 12000, 99.99th(us): 93000
UPDATE - Takes(s): 59.9, Count: 279474, OPS: 4665.8, Avg(us): 16204, Min(us): 4501, Max(us): 168669, 99th(us): 32000, 99.9th(us): 54000, 99.99th(us): 115000
READ   - Takes(s): 70.0, Count: 329860, OPS: 4715.2, Avg(us): 2005, Min(us): 616, Max(us): 153903, 99th(us): 7000, 99.9th(us): 12000, 99.99th(us): 72000
UPDATE - Takes(s): 69.9, Count: 329358, OPS: 4711.9, Avg(us): 16021, Min(us): 4501, Max(us): 168669, 99th(us): 32000, 99.9th(us): 54000, 99.99th(us): 114000
READ   - Takes(s): 80.0, Count: 377702, OPS: 4723.8, Avg(us): 2005, Min(us): 616, Max(us): 153903, 99th(us): 7000, 99.9th(us): 12000, 99.99th(us): 62000
UPDATE - Takes(s): 79.9, Count: 377349, OPS: 4722.8, Avg(us): 15977, Min(us): 4501, Max(us): 168669, 99th(us): 32000, 99.9th(us): 53000, 99.99th(us): 111000
READ   - Takes(s): 90.0, Count: 423947, OPS: 4712.8, Avg(us): 2005, Min(us): 614, Max(us): 153903, 99th(us): 7000, 99.9th(us): 12000, 99.99th(us): 58000
UPDATE - Takes(s): 89.9, Count: 423463, OPS: 4710.4, Avg(us): 16022, Min(us): 4501, Max(us): 168669, 99th(us): 32000, 99.9th(us): 54000, 99.99th(us): 109000
READ   - Takes(s): 100.0, Count: 469051, OPS: 4692.5, Avg(us): 2004, Min(us): 614, Max(us): 153903, 99th(us): 7000, 99.9th(us): 12000, 99.99th(us): 55000
UPDATE - Takes(s): 99.9, Count: 468597, OPS: 4690.7, Avg(us): 16098, Min(us): 4501, Max(us): 168669, 99th(us): 32000, 99.9th(us): 53000, 99.99th(us): 102000
Run finished, takes 1m48.171856702s
READ   - Takes(s): 108.1, Count: 500052, OPS: 4624.6, Avg(us): 2003, Min(us): 614, Max(us): 153903, 99th(us): 7000, 99.9th(us): 12000, 99.99th(us): 56000
UPDATE - Takes(s): 108.1, Count: 499886, OPS: 4625.6, Avg(us): 16136, Min(us): 4501, Max(us): 168669, 99th(us): 33000, 99.9th(us): 58000, 99.99th(us): 114000
[2022/06/06 12:27:22.038 -05:00] [INFO] [client.go:754] ["[pd] stop fetching the pending tso requests due to context canceled"] [dc-location=global]
[2022/06/06 12:27:22.038 -05:00] [INFO] [client.go:692] ["[pd] exit tso dispatcher"] [dc-location=global]
