[2022/06/06 11:34:26.066 -05:00] [INFO] [client.go:378] ["[pd] create pd client with endpoints"] [pd-address="[10.10.1.4:2379]"]
[2022/06/06 11:34:26.074 -05:00] [INFO] [base_client.go:350] ["[pd] switch leader"] [new-leader=http://10.10.1.4:2379] [old-leader=]
[2022/06/06 11:34:26.074 -05:00] [INFO] [base_client.go:105] ["[pd] init cluster id"] [cluster-id=7105848244335012427]
[2022/06/06 11:34:26.074 -05:00] [INFO] [client.go:673] ["[pd] tso dispatcher created"] [dc-location=global]
***************** properties *****************
"recordcount"="1000000"
"requestdistribution"="uniform"
"updateproportion"="0.5"
"verbose"="false"
"threadcount"="10"
"dotransactions"="true"
"readallfields"="true"
"tikv.conncount"="128"
"readproportion"="0.5"
"scanproportion"="0"
"tikv.pd"="10.10.1.4:2379"
"tikv.type"="raw"
"tikv.batchsize"="128"
"debug.pprof"=":6060"
"operationcount"="1000000"
"workload"="core"
"insertproportion"="0"
**********************************************
READ   - Takes(s): 10.0, Count: 9075, OPS: 910.7, Avg(us): 1922, Min(us): 1011, Max(us): 79177, 99th(us): 3000, 99.9th(us): 9000, 99.99th(us): 56000
UPDATE - Takes(s): 9.9, Count: 9071, OPS: 913.2, Avg(us): 9056, Min(us): 5960, Max(us): 86670, 99th(us): 22000, 99.9th(us): 32000, 99.99th(us): 80000
READ   - Takes(s): 20.0, Count: 18649, OPS: 934.1, Avg(us): 1904, Min(us): 1011, Max(us): 79177, 99th(us): 3000, 99.9th(us): 6000, 99.99th(us): 56000
UPDATE - Takes(s): 19.9, Count: 18587, OPS: 932.5, Avg(us): 8806, Min(us): 5832, Max(us): 86670, 99th(us): 17000, 99.9th(us): 30000, 99.99th(us): 80000
READ   - Takes(s): 30.0, Count: 28280, OPS: 943.8, Avg(us): 1885, Min(us): 1011, Max(us): 79177, 99th(us): 3000, 99.9th(us): 5000, 99.99th(us): 36000
UPDATE - Takes(s): 29.9, Count: 28180, OPS: 941.5, Avg(us): 8712, Min(us): 5747, Max(us): 86670, 99th(us): 15000, 99.9th(us): 28000, 99.99th(us): 80000
READ   - Takes(s): 40.0, Count: 37842, OPS: 946.9, Avg(us): 1880, Min(us): 1011, Max(us): 79177, 99th(us): 3000, 99.9th(us): 4000, 99.99th(us): 36000
UPDATE - Takes(s): 39.9, Count: 37737, OPS: 945.0, Avg(us): 8672, Min(us): 5747, Max(us): 86670, 99th(us): 14000, 99.9th(us): 27000, 99.99th(us): 80000
READ   - Takes(s): 50.0, Count: 47358, OPS: 947.8, Avg(us): 1878, Min(us): 1011, Max(us): 79177, 99th(us): 3000, 99.9th(us): 4000, 99.99th(us): 23000
UPDATE - Takes(s): 49.9, Count: 47254, OPS: 946.4, Avg(us): 8657, Min(us): 5701, Max(us): 86670, 99th(us): 14000, 99.9th(us): 26000, 99.99th(us): 68000
READ   - Takes(s): 60.0, Count: 56977, OPS: 950.2, Avg(us): 1875, Min(us): 1011, Max(us): 79177, 99th(us): 3000, 99.9th(us): 4000, 99.99th(us): 22000
UPDATE - Takes(s): 59.9, Count: 56835, OPS: 948.3, Avg(us): 8635, Min(us): 5701, Max(us): 86670, 99th(us): 13000, 99.9th(us): 26000, 99.99th(us): 68000
READ   - Takes(s): 70.0, Count: 66563, OPS: 951.4, Avg(us): 1871, Min(us): 1011, Max(us): 79177, 99th(us): 3000, 99.9th(us): 4000, 99.99th(us): 22000
UPDATE - Takes(s): 69.9, Count: 66443, OPS: 950.1, Avg(us): 8619, Min(us): 5701, Max(us): 86670, 99th(us): 13000, 99.9th(us): 25000, 99.99th(us): 38000
READ   - Takes(s): 80.0, Count: 76324, OPS: 954.5, Avg(us): 1868, Min(us): 981, Max(us): 79177, 99th(us): 3000, 99.9th(us): 4000, 99.99th(us): 22000
UPDATE - Takes(s): 79.9, Count: 75988, OPS: 950.7, Avg(us): 8610, Min(us): 5694, Max(us): 86670, 99th(us): 13000, 99.9th(us): 25000, 99.99th(us): 34000
READ   - Takes(s): 90.0, Count: 85855, OPS: 954.3, Avg(us): 1865, Min(us): 981, Max(us): 79177, 99th(us): 3000, 99.9th(us): 4000, 99.99th(us): 22000
UPDATE - Takes(s): 89.9, Count: 85677, OPS: 952.7, Avg(us): 8595, Min(us): 5606, Max(us): 86670, 99th(us): 13000, 99.9th(us): 24000, 99.99th(us): 34000
READ   - Takes(s): 100.0, Count: 95663, OPS: 957.0, Avg(us): 1862, Min(us): 981, Max(us): 79177, 99th(us): 3000, 99.9th(us): 4000, 99.99th(us): 22000
UPDATE - Takes(s): 99.9, Count: 95288, OPS: 953.5, Avg(us): 8584, Min(us): 5606, Max(us): 86670, 99th(us): 13000, 99.9th(us): 24000, 99.99th(us): 33000
READ   - Takes(s): 110.0, Count: 105138, OPS: 956.1, Avg(us): 1861, Min(us): 981, Max(us): 79177, 99th(us): 3000, 99.9th(us): 4000, 99.99th(us): 22000
UPDATE - Takes(s): 109.9, Count: 104985, OPS: 955.0, Avg(us): 8573, Min(us): 5606, Max(us): 86670, 99th(us): 13000, 99.9th(us): 24000, 99.99th(us): 33000
READ   - Takes(s): 120.0, Count: 114636, OPS: 955.6, Avg(us): 1861, Min(us): 981, Max(us): 79177, 99th(us): 3000, 99.9th(us): 4000, 99.99th(us): 22000
UPDATE - Takes(s): 119.9, Count: 114613, OPS: 955.6, Avg(us): 8568, Min(us): 5606, Max(us): 86670, 99th(us): 13000, 99.9th(us): 23000, 99.99th(us): 32000
READ   - Takes(s): 130.0, Count: 123870, OPS: 953.1, Avg(us): 1861, Min(us): 981, Max(us): 79177, 99th(us): 3000, 99.9th(us): 4000, 99.99th(us): 22000
UPDATE - Takes(s): 129.9, Count: 123994, OPS: 954.3, Avg(us): 8585, Min(us): 5606, Max(us): 86670, 99th(us): 13000, 99.9th(us): 25000, 99.99th(us): 42000
READ   - Takes(s): 140.0, Count: 133407, OPS: 953.1, Avg(us): 1861, Min(us): 981, Max(us): 79177, 99th(us): 3000, 99.9th(us): 4000, 99.99th(us): 22000
UPDATE - Takes(s): 139.9, Count: 133511, OPS: 954.1, Avg(us): 8586, Min(us): 5606, Max(us): 86670, 99th(us): 13000, 99.9th(us): 25000, 99.99th(us): 52000
READ   - Takes(s): 150.0, Count: 143073, OPS: 954.0, Avg(us): 1861, Min(us): 981, Max(us): 79177, 99th(us): 3000, 99.9th(us): 4000, 99.99th(us): 21000
UPDATE - Takes(s): 149.9, Count: 143167, OPS: 954.9, Avg(us): 8577, Min(us): 5606, Max(us): 86670, 99th(us): 13000, 99.9th(us): 25000, 99.99th(us): 50000
READ   - Takes(s): 160.0, Count: 152605, OPS: 954.0, Avg(us): 1859, Min(us): 981, Max(us): 79177, 99th(us): 3000, 99.9th(us): 4000, 99.99th(us): 21000
UPDATE - Takes(s): 159.9, Count: 152893, OPS: 956.0, Avg(us): 8569, Min(us): 5606, Max(us): 86670, 99th(us): 13000, 99.9th(us): 25000, 99.99th(us): 49000
READ   - Takes(s): 170.0, Count: 162299, OPS: 954.9, Avg(us): 1858, Min(us): 981, Max(us): 79177, 99th(us): 3000, 99.9th(us): 4000, 99.99th(us): 21000
UPDATE - Takes(s): 169.9, Count: 162478, OPS: 956.1, Avg(us): 8567, Min(us): 5606, Max(us): 86670, 99th(us): 13000, 99.9th(us): 25000, 99.99th(us): 49000
READ   - Takes(s): 180.0, Count: 172024, OPS: 955.9, Avg(us): 1857, Min(us): 981, Max(us): 79177, 99th(us): 3000, 99.9th(us): 4000, 99.99th(us): 21000
UPDATE - Takes(s): 179.9, Count: 172113, OPS: 956.5, Avg(us): 8562, Min(us): 5353, Max(us): 86670, 99th(us): 13000, 99.9th(us): 24000, 99.99th(us): 48000
READ   - Takes(s): 190.0, Count: 181642, OPS: 956.2, Avg(us): 1857, Min(us): 981, Max(us): 79177, 99th(us): 3000, 99.9th(us): 4000, 99.99th(us): 21000
UPDATE - Takes(s): 189.9, Count: 181736, OPS: 956.8, Avg(us): 8559, Min(us): 5353, Max(us): 86670, 99th(us): 13000, 99.9th(us): 24000, 99.99th(us): 47000
READ   - Takes(s): 200.0, Count: 191054, OPS: 955.4, Avg(us): 1856, Min(us): 969, Max(us): 79177, 99th(us): 3000, 99.9th(us): 4000, 99.99th(us): 21000
UPDATE - Takes(s): 199.9, Count: 191433, OPS: 957.5, Avg(us): 8555, Min(us): 5353, Max(us): 86670, 99th(us): 13000, 99.9th(us): 24000, 99.99th(us): 44000
READ   - Takes(s): 210.0, Count: 200673, OPS: 955.7, Avg(us): 1855, Min(us): 969, Max(us): 79177, 99th(us): 3000, 99.9th(us): 4000, 99.99th(us): 21000
UPDATE - Takes(s): 209.9, Count: 201097, OPS: 957.9, Avg(us): 8552, Min(us): 5353, Max(us): 86670, 99th(us): 13000, 99.9th(us): 24000, 99.99th(us): 43000
READ   - Takes(s): 220.0, Count: 210290, OPS: 956.0, Avg(us): 1854, Min(us): 969, Max(us): 79177, 99th(us): 3000, 99.9th(us): 4000, 99.99th(us): 21000
UPDATE - Takes(s): 219.9, Count: 210752, OPS: 958.3, Avg(us): 8549, Min(us): 5353, Max(us): 86670, 99th(us): 13000, 99.9th(us): 24000, 99.99th(us): 43000
READ   - Takes(s): 230.0, Count: 219787, OPS: 955.7, Avg(us): 1853, Min(us): 969, Max(us): 79177, 99th(us): 3000, 99.9th(us): 4000, 99.99th(us): 21000
UPDATE - Takes(s): 229.9, Count: 220421, OPS: 958.6, Avg(us): 8546, Min(us): 5353, Max(us): 86670, 99th(us): 13000, 99.9th(us): 23000, 99.99th(us): 42000
READ   - Takes(s): 240.0, Count: 229535, OPS: 956.5, Avg(us): 1852, Min(us): 969, Max(us): 79177, 99th(us): 3000, 99.9th(us): 4000, 99.99th(us): 21000
UPDATE - Takes(s): 239.9, Count: 230129, OPS: 959.1, Avg(us): 8541, Min(us): 5353, Max(us): 86670, 99th(us): 13000, 99.9th(us): 23000, 99.99th(us): 40000
READ   - Takes(s): 250.0, Count: 238810, OPS: 955.4, Avg(us): 1853, Min(us): 969, Max(us): 79177, 99th(us): 3000, 99.9th(us): 4000, 99.99th(us): 21000
UPDATE - Takes(s): 249.9, Count: 239437, OPS: 958.0, Avg(us): 8553, Min(us): 5353, Max(us): 86670, 99th(us): 13000, 99.9th(us): 24000, 99.99th(us): 40000
READ   - Takes(s): 260.0, Count: 247535, OPS: 952.2, Avg(us): 1854, Min(us): 969, Max(us): 79177, 99th(us): 3000, 99.9th(us): 4000, 99.99th(us): 21000
UPDATE - Takes(s): 259.9, Count: 248063, OPS: 954.3, Avg(us): 8591, Min(us): 5353, Max(us): 86670, 99th(us): 14000, 99.9th(us): 25000, 99.99th(us): 40000
READ   - Takes(s): 270.0, Count: 256333, OPS: 949.5, Avg(us): 1854, Min(us): 969, Max(us): 79177, 99th(us): 3000, 99.9th(us): 4000, 99.99th(us): 21000
UPDATE - Takes(s): 269.9, Count: 256780, OPS: 951.3, Avg(us): 8624, Min(us): 5353, Max(us): 86670, 99th(us): 14000, 99.9th(us): 25000, 99.99th(us): 39000
READ   - Takes(s): 280.0, Count: 265260, OPS: 947.5, Avg(us): 1855, Min(us): 969, Max(us): 79177, 99th(us): 3000, 99.9th(us): 4000, 99.99th(us): 21000
UPDATE - Takes(s): 279.9, Count: 265736, OPS: 949.3, Avg(us): 8645, Min(us): 5353, Max(us): 86670, 99th(us): 14000, 99.9th(us): 25000, 99.99th(us): 38000
READ   - Takes(s): 290.0, Count: 274646, OPS: 947.2, Avg(us): 1857, Min(us): 969, Max(us): 79177, 99th(us): 3000, 99.9th(us): 4000, 99.99th(us): 21000
UPDATE - Takes(s): 289.9, Count: 275116, OPS: 948.9, Avg(us): 8647, Min(us): 5353, Max(us): 86670, 99th(us): 14000, 99.9th(us): 25000, 99.99th(us): 37000
READ   - Takes(s): 300.0, Count: 284244, OPS: 947.6, Avg(us): 1858, Min(us): 969, Max(us): 79177, 99th(us): 3000, 99.9th(us): 4000, 99.99th(us): 21000
UPDATE - Takes(s): 299.9, Count: 284653, OPS: 949.1, Avg(us): 8644, Min(us): 5353, Max(us): 86670, 99th(us): 14000, 99.9th(us): 24000, 99.99th(us): 37000
READ   - Takes(s): 310.0, Count: 293844, OPS: 948.0, Avg(us): 1857, Min(us): 969, Max(us): 79177, 99th(us): 3000, 99.9th(us): 4000, 99.99th(us): 21000
UPDATE - Takes(s): 309.9, Count: 294280, OPS: 949.5, Avg(us): 8640, Min(us): 5353, Max(us): 86670, 99th(us): 14000, 99.9th(us): 24000, 99.99th(us): 36000
READ   - Takes(s): 320.0, Count: 303272, OPS: 947.8, Avg(us): 1856, Min(us): 969, Max(us): 79177, 99th(us): 3000, 99.9th(us): 4000, 99.99th(us): 21000
UPDATE - Takes(s): 319.9, Count: 303990, OPS: 950.2, Avg(us): 8635, Min(us): 5353, Max(us): 86670, 99th(us): 14000, 99.9th(us): 24000, 99.99th(us): 36000
READ   - Takes(s): 330.0, Count: 312913, OPS: 948.3, Avg(us): 1855, Min(us): 969, Max(us): 79177, 99th(us): 3000, 99.9th(us): 4000, 99.99th(us): 21000
UPDATE - Takes(s): 329.9, Count: 313624, OPS: 950.6, Avg(us): 8631, Min(us): 5353, Max(us): 86670, 99th(us): 14000, 99.9th(us): 24000, 99.99th(us): 35000
READ   - Takes(s): 340.0, Count: 322384, OPS: 948.3, Avg(us): 1854, Min(us): 969, Max(us): 79177, 99th(us): 3000, 99.9th(us): 4000, 99.99th(us): 21000
UPDATE - Takes(s): 339.9, Count: 323252, OPS: 950.9, Avg(us): 8629, Min(us): 5353, Max(us): 86670, 99th(us): 14000, 99.9th(us): 24000, 99.99th(us): 35000
READ   - Takes(s): 350.0, Count: 331940, OPS: 948.5, Avg(us): 1854, Min(us): 969, Max(us): 79177, 99th(us): 3000, 99.9th(us): 4000, 99.99th(us): 21000
UPDATE - Takes(s): 349.9, Count: 332822, OPS: 951.1, Avg(us): 8627, Min(us): 5353, Max(us): 86670, 99th(us): 14000, 99.9th(us): 24000, 99.99th(us): 35000
READ   - Takes(s): 360.0, Count: 341409, OPS: 948.5, Avg(us): 1853, Min(us): 969, Max(us): 79177, 99th(us): 3000, 99.9th(us): 4000, 99.99th(us): 21000
UPDATE - Takes(s): 359.9, Count: 342490, OPS: 951.5, Avg(us): 8624, Min(us): 5353, Max(us): 86670, 99th(us): 14000, 99.9th(us): 24000, 99.99th(us): 35000
READ   - Takes(s): 370.0, Count: 351287, OPS: 949.5, Avg(us): 1853, Min(us): 969, Max(us): 79177, 99th(us): 3000, 99.9th(us): 4000, 99.99th(us): 21000
UPDATE - Takes(s): 369.9, Count: 352094, OPS: 951.8, Avg(us): 8620, Min(us): 5353, Max(us): 86670, 99th(us): 14000, 99.9th(us): 24000, 99.99th(us): 35000
READ   - Takes(s): 380.0, Count: 360462, OPS: 948.7, Avg(us): 1853, Min(us): 969, Max(us): 79177, 99th(us): 3000, 99.9th(us): 4000, 99.99th(us): 21000
UPDATE - Takes(s): 379.9, Count: 361310, OPS: 951.0, Avg(us): 8629, Min(us): 5353, Max(us): 86670, 99th(us): 14000, 99.9th(us): 25000, 99.99th(us): 38000
READ   - Takes(s): 390.0, Count: 370270, OPS: 949.5, Avg(us): 1853, Min(us): 969, Max(us): 79177, 99th(us): 3000, 99.9th(us): 4000, 99.99th(us): 21000
UPDATE - Takes(s): 389.9, Count: 370954, OPS: 951.3, Avg(us): 8624, Min(us): 5353, Max(us): 86670, 99th(us): 14000, 99.9th(us): 25000, 99.99th(us): 38000
READ   - Takes(s): 400.0, Count: 379883, OPS: 949.8, Avg(us): 1852, Min(us): 969, Max(us): 79177, 99th(us): 3000, 99.9th(us): 4000, 99.99th(us): 21000
UPDATE - Takes(s): 399.9, Count: 380563, OPS: 951.6, Avg(us): 8622, Min(us): 5353, Max(us): 86670, 99th(us): 14000, 99.9th(us): 25000, 99.99th(us): 37000
READ   - Takes(s): 410.0, Count: 389549, OPS: 950.2, Avg(us): 1852, Min(us): 948, Max(us): 79177, 99th(us): 3000, 99.9th(us): 4000, 99.99th(us): 21000
UPDATE - Takes(s): 409.9, Count: 390300, OPS: 952.1, Avg(us): 8617, Min(us): 5353, Max(us): 86670, 99th(us): 14000, 99.9th(us): 24000, 99.99th(us): 37000
READ   - Takes(s): 420.0, Count: 399406, OPS: 951.0, Avg(us): 1851, Min(us): 948, Max(us): 79177, 99th(us): 3000, 99.9th(us): 4000, 99.99th(us): 21000
UPDATE - Takes(s): 419.9, Count: 399962, OPS: 952.4, Avg(us): 8613, Min(us): 5353, Max(us): 86670, 99th(us): 14000, 99.9th(us): 24000, 99.99th(us): 37000
READ   - Takes(s): 430.0, Count: 408903, OPS: 951.0, Avg(us): 1851, Min(us): 948, Max(us): 79177, 99th(us): 3000, 99.9th(us): 4000, 99.99th(us): 21000
UPDATE - Takes(s): 429.9, Count: 409597, OPS: 952.7, Avg(us): 8610, Min(us): 5353, Max(us): 86670, 99th(us): 14000, 99.9th(us): 24000, 99.99th(us): 37000
READ   - Takes(s): 440.0, Count: 418620, OPS: 951.5, Avg(us): 1851, Min(us): 948, Max(us): 79177, 99th(us): 3000, 99.9th(us): 4000, 99.99th(us): 21000
UPDATE - Takes(s): 439.9, Count: 419204, OPS: 952.9, Avg(us): 8608, Min(us): 5353, Max(us): 86670, 99th(us): 14000, 99.9th(us): 24000, 99.99th(us): 36000
READ   - Takes(s): 450.0, Count: 428156, OPS: 951.5, Avg(us): 1851, Min(us): 948, Max(us): 79177, 99th(us): 3000, 99.9th(us): 4000, 99.99th(us): 21000
UPDATE - Takes(s): 449.9, Count: 428887, OPS: 953.2, Avg(us): 8605, Min(us): 5202, Max(us): 86670, 99th(us): 14000, 99.9th(us): 24000, 99.99th(us): 36000
READ   - Takes(s): 460.0, Count: 438006, OPS: 952.3, Avg(us): 1850, Min(us): 948, Max(us): 79177, 99th(us): 3000, 99.9th(us): 4000, 99.99th(us): 21000
UPDATE - Takes(s): 459.9, Count: 438512, OPS: 953.4, Avg(us): 8602, Min(us): 5202, Max(us): 86670, 99th(us): 14000, 99.9th(us): 24000, 99.99th(us): 36000
READ   - Takes(s): 470.0, Count: 447919, OPS: 953.1, Avg(us): 1850, Min(us): 948, Max(us): 79177, 99th(us): 3000, 99.9th(us): 4000, 99.99th(us): 21000
UPDATE - Takes(s): 469.9, Count: 448103, OPS: 953.5, Avg(us): 8600, Min(us): 5202, Max(us): 86670, 99th(us): 14000, 99.9th(us): 24000, 99.99th(us): 36000
READ   - Takes(s): 480.0, Count: 457620, OPS: 953.4, Avg(us): 1850, Min(us): 948, Max(us): 79177, 99th(us): 3000, 99.9th(us): 4000, 99.99th(us): 21000
UPDATE - Takes(s): 479.9, Count: 457719, OPS: 953.7, Avg(us): 8598, Min(us): 5202, Max(us): 86670, 99th(us): 14000, 99.9th(us): 24000, 99.99th(us): 36000
READ   - Takes(s): 490.0, Count: 467394, OPS: 953.9, Avg(us): 1849, Min(us): 948, Max(us): 79177, 99th(us): 3000, 99.9th(us): 4000, 99.99th(us): 21000
UPDATE - Takes(s): 489.9, Count: 467399, OPS: 954.0, Avg(us): 8594, Min(us): 5202, Max(us): 86670, 99th(us): 14000, 99.9th(us): 24000, 99.99th(us): 36000
READ   - Takes(s): 500.0, Count: 476385, OPS: 952.8, Avg(us): 1849, Min(us): 948, Max(us): 79177, 99th(us): 3000, 99.9th(us): 4000, 99.99th(us): 21000
UPDATE - Takes(s): 499.9, Count: 476692, OPS: 953.5, Avg(us): 8601, Min(us): 5202, Max(us): 86670, 99th(us): 14000, 99.9th(us): 24000, 99.99th(us): 36000
READ   - Takes(s): 510.0, Count: 486012, OPS: 953.0, Avg(us): 1849, Min(us): 948, Max(us): 79177, 99th(us): 3000, 99.9th(us): 4000, 99.99th(us): 21000
UPDATE - Takes(s): 509.9, Count: 486379, OPS: 953.8, Avg(us): 8598, Min(us): 5202, Max(us): 86670, 99th(us): 14000, 99.9th(us): 24000, 99.99th(us): 36000
READ   - Takes(s): 520.0, Count: 495919, OPS: 953.8, Avg(us): 1849, Min(us): 948, Max(us): 79177, 99th(us): 3000, 99.9th(us): 4000, 99.99th(us): 21000
UPDATE - Takes(s): 519.9, Count: 496038, OPS: 954.0, Avg(us): 8594, Min(us): 5202, Max(us): 86670, 99th(us): 14000, 99.9th(us): 24000, 99.99th(us): 36000
Run finished, takes 8m45.712241965s
READ   - Takes(s): 525.7, Count: 499879, OPS: 950.9, Avg(us): 1849, Min(us): 948, Max(us): 79177, 99th(us): 3000, 99.9th(us): 4000, 99.99th(us): 21000
UPDATE - Takes(s): 525.6, Count: 500121, OPS: 951.4, Avg(us): 8594, Min(us): 5202, Max(us): 86670, 99th(us): 14000, 99.9th(us): 24000, 99.99th(us): 36000
[2022/06/06 11:43:11.787 -05:00] [INFO] [client.go:754] ["[pd] stop fetching the pending tso requests due to context canceled"] [dc-location=global]
[2022/06/06 11:43:11.787 -05:00] [INFO] [client.go:692] ["[pd] exit tso dispatcher"] [dc-location=global]
