[2022/06/06 12:01:15.954 -05:00] [INFO] [client.go:378] ["[pd] create pd client with endpoints"] [pd-address="[10.10.1.4:2379]"]
[2022/06/06 12:01:15.960 -05:00] [INFO] [base_client.go:350] ["[pd] switch leader"] [new-leader=http://10.10.1.4:2379] [old-leader=]
[2022/06/06 12:01:15.960 -05:00] [INFO] [base_client.go:105] ["[pd] init cluster id"] [cluster-id=7105848244335012427]
[2022/06/06 12:01:15.960 -05:00] [INFO] [client.go:673] ["[pd] tso dispatcher created"] [dc-location=global]
***************** properties *****************
"readproportion"="0.5"
"threadcount"="35"
"updateproportion"="0.5"
"operationcount"="1000000"
"debug.pprof"=":6060"
"verbose"="false"
"tikv.type"="raw"
"workload"="core"
"scanproportion"="0"
"readallfields"="true"
"tikv.pd"="10.10.1.4:2379"
"insertproportion"="0"
"dotransactions"="true"
"tikv.conncount"="128"
"tikv.batchsize"="128"
"requestdistribution"="uniform"
"recordcount"="1000000"
**********************************************
READ   - Takes(s): 10.0, Count: 26316, OPS: 2642.1, Avg(us): 1849, Min(us): 748, Max(us): 99238, 99th(us): 5000, 99.9th(us): 11000, 99.99th(us): 98000
UPDATE - Takes(s): 9.9, Count: 26662, OPS: 2689.0, Avg(us): 11258, Min(us): 4909, Max(us): 150721, 99th(us): 20000, 99.9th(us): 114000, 99.99th(us): 149000
READ   - Takes(s): 20.0, Count: 53769, OPS: 2693.8, Avg(us): 1815, Min(us): 711, Max(us): 99238, 99th(us): 5000, 99.9th(us): 8000, 99.99th(us): 93000
UPDATE - Takes(s): 19.9, Count: 54066, OPS: 2714.8, Avg(us): 11100, Min(us): 4814, Max(us): 150721, 99th(us): 23000, 99.9th(us): 75000, 99.99th(us): 144000
READ   - Takes(s): 30.0, Count: 81391, OPS: 2716.6, Avg(us): 1806, Min(us): 711, Max(us): 99238, 99th(us): 5000, 99.9th(us): 8000, 99.99th(us): 63000
UPDATE - Takes(s): 29.9, Count: 81511, OPS: 2724.7, Avg(us): 11038, Min(us): 4773, Max(us): 150721, 99th(us): 22000, 99.9th(us): 61000, 99.99th(us): 142000
READ   - Takes(s): 40.0, Count: 109580, OPS: 2742.2, Avg(us): 1796, Min(us): 683, Max(us): 99238, 99th(us): 5000, 99.9th(us): 8000, 99.99th(us): 39000
UPDATE - Takes(s): 39.9, Count: 109756, OPS: 2749.7, Avg(us): 10924, Min(us): 4761, Max(us): 150721, 99th(us): 21000, 99.9th(us): 47000, 99.99th(us): 141000
READ   - Takes(s): 50.0, Count: 137576, OPS: 2753.7, Avg(us): 1788, Min(us): 683, Max(us): 99238, 99th(us): 5000, 99.9th(us): 7000, 99.99th(us): 39000
UPDATE - Takes(s): 49.9, Count: 137576, OPS: 2756.2, Avg(us): 10893, Min(us): 4761, Max(us): 150721, 99th(us): 20000, 99.9th(us): 43000, 99.99th(us): 141000
READ   - Takes(s): 60.0, Count: 165071, OPS: 2753.0, Avg(us): 1788, Min(us): 683, Max(us): 99238, 99th(us): 5000, 99.9th(us): 7000, 99.99th(us): 38000
UPDATE - Takes(s): 59.9, Count: 165206, OPS: 2757.3, Avg(us): 10887, Min(us): 4761, Max(us): 150721, 99th(us): 20000, 99.9th(us): 42000, 99.99th(us): 133000
READ   - Takes(s): 70.0, Count: 189478, OPS: 2708.4, Avg(us): 1790, Min(us): 683, Max(us): 99238, 99th(us): 5000, 99.9th(us): 7000, 99.99th(us): 39000
UPDATE - Takes(s): 69.9, Count: 190028, OPS: 2718.0, Avg(us): 11069, Min(us): 4593, Max(us): 150721, 99th(us): 23000, 99.9th(us): 45000, 99.99th(us): 128000
READ   - Takes(s): 80.0, Count: 214488, OPS: 2682.4, Avg(us): 1791, Min(us): 683, Max(us): 99238, 99th(us): 5000, 99.9th(us): 7000, 99.99th(us): 38000
UPDATE - Takes(s): 79.9, Count: 215047, OPS: 2690.9, Avg(us): 11196, Min(us): 4593, Max(us): 150721, 99th(us): 24000, 99.9th(us): 44000, 99.99th(us): 126000
READ   - Takes(s): 90.0, Count: 240043, OPS: 2668.3, Avg(us): 1792, Min(us): 683, Max(us): 99238, 99th(us): 5000, 99.9th(us): 7000, 99.99th(us): 38000
UPDATE - Takes(s): 89.9, Count: 240370, OPS: 2673.3, Avg(us): 11277, Min(us): 4593, Max(us): 150721, 99th(us): 24000, 99.9th(us): 42000, 99.99th(us): 122000
READ   - Takes(s): 100.0, Count: 266263, OPS: 2663.7, Avg(us): 1793, Min(us): 683, Max(us): 99238, 99th(us): 5000, 99.9th(us): 7000, 99.99th(us): 37000
UPDATE - Takes(s): 99.9, Count: 266943, OPS: 2671.7, Avg(us): 11286, Min(us): 4593, Max(us): 150721, 99th(us): 24000, 99.9th(us): 42000, 99.99th(us): 122000
READ   - Takes(s): 110.0, Count: 293391, OPS: 2668.2, Avg(us): 1792, Min(us): 683, Max(us): 99238, 99th(us): 5000, 99.9th(us): 7000, 99.99th(us): 37000
UPDATE - Takes(s): 109.9, Count: 293890, OPS: 2673.8, Avg(us): 11273, Min(us): 4593, Max(us): 150721, 99th(us): 24000, 99.9th(us): 43000, 99.99th(us): 117000
READ   - Takes(s): 120.0, Count: 321150, OPS: 2677.1, Avg(us): 1791, Min(us): 683, Max(us): 99238, 99th(us): 5000, 99.9th(us): 7000, 99.99th(us): 37000
UPDATE - Takes(s): 119.9, Count: 321589, OPS: 2681.8, Avg(us): 11234, Min(us): 4593, Max(us): 150721, 99th(us): 23000, 99.9th(us): 43000, 99.99th(us): 117000
READ   - Takes(s): 130.0, Count: 348792, OPS: 2683.8, Avg(us): 1789, Min(us): 683, Max(us): 99238, 99th(us): 5000, 99.9th(us): 7000, 99.99th(us): 37000
UPDATE - Takes(s): 129.9, Count: 349450, OPS: 2689.8, Avg(us): 11198, Min(us): 4593, Max(us): 150721, 99th(us): 23000, 99.9th(us): 43000, 99.99th(us): 116000
READ   - Takes(s): 140.0, Count: 376354, OPS: 2689.0, Avg(us): 1787, Min(us): 683, Max(us): 99238, 99th(us): 5000, 99.9th(us): 7000, 99.99th(us): 37000
UPDATE - Takes(s): 139.9, Count: 376858, OPS: 2693.5, Avg(us): 11181, Min(us): 4593, Max(us): 150721, 99th(us): 23000, 99.9th(us): 42000, 99.99th(us): 114000
READ   - Takes(s): 150.0, Count: 403227, OPS: 2688.9, Avg(us): 1786, Min(us): 683, Max(us): 99238, 99th(us): 5000, 99.9th(us): 7000, 99.99th(us): 37000
UPDATE - Takes(s): 149.9, Count: 403623, OPS: 2692.3, Avg(us): 11186, Min(us): 4593, Max(us): 150721, 99th(us): 23000, 99.9th(us): 42000, 99.99th(us): 113000
READ   - Takes(s): 160.0, Count: 430935, OPS: 2694.0, Avg(us): 1784, Min(us): 683, Max(us): 99238, 99th(us): 5000, 99.9th(us): 7000, 99.99th(us): 37000
UPDATE - Takes(s): 159.9, Count: 431192, OPS: 2696.4, Avg(us): 11167, Min(us): 4593, Max(us): 150721, 99th(us): 23000, 99.9th(us): 42000, 99.99th(us): 111000
READ   - Takes(s): 170.0, Count: 458767, OPS: 2699.3, Avg(us): 1783, Min(us): 683, Max(us): 99238, 99th(us): 5000, 99.9th(us): 7000, 99.99th(us): 37000
UPDATE - Takes(s): 169.9, Count: 458961, OPS: 2701.1, Avg(us): 11145, Min(us): 4593, Max(us): 150721, 99th(us): 23000, 99.9th(us): 41000, 99.99th(us): 111000
READ   - Takes(s): 180.0, Count: 487489, OPS: 2708.9, Avg(us): 1781, Min(us): 683, Max(us): 99238, 99th(us): 5000, 99.9th(us): 7000, 99.99th(us): 37000
UPDATE - Takes(s): 179.9, Count: 487628, OPS: 2710.3, Avg(us): 11103, Min(us): 4513, Max(us): 150721, 99th(us): 22000, 99.9th(us): 41000, 99.99th(us): 110000
Run finished, takes 3m5.339435458s
READ   - Takes(s): 185.3, Count: 499899, OPS: 2697.8, Avg(us): 1780, Min(us): 683, Max(us): 99238, 99th(us): 5000, 99.9th(us): 7000, 99.99th(us): 37000
UPDATE - Takes(s): 185.3, Count: 500085, OPS: 2699.5, Avg(us): 11074, Min(us): 4339, Max(us): 150721, 99th(us): 22000, 99.9th(us): 41000, 99.99th(us): 109000
[2022/06/06 12:04:21.300 -05:00] [INFO] [client.go:754] ["[pd] stop fetching the pending tso requests due to context canceled"] [dc-location=global]
[2022/06/06 12:04:21.301 -05:00] [INFO] [client.go:692] ["[pd] exit tso dispatcher"] [dc-location=global]
