[2022/06/06 12:29:05.427 -05:00] [INFO] [client.go:378] ["[pd] create pd client with endpoints"] [pd-address="[10.10.1.4:2379]"]
[2022/06/06 12:29:05.435 -05:00] [INFO] [base_client.go:350] ["[pd] switch leader"] [new-leader=http://10.10.1.4:2379] [old-leader=]
[2022/06/06 12:29:05.435 -05:00] [INFO] [base_client.go:105] ["[pd] init cluster id"] [cluster-id=7105848244335012427]
[2022/06/06 12:29:05.435 -05:00] [INFO] [client.go:673] ["[pd] tso dispatcher created"] [dc-location=global]
***************** properties *****************
"updateproportion"="0.5"
"recordcount"="1000000"
"readallfields"="true"
"debug.pprof"=":6060"
"requestdistribution"="uniform"
"scanproportion"="0"
"tikv.type"="raw"
"workload"="core"
"verbose"="false"
"tikv.batchsize"="128"
"readproportion"="0.5"
"tikv.conncount"="128"
"threadcount"="95"
"dotransactions"="true"
"operationcount"="1000000"
"tikv.pd"="10.10.1.4:2379"
"insertproportion"="0"
**********************************************
READ   - Takes(s): 10.0, Count: 50892, OPS: 5113.7, Avg(us): 2215, Min(us): 644, Max(us): 93274, 99th(us): 8000, 99.9th(us): 44000, 99.99th(us): 91000
UPDATE - Takes(s): 9.9, Count: 51811, OPS: 5219.9, Avg(us): 16102, Min(us): 5310, Max(us): 118532, 99th(us): 29000, 99.9th(us): 67000, 99.99th(us): 114000
READ   - Takes(s): 20.0, Count: 99430, OPS: 4983.4, Avg(us): 2145, Min(us): 584, Max(us): 93274, 99th(us): 8000, 99.9th(us): 33000, 99.99th(us): 89000
UPDATE - Takes(s): 19.9, Count: 100840, OPS: 5060.8, Avg(us): 16677, Min(us): 4725, Max(us): 118532, 99th(us): 35000, 99.9th(us): 76000, 99.99th(us): 113000
READ   - Takes(s): 30.0, Count: 149078, OPS: 4977.2, Avg(us): 2122, Min(us): 584, Max(us): 93274, 99th(us): 8000, 99.9th(us): 26000, 99.99th(us): 86000
UPDATE - Takes(s): 29.9, Count: 150327, OPS: 5023.3, Avg(us): 16811, Min(us): 4725, Max(us): 118532, 99th(us): 35000, 99.9th(us): 71000, 99.99th(us): 112000
READ   - Takes(s): 40.0, Count: 196863, OPS: 4927.5, Avg(us): 2123, Min(us): 584, Max(us): 93274, 99th(us): 8000, 99.9th(us): 23000, 99.99th(us): 85000
UPDATE - Takes(s): 39.9, Count: 198442, OPS: 4970.3, Avg(us): 17003, Min(us): 4725, Max(us): 118532, 99th(us): 36000, 99.9th(us): 67000, 99.99th(us): 112000
READ   - Takes(s): 50.0, Count: 246886, OPS: 4942.5, Avg(us): 2118, Min(us): 584, Max(us): 93274, 99th(us): 7000, 99.9th(us): 19000, 99.99th(us): 83000
UPDATE - Takes(s): 49.9, Count: 247824, OPS: 4963.9, Avg(us): 17019, Min(us): 4725, Max(us): 118532, 99th(us): 35000, 99.9th(us): 65000, 99.99th(us): 111000
READ   - Takes(s): 60.0, Count: 299681, OPS: 4998.7, Avg(us): 2114, Min(us): 584, Max(us): 93274, 99th(us): 7000, 99.9th(us): 19000, 99.99th(us): 67000
UPDATE - Takes(s): 59.9, Count: 300356, OPS: 5012.1, Avg(us): 16827, Min(us): 4725, Max(us): 118532, 99th(us): 35000, 99.9th(us): 63000, 99.99th(us): 110000
READ   - Takes(s): 70.0, Count: 351676, OPS: 5027.4, Avg(us): 2112, Min(us): 584, Max(us): 93274, 99th(us): 7000, 99.9th(us): 18000, 99.99th(us): 64000
UPDATE - Takes(s): 69.9, Count: 351903, OPS: 5032.5, Avg(us): 16749, Min(us): 4725, Max(us): 118532, 99th(us): 35000, 99.9th(us): 64000, 99.99th(us): 109000
READ   - Takes(s): 80.0, Count: 404941, OPS: 5064.8, Avg(us): 2104, Min(us): 584, Max(us): 93274, 99th(us): 7000, 99.9th(us): 17000, 99.99th(us): 61000
UPDATE - Takes(s): 79.9, Count: 404608, OPS: 5062.3, Avg(us): 16641, Min(us): 4725, Max(us): 118532, 99th(us): 34000, 99.9th(us): 63000, 99.99th(us): 107000
READ   - Takes(s): 90.0, Count: 454426, OPS: 5051.9, Avg(us): 2099, Min(us): 584, Max(us): 93274, 99th(us): 7000, 99.9th(us): 17000, 99.99th(us): 61000
UPDATE - Takes(s): 89.9, Count: 454417, OPS: 5053.2, Avg(us): 16676, Min(us): 4725, Max(us): 118532, 99th(us): 35000, 99.9th(us): 63000, 99.99th(us): 107000
READ   - Takes(s): 100.0, Count: 500110, OPS: 5003.5, Avg(us): 2097, Min(us): 584, Max(us): 93274, 99th(us): 7000, 99.9th(us): 17000, 99.99th(us): 61000
UPDATE - Takes(s): 99.9, Count: 499614, OPS: 4999.8, Avg(us): 16715, Min(us): 4725, Max(us): 118532, 99th(us): 34000, 99.9th(us): 63000, 99.99th(us): 106000
Run finished, takes 1m40.76121629s
READ   - Takes(s): 100.7, Count: 500234, OPS: 4966.9, Avg(us): 2097, Min(us): 584, Max(us): 93274, 99th(us): 7000, 99.9th(us): 17000, 99.99th(us): 61000
UPDATE - Takes(s): 100.7, Count: 499732, OPS: 4963.2, Avg(us): 16713, Min(us): 4725, Max(us): 118532, 99th(us): 34000, 99.9th(us): 63000, 99.99th(us): 106000
[2022/06/06 12:30:46.198 -05:00] [INFO] [client.go:754] ["[pd] stop fetching the pending tso requests due to context canceled"] [dc-location=global]
[2022/06/06 12:30:46.198 -05:00] [INFO] [client.go:692] ["[pd] exit tso dispatcher"] [dc-location=global]
