[2022/06/06 12:07:41.416 -05:00] [INFO] [client.go:378] ["[pd] create pd client with endpoints"] [pd-address="[10.10.1.4:2379]"]
[2022/06/06 12:07:41.422 -05:00] [INFO] [base_client.go:350] ["[pd] switch leader"] [new-leader=http://10.10.1.4:2379] [old-leader=]
[2022/06/06 12:07:41.422 -05:00] [INFO] [base_client.go:105] ["[pd] init cluster id"] [cluster-id=7105848244335012427]
[2022/06/06 12:07:41.422 -05:00] [INFO] [client.go:673] ["[pd] tso dispatcher created"] [dc-location=global]
***************** properties *****************
"operationcount"="1000000"
"tikv.conncount"="128"
"tikv.pd"="10.10.1.4:2379"
"readproportion"="0.5"
"recordcount"="1000000"
"scanproportion"="0"
"workload"="core"
"insertproportion"="0"
"verbose"="false"
"updateproportion"="0.5"
"tikv.batchsize"="128"
"readallfields"="true"
"dotransactions"="true"
"tikv.type"="raw"
"requestdistribution"="uniform"
"debug.pprof"=":6060"
"threadcount"="45"
**********************************************
READ   - Takes(s): 10.0, Count: 31362, OPS: 3149.6, Avg(us): 1935, Min(us): 621, Max(us): 122115, 99th(us): 5000, 99.9th(us): 14000, 99.99th(us): 103000
UPDATE - Takes(s): 9.9, Count: 31317, OPS: 3155.9, Avg(us): 12383, Min(us): 5649, Max(us): 136593, 99th(us): 22000, 99.9th(us): 29000, 99.99th(us): 103000
READ   - Takes(s): 20.0, Count: 63512, OPS: 3182.4, Avg(us): 1885, Min(us): 621, Max(us): 122115, 99th(us): 5000, 99.9th(us): 8000, 99.99th(us): 90000
UPDATE - Takes(s): 19.9, Count: 63270, OPS: 3175.7, Avg(us): 12289, Min(us): 5336, Max(us): 136593, 99th(us): 22000, 99.9th(us): 27000, 99.99th(us): 100000
READ   - Takes(s): 30.0, Count: 95486, OPS: 3187.4, Avg(us): 1864, Min(us): 621, Max(us): 122115, 99th(us): 5000, 99.9th(us): 8000, 99.99th(us): 89000
UPDATE - Takes(s): 29.9, Count: 95285, OPS: 3184.3, Avg(us): 12260, Min(us): 5208, Max(us): 136593, 99th(us): 23000, 99.9th(us): 35000, 99.99th(us): 99000
READ   - Takes(s): 40.0, Count: 127587, OPS: 3193.1, Avg(us): 1855, Min(us): 621, Max(us): 122115, 99th(us): 5000, 99.9th(us): 8000, 99.99th(us): 86000
UPDATE - Takes(s): 39.9, Count: 127430, OPS: 3191.9, Avg(us): 12229, Min(us): 4851, Max(us): 136593, 99th(us): 23000, 99.9th(us): 37000, 99.99th(us): 98000
READ   - Takes(s): 50.0, Count: 160561, OPS: 3214.0, Avg(us): 1844, Min(us): 621, Max(us): 122115, 99th(us): 5000, 99.9th(us): 8000, 99.99th(us): 85000
UPDATE - Takes(s): 49.9, Count: 160465, OPS: 3214.2, Avg(us): 12138, Min(us): 4851, Max(us): 136593, 99th(us): 22000, 99.9th(us): 36000, 99.99th(us): 94000
READ   - Takes(s): 60.0, Count: 193327, OPS: 3224.4, Avg(us): 1838, Min(us): 621, Max(us): 122115, 99th(us): 5000, 99.9th(us): 7000, 99.99th(us): 59000
UPDATE - Takes(s): 59.9, Count: 193194, OPS: 3224.0, Avg(us): 12098, Min(us): 4851, Max(us): 136593, 99th(us): 22000, 99.9th(us): 36000, 99.99th(us): 78000
READ   - Takes(s): 70.0, Count: 224368, OPS: 3207.2, Avg(us): 1834, Min(us): 621, Max(us): 122115, 99th(us): 5000, 99.9th(us): 7000, 99.99th(us): 48000
UPDATE - Takes(s): 69.9, Count: 224215, OPS: 3206.6, Avg(us): 12176, Min(us): 4851, Max(us): 136593, 99th(us): 23000, 99.9th(us): 38000, 99.99th(us): 76000
READ   - Takes(s): 80.0, Count: 253817, OPS: 3174.4, Avg(us): 1833, Min(us): 621, Max(us): 122115, 99th(us): 5000, 99.9th(us): 8000, 99.99th(us): 44000
UPDATE - Takes(s): 79.9, Count: 253671, OPS: 3173.9, Avg(us): 12320, Min(us): 4851, Max(us): 136593, 99th(us): 24000, 99.9th(us): 39000, 99.99th(us): 68000
READ   - Takes(s): 90.0, Count: 283970, OPS: 3156.7, Avg(us): 1831, Min(us): 621, Max(us): 122115, 99th(us): 5000, 99.9th(us): 8000, 99.99th(us): 44000
UPDATE - Takes(s): 89.9, Count: 283663, OPS: 3154.5, Avg(us): 12407, Min(us): 4851, Max(us): 136593, 99th(us): 25000, 99.9th(us): 39000, 99.99th(us): 64000
READ   - Takes(s): 100.0, Count: 314591, OPS: 3147.2, Avg(us): 1831, Min(us): 621, Max(us): 122115, 99th(us): 5000, 99.9th(us): 8000, 99.99th(us): 42000
UPDATE - Takes(s): 99.9, Count: 314321, OPS: 3145.6, Avg(us): 12447, Min(us): 4851, Max(us): 136593, 99th(us): 25000, 99.9th(us): 38000, 99.99th(us): 64000
READ   - Takes(s): 110.0, Count: 345437, OPS: 3141.6, Avg(us): 1831, Min(us): 621, Max(us): 122115, 99th(us): 5000, 99.9th(us): 7000, 99.99th(us): 42000
UPDATE - Takes(s): 109.9, Count: 344998, OPS: 3138.5, Avg(us): 12477, Min(us): 4851, Max(us): 136593, 99th(us): 25000, 99.9th(us): 44000, 99.99th(us): 65000
READ   - Takes(s): 120.0, Count: 378324, OPS: 3153.8, Avg(us): 1831, Min(us): 621, Max(us): 122115, 99th(us): 5000, 99.9th(us): 8000, 99.99th(us): 42000
UPDATE - Takes(s): 119.9, Count: 377701, OPS: 3149.5, Avg(us): 12426, Min(us): 4833, Max(us): 136593, 99th(us): 25000, 99.9th(us): 43000, 99.99th(us): 64000
READ   - Takes(s): 130.0, Count: 411217, OPS: 3164.2, Avg(us): 1827, Min(us): 585, Max(us): 122115, 99th(us): 5000, 99.9th(us): 8000, 99.99th(us): 41000
UPDATE - Takes(s): 129.9, Count: 410716, OPS: 3161.2, Avg(us): 12378, Min(us): 4833, Max(us): 136593, 99th(us): 25000, 99.9th(us): 43000, 99.99th(us): 64000
READ   - Takes(s): 140.0, Count: 443763, OPS: 3170.7, Avg(us): 1824, Min(us): 585, Max(us): 122115, 99th(us): 5000, 99.9th(us): 8000, 99.99th(us): 41000
UPDATE - Takes(s): 139.9, Count: 443020, OPS: 3166.2, Avg(us): 12357, Min(us): 4831, Max(us): 136593, 99th(us): 25000, 99.9th(us): 43000, 99.99th(us): 64000
READ   - Takes(s): 150.0, Count: 476538, OPS: 3177.8, Avg(us): 1821, Min(us): 585, Max(us): 122115, 99th(us): 5000, 99.9th(us): 8000, 99.99th(us): 41000
UPDATE - Takes(s): 149.9, Count: 475634, OPS: 3172.5, Avg(us): 12330, Min(us): 4383, Max(us): 136593, 99th(us): 25000, 99.9th(us): 44000, 99.99th(us): 64000
Run finished, takes 2m38.37680487s
READ   - Takes(s): 158.3, Count: 500463, OPS: 3160.8, Avg(us): 1819, Min(us): 585, Max(us): 122115, 99th(us): 5000, 99.9th(us): 8000, 99.99th(us): 40000
UPDATE - Takes(s): 158.3, Count: 499527, OPS: 3155.6, Avg(us): 12268, Min(us): 4383, Max(us): 136593, 99th(us): 25000, 99.9th(us): 44000, 99.99th(us): 64000
[2022/06/06 12:10:19.800 -05:00] [INFO] [client.go:754] ["[pd] stop fetching the pending tso requests due to context canceled"] [dc-location=global]
[2022/06/06 12:10:19.800 -05:00] [INFO] [client.go:692] ["[pd] exit tso dispatcher"] [dc-location=global]
