[2022/06/06 12:10:19.896 -05:00] [INFO] [client.go:378] ["[pd] create pd client with endpoints"] [pd-address="[10.10.1.4:2379]"]
[2022/06/06 12:10:19.902 -05:00] [INFO] [base_client.go:350] ["[pd] switch leader"] [new-leader=http://10.10.1.4:2379] [old-leader=]
[2022/06/06 12:10:19.902 -05:00] [INFO] [base_client.go:105] ["[pd] init cluster id"] [cluster-id=7105848244335012427]
[2022/06/06 12:10:19.902 -05:00] [INFO] [client.go:673] ["[pd] tso dispatcher created"] [dc-location=global]
***************** properties *****************
"insertproportion"="0"
"readproportion"="0.5"
"recordcount"="1000000"
"debug.pprof"=":6060"
"tikv.type"="raw"
"tikv.conncount"="128"
"tikv.pd"="10.10.1.4:2379"
"threadcount"="50"
"workload"="core"
"verbose"="false"
"readallfields"="true"
"updateproportion"="0.5"
"dotransactions"="true"
"operationcount"="1000000"
"tikv.batchsize"="128"
"requestdistribution"="uniform"
"scanproportion"="0"
**********************************************
READ   - Takes(s): 10.0, Count: 33872, OPS: 3400.7, Avg(us): 1964, Min(us): 665, Max(us): 90643, 99th(us): 6000, 99.9th(us): 34000, 99.99th(us): 91000
UPDATE - Takes(s): 9.9, Count: 34079, OPS: 3433.5, Avg(us): 12671, Min(us): 5057, Max(us): 109472, 99th(us): 22000, 99.9th(us): 47000, 99.99th(us): 101000
READ   - Takes(s): 20.0, Count: 67048, OPS: 3359.1, Avg(us): 1933, Min(us): 665, Max(us): 90643, 99th(us): 6000, 99.9th(us): 16000, 99.99th(us): 83000
UPDATE - Takes(s): 19.9, Count: 67266, OPS: 3376.0, Avg(us): 12897, Min(us): 4940, Max(us): 109472, 99th(us): 26000, 99.9th(us): 46000, 99.99th(us): 100000
READ   - Takes(s): 30.0, Count: 98325, OPS: 3281.5, Avg(us): 1924, Min(us): 624, Max(us): 90643, 99th(us): 5000, 99.9th(us): 15000, 99.99th(us): 45000
UPDATE - Takes(s): 29.9, Count: 98740, OPS: 3299.3, Avg(us): 13236, Min(us): 4940, Max(us): 109472, 99th(us): 28000, 99.9th(us): 47000, 99.99th(us): 96000
READ   - Takes(s): 40.0, Count: 129664, OPS: 3244.8, Avg(us): 1914, Min(us): 624, Max(us): 90643, 99th(us): 5000, 99.9th(us): 15000, 99.99th(us): 81000
UPDATE - Takes(s): 39.9, Count: 130477, OPS: 3268.0, Avg(us): 13386, Min(us): 4940, Max(us): 109472, 99th(us): 29000, 99.9th(us): 46000, 99.99th(us): 88000
READ   - Takes(s): 50.0, Count: 161827, OPS: 3239.1, Avg(us): 1906, Min(us): 624, Max(us): 90643, 99th(us): 5000, 99.9th(us): 12000, 99.99th(us): 51000
UPDATE - Takes(s): 49.9, Count: 163094, OPS: 3266.8, Avg(us): 13399, Min(us): 4940, Max(us): 153749, 99th(us): 28000, 99.9th(us): 49000, 99.99th(us): 140000
READ   - Takes(s): 60.0, Count: 194878, OPS: 3250.1, Avg(us): 1909, Min(us): 624, Max(us): 90643, 99th(us): 5000, 99.9th(us): 10000, 99.99th(us): 45000
UPDATE - Takes(s): 59.9, Count: 195663, OPS: 3265.1, Avg(us): 13393, Min(us): 4940, Max(us): 153749, 99th(us): 28000, 99.9th(us): 55000, 99.99th(us): 138000
READ   - Takes(s): 70.0, Count: 229522, OPS: 3280.8, Avg(us): 1903, Min(us): 624, Max(us): 90643, 99th(us): 5000, 99.9th(us): 9000, 99.99th(us): 45000
UPDATE - Takes(s): 69.9, Count: 230167, OPS: 3291.6, Avg(us): 13271, Min(us): 4761, Max(us): 153749, 99th(us): 28000, 99.9th(us): 53000, 99.99th(us): 136000
READ   - Takes(s): 80.0, Count: 264681, OPS: 3310.2, Avg(us): 1897, Min(us): 624, Max(us): 90643, 99th(us): 5000, 99.9th(us): 9000, 99.99th(us): 44000
UPDATE - Takes(s): 79.9, Count: 265141, OPS: 3317.4, Avg(us): 13155, Min(us): 4761, Max(us): 153749, 99th(us): 27000, 99.9th(us): 51000, 99.99th(us): 130000
READ   - Takes(s): 90.0, Count: 299341, OPS: 3327.5, Avg(us): 1894, Min(us): 624, Max(us): 90643, 99th(us): 5000, 99.9th(us): 9000, 99.99th(us): 44000
UPDATE - Takes(s): 89.9, Count: 299528, OPS: 3330.9, Avg(us): 13093, Min(us): 4761, Max(us): 153749, 99th(us): 27000, 99.9th(us): 50000, 99.99th(us): 127000
READ   - Takes(s): 100.0, Count: 333581, OPS: 3337.1, Avg(us): 1894, Min(us): 624, Max(us): 90643, 99th(us): 5000, 99.9th(us): 9000, 99.99th(us): 44000
UPDATE - Takes(s): 99.9, Count: 334175, OPS: 3344.3, Avg(us): 13034, Min(us): 4761, Max(us): 153749, 99th(us): 27000, 99.9th(us): 50000, 99.99th(us): 121000
READ   - Takes(s): 110.0, Count: 369007, OPS: 3355.8, Avg(us): 1895, Min(us): 624, Max(us): 90643, 99th(us): 5000, 99.9th(us): 9000, 99.99th(us): 44000
UPDATE - Takes(s): 109.9, Count: 369332, OPS: 3359.8, Avg(us): 12962, Min(us): 4405, Max(us): 153749, 99th(us): 26000, 99.9th(us): 49000, 99.99th(us): 117000
READ   - Takes(s): 120.0, Count: 402769, OPS: 3357.5, Avg(us): 1893, Min(us): 624, Max(us): 90643, 99th(us): 5000, 99.9th(us): 9000, 99.99th(us): 44000
UPDATE - Takes(s): 119.9, Count: 403671, OPS: 3366.0, Avg(us): 12938, Min(us): 4405, Max(us): 153749, 99th(us): 27000, 99.9th(us): 49000, 99.99th(us): 108000
READ   - Takes(s): 130.0, Count: 435310, OPS: 3349.6, Avg(us): 1891, Min(us): 624, Max(us): 90643, 99th(us): 5000, 99.9th(us): 9000, 99.99th(us): 44000
UPDATE - Takes(s): 129.9, Count: 436348, OPS: 3358.5, Avg(us): 12973, Min(us): 4405, Max(us): 153749, 99th(us): 27000, 99.9th(us): 50000, 99.99th(us): 105000
READ   - Takes(s): 140.0, Count: 467725, OPS: 3341.8, Avg(us): 1888, Min(us): 624, Max(us): 90643, 99th(us): 5000, 99.9th(us): 8000, 99.99th(us): 44000
UPDATE - Takes(s): 139.9, Count: 468767, OPS: 3350.1, Avg(us): 13012, Min(us): 4405, Max(us): 153749, 99th(us): 27000, 99.9th(us): 49000, 99.99th(us): 104000
READ   - Takes(s): 150.0, Count: 498817, OPS: 3326.3, Avg(us): 1887, Min(us): 624, Max(us): 90643, 99th(us): 5000, 99.9th(us): 8000, 99.99th(us): 43000
UPDATE - Takes(s): 149.9, Count: 499692, OPS: 3332.9, Avg(us): 13045, Min(us): 4405, Max(us): 153749, 99th(us): 27000, 99.9th(us): 49000, 99.99th(us): 101000
Run finished, takes 2m31.007763602s
READ   - Takes(s): 151.0, Count: 499575, OPS: 3309.2, Avg(us): 1886, Min(us): 624, Max(us): 90643, 99th(us): 5000, 99.9th(us): 8000, 99.99th(us): 43000
UPDATE - Takes(s): 150.9, Count: 500424, OPS: 3315.6, Avg(us): 13040, Min(us): 4405, Max(us): 153749, 99th(us): 27000, 99.9th(us): 49000, 99.99th(us): 100000
[2022/06/06 12:12:50.911 -05:00] [INFO] [client.go:754] ["[pd] stop fetching the pending tso requests due to context canceled"] [dc-location=global]
[2022/06/06 12:12:50.911 -05:00] [INFO] [client.go:692] ["[pd] exit tso dispatcher"] [dc-location=global]
