[2022/06/06 12:30:46.292 -05:00] [INFO] [client.go:378] ["[pd] create pd client with endpoints"] [pd-address="[10.10.1.4:2379]"]
[2022/06/06 12:30:46.298 -05:00] [INFO] [base_client.go:350] ["[pd] switch leader"] [new-leader=http://10.10.1.4:2379] [old-leader=]
[2022/06/06 12:30:46.299 -05:00] [INFO] [base_client.go:105] ["[pd] init cluster id"] [cluster-id=7105848244335012427]
[2022/06/06 12:30:46.300 -05:00] [INFO] [client.go:673] ["[pd] tso dispatcher created"] [dc-location=global]
***************** properties *****************
"threadcount"="100"
"insertproportion"="0"
"tikv.type"="raw"
"tikv.batchsize"="128"
"updateproportion"="0.5"
"readallfields"="true"
"operationcount"="1000000"
"readproportion"="0.5"
"scanproportion"="0"
"tikv.pd"="10.10.1.4:2379"
"workload"="core"
"tikv.conncount"="128"
"verbose"="false"
"dotransactions"="true"
"requestdistribution"="uniform"
"recordcount"="1000000"
"debug.pprof"=":6060"
**********************************************
READ   - Takes(s): 10.0, Count: 47905, OPS: 4810.8, Avg(us): 2297, Min(us): 664, Max(us): 105463, 99th(us): 8000, 99.9th(us): 45000, 99.99th(us): 105000
UPDATE - Takes(s): 9.9, Count: 47946, OPS: 4829.9, Avg(us): 18498, Min(us): 5511, Max(us): 132295, 99th(us): 41000, 99.9th(us): 105000, 99.99th(us): 127000
READ   - Takes(s): 20.0, Count: 99423, OPS: 4981.6, Avg(us): 2246, Min(us): 642, Max(us): 105463, 99th(us): 8000, 99.9th(us): 27000, 99.99th(us): 105000
UPDATE - Takes(s): 19.9, Count: 99625, OPS: 4999.5, Avg(us): 17786, Min(us): 5511, Max(us): 132295, 99th(us): 38000, 99.9th(us): 83000, 99.99th(us): 124000
READ   - Takes(s): 30.0, Count: 153261, OPS: 5115.9, Avg(us): 2214, Min(us): 615, Max(us): 105463, 99th(us): 8000, 99.9th(us): 21000, 99.99th(us): 94000
UPDATE - Takes(s): 29.9, Count: 153384, OPS: 5125.3, Avg(us): 17306, Min(us): 4932, Max(us): 132295, 99th(us): 37000, 99.9th(us): 72000, 99.99th(us): 119000
READ   - Takes(s): 40.0, Count: 206611, OPS: 5170.7, Avg(us): 2208, Min(us): 615, Max(us): 105463, 99th(us): 8000, 99.9th(us): 19000, 99.99th(us): 94000
UPDATE - Takes(s): 39.9, Count: 207047, OPS: 5185.6, Avg(us): 17077, Min(us): 4932, Max(us): 132295, 99th(us): 35000, 99.9th(us): 71000, 99.99th(us): 119000
READ   - Takes(s): 50.0, Count: 260003, OPS: 5204.4, Avg(us): 2202, Min(us): 611, Max(us): 105463, 99th(us): 8000, 99.9th(us): 20000, 99.99th(us): 93000
UPDATE - Takes(s): 49.9, Count: 260471, OPS: 5217.0, Avg(us): 16957, Min(us): 4932, Max(us): 132295, 99th(us): 35000, 99.9th(us): 69000, 99.99th(us): 113000
READ   - Takes(s): 60.0, Count: 309575, OPS: 5163.2, Avg(us): 2197, Min(us): 573, Max(us): 105463, 99th(us): 8000, 99.9th(us): 19000, 99.99th(us): 93000
UPDATE - Takes(s): 59.9, Count: 310099, OPS: 5174.6, Avg(us): 17118, Min(us): 4932, Max(us): 132295, 99th(us): 36000, 99.9th(us): 71000, 99.99th(us): 110000
READ   - Takes(s): 70.0, Count: 359793, OPS: 5143.0, Avg(us): 2193, Min(us): 573, Max(us): 105463, 99th(us): 8000, 99.9th(us): 18000, 99.99th(us): 74000
UPDATE - Takes(s): 69.9, Count: 360286, OPS: 5152.3, Avg(us): 17202, Min(us): 4932, Max(us): 132295, 99th(us): 36000, 99.9th(us): 69000, 99.99th(us): 110000
READ   - Takes(s): 80.0, Count: 409980, OPS: 5127.5, Avg(us): 2187, Min(us): 573, Max(us): 105463, 99th(us): 8000, 99.9th(us): 18000, 99.99th(us): 72000
UPDATE - Takes(s): 79.9, Count: 410585, OPS: 5137.0, Avg(us): 17265, Min(us): 4932, Max(us): 132295, 99th(us): 36000, 99.9th(us): 68000, 99.99th(us): 107000
READ   - Takes(s): 90.0, Count: 461420, OPS: 5129.3, Avg(us): 2185, Min(us): 573, Max(us): 105463, 99th(us): 8000, 99.9th(us): 18000, 99.99th(us): 68000
UPDATE - Takes(s): 89.9, Count: 461834, OPS: 5135.7, Avg(us): 17268, Min(us): 4766, Max(us): 132295, 99th(us): 36000, 99.9th(us): 68000, 99.99th(us): 107000
Run finished, takes 1m38.910497527s
READ   - Takes(s): 98.9, Count: 499581, OPS: 5053.0, Avg(us): 2182, Min(us): 573, Max(us): 105463, 99th(us): 8000, 99.9th(us): 17000, 99.99th(us): 66000
UPDATE - Takes(s): 98.8, Count: 500416, OPS: 5063.0, Avg(us): 17215, Min(us): 4766, Max(us): 132295, 99th(us): 36000, 99.9th(us): 68000, 99.99th(us): 105000
[2022/06/06 12:32:25.212 -05:00] [INFO] [client.go:754] ["[pd] stop fetching the pending tso requests due to context canceled"] [dc-location=global]
[2022/06/06 12:32:25.212 -05:00] [INFO] [client.go:692] ["[pd] exit tso dispatcher"] [dc-location=global]
