[2022/06/06 12:37:00.648 -05:00] [INFO] [client.go:378] ["[pd] create pd client with endpoints"] [pd-address="[10.10.1.4:2379]"]
[2022/06/06 12:37:00.656 -05:00] [INFO] [base_client.go:350] ["[pd] switch leader"] [new-leader=http://10.10.1.4:2379] [old-leader=]
[2022/06/06 12:37:00.656 -05:00] [INFO] [base_client.go:105] ["[pd] init cluster id"] [cluster-id=7105848244335012427]
[2022/06/06 12:37:00.656 -05:00] [INFO] [client.go:673] ["[pd] tso dispatcher created"] [dc-location=global]
***************** properties *****************
"threadcount"="120"
"readproportion"="0.5"
"dotransactions"="true"
"updateproportion"="0.5"
"operationcount"="1000000"
"requestdistribution"="uniform"
"verbose"="false"
"workload"="core"
"tikv.conncount"="128"
"tikv.pd"="10.10.1.4:2379"
"tikv.type"="raw"
"recordcount"="1000000"
"scanproportion"="0"
"insertproportion"="0"
"debug.pprof"=":6060"
"tikv.batchsize"="128"
"readallfields"="true"
**********************************************
READ   - Takes(s): 10.0, Count: 55981, OPS: 5622.4, Avg(us): 2406, Min(us): 649, Max(us): 102349, 99th(us): 9000, 99.9th(us): 55000, 99.99th(us): 102000
UPDATE - Takes(s): 9.9, Count: 56011, OPS: 5642.1, Avg(us): 18965, Min(us): 5909, Max(us): 129698, 99th(us): 40000, 99.9th(us): 89000, 99.99th(us): 125000
READ   - Takes(s): 20.0, Count: 113318, OPS: 5678.1, Avg(us): 2328, Min(us): 620, Max(us): 102349, 99th(us): 9000, 99.9th(us): 49000, 99.99th(us): 101000
UPDATE - Takes(s): 19.9, Count: 113170, OPS: 5679.1, Avg(us): 18826, Min(us): 5909, Max(us): 129698, 99th(us): 39000, 99.9th(us): 79000, 99.99th(us): 125000
READ   - Takes(s): 30.0, Count: 170439, OPS: 5689.5, Avg(us): 2307, Min(us): 620, Max(us): 102349, 99th(us): 9000, 99.9th(us): 32000, 99.99th(us): 99000
UPDATE - Takes(s): 29.9, Count: 170289, OPS: 5690.1, Avg(us): 18789, Min(us): 5456, Max(us): 129698, 99th(us): 40000, 99.9th(us): 79000, 99.99th(us): 124000
READ   - Takes(s): 40.0, Count: 229358, OPS: 5740.1, Avg(us): 2303, Min(us): 565, Max(us): 102349, 99th(us): 9000, 99.9th(us): 27000, 99.99th(us): 98000
UPDATE - Takes(s): 39.9, Count: 230095, OPS: 5762.8, Avg(us): 18525, Min(us): 5456, Max(us): 129698, 99th(us): 39000, 99.9th(us): 76000, 99.99th(us): 121000
READ   - Takes(s): 50.0, Count: 288085, OPS: 5766.7, Avg(us): 2307, Min(us): 565, Max(us): 102349, 99th(us): 9000, 99.9th(us): 26000, 99.99th(us): 97000
UPDATE - Takes(s): 49.9, Count: 289022, OPS: 5788.9, Avg(us): 18423, Min(us): 5456, Max(us): 129698, 99th(us): 38000, 99.9th(us): 80000, 99.99th(us): 122000
READ   - Takes(s): 60.0, Count: 348110, OPS: 5806.0, Avg(us): 2308, Min(us): 565, Max(us): 102349, 99th(us): 9000, 99.9th(us): 27000, 99.99th(us): 93000
UPDATE - Takes(s): 59.9, Count: 348944, OPS: 5822.8, Avg(us): 18295, Min(us): 5377, Max(us): 129698, 99th(us): 38000, 99.9th(us): 77000, 99.99th(us): 121000
READ   - Takes(s): 70.0, Count: 405701, OPS: 5799.3, Avg(us): 2297, Min(us): 565, Max(us): 102349, 99th(us): 9000, 99.9th(us): 26000, 99.99th(us): 92000
UPDATE - Takes(s): 69.9, Count: 406788, OPS: 5817.3, Avg(us): 18322, Min(us): 5377, Max(us): 129698, 99th(us): 38000, 99.9th(us): 75000, 99.99th(us): 121000
READ   - Takes(s): 80.0, Count: 461139, OPS: 5767.3, Avg(us): 2296, Min(us): 565, Max(us): 102349, 99th(us): 9000, 99.9th(us): 27000, 99.99th(us): 67000
UPDATE - Takes(s): 79.9, Count: 461898, OPS: 5778.9, Avg(us): 18455, Min(us): 5377, Max(us): 129698, 99th(us): 39000, 99.9th(us): 74000, 99.99th(us): 119000
Run finished, takes 1m27.975083764s
READ   - Takes(s): 87.9, Count: 499409, OPS: 5679.5, Avg(us): 2292, Min(us): 565, Max(us): 102349, 99th(us): 9000, 99.9th(us): 26000, 99.99th(us): 67000
UPDATE - Takes(s): 87.9, Count: 500551, OPS: 5694.4, Avg(us): 18469, Min(us): 5377, Max(us): 129698, 99th(us): 38000, 99.9th(us): 73000, 99.99th(us): 117000
[2022/06/06 12:38:28.632 -05:00] [INFO] [client.go:754] ["[pd] stop fetching the pending tso requests due to context canceled"] [dc-location=global]
[2022/06/06 12:38:28.632 -05:00] [INFO] [client.go:692] ["[pd] exit tso dispatcher"] [dc-location=global]
