[2022/06/06 12:27:22.137 -05:00] [INFO] [client.go:378] ["[pd] create pd client with endpoints"] [pd-address="[10.10.1.4:2379]"]
[2022/06/06 12:27:22.143 -05:00] [INFO] [base_client.go:350] ["[pd] switch leader"] [new-leader=http://10.10.1.4:2379] [old-leader=]
[2022/06/06 12:27:22.143 -05:00] [INFO] [base_client.go:105] ["[pd] init cluster id"] [cluster-id=7105848244335012427]
[2022/06/06 12:27:22.143 -05:00] [INFO] [client.go:673] ["[pd] tso dispatcher created"] [dc-location=global]
***************** properties *****************
"tikv.batchsize"="128"
"readallfields"="true"
"tikv.conncount"="128"
"verbose"="false"
"tikv.type"="raw"
"dotransactions"="true"
"operationcount"="1000000"
"workload"="core"
"readproportion"="0.5"
"tikv.pd"="10.10.1.4:2379"
"threadcount"="90"
"scanproportion"="0"
"recordcount"="1000000"
"debug.pprof"=":6060"
"requestdistribution"="uniform"
"updateproportion"="0.5"
"insertproportion"="0"
**********************************************
READ   - Takes(s): 10.0, Count: 48079, OPS: 4831.6, Avg(us): 2132, Min(us): 610, Max(us): 102961, 99th(us): 7000, 99.9th(us): 46000, 99.99th(us): 101000
UPDATE - Takes(s): 9.9, Count: 48088, OPS: 4845.6, Avg(us): 16526, Min(us): 5190, Max(us): 126879, 99th(us): 32000, 99.9th(us): 73000, 99.99th(us): 125000
READ   - Takes(s): 20.0, Count: 99059, OPS: 4965.1, Avg(us): 2072, Min(us): 610, Max(us): 102961, 99th(us): 7000, 99.9th(us): 20000, 99.99th(us): 101000
UPDATE - Takes(s): 19.9, Count: 99154, OPS: 4976.6, Avg(us): 16039, Min(us): 5190, Max(us): 126879, 99th(us): 30000, 99.9th(us): 62000, 99.99th(us): 122000
READ   - Takes(s): 30.0, Count: 149866, OPS: 5003.7, Avg(us): 2058, Min(us): 610, Max(us): 102961, 99th(us): 7000, 99.9th(us): 17000, 99.99th(us): 99000
UPDATE - Takes(s): 29.9, Count: 149936, OPS: 5010.5, Avg(us): 15910, Min(us): 5190, Max(us): 126879, 99th(us): 33000, 99.9th(us): 63000, 99.99th(us): 119000
READ   - Takes(s): 40.0, Count: 201375, OPS: 5040.6, Avg(us): 2059, Min(us): 610, Max(us): 102961, 99th(us): 7000, 99.9th(us): 16000, 99.99th(us): 96000
UPDATE - Takes(s): 39.9, Count: 201419, OPS: 5045.1, Avg(us): 15776, Min(us): 5190, Max(us): 126879, 99th(us): 31000, 99.9th(us): 61000, 99.99th(us): 83000
READ   - Takes(s): 50.0, Count: 249948, OPS: 5003.9, Avg(us): 2060, Min(us): 610, Max(us): 102961, 99th(us): 8000, 99.9th(us): 17000, 99.99th(us): 95000
UPDATE - Takes(s): 49.9, Count: 250027, OPS: 5008.2, Avg(us): 15900, Min(us): 5190, Max(us): 126879, 99th(us): 33000, 99.9th(us): 60000, 99.99th(us): 79000
READ   - Takes(s): 60.0, Count: 296688, OPS: 4948.8, Avg(us): 2056, Min(us): 610, Max(us): 102961, 99th(us): 7000, 99.9th(us): 17000, 99.99th(us): 95000
UPDATE - Takes(s): 59.9, Count: 297028, OPS: 4956.7, Avg(us): 16088, Min(us): 4606, Max(us): 126879, 99th(us): 33000, 99.9th(us): 61000, 99.99th(us): 80000
READ   - Takes(s): 70.0, Count: 342819, OPS: 4900.9, Avg(us): 2052, Min(us): 610, Max(us): 102961, 99th(us): 7000, 99.9th(us): 16000, 99.99th(us): 61000
UPDATE - Takes(s): 69.9, Count: 342983, OPS: 4905.1, Avg(us): 16280, Min(us): 4606, Max(us): 126879, 99th(us): 34000, 99.9th(us): 62000, 99.99th(us): 80000
READ   - Takes(s): 80.0, Count: 391273, OPS: 4893.9, Avg(us): 2050, Min(us): 610, Max(us): 102961, 99th(us): 7000, 99.9th(us): 16000, 99.99th(us): 59000
UPDATE - Takes(s): 79.9, Count: 391226, OPS: 4895.0, Avg(us): 16317, Min(us): 4606, Max(us): 126879, 99th(us): 34000, 99.9th(us): 63000, 99.99th(us): 90000
READ   - Takes(s): 90.0, Count: 441705, OPS: 4910.5, Avg(us): 2045, Min(us): 610, Max(us): 102961, 99th(us): 7000, 99.9th(us): 16000, 99.99th(us): 56000
UPDATE - Takes(s): 89.9, Count: 441795, OPS: 4913.0, Avg(us): 16253, Min(us): 4606, Max(us): 126879, 99th(us): 33000, 99.9th(us): 62000, 99.99th(us): 85000
READ   - Takes(s): 100.0, Count: 490505, OPS: 4907.5, Avg(us): 2043, Min(us): 610, Max(us): 102961, 99th(us): 7000, 99.9th(us): 15000, 99.99th(us): 56000
UPDATE - Takes(s): 99.9, Count: 490361, OPS: 4907.3, Avg(us): 16274, Min(us): 4606, Max(us): 126879, 99th(us): 34000, 99.9th(us): 62000, 99.99th(us): 85000
Run finished, takes 1m43.188424213s
READ   - Takes(s): 103.1, Count: 500024, OPS: 4848.1, Avg(us): 2040, Min(us): 610, Max(us): 102961, 99th(us): 7000, 99.9th(us): 15000, 99.99th(us): 56000
UPDATE - Takes(s): 103.1, Count: 499964, OPS: 4848.7, Avg(us): 16227, Min(us): 4606, Max(us): 126879, 99th(us): 33000, 99.9th(us): 61000, 99.99th(us): 85000
[2022/06/06 12:29:05.333 -05:00] [INFO] [client.go:754] ["[pd] stop fetching the pending tso requests due to context canceled"] [dc-location=global]
[2022/06/06 12:29:05.333 -05:00] [INFO] [client.go:692] ["[pd] exit tso dispatcher"] [dc-location=global]
