[2022/06/06 12:04:21.407 -05:00] [INFO] [client.go:378] ["[pd] create pd client with endpoints"] [pd-address="[10.10.1.4:2379]"]
[2022/06/06 12:04:21.414 -05:00] [INFO] [base_client.go:350] ["[pd] switch leader"] [new-leader=http://10.10.1.4:2379] [old-leader=]
[2022/06/06 12:04:21.415 -05:00] [INFO] [base_client.go:105] ["[pd] init cluster id"] [cluster-id=7105848244335012427]
[2022/06/06 12:04:21.415 -05:00] [INFO] [client.go:673] ["[pd] tso dispatcher created"] [dc-location=global]
***************** properties *****************
"verbose"="false"
"recordcount"="1000000"
"scanproportion"="0"
"tikv.type"="raw"
"readallfields"="true"
"updateproportion"="0.5"
"workload"="core"
"debug.pprof"=":6060"
"threadcount"="40"
"insertproportion"="0"
"tikv.conncount"="128"
"tikv.batchsize"="128"
"dotransactions"="true"
"requestdistribution"="uniform"
"readproportion"="0.5"
"operationcount"="1000000"
"tikv.pd"="10.10.1.4:2379"
**********************************************
READ   - Takes(s): 10.0, Count: 27337, OPS: 2743.6, Avg(us): 1953, Min(us): 799, Max(us): 96044, 99th(us): 5000, 99.9th(us): 36000, 99.99th(us): 96000
UPDATE - Takes(s): 9.9, Count: 27408, OPS: 2760.2, Avg(us): 12581, Min(us): 5178, Max(us): 112795, 99th(us): 29000, 99.9th(us): 52000, 99.99th(us): 110000
READ   - Takes(s): 20.0, Count: 54120, OPS: 2710.9, Avg(us): 1910, Min(us): 715, Max(us): 96044, 99th(us): 5000, 99.9th(us): 19000, 99.99th(us): 92000
UPDATE - Takes(s): 19.9, Count: 53950, OPS: 2707.0, Avg(us): 12862, Min(us): 5178, Max(us): 112795, 99th(us): 29000, 99.9th(us): 48000, 99.99th(us): 108000
READ   - Takes(s): 30.0, Count: 80367, OPS: 2682.1, Avg(us): 1880, Min(us): 715, Max(us): 96044, 99th(us): 5000, 99.9th(us): 13000, 99.99th(us): 92000
UPDATE - Takes(s): 29.9, Count: 80536, OPS: 2690.9, Avg(us): 12978, Min(us): 5178, Max(us): 112795, 99th(us): 29000, 99.9th(us): 48000, 99.99th(us): 107000
READ   - Takes(s): 40.0, Count: 108269, OPS: 2709.2, Avg(us): 1870, Min(us): 706, Max(us): 96044, 99th(us): 5000, 99.9th(us): 10000, 99.99th(us): 60000
UPDATE - Takes(s): 39.9, Count: 108305, OPS: 2712.4, Avg(us): 12861, Min(us): 5178, Max(us): 112795, 99th(us): 28000, 99.9th(us): 45000, 99.99th(us): 104000
READ   - Takes(s): 50.0, Count: 136869, OPS: 2739.4, Avg(us): 1865, Min(us): 683, Max(us): 96044, 99th(us): 5000, 99.9th(us): 9000, 99.99th(us): 59000
UPDATE - Takes(s): 49.9, Count: 136486, OPS: 2733.6, Avg(us): 12741, Min(us): 4569, Max(us): 112795, 99th(us): 28000, 99.9th(us): 44000, 99.99th(us): 71000
READ   - Takes(s): 60.0, Count: 166822, OPS: 2782.1, Avg(us): 1853, Min(us): 683, Max(us): 96044, 99th(us): 5000, 99.9th(us): 8000, 99.99th(us): 50000
UPDATE - Takes(s): 59.9, Count: 166380, OPS: 2776.3, Avg(us): 12526, Min(us): 4569, Max(us): 112795, 99th(us): 28000, 99.9th(us): 45000, 99.99th(us): 67000
READ   - Takes(s): 70.0, Count: 197149, OPS: 2817.9, Avg(us): 1847, Min(us): 683, Max(us): 96044, 99th(us): 5000, 99.9th(us): 8000, 99.99th(us): 49000
UPDATE - Takes(s): 69.9, Count: 196689, OPS: 2812.7, Avg(us): 12344, Min(us): 4569, Max(us): 112795, 99th(us): 27000, 99.9th(us): 44000, 99.99th(us): 64000
READ   - Takes(s): 80.0, Count: 227428, OPS: 2844.1, Avg(us): 1841, Min(us): 683, Max(us): 96044, 99th(us): 5000, 99.9th(us): 8000, 99.99th(us): 42000
UPDATE - Takes(s): 79.9, Count: 226943, OPS: 2839.3, Avg(us): 12216, Min(us): 4569, Max(us): 112795, 99th(us): 26000, 99.9th(us): 43000, 99.99th(us): 59000
READ   - Takes(s): 90.0, Count: 256893, OPS: 2855.5, Avg(us): 1840, Min(us): 683, Max(us): 96044, 99th(us): 5000, 99.9th(us): 8000, 99.99th(us): 42000
UPDATE - Takes(s): 89.9, Count: 256623, OPS: 2853.6, Avg(us): 12147, Min(us): 4569, Max(us): 112795, 99th(us): 26000, 99.9th(us): 43000, 99.99th(us): 59000
READ   - Takes(s): 100.0, Count: 286954, OPS: 2870.6, Avg(us): 1839, Min(us): 667, Max(us): 96044, 99th(us): 5000, 99.9th(us): 8000, 99.99th(us): 42000
UPDATE - Takes(s): 99.9, Count: 286319, OPS: 2865.2, Avg(us): 12088, Min(us): 4512, Max(us): 112795, 99th(us): 26000, 99.9th(us): 42000, 99.99th(us): 58000
READ   - Takes(s): 110.0, Count: 317165, OPS: 2884.3, Avg(us): 1836, Min(us): 643, Max(us): 96044, 99th(us): 5000, 99.9th(us): 8000, 99.99th(us): 41000
UPDATE - Takes(s): 109.9, Count: 316814, OPS: 2882.0, Avg(us): 12011, Min(us): 4486, Max(us): 112795, 99th(us): 25000, 99.9th(us): 42000, 99.99th(us): 58000
READ   - Takes(s): 120.0, Count: 348086, OPS: 2901.6, Avg(us): 1833, Min(us): 643, Max(us): 96044, 99th(us): 5000, 99.9th(us): 7000, 99.99th(us): 40000
UPDATE - Takes(s): 119.9, Count: 347931, OPS: 2901.1, Avg(us): 11924, Min(us): 4486, Max(us): 112795, 99th(us): 25000, 99.9th(us): 41000, 99.99th(us): 57000
READ   - Takes(s): 130.0, Count: 376032, OPS: 2893.4, Avg(us): 1832, Min(us): 643, Max(us): 96044, 99th(us): 5000, 99.9th(us): 7000, 99.99th(us): 40000
UPDATE - Takes(s): 129.9, Count: 375949, OPS: 2893.5, Avg(us): 11960, Min(us): 4486, Max(us): 112795, 99th(us): 26000, 99.9th(us): 42000, 99.99th(us): 57000
READ   - Takes(s): 140.0, Count: 404196, OPS: 2887.9, Avg(us): 1832, Min(us): 643, Max(us): 96044, 99th(us): 5000, 99.9th(us): 7000, 99.99th(us): 40000
UPDATE - Takes(s): 139.9, Count: 403558, OPS: 2884.0, Avg(us): 12004, Min(us): 4486, Max(us): 112795, 99th(us): 26000, 99.9th(us): 42000, 99.99th(us): 57000
READ   - Takes(s): 150.0, Count: 431823, OPS: 2879.5, Avg(us): 1831, Min(us): 643, Max(us): 96044, 99th(us): 5000, 99.9th(us): 7000, 99.99th(us): 40000
UPDATE - Takes(s): 149.9, Count: 430955, OPS: 2874.4, Avg(us): 12050, Min(us): 4486, Max(us): 112795, 99th(us): 26000, 99.9th(us): 42000, 99.99th(us): 57000
READ   - Takes(s): 160.0, Count: 460420, OPS: 2878.3, Avg(us): 1830, Min(us): 643, Max(us): 96044, 99th(us): 5000, 99.9th(us): 7000, 99.99th(us): 40000
UPDATE - Takes(s): 159.9, Count: 459318, OPS: 2872.0, Avg(us): 12061, Min(us): 4486, Max(us): 112795, 99th(us): 26000, 99.9th(us): 42000, 99.99th(us): 56000
READ   - Takes(s): 170.0, Count: 489821, OPS: 2881.9, Avg(us): 1831, Min(us): 643, Max(us): 96044, 99th(us): 5000, 99.9th(us): 7000, 99.99th(us): 40000
UPDATE - Takes(s): 169.9, Count: 488423, OPS: 2874.3, Avg(us): 12049, Min(us): 4486, Max(us): 112795, 99th(us): 26000, 99.9th(us): 41000, 99.99th(us): 56000
Run finished, takes 2m55.044766852s
READ   - Takes(s): 175.0, Count: 500686, OPS: 2860.9, Avg(us): 1830, Min(us): 643, Max(us): 96044, 99th(us): 5000, 99.9th(us): 7000, 99.99th(us): 40000
UPDATE - Takes(s): 175.0, Count: 499305, OPS: 2853.6, Avg(us): 12023, Min(us): 4486, Max(us): 112795, 99th(us): 26000, 99.9th(us): 42000, 99.99th(us): 56000
[2022/06/06 12:07:16.461 -05:00] [INFO] [client.go:754] ["[pd] stop fetching the pending tso requests due to context canceled"] [dc-location=global]
[2022/06/06 12:07:16.461 -05:00] [INFO] [client.go:692] ["[pd] exit tso dispatcher"] [dc-location=global]
