[2022/06/06 11:43:11.895 -05:00] [INFO] [client.go:378] ["[pd] create pd client with endpoints"] [pd-address="[10.10.1.4:2379]"]
[2022/06/06 11:43:11.903 -05:00] [INFO] [base_client.go:350] ["[pd] switch leader"] [new-leader=http://10.10.1.4:2379] [old-leader=]
[2022/06/06 11:43:11.903 -05:00] [INFO] [base_client.go:105] ["[pd] init cluster id"] [cluster-id=7105848244335012427]
[2022/06/06 11:43:11.903 -05:00] [INFO] [client.go:673] ["[pd] tso dispatcher created"] [dc-location=global]
***************** properties *****************
"requestdistribution"="uniform"
"threadcount"="15"
"operationcount"="1000000"
"tikv.pd"="10.10.1.4:2379"
"scanproportion"="0"
"insertproportion"="0"
"tikv.type"="raw"
"tikv.conncount"="128"
"workload"="core"
"readallfields"="true"
"verbose"="false"
"updateproportion"="0.5"
"readproportion"="0.5"
"tikv.batchsize"="128"
"dotransactions"="true"
"recordcount"="1000000"
"debug.pprof"=":6060"
**********************************************
READ   - Takes(s): 10.0, Count: 14228, OPS: 1428.2, Avg(us): 1849, Min(us): 889, Max(us): 89746, 99th(us): 3000, 99.9th(us): 11000, 99.99th(us): 89000
UPDATE - Takes(s): 9.9, Count: 14103, OPS: 1419.7, Avg(us): 8722, Min(us): 4982, Max(us): 102324, 99th(us): 14000, 99.9th(us): 26000, 99.99th(us): 102000
READ   - Takes(s): 20.0, Count: 28599, OPS: 1432.7, Avg(us): 1810, Min(us): 889, Max(us): 89746, 99th(us): 3000, 99.9th(us): 5000, 99.99th(us): 90000
UPDATE - Takes(s): 19.9, Count: 28575, OPS: 1433.5, Avg(us): 8643, Min(us): 4982, Max(us): 102324, 99th(us): 14000, 99.9th(us): 20000, 99.99th(us): 101000
READ   - Takes(s): 30.0, Count: 42891, OPS: 1431.5, Avg(us): 1796, Min(us): 835, Max(us): 89746, 99th(us): 3000, 99.9th(us): 5000, 99.99th(us): 56000
UPDATE - Takes(s): 29.9, Count: 42992, OPS: 1436.2, Avg(us): 8632, Min(us): 4877, Max(us): 102324, 99th(us): 14000, 99.9th(us): 19000, 99.99th(us): 100000
READ   - Takes(s): 40.0, Count: 56837, OPS: 1422.3, Avg(us): 1789, Min(us): 835, Max(us): 89746, 99th(us): 3000, 99.9th(us): 5000, 99.99th(us): 39000
UPDATE - Takes(s): 39.9, Count: 57180, OPS: 1431.9, Avg(us): 8673, Min(us): 4877, Max(us): 141931, 99th(us): 14000, 99.9th(us): 21000, 99.99th(us): 134000
READ   - Takes(s): 50.0, Count: 71226, OPS: 1425.6, Avg(us): 1785, Min(us): 835, Max(us): 89746, 99th(us): 3000, 99.9th(us): 5000, 99.99th(us): 39000
UPDATE - Takes(s): 49.9, Count: 71429, OPS: 1430.5, Avg(us): 8679, Min(us): 4877, Max(us): 141931, 99th(us): 14000, 99.9th(us): 20000, 99.99th(us): 123000
READ   - Takes(s): 60.0, Count: 85382, OPS: 1423.9, Avg(us): 1783, Min(us): 751, Max(us): 89746, 99th(us): 3000, 99.9th(us): 4000, 99.99th(us): 33000
UPDATE - Takes(s): 59.9, Count: 85524, OPS: 1427.0, Avg(us): 8703, Min(us): 4707, Max(us): 141931, 99th(us): 15000, 99.9th(us): 28000, 99.99th(us): 121000
READ   - Takes(s): 70.0, Count: 98223, OPS: 1403.9, Avg(us): 1788, Min(us): 751, Max(us): 89746, 99th(us): 3000, 99.9th(us): 4000, 99.99th(us): 29000
UPDATE - Takes(s): 69.9, Count: 98244, OPS: 1404.8, Avg(us): 8860, Min(us): 4707, Max(us): 141931, 99th(us): 17000, 99.9th(us): 29000, 99.99th(us): 117000
READ   - Takes(s): 80.0, Count: 111021, OPS: 1388.4, Avg(us): 1789, Min(us): 751, Max(us): 89746, 99th(us): 3000, 99.9th(us): 4000, 99.99th(us): 28000
UPDATE - Takes(s): 79.9, Count: 111101, OPS: 1389.9, Avg(us): 8973, Min(us): 4707, Max(us): 141931, 99th(us): 18000, 99.9th(us): 29000, 99.99th(us): 108000
READ   - Takes(s): 90.0, Count: 124168, OPS: 1380.2, Avg(us): 1791, Min(us): 751, Max(us): 89746, 99th(us): 3000, 99.9th(us): 4000, 99.99th(us): 28000
UPDATE - Takes(s): 89.9, Count: 124186, OPS: 1380.9, Avg(us): 9040, Min(us): 4707, Max(us): 141931, 99th(us): 19000, 99.9th(us): 28000, 99.99th(us): 103000
READ   - Takes(s): 100.0, Count: 137647, OPS: 1377.0, Avg(us): 1795, Min(us): 751, Max(us): 89746, 99th(us): 3000, 99.9th(us): 4000, 99.99th(us): 28000
UPDATE - Takes(s): 99.9, Count: 137871, OPS: 1379.6, Avg(us): 9048, Min(us): 4707, Max(us): 141931, 99th(us): 18000, 99.9th(us): 28000, 99.99th(us): 102000
READ   - Takes(s): 110.0, Count: 151876, OPS: 1381.2, Avg(us): 1796, Min(us): 751, Max(us): 89746, 99th(us): 3000, 99.9th(us): 4000, 99.99th(us): 27000
UPDATE - Takes(s): 109.9, Count: 152133, OPS: 1383.9, Avg(us): 9013, Min(us): 4707, Max(us): 141931, 99th(us): 18000, 99.9th(us): 28000, 99.99th(us): 100000
READ   - Takes(s): 120.0, Count: 165672, OPS: 1381.0, Avg(us): 1795, Min(us): 751, Max(us): 89746, 99th(us): 3000, 99.9th(us): 4000, 99.99th(us): 27000
UPDATE - Takes(s): 119.9, Count: 166092, OPS: 1384.9, Avg(us): 9008, Min(us): 4707, Max(us): 141931, 99th(us): 18000, 99.9th(us): 28000, 99.99th(us): 101000
READ   - Takes(s): 130.0, Count: 179783, OPS: 1383.4, Avg(us): 1793, Min(us): 751, Max(us): 89746, 99th(us): 3000, 99.9th(us): 4000, 99.99th(us): 27000
UPDATE - Takes(s): 129.9, Count: 180281, OPS: 1387.5, Avg(us): 8989, Min(us): 4707, Max(us): 141931, 99th(us): 17000, 99.9th(us): 28000, 99.99th(us): 61000
READ   - Takes(s): 140.0, Count: 194013, OPS: 1386.2, Avg(us): 1791, Min(us): 751, Max(us): 89746, 99th(us): 3000, 99.9th(us): 4000, 99.99th(us): 27000
UPDATE - Takes(s): 139.9, Count: 194627, OPS: 1390.9, Avg(us): 8965, Min(us): 4707, Max(us): 141931, 99th(us): 17000, 99.9th(us): 27000, 99.99th(us): 61000
READ   - Takes(s): 150.0, Count: 207459, OPS: 1383.4, Avg(us): 1791, Min(us): 751, Max(us): 89746, 99th(us): 3000, 99.9th(us): 4000, 99.99th(us): 27000
UPDATE - Takes(s): 149.9, Count: 208477, OPS: 1390.5, Avg(us): 8972, Min(us): 4707, Max(us): 141931, 99th(us): 18000, 99.9th(us): 29000, 99.99th(us): 61000
READ   - Takes(s): 160.0, Count: 221718, OPS: 1386.1, Avg(us): 1789, Min(us): 751, Max(us): 89746, 99th(us): 3000, 99.9th(us): 4000, 99.99th(us): 27000
UPDATE - Takes(s): 159.9, Count: 222871, OPS: 1393.5, Avg(us): 8949, Min(us): 4707, Max(us): 141931, 99th(us): 17000, 99.9th(us): 29000, 99.99th(us): 46000
READ   - Takes(s): 170.0, Count: 235982, OPS: 1388.4, Avg(us): 1788, Min(us): 751, Max(us): 89746, 99th(us): 3000, 99.9th(us): 4000, 99.99th(us): 27000
UPDATE - Takes(s): 169.9, Count: 237309, OPS: 1396.5, Avg(us): 8929, Min(us): 4707, Max(us): 141931, 99th(us): 17000, 99.9th(us): 29000, 99.99th(us): 46000
READ   - Takes(s): 180.0, Count: 250127, OPS: 1389.9, Avg(us): 1787, Min(us): 751, Max(us): 89746, 99th(us): 3000, 99.9th(us): 4000, 99.99th(us): 27000
UPDATE - Takes(s): 179.9, Count: 251488, OPS: 1397.7, Avg(us): 8920, Min(us): 4707, Max(us): 141931, 99th(us): 17000, 99.9th(us): 29000, 99.99th(us): 102000
READ   - Takes(s): 190.0, Count: 264372, OPS: 1391.7, Avg(us): 1785, Min(us): 744, Max(us): 89746, 99th(us): 3000, 99.9th(us): 4000, 99.99th(us): 27000
UPDATE - Takes(s): 189.9, Count: 265691, OPS: 1398.9, Avg(us): 8911, Min(us): 4707, Max(us): 141931, 99th(us): 17000, 99.9th(us): 29000, 99.99th(us): 108000
READ   - Takes(s): 200.0, Count: 279080, OPS: 1395.7, Avg(us): 1784, Min(us): 744, Max(us): 89746, 99th(us): 3000, 99.9th(us): 4000, 99.99th(us): 27000
UPDATE - Takes(s): 199.9, Count: 280069, OPS: 1400.8, Avg(us): 8895, Min(us): 4707, Max(us): 141931, 99th(us): 17000, 99.9th(us): 29000, 99.99th(us): 108000
READ   - Takes(s): 210.0, Count: 293849, OPS: 1399.5, Avg(us): 1783, Min(us): 744, Max(us): 89746, 99th(us): 3000, 99.9th(us): 4000, 99.99th(us): 27000
UPDATE - Takes(s): 209.9, Count: 294626, OPS: 1403.4, Avg(us): 8875, Min(us): 4707, Max(us): 141931, 99th(us): 16000, 99.9th(us): 28000, 99.99th(us): 107000
READ   - Takes(s): 220.0, Count: 308302, OPS: 1401.6, Avg(us): 1782, Min(us): 744, Max(us): 89746, 99th(us): 3000, 99.9th(us): 4000, 99.99th(us): 27000
UPDATE - Takes(s): 219.9, Count: 309043, OPS: 1405.2, Avg(us): 8862, Min(us): 4707, Max(us): 141931, 99th(us): 16000, 99.9th(us): 28000, 99.99th(us): 104000
READ   - Takes(s): 230.0, Count: 322166, OPS: 1401.0, Avg(us): 1782, Min(us): 744, Max(us): 89746, 99th(us): 3000, 99.9th(us): 4000, 99.99th(us): 27000
UPDATE - Takes(s): 229.9, Count: 322942, OPS: 1404.5, Avg(us): 8867, Min(us): 4707, Max(us): 141931, 99th(us): 17000, 99.9th(us): 29000, 99.99th(us): 104000
READ   - Takes(s): 240.0, Count: 336653, OPS: 1402.9, Avg(us): 1781, Min(us): 744, Max(us): 89746, 99th(us): 3000, 99.9th(us): 4000, 99.99th(us): 27000
UPDATE - Takes(s): 239.9, Count: 337548, OPS: 1406.8, Avg(us): 8850, Min(us): 4707, Max(us): 141931, 99th(us): 16000, 99.9th(us): 29000, 99.99th(us): 104000
READ   - Takes(s): 250.0, Count: 351051, OPS: 1404.4, Avg(us): 1780, Min(us): 744, Max(us): 89746, 99th(us): 3000, 99.9th(us): 4000, 99.99th(us): 26000
UPDATE - Takes(s): 249.9, Count: 351884, OPS: 1407.9, Avg(us): 8842, Min(us): 4707, Max(us): 141931, 99th(us): 16000, 99.9th(us): 29000, 99.99th(us): 101000
READ   - Takes(s): 260.0, Count: 365548, OPS: 1406.2, Avg(us): 1780, Min(us): 744, Max(us): 89746, 99th(us): 3000, 99.9th(us): 4000, 99.99th(us): 26000
UPDATE - Takes(s): 259.9, Count: 366372, OPS: 1409.5, Avg(us): 8831, Min(us): 4707, Max(us): 141931, 99th(us): 16000, 99.9th(us): 29000, 99.99th(us): 101000
READ   - Takes(s): 270.0, Count: 380067, OPS: 1407.9, Avg(us): 1779, Min(us): 744, Max(us): 89746, 99th(us): 3000, 99.9th(us): 4000, 99.99th(us): 26000
UPDATE - Takes(s): 269.9, Count: 380868, OPS: 1411.0, Avg(us): 8820, Min(us): 4707, Max(us): 141931, 99th(us): 16000, 99.9th(us): 29000, 99.99th(us): 100000
READ   - Takes(s): 280.0, Count: 394813, OPS: 1410.2, Avg(us): 1778, Min(us): 744, Max(us): 89746, 99th(us): 3000, 99.9th(us): 4000, 99.99th(us): 26000
UPDATE - Takes(s): 279.9, Count: 395521, OPS: 1412.9, Avg(us): 8805, Min(us): 4707, Max(us): 141931, 99th(us): 16000, 99.9th(us): 28000, 99.99th(us): 97000
READ   - Takes(s): 290.0, Count: 409368, OPS: 1411.8, Avg(us): 1777, Min(us): 744, Max(us): 89746, 99th(us): 3000, 99.9th(us): 4000, 99.99th(us): 26000
UPDATE - Takes(s): 289.9, Count: 410111, OPS: 1414.5, Avg(us): 8794, Min(us): 4707, Max(us): 141931, 99th(us): 16000, 99.9th(us): 28000, 99.99th(us): 90000
READ   - Takes(s): 300.0, Count: 423893, OPS: 1413.2, Avg(us): 1776, Min(us): 744, Max(us): 89746, 99th(us): 3000, 99.9th(us): 4000, 99.99th(us): 26000
UPDATE - Takes(s): 299.9, Count: 424820, OPS: 1416.4, Avg(us): 8782, Min(us): 4707, Max(us): 141931, 99th(us): 16000, 99.9th(us): 28000, 99.99th(us): 89000
READ   - Takes(s): 310.0, Count: 437375, OPS: 1411.1, Avg(us): 1777, Min(us): 744, Max(us): 89746, 99th(us): 3000, 99.9th(us): 4000, 99.99th(us): 26000
UPDATE - Takes(s): 309.9, Count: 438143, OPS: 1413.7, Avg(us): 8801, Min(us): 4707, Max(us): 141931, 99th(us): 16000, 99.9th(us): 29000, 99.99th(us): 87000
READ   - Takes(s): 320.0, Count: 450128, OPS: 1406.8, Avg(us): 1778, Min(us): 744, Max(us): 89746, 99th(us): 3000, 99.9th(us): 4000, 99.99th(us): 26000
UPDATE - Takes(s): 319.9, Count: 450838, OPS: 1409.2, Avg(us): 8833, Min(us): 4707, Max(us): 141931, 99th(us): 17000, 99.9th(us): 29000, 99.99th(us): 81000
READ   - Takes(s): 330.0, Count: 463117, OPS: 1403.5, Avg(us): 1779, Min(us): 744, Max(us): 89746, 99th(us): 3000, 99.9th(us): 4000, 99.99th(us): 26000
UPDATE - Takes(s): 329.9, Count: 463866, OPS: 1405.9, Avg(us): 8857, Min(us): 4707, Max(us): 141931, 99th(us): 17000, 99.9th(us): 29000, 99.99th(us): 75000
READ   - Takes(s): 340.0, Count: 476286, OPS: 1401.0, Avg(us): 1780, Min(us): 744, Max(us): 89746, 99th(us): 3000, 99.9th(us): 4000, 99.99th(us): 26000
UPDATE - Takes(s): 339.9, Count: 477167, OPS: 1403.7, Avg(us): 8873, Min(us): 4707, Max(us): 141931, 99th(us): 17000, 99.9th(us): 28000, 99.99th(us): 67000
READ   - Takes(s): 350.0, Count: 490232, OPS: 1400.8, Avg(us): 1782, Min(us): 744, Max(us): 89746, 99th(us): 3000, 99.9th(us): 4000, 99.99th(us): 26000
UPDATE - Takes(s): 349.9, Count: 491010, OPS: 1403.2, Avg(us): 8874, Min(us): 4707, Max(us): 141931, 99th(us): 17000, 99.9th(us): 28000, 99.99th(us): 61000
Run finished, takes 5m58.321526466s
READ   - Takes(s): 358.3, Count: 499672, OPS: 1394.6, Avg(us): 1782, Min(us): 744, Max(us): 89746, 99th(us): 3000, 99.9th(us): 4000, 99.99th(us): 26000
UPDATE - Takes(s): 358.3, Count: 500317, OPS: 1396.5, Avg(us): 8871, Min(us): 4707, Max(us): 141931, 99th(us): 17000, 99.9th(us): 28000, 99.99th(us): 58000
[2022/06/06 11:49:10.226 -05:00] [INFO] [client.go:754] ["[pd] stop fetching the pending tso requests due to context canceled"] [dc-location=global]
[2022/06/06 11:49:10.226 -05:00] [INFO] [client.go:692] ["[pd] exit tso dispatcher"] [dc-location=global]
