[2022/06/06 11:53:50.709 -05:00] [INFO] [client.go:378] ["[pd] create pd client with endpoints"] [pd-address="[10.10.1.4:2379]"]
[2022/06/06 11:53:50.715 -05:00] [INFO] [base_client.go:350] ["[pd] switch leader"] [new-leader=http://10.10.1.4:2379] [old-leader=]
[2022/06/06 11:53:50.715 -05:00] [INFO] [base_client.go:105] ["[pd] init cluster id"] [cluster-id=7105848244335012427]
[2022/06/06 11:53:50.715 -05:00] [INFO] [client.go:673] ["[pd] tso dispatcher created"] [dc-location=global]
***************** properties *****************
"tikv.type"="raw"
"readallfields"="true"
"insertproportion"="0"
"scanproportion"="0"
"verbose"="false"
"workload"="core"
"updateproportion"="0.5"
"tikv.pd"="10.10.1.4:2379"
"debug.pprof"=":6060"
"requestdistribution"="uniform"
"operationcount"="1000000"
"tikv.batchsize"="128"
"recordcount"="1000000"
"dotransactions"="true"
"readproportion"="0.5"
"tikv.conncount"="128"
"threadcount"="25"
**********************************************
READ   - Takes(s): 10.0, Count: 20297, OPS: 2037.2, Avg(us): 1810, Min(us): 766, Max(us): 88493, 99th(us): 4000, 99.9th(us): 22000, 99.99th(us): 88000
UPDATE - Takes(s): 9.9, Count: 20288, OPS: 2041.8, Avg(us): 10468, Min(us): 5231, Max(us): 107085, 99th(us): 25000, 99.9th(us): 57000, 99.99th(us): 104000
READ   - Takes(s): 20.0, Count: 42044, OPS: 2106.1, Avg(us): 1756, Min(us): 766, Max(us): 88493, 99th(us): 4000, 99.9th(us): 10000, 99.99th(us): 88000
UPDATE - Takes(s): 19.9, Count: 42112, OPS: 2112.3, Avg(us): 10079, Min(us): 4910, Max(us): 107085, 99th(us): 21000, 99.9th(us): 40000, 99.99th(us): 103000
READ   - Takes(s): 30.0, Count: 63826, OPS: 2130.2, Avg(us): 1746, Min(us): 766, Max(us): 88493, 99th(us): 4000, 99.9th(us): 6000, 99.99th(us): 87000
UPDATE - Takes(s): 29.9, Count: 63646, OPS: 2126.1, Avg(us): 9993, Min(us): 4709, Max(us): 107085, 99th(us): 20000, 99.9th(us): 36000, 99.99th(us): 103000
READ   - Takes(s): 40.0, Count: 85384, OPS: 2136.6, Avg(us): 1737, Min(us): 734, Max(us): 88493, 99th(us): 4000, 99.9th(us): 6000, 99.99th(us): 38000
UPDATE - Takes(s): 39.9, Count: 85478, OPS: 2140.4, Avg(us): 9924, Min(us): 4709, Max(us): 107085, 99th(us): 19000, 99.9th(us): 33000, 99.99th(us): 78000
READ   - Takes(s): 50.0, Count: 107667, OPS: 2154.9, Avg(us): 1730, Min(us): 717, Max(us): 88493, 99th(us): 4000, 99.9th(us): 6000, 99.99th(us): 37000
UPDATE - Takes(s): 49.9, Count: 107485, OPS: 2152.5, Avg(us): 9857, Min(us): 4709, Max(us): 107085, 99th(us): 18000, 99.9th(us): 32000, 99.99th(us): 67000
READ   - Takes(s): 60.0, Count: 128839, OPS: 2148.6, Avg(us): 1727, Min(us): 717, Max(us): 88493, 99th(us): 4000, 99.9th(us): 6000, 99.99th(us): 36000
UPDATE - Takes(s): 59.9, Count: 128858, OPS: 2149.9, Avg(us): 9875, Min(us): 4709, Max(us): 107085, 99th(us): 19000, 99.9th(us): 34000, 99.99th(us): 65000
READ   - Takes(s): 70.0, Count: 148374, OPS: 2120.7, Avg(us): 1735, Min(us): 717, Max(us): 88493, 99th(us): 4000, 99.9th(us): 6000, 99.99th(us): 35000
UPDATE - Takes(s): 69.9, Count: 148200, OPS: 2119.1, Avg(us): 10033, Min(us): 4709, Max(us): 107085, 99th(us): 21000, 99.9th(us): 34000, 99.99th(us): 63000
READ   - Takes(s): 80.0, Count: 167462, OPS: 2094.2, Avg(us): 1740, Min(us): 717, Max(us): 88493, 99th(us): 4000, 99.9th(us): 6000, 99.99th(us): 35000
UPDATE - Takes(s): 79.9, Count: 167456, OPS: 2094.9, Avg(us): 10164, Min(us): 4709, Max(us): 107085, 99th(us): 22000, 99.9th(us): 34000, 99.99th(us): 63000
READ   - Takes(s): 90.0, Count: 187348, OPS: 2082.5, Avg(us): 1745, Min(us): 717, Max(us): 88493, 99th(us): 4000, 99.9th(us): 6000, 99.99th(us): 33000
UPDATE - Takes(s): 89.9, Count: 187176, OPS: 2081.2, Avg(us): 10236, Min(us): 4709, Max(us): 107085, 99th(us): 22000, 99.9th(us): 34000, 99.99th(us): 58000
READ   - Takes(s): 100.0, Count: 208289, OPS: 2083.7, Avg(us): 1742, Min(us): 717, Max(us): 88493, 99th(us): 4000, 99.9th(us): 6000, 99.99th(us): 33000
UPDATE - Takes(s): 99.9, Count: 208121, OPS: 2082.5, Avg(us): 10231, Min(us): 4709, Max(us): 107085, 99th(us): 22000, 99.9th(us): 34000, 99.99th(us): 57000
READ   - Takes(s): 110.0, Count: 230350, OPS: 2094.8, Avg(us): 1739, Min(us): 717, Max(us): 88493, 99th(us): 4000, 99.9th(us): 6000, 99.99th(us): 33000
UPDATE - Takes(s): 109.9, Count: 230095, OPS: 2093.0, Avg(us): 10172, Min(us): 4709, Max(us): 107085, 99th(us): 22000, 99.9th(us): 33000, 99.99th(us): 54000
READ   - Takes(s): 120.0, Count: 252350, OPS: 2103.6, Avg(us): 1737, Min(us): 655, Max(us): 88493, 99th(us): 4000, 99.9th(us): 6000, 99.99th(us): 33000
UPDATE - Takes(s): 119.9, Count: 251376, OPS: 2095.9, Avg(us): 10153, Min(us): 4709, Max(us): 107085, 99th(us): 22000, 99.9th(us): 34000, 99.99th(us): 54000
READ   - Takes(s): 130.0, Count: 274227, OPS: 2110.0, Avg(us): 1736, Min(us): 655, Max(us): 88493, 99th(us): 4000, 99.9th(us): 6000, 99.99th(us): 32000
UPDATE - Takes(s): 129.9, Count: 273188, OPS: 2102.5, Avg(us): 10116, Min(us): 4709, Max(us): 107085, 99th(us): 22000, 99.9th(us): 34000, 99.99th(us): 54000
READ   - Takes(s): 140.0, Count: 295985, OPS: 2114.7, Avg(us): 1734, Min(us): 655, Max(us): 88493, 99th(us): 4000, 99.9th(us): 6000, 99.99th(us): 32000
UPDATE - Takes(s): 139.9, Count: 295075, OPS: 2108.6, Avg(us): 10084, Min(us): 4542, Max(us): 107085, 99th(us): 21000, 99.9th(us): 34000, 99.99th(us): 53000
READ   - Takes(s): 150.0, Count: 317998, OPS: 2120.5, Avg(us): 1732, Min(us): 655, Max(us): 88493, 99th(us): 4000, 99.9th(us): 6000, 99.99th(us): 32000
UPDATE - Takes(s): 149.9, Count: 317354, OPS: 2116.6, Avg(us): 10043, Min(us): 4542, Max(us): 107085, 99th(us): 21000, 99.9th(us): 34000, 99.99th(us): 53000
READ   - Takes(s): 160.0, Count: 339955, OPS: 2125.2, Avg(us): 1730, Min(us): 655, Max(us): 88493, 99th(us): 4000, 99.9th(us): 6000, 99.99th(us): 32000
UPDATE - Takes(s): 159.9, Count: 339464, OPS: 2122.5, Avg(us): 10013, Min(us): 4542, Max(us): 107085, 99th(us): 21000, 99.9th(us): 34000, 99.99th(us): 52000
READ   - Takes(s): 170.0, Count: 361576, OPS: 2127.4, Avg(us): 1729, Min(us): 655, Max(us): 88493, 99th(us): 4000, 99.9th(us): 6000, 99.99th(us): 32000
UPDATE - Takes(s): 169.9, Count: 361053, OPS: 2124.6, Avg(us): 10001, Min(us): 4542, Max(us): 107085, 99th(us): 21000, 99.9th(us): 34000, 99.99th(us): 52000
READ   - Takes(s): 180.0, Count: 383201, OPS: 2129.3, Avg(us): 1729, Min(us): 655, Max(us): 88493, 99th(us): 4000, 99.9th(us): 6000, 99.99th(us): 32000
UPDATE - Takes(s): 179.9, Count: 382784, OPS: 2127.3, Avg(us): 9987, Min(us): 4542, Max(us): 144539, 99th(us): 21000, 99.9th(us): 35000, 99.99th(us): 63000
READ   - Takes(s): 190.0, Count: 405166, OPS: 2132.9, Avg(us): 1728, Min(us): 655, Max(us): 88493, 99th(us): 4000, 99.9th(us): 6000, 99.99th(us): 32000
UPDATE - Takes(s): 189.9, Count: 404785, OPS: 2131.2, Avg(us): 9968, Min(us): 4542, Max(us): 144539, 99th(us): 21000, 99.9th(us): 35000, 99.99th(us): 63000
READ   - Takes(s): 200.0, Count: 427756, OPS: 2139.2, Avg(us): 1726, Min(us): 655, Max(us): 88493, 99th(us): 4000, 99.9th(us): 6000, 99.99th(us): 32000
UPDATE - Takes(s): 199.9, Count: 427283, OPS: 2137.1, Avg(us): 9936, Min(us): 4542, Max(us): 144539, 99th(us): 20000, 99.9th(us): 35000, 99.99th(us): 60000
READ   - Takes(s): 210.0, Count: 450530, OPS: 2145.8, Avg(us): 1724, Min(us): 655, Max(us): 88493, 99th(us): 4000, 99.9th(us): 6000, 99.99th(us): 32000
UPDATE - Takes(s): 209.9, Count: 449942, OPS: 2143.2, Avg(us): 9904, Min(us): 4542, Max(us): 144539, 99th(us): 20000, 99.9th(us): 34000, 99.99th(us): 58000
READ   - Takes(s): 220.0, Count: 472069, OPS: 2146.1, Avg(us): 1723, Min(us): 655, Max(us): 88493, 99th(us): 4000, 99.9th(us): 6000, 99.99th(us): 33000
UPDATE - Takes(s): 219.9, Count: 471654, OPS: 2144.5, Avg(us): 9899, Min(us): 4542, Max(us): 144539, 99th(us): 20000, 99.9th(us): 34000, 99.99th(us): 57000
READ   - Takes(s): 230.0, Count: 490773, OPS: 2134.1, Avg(us): 1724, Min(us): 655, Max(us): 88493, 99th(us): 4000, 99.9th(us): 6000, 99.99th(us): 32000
UPDATE - Takes(s): 229.9, Count: 490599, OPS: 2133.6, Avg(us): 9959, Min(us): 4542, Max(us): 144539, 99th(us): 21000, 99.9th(us): 35000, 99.99th(us): 55000
Run finished, takes 3m56.060447434s
READ   - Takes(s): 236.0, Count: 500072, OPS: 2118.7, Avg(us): 1725, Min(us): 655, Max(us): 88493, 99th(us): 4000, 99.9th(us): 6000, 99.99th(us): 32000
UPDATE - Takes(s): 236.0, Count: 499928, OPS: 2118.4, Avg(us): 9978, Min(us): 4542, Max(us): 144539, 99th(us): 21000, 99.9th(us): 35000, 99.99th(us): 55000
[2022/06/06 11:57:46.777 -05:00] [INFO] [client.go:754] ["[pd] stop fetching the pending tso requests due to context canceled"] [dc-location=global]
[2022/06/06 11:57:46.777 -05:00] [INFO] [client.go:692] ["[pd] exit tso dispatcher"] [dc-location=global]
