[2022/06/06 12:33:58.389 -05:00] [INFO] [client.go:378] ["[pd] create pd client with endpoints"] [pd-address="[10.10.1.4:2379]"]
[2022/06/06 12:33:58.396 -05:00] [INFO] [base_client.go:350] ["[pd] switch leader"] [new-leader=http://10.10.1.4:2379] [old-leader=]
[2022/06/06 12:33:58.396 -05:00] [INFO] [base_client.go:105] ["[pd] init cluster id"] [cluster-id=7105848244335012427]
[2022/06/06 12:33:58.397 -05:00] [INFO] [client.go:673] ["[pd] tso dispatcher created"] [dc-location=global]
***************** properties *****************
"insertproportion"="0"
"requestdistribution"="uniform"
"debug.pprof"=":6060"
"tikv.conncount"="128"
"verbose"="false"
"threadcount"="110"
"tikv.type"="raw"
"scanproportion"="0"
"readproportion"="0.5"
"readallfields"="true"
"updateproportion"="0.5"
"tikv.batchsize"="128"
"dotransactions"="true"
"recordcount"="1000000"
"workload"="core"
"operationcount"="1000000"
"tikv.pd"="10.10.1.4:2379"
**********************************************
READ   - Takes(s): 10.0, Count: 51893, OPS: 5212.6, Avg(us): 2326, Min(us): 570, Max(us): 107831, 99th(us): 9000, 99.9th(us): 49000, 99.99th(us): 103000
UPDATE - Takes(s): 9.9, Count: 51685, OPS: 5208.3, Avg(us): 18888, Min(us): 6119, Max(us): 139829, 99th(us): 38000, 99.9th(us): 78000, 99.99th(us): 127000
READ   - Takes(s): 20.0, Count: 104470, OPS: 5235.2, Avg(us): 2259, Min(us): 570, Max(us): 107831, 99th(us): 8000, 99.9th(us): 36000, 99.99th(us): 102000
UPDATE - Takes(s): 19.9, Count: 103724, OPS: 5206.0, Avg(us): 18890, Min(us): 5490, Max(us): 166299, 99th(us): 41000, 99.9th(us): 118000, 99.99th(us): 158000
READ   - Takes(s): 30.0, Count: 158908, OPS: 5304.8, Avg(us): 2239, Min(us): 570, Max(us): 107831, 99th(us): 8000, 99.9th(us): 29000, 99.99th(us): 99000
UPDATE - Takes(s): 29.9, Count: 158240, OPS: 5288.1, Avg(us): 18566, Min(us): 5490, Max(us): 166299, 99th(us): 40000, 99.9th(us): 99000, 99.99th(us): 157000
READ   - Takes(s): 40.0, Count: 215349, OPS: 5389.8, Avg(us): 2239, Min(us): 570, Max(us): 107831, 99th(us): 8000, 99.9th(us): 27000, 99.99th(us): 97000
UPDATE - Takes(s): 39.9, Count: 214917, OPS: 5383.2, Avg(us): 18191, Min(us): 5414, Max(us): 166299, 99th(us): 39000, 99.9th(us): 88000, 99.99th(us): 156000
READ   - Takes(s): 50.0, Count: 272292, OPS: 5450.7, Avg(us): 2246, Min(us): 570, Max(us): 107831, 99th(us): 9000, 99.9th(us): 27000, 99.99th(us): 95000
UPDATE - Takes(s): 49.9, Count: 272301, OPS: 5454.4, Avg(us): 17914, Min(us): 4641, Max(us): 166299, 99th(us): 38000, 99.9th(us): 82000, 99.99th(us): 147000
READ   - Takes(s): 60.0, Count: 327357, OPS: 5460.0, Avg(us): 2244, Min(us): 570, Max(us): 107831, 99th(us): 9000, 99.9th(us): 26000, 99.99th(us): 68000
UPDATE - Takes(s): 59.9, Count: 327802, OPS: 5470.3, Avg(us): 17856, Min(us): 4641, Max(us): 166299, 99th(us): 38000, 99.9th(us): 80000, 99.99th(us): 145000
READ   - Takes(s): 70.0, Count: 379826, OPS: 5429.6, Avg(us): 2249, Min(us): 570, Max(us): 107831, 99th(us): 9000, 99.9th(us): 26000, 99.99th(us): 66000
UPDATE - Takes(s): 69.9, Count: 380863, OPS: 5446.8, Avg(us): 17938, Min(us): 4641, Max(us): 166299, 99th(us): 38000, 99.9th(us): 78000, 99.99th(us): 142000
READ   - Takes(s): 80.0, Count: 432443, OPS: 5408.6, Avg(us): 2242, Min(us): 570, Max(us): 107831, 99th(us): 9000, 99.9th(us): 25000, 99.99th(us): 66000
UPDATE - Takes(s): 79.9, Count: 433232, OPS: 5420.6, Avg(us): 18039, Min(us): 4641, Max(us): 166299, 99th(us): 38000, 99.9th(us): 78000, 99.99th(us): 141000
READ   - Takes(s): 90.0, Count: 486460, OPS: 5407.8, Avg(us): 2239, Min(us): 570, Max(us): 107831, 99th(us): 9000, 99.9th(us): 25000, 99.99th(us): 63000
UPDATE - Takes(s): 89.9, Count: 487164, OPS: 5417.5, Avg(us): 18050, Min(us): 4641, Max(us): 166299, 99th(us): 38000, 99.9th(us): 78000, 99.99th(us): 139000
Run finished, takes 1m33.316427811s
READ   - Takes(s): 93.3, Count: 499610, OPS: 5356.5, Avg(us): 2238, Min(us): 570, Max(us): 107831, 99th(us): 9000, 99.9th(us): 25000, 99.99th(us): 64000
UPDATE - Takes(s): 93.2, Count: 500290, OPS: 5365.6, Avg(us): 17998, Min(us): 4641, Max(us): 166299, 99th(us): 38000, 99.9th(us): 77000, 99.99th(us): 139000
[2022/06/06 12:35:31.714 -05:00] [INFO] [client.go:754] ["[pd] stop fetching the pending tso requests due to context canceled"] [dc-location=global]
[2022/06/06 12:35:31.715 -05:00] [INFO] [client.go:692] ["[pd] exit tso dispatcher"] [dc-location=global]
