[2022/06/06 12:23:30.313 -05:00] [INFO] [client.go:378] ["[pd] create pd client with endpoints"] [pd-address="[10.10.1.4:2379]"]
[2022/06/06 12:23:30.318 -05:00] [INFO] [base_client.go:350] ["[pd] switch leader"] [new-leader=http://10.10.1.4:2379] [old-leader=]
[2022/06/06 12:23:30.319 -05:00] [INFO] [base_client.go:105] ["[pd] init cluster id"] [cluster-id=7105848244335012427]
[2022/06/06 12:23:30.320 -05:00] [INFO] [client.go:673] ["[pd] tso dispatcher created"] [dc-location=global]
***************** properties *****************
"operationcount"="1000000"
"debug.pprof"=":6060"
"requestdistribution"="uniform"
"tikv.pd"="10.10.1.4:2379"
"tikv.type"="raw"
"dotransactions"="true"
"insertproportion"="0"
"workload"="core"
"recordcount"="1000000"
"tikv.batchsize"="128"
"updateproportion"="0.5"
"verbose"="false"
"readproportion"="0.5"
"tikv.conncount"="128"
"readallfields"="true"
"threadcount"="80"
"scanproportion"="0"
**********************************************
READ   - Takes(s): 10.0, Count: 47363, OPS: 4756.5, Avg(us): 2090, Min(us): 598, Max(us): 94208, 99th(us): 7000, 99.9th(us): 36000, 99.99th(us): 93000
UPDATE - Takes(s): 9.9, Count: 47407, OPS: 4772.0, Avg(us): 14730, Min(us): 5470, Max(us): 118997, 99th(us): 26000, 99.9th(us): 61000, 99.99th(us): 114000
READ   - Takes(s): 20.0, Count: 93254, OPS: 4672.6, Avg(us): 2044, Min(us): 598, Max(us): 94208, 99th(us): 7000, 99.9th(us): 19000, 99.99th(us): 91000
UPDATE - Takes(s): 19.9, Count: 93428, OPS: 4686.8, Avg(us): 15040, Min(us): 5470, Max(us): 118997, 99th(us): 29000, 99.9th(us): 52000, 99.99th(us): 113000
READ   - Takes(s): 30.0, Count: 140778, OPS: 4699.3, Avg(us): 2032, Min(us): 598, Max(us): 94208, 99th(us): 7000, 99.9th(us): 18000, 99.99th(us): 87000
UPDATE - Takes(s): 29.9, Count: 140991, OPS: 4710.0, Avg(us): 14953, Min(us): 4938, Max(us): 118997, 99th(us): 28000, 99.9th(us): 51000, 99.99th(us): 112000
READ   - Takes(s): 40.0, Count: 186786, OPS: 4674.6, Avg(us): 2020, Min(us): 598, Max(us): 94208, 99th(us): 7000, 99.9th(us): 18000, 99.99th(us): 86000
UPDATE - Takes(s): 39.9, Count: 187007, OPS: 4682.9, Avg(us): 15055, Min(us): 4866, Max(us): 118997, 99th(us): 29000, 99.9th(us): 53000, 99.99th(us): 109000
READ   - Takes(s): 50.0, Count: 230272, OPS: 4609.3, Avg(us): 2017, Min(us): 598, Max(us): 94208, 99th(us): 7000, 99.9th(us): 17000, 99.99th(us): 86000
UPDATE - Takes(s): 49.9, Count: 230274, OPS: 4611.5, Avg(us): 15315, Min(us): 4866, Max(us): 118997, 99th(us): 31000, 99.9th(us): 55000, 99.99th(us): 103000
READ   - Takes(s): 60.0, Count: 273858, OPS: 4567.5, Avg(us): 2010, Min(us): 598, Max(us): 94208, 99th(us): 7000, 99.9th(us): 16000, 99.99th(us): 59000
UPDATE - Takes(s): 59.9, Count: 274196, OPS: 4574.9, Avg(us): 15461, Min(us): 4866, Max(us): 118997, 99th(us): 32000, 99.9th(us): 54000, 99.99th(us): 76000
READ   - Takes(s): 70.0, Count: 316893, OPS: 4529.8, Avg(us): 2008, Min(us): 598, Max(us): 94208, 99th(us): 7000, 99.9th(us): 16000, 99.99th(us): 58000
UPDATE - Takes(s): 69.9, Count: 317378, OPS: 4538.2, Avg(us): 15603, Min(us): 4866, Max(us): 118997, 99th(us): 33000, 99.9th(us): 61000, 99.99th(us): 103000
READ   - Takes(s): 80.0, Count: 363310, OPS: 4543.8, Avg(us): 2008, Min(us): 598, Max(us): 94208, 99th(us): 7000, 99.9th(us): 15000, 99.99th(us): 56000
UPDATE - Takes(s): 79.9, Count: 363558, OPS: 4548.2, Avg(us): 15560, Min(us): 4866, Max(us): 118997, 99th(us): 32000, 99.9th(us): 60000, 99.99th(us): 98000
READ   - Takes(s): 90.0, Count: 411013, OPS: 4569.0, Avg(us): 2007, Min(us): 598, Max(us): 94208, 99th(us): 7000, 99.9th(us): 15000, 99.99th(us): 56000
UPDATE - Takes(s): 89.9, Count: 411234, OPS: 4572.6, Avg(us): 15465, Min(us): 4866, Max(us): 118997, 99th(us): 32000, 99.9th(us): 60000, 99.99th(us): 97000
READ   - Takes(s): 100.0, Count: 457732, OPS: 4579.3, Avg(us): 2008, Min(us): 598, Max(us): 94208, 99th(us): 7000, 99.9th(us): 15000, 99.99th(us): 56000
UPDATE - Takes(s): 99.9, Count: 458195, OPS: 4585.0, Avg(us): 15418, Min(us): 4866, Max(us): 118997, 99th(us): 32000, 99.9th(us): 61000, 99.99th(us): 94000
READ   - Takes(s): 110.0, Count: 499767, OPS: 4545.1, Avg(us): 2007, Min(us): 598, Max(us): 94208, 99th(us): 7000, 99.9th(us): 15000, 99.99th(us): 56000
UPDATE - Takes(s): 109.9, Count: 500094, OPS: 4549.0, Avg(us): 15347, Min(us): 4866, Max(us): 118997, 99th(us): 31000, 99.9th(us): 61000, 99.99th(us): 94000
Run finished, takes 1m50.585972301s
READ   - Takes(s): 110.5, Count: 499831, OPS: 4521.6, Avg(us): 2007, Min(us): 598, Max(us): 94208, 99th(us): 7000, 99.9th(us): 15000, 99.99th(us): 56000
UPDATE - Takes(s): 110.5, Count: 500164, OPS: 4525.5, Avg(us): 15347, Min(us): 4866, Max(us): 118997, 99th(us): 31000, 99.9th(us): 61000, 99.99th(us): 94000
[2022/06/06 12:25:20.907 -05:00] [INFO] [client.go:754] ["[pd] stop fetching the pending tso requests due to context canceled"] [dc-location=global]
[2022/06/06 12:25:20.908 -05:00] [INFO] [client.go:692] ["[pd] exit tso dispatcher"] [dc-location=global]
