[2022/06/06 12:21:32.565 -05:00] [INFO] [client.go:378] ["[pd] create pd client with endpoints"] [pd-address="[10.10.1.4:2379]"]
[2022/06/06 12:21:32.572 -05:00] [INFO] [base_client.go:350] ["[pd] switch leader"] [new-leader=http://10.10.1.4:2379] [old-leader=]
[2022/06/06 12:21:32.572 -05:00] [INFO] [base_client.go:105] ["[pd] init cluster id"] [cluster-id=7105848244335012427]
[2022/06/06 12:21:32.573 -05:00] [INFO] [client.go:673] ["[pd] tso dispatcher created"] [dc-location=global]
***************** properties *****************
"readproportion"="0.5"
"requestdistribution"="uniform"
"threadcount"="75"
"verbose"="false"
"scanproportion"="0"
"tikv.type"="raw"
"operationcount"="1000000"
"updateproportion"="0.5"
"tikv.pd"="10.10.1.4:2379"
"insertproportion"="0"
"readallfields"="true"
"tikv.batchsize"="128"
"dotransactions"="true"
"tikv.conncount"="128"
"workload"="core"
"recordcount"="1000000"
"debug.pprof"=":6060"
**********************************************
READ   - Takes(s): 10.0, Count: 40353, OPS: 4054.6, Avg(us): 2078, Min(us): 694, Max(us): 99558, 99th(us): 6000, 99.9th(us): 47000, 99.99th(us): 97000
UPDATE - Takes(s): 9.9, Count: 40046, OPS: 4032.1, Avg(us): 16584, Min(us): 6179, Max(us): 120823, 99th(us): 34000, 99.9th(us): 71000, 99.99th(us): 118000
READ   - Takes(s): 20.0, Count: 81268, OPS: 4073.1, Avg(us): 2025, Min(us): 668, Max(us): 99558, 99th(us): 6000, 99.9th(us): 31000, 99.99th(us): 93000
UPDATE - Takes(s): 19.9, Count: 80808, OPS: 4054.3, Avg(us): 16483, Min(us): 5482, Max(us): 120823, 99th(us): 33000, 99.9th(us): 60000, 99.99th(us): 117000
READ   - Takes(s): 30.0, Count: 123603, OPS: 4126.7, Avg(us): 2004, Min(us): 664, Max(us): 99558, 99th(us): 6000, 99.9th(us): 22000, 99.99th(us): 92000
UPDATE - Takes(s): 29.9, Count: 122941, OPS: 4107.4, Avg(us): 16246, Min(us): 5339, Max(us): 120823, 99th(us): 33000, 99.9th(us): 65000, 99.99th(us): 117000
READ   - Takes(s): 40.0, Count: 167834, OPS: 4200.9, Avg(us): 1995, Min(us): 664, Max(us): 99558, 99th(us): 6000, 99.9th(us): 19000, 99.99th(us): 92000
UPDATE - Takes(s): 39.9, Count: 167323, OPS: 4190.3, Avg(us): 15890, Min(us): 5309, Max(us): 120823, 99th(us): 32000, 99.9th(us): 61000, 99.99th(us): 109000
READ   - Takes(s): 50.0, Count: 213563, OPS: 4275.3, Avg(us): 1991, Min(us): 628, Max(us): 99558, 99th(us): 7000, 99.9th(us): 17000, 99.99th(us): 59000
UPDATE - Takes(s): 49.9, Count: 212891, OPS: 4263.7, Avg(us): 15579, Min(us): 5309, Max(us): 120823, 99th(us): 31000, 99.9th(us): 59000, 99.99th(us): 106000
READ   - Takes(s): 60.0, Count: 257348, OPS: 4292.6, Avg(us): 1989, Min(us): 628, Max(us): 99558, 99th(us): 7000, 99.9th(us): 17000, 99.99th(us): 56000
UPDATE - Takes(s): 59.9, Count: 256970, OPS: 4287.7, Avg(us): 15483, Min(us): 5309, Max(us): 120823, 99th(us): 32000, 99.9th(us): 59000, 99.99th(us): 99000
READ   - Takes(s): 70.0, Count: 302018, OPS: 4317.5, Avg(us): 1982, Min(us): 628, Max(us): 99558, 99th(us): 7000, 99.9th(us): 15000, 99.99th(us): 55000
UPDATE - Takes(s): 69.9, Count: 302022, OPS: 4318.8, Avg(us): 15364, Min(us): 5309, Max(us): 120823, 99th(us): 31000, 99.9th(us): 58000, 99.99th(us): 96000
READ   - Takes(s): 80.0, Count: 346458, OPS: 4333.3, Avg(us): 1975, Min(us): 628, Max(us): 99558, 99th(us): 6000, 99.9th(us): 15000, 99.99th(us): 55000
UPDATE - Takes(s): 79.9, Count: 346184, OPS: 4331.0, Avg(us): 15319, Min(us): 5263, Max(us): 120823, 99th(us): 31000, 99.9th(us): 57000, 99.99th(us): 94000
READ   - Takes(s): 90.0, Count: 387849, OPS: 4311.7, Avg(us): 1975, Min(us): 628, Max(us): 99558, 99th(us): 6000, 99.9th(us): 14000, 99.99th(us): 55000
UPDATE - Takes(s): 89.9, Count: 387547, OPS: 4309.4, Avg(us): 15405, Min(us): 5069, Max(us): 120823, 99th(us): 31000, 99.9th(us): 58000, 99.99th(us): 88000
READ   - Takes(s): 100.0, Count: 430135, OPS: 4303.4, Avg(us): 1973, Min(us): 628, Max(us): 99558, 99th(us): 6000, 99.9th(us): 13000, 99.99th(us): 55000
UPDATE - Takes(s): 99.9, Count: 429278, OPS: 4295.7, Avg(us): 15458, Min(us): 5069, Max(us): 120823, 99th(us): 31000, 99.9th(us): 58000, 99.99th(us): 88000
READ   - Takes(s): 110.0, Count: 472723, OPS: 4299.4, Avg(us): 1967, Min(us): 622, Max(us): 99558, 99th(us): 6000, 99.9th(us): 13000, 99.99th(us): 55000
UPDATE - Takes(s): 109.9, Count: 471889, OPS: 4292.6, Avg(us): 15477, Min(us): 5069, Max(us): 120823, 99th(us): 32000, 99.9th(us): 58000, 99.99th(us): 84000
Run finished, takes 1m57.637383833s
READ   - Takes(s): 117.6, Count: 500245, OPS: 4254.2, Avg(us): 1965, Min(us): 622, Max(us): 99558, 99th(us): 6000, 99.9th(us): 13000, 99.99th(us): 54000
UPDATE - Takes(s): 117.6, Count: 499729, OPS: 4250.5, Avg(us): 15434, Min(us): 5069, Max(us): 120823, 99th(us): 32000, 99.9th(us): 58000, 99.99th(us): 84000
[2022/06/06 12:23:30.211 -05:00] [INFO] [client.go:754] ["[pd] stop fetching the pending tso requests due to context canceled"] [dc-location=global]
[2022/06/06 12:23:30.211 -05:00] [INFO] [client.go:692] ["[pd] exit tso dispatcher"] [dc-location=global]
