[2022/06/06 12:17:24.399 -05:00] [INFO] [client.go:378] ["[pd] create pd client with endpoints"] [pd-address="[10.10.1.4:2379]"]
[2022/06/06 12:17:24.406 -05:00] [INFO] [base_client.go:350] ["[pd] switch leader"] [new-leader=http://10.10.1.4:2379] [old-leader=]
[2022/06/06 12:17:24.406 -05:00] [INFO] [base_client.go:105] ["[pd] init cluster id"] [cluster-id=7105848244335012427]
[2022/06/06 12:17:24.406 -05:00] [INFO] [client.go:673] ["[pd] tso dispatcher created"] [dc-location=global]
***************** properties *****************
"dotransactions"="true"
"requestdistribution"="uniform"
"readproportion"="0.5"
"threadcount"="65"
"verbose"="false"
"tikv.type"="raw"
"debug.pprof"=":6060"
"tikv.pd"="10.10.1.4:2379"
"recordcount"="1000000"
"updateproportion"="0.5"
"operationcount"="1000000"
"workload"="core"
"insertproportion"="0"
"readallfields"="true"
"scanproportion"="0"
"tikv.conncount"="128"
"tikv.batchsize"="128"
**********************************************
READ   - Takes(s): 10.0, Count: 36582, OPS: 3673.8, Avg(us): 2037, Min(us): 691, Max(us): 101355, 99th(us): 6000, 99.9th(us): 45000, 99.99th(us): 98000
UPDATE - Takes(s): 9.9, Count: 36496, OPS: 3675.3, Avg(us): 15721, Min(us): 5387, Max(us): 135802, 99th(us): 30000, 99.9th(us): 56000, 99.99th(us): 123000
READ   - Takes(s): 20.0, Count: 74273, OPS: 3721.6, Avg(us): 1973, Min(us): 691, Max(us): 101355, 99th(us): 6000, 99.9th(us): 29000, 99.99th(us): 98000
UPDATE - Takes(s): 19.9, Count: 74430, OPS: 3734.6, Avg(us): 15453, Min(us): 5179, Max(us): 135802, 99th(us): 31000, 99.9th(us): 55000, 99.99th(us): 121000
READ   - Takes(s): 30.0, Count: 114944, OPS: 3837.0, Avg(us): 1955, Min(us): 670, Max(us): 101355, 99th(us): 6000, 99.9th(us): 24000, 99.99th(us): 97000
UPDATE - Takes(s): 29.9, Count: 114629, OPS: 3830.0, Avg(us): 15013, Min(us): 4934, Max(us): 135802, 99th(us): 30000, 99.9th(us): 53000, 99.99th(us): 119000
READ   - Takes(s): 40.0, Count: 156506, OPS: 3916.8, Avg(us): 1929, Min(us): 646, Max(us): 101355, 99th(us): 6000, 99.9th(us): 18000, 99.99th(us): 96000
UPDATE - Takes(s): 39.9, Count: 156295, OPS: 3914.3, Avg(us): 14664, Min(us): 4934, Max(us): 135802, 99th(us): 29000, 99.9th(us): 52000, 99.99th(us): 116000
READ   - Takes(s): 50.0, Count: 197741, OPS: 3958.2, Avg(us): 1916, Min(us): 646, Max(us): 101355, 99th(us): 6000, 99.9th(us): 15000, 99.99th(us): 95000
UPDATE - Takes(s): 49.9, Count: 197836, OPS: 3962.3, Avg(us): 14474, Min(us): 4934, Max(us): 135802, 99th(us): 29000, 99.9th(us): 55000, 99.99th(us): 82000
READ   - Takes(s): 60.0, Count: 239741, OPS: 3998.5, Avg(us): 1912, Min(us): 646, Max(us): 101355, 99th(us): 6000, 99.9th(us): 13000, 99.99th(us): 74000
UPDATE - Takes(s): 59.9, Count: 239419, OPS: 3995.0, Avg(us): 14339, Min(us): 4934, Max(us): 135802, 99th(us): 29000, 99.9th(us): 54000, 99.99th(us): 81000
READ   - Takes(s): 70.0, Count: 281621, OPS: 4025.6, Avg(us): 1907, Min(us): 646, Max(us): 101355, 99th(us): 6000, 99.9th(us): 12000, 99.99th(us): 53000
UPDATE - Takes(s): 69.9, Count: 281288, OPS: 4022.4, Avg(us): 14229, Min(us): 4934, Max(us): 135802, 99th(us): 28000, 99.9th(us): 53000, 99.99th(us): 78000
READ   - Takes(s): 80.0, Count: 321386, OPS: 4019.5, Avg(us): 1895, Min(us): 629, Max(us): 101355, 99th(us): 6000, 99.9th(us): 11000, 99.99th(us): 53000
UPDATE - Takes(s): 79.9, Count: 321184, OPS: 4018.3, Avg(us): 14254, Min(us): 4716, Max(us): 135802, 99th(us): 29000, 99.9th(us): 52000, 99.99th(us): 77000
READ   - Takes(s): 90.0, Count: 358280, OPS: 3982.8, Avg(us): 1897, Min(us): 629, Max(us): 101355, 99th(us): 6000, 99.9th(us): 11000, 99.99th(us): 51000
UPDATE - Takes(s): 89.9, Count: 358376, OPS: 3985.1, Avg(us): 14391, Min(us): 4716, Max(us): 135802, 99th(us): 30000, 99.9th(us): 53000, 99.99th(us): 76000
READ   - Takes(s): 100.0, Count: 396357, OPS: 3965.3, Avg(us): 1896, Min(us): 629, Max(us): 101355, 99th(us): 6000, 99.9th(us): 11000, 99.99th(us): 50000
UPDATE - Takes(s): 99.9, Count: 396378, OPS: 3966.6, Avg(us): 14466, Min(us): 4716, Max(us): 135802, 99th(us): 30000, 99.9th(us): 52000, 99.99th(us): 75000
READ   - Takes(s): 110.0, Count: 434172, OPS: 3948.6, Avg(us): 1897, Min(us): 629, Max(us): 101355, 99th(us): 6000, 99.9th(us): 10000, 99.99th(us): 50000
UPDATE - Takes(s): 109.9, Count: 434429, OPS: 3951.9, Avg(us): 14526, Min(us): 4716, Max(us): 157512, 99th(us): 30000, 99.9th(us): 53000, 99.99th(us): 116000
READ   - Takes(s): 120.0, Count: 475245, OPS: 3961.8, Avg(us): 1895, Min(us): 629, Max(us): 101355, 99th(us): 6000, 99.9th(us): 10000, 99.99th(us): 49000
UPDATE - Takes(s): 119.9, Count: 475367, OPS: 3963.7, Avg(us): 14477, Min(us): 4716, Max(us): 157512, 99th(us): 30000, 99.9th(us): 53000, 99.99th(us): 115000
Run finished, takes 2m7.390139027s
READ   - Takes(s): 127.3, Count: 499908, OPS: 3925.6, Avg(us): 1893, Min(us): 629, Max(us): 101355, 99th(us): 6000, 99.9th(us): 10000, 99.99th(us): 49000
UPDATE - Takes(s): 127.3, Count: 500052, OPS: 3927.5, Avg(us): 14427, Min(us): 4716, Max(us): 157512, 99th(us): 29000, 99.9th(us): 52000, 99.99th(us): 108000
[2022/06/06 12:19:31.797 -05:00] [INFO] [client.go:754] ["[pd] stop fetching the pending tso requests due to context canceled"] [dc-location=global]
[2022/06/06 12:19:31.797 -05:00] [INFO] [client.go:692] ["[pd] exit tso dispatcher"] [dc-location=global]
