[2022/06/06 14:16:52.595 -05:00] [INFO] [client.go:378] ["[pd] create pd client with endpoints"] [pd-address="[10.10.1.4:2379]"]
[2022/06/06 14:16:52.602 -05:00] [INFO] [base_client.go:350] ["[pd] switch leader"] [new-leader=http://10.10.1.4:2379] [old-leader=]
[2022/06/06 14:16:52.602 -05:00] [INFO] [base_client.go:105] ["[pd] init cluster id"] [cluster-id=7106192817000404639]
[2022/06/06 14:16:52.603 -05:00] [INFO] [client.go:673] ["[pd] tso dispatcher created"] [dc-location=global]
***************** properties *****************
"tikv.conncount"="128"
"scanproportion"="0"
"readallfields"="true"
"threadcount"="25"
"requestdistribution"="uniform"
"tikv.pd"="10.10.1.4:2379"
"dotransactions"="true"
"tikv.type"="raw"
"debug.pprof"=":6060"
"recordcount"="1000000"
"tikv.batchsize"="128"
"updateproportion"="0"
"verbose"="false"
"operationcount"="1000000"
"workload"="core"
"insertproportion"="0"
"readproportion"="1"
**********************************************
READ   - Takes(s): 10.0, Count: 129246, OPS: 12971.7, Avg(us): 1923, Min(us): 836, Max(us): 91337, 99th(us): 5000, 99.9th(us): 8000, 99.99th(us): 66000
READ   - Takes(s): 20.0, Count: 259453, OPS: 12996.2, Avg(us): 1916, Min(us): 836, Max(us): 91337, 99th(us): 4000, 99.9th(us): 7000, 99.99th(us): 72000
READ   - Takes(s): 30.0, Count: 389891, OPS: 13012.1, Avg(us): 1913, Min(us): 827, Max(us): 91337, 99th(us): 4000, 99.9th(us): 7000, 99.99th(us): 68000
READ   - Takes(s): 40.0, Count: 520975, OPS: 13036.2, Avg(us): 1909, Min(us): 827, Max(us): 91337, 99th(us): 4000, 99.9th(us): 6000, 99.99th(us): 67000
READ   - Takes(s): 50.0, Count: 652162, OPS: 13052.7, Avg(us): 1906, Min(us): 827, Max(us): 91337, 99th(us): 4000, 99.9th(us): 6000, 99.99th(us): 65000
READ   - Takes(s): 60.0, Count: 783117, OPS: 13059.9, Avg(us): 1905, Min(us): 799, Max(us): 91337, 99th(us): 4000, 99.9th(us): 6000, 99.99th(us): 65000
READ   - Takes(s): 70.0, Count: 913284, OPS: 13053.7, Avg(us): 1906, Min(us): 799, Max(us): 91337, 99th(us): 4000, 99.9th(us): 6000, 99.99th(us): 65000
Run finished, takes 1m16.852777195s
READ   - Takes(s): 76.8, Count: 1000000, OPS: 13018.1, Avg(us): 1905, Min(us): 714, Max(us): 91337, 99th(us): 4000, 99.9th(us): 6000, 99.99th(us): 65000
[2022/06/06 14:18:09.456 -05:00] [INFO] [client.go:754] ["[pd] stop fetching the pending tso requests due to context canceled"] [dc-location=global]
[2022/06/06 14:18:09.456 -05:00] [INFO] [client.go:692] ["[pd] exit tso dispatcher"] [dc-location=global]
