[2022/06/06 14:31:07.040 -05:00] [INFO] [client.go:378] ["[pd] create pd client with endpoints"] [pd-address="[10.10.1.4:2379]"]
[2022/06/06 14:31:07.047 -05:00] [INFO] [base_client.go:350] ["[pd] switch leader"] [new-leader=http://10.10.1.4:2379] [old-leader=]
[2022/06/06 14:31:07.047 -05:00] [INFO] [base_client.go:105] ["[pd] init cluster id"] [cluster-id=7106192817000404639]
[2022/06/06 14:31:07.047 -05:00] [INFO] [client.go:673] ["[pd] tso dispatcher created"] [dc-location=global]
***************** properties *****************
"recordcount"="1000000"
"readallfields"="true"
"threadcount"="85"
"operationcount"="1000000"
"tikv.pd"="10.10.1.4:2379"
"workload"="core"
"debug.pprof"=":6060"
"tikv.batchsize"="128"
"scanproportion"="0"
"requestdistribution"="uniform"
"tikv.conncount"="128"
"readproportion"="1"
"verbose"="false"
"updateproportion"="0"
"dotransactions"="true"
"insertproportion"="0"
"tikv.type"="raw"
**********************************************
READ   - Takes(s): 10.0, Count: 138825, OPS: 13936.6, Avg(us): 6108, Min(us): 817, Max(us): 95957, 99th(us): 32000, 99.9th(us): 66000, 99.99th(us): 94000
READ   - Takes(s): 20.0, Count: 279366, OPS: 13995.5, Avg(us): 6072, Min(us): 817, Max(us): 95957, 99th(us): 32000, 99.9th(us): 56000, 99.99th(us): 91000
READ   - Takes(s): 30.0, Count: 419606, OPS: 14004.9, Avg(us): 6065, Min(us): 817, Max(us): 95957, 99th(us): 32000, 99.9th(us): 54000, 99.99th(us): 90000
READ   - Takes(s): 40.0, Count: 560144, OPS: 14017.3, Avg(us): 6058, Min(us): 817, Max(us): 95957, 99th(us): 32000, 99.9th(us): 54000, 99.99th(us): 88000
READ   - Takes(s): 50.0, Count: 699451, OPS: 13999.9, Avg(us): 6065, Min(us): 817, Max(us): 98963, 99th(us): 32000, 99.9th(us): 53000, 99.99th(us): 88000
READ   - Takes(s): 60.0, Count: 838402, OPS: 13981.4, Avg(us): 6072, Min(us): 817, Max(us): 98963, 99th(us): 32000, 99.9th(us): 52000, 99.99th(us): 88000
READ   - Takes(s): 70.0, Count: 978159, OPS: 13981.5, Avg(us): 6071, Min(us): 817, Max(us): 98963, 99th(us): 32000, 99.9th(us): 52000, 99.99th(us): 89000
Run finished, takes 1m11.824174978s
READ   - Takes(s): 71.8, Count: 999938, OPS: 13929.6, Avg(us): 6034, Min(us): 817, Max(us): 98963, 99th(us): 32000, 99.9th(us): 52000, 99.99th(us): 89000
[2022/06/06 14:32:18.872 -05:00] [INFO] [client.go:754] ["[pd] stop fetching the pending tso requests due to context canceled"] [dc-location=global]
[2022/06/06 14:32:18.873 -05:00] [INFO] [client.go:692] ["[pd] exit tso dispatcher"] [dc-location=global]
