[2022/06/06 14:33:30.832 -05:00] [INFO] [client.go:378] ["[pd] create pd client with endpoints"] [pd-address="[10.10.1.4:2379]"]
[2022/06/06 14:33:30.837 -05:00] [INFO] [base_client.go:350] ["[pd] switch leader"] [new-leader=http://10.10.1.4:2379] [old-leader=]
[2022/06/06 14:33:30.837 -05:00] [INFO] [base_client.go:105] ["[pd] init cluster id"] [cluster-id=7106192817000404639]
[2022/06/06 14:33:30.838 -05:00] [INFO] [client.go:673] ["[pd] tso dispatcher created"] [dc-location=global]
***************** properties *****************
"operationcount"="1000000"
"tikv.conncount"="128"
"readallfields"="true"
"workload"="core"
"requestdistribution"="uniform"
"tikv.batchsize"="128"
"verbose"="false"
"updateproportion"="0"
"tikv.pd"="10.10.1.4:2379"
"tikv.type"="raw"
"readproportion"="1"
"insertproportion"="0"
"debug.pprof"=":6060"
"dotransactions"="true"
"recordcount"="1000000"
"threadcount"="95"
"scanproportion"="0"
**********************************************
READ   - Takes(s): 10.0, Count: 138611, OPS: 13919.2, Avg(us): 6835, Min(us): 911, Max(us): 97141, 99th(us): 39000, 99.9th(us): 67000, 99.99th(us): 91000
READ   - Takes(s): 20.0, Count: 278404, OPS: 13949.3, Avg(us): 6810, Min(us): 802, Max(us): 110827, 99th(us): 39000, 99.9th(us): 62000, 99.99th(us): 93000
READ   - Takes(s): 30.0, Count: 417912, OPS: 13949.8, Avg(us): 6807, Min(us): 772, Max(us): 110827, 99th(us): 39000, 99.9th(us): 61000, 99.99th(us): 93000
READ   - Takes(s): 40.0, Count: 557292, OPS: 13946.9, Avg(us): 6806, Min(us): 772, Max(us): 110827, 99th(us): 39000, 99.9th(us): 61000, 99.99th(us): 97000
READ   - Takes(s): 50.0, Count: 697023, OPS: 13952.1, Avg(us): 6803, Min(us): 772, Max(us): 110827, 99th(us): 38000, 99.9th(us): 60000, 99.99th(us): 94000
READ   - Takes(s): 60.0, Count: 836407, OPS: 13949.8, Avg(us): 6802, Min(us): 772, Max(us): 110827, 99th(us): 38000, 99.9th(us): 58000, 99.99th(us): 94000
READ   - Takes(s): 70.0, Count: 977533, OPS: 13973.0, Avg(us): 6790, Min(us): 772, Max(us): 110827, 99th(us): 38000, 99.9th(us): 57000, 99.99th(us): 92000
Run finished, takes 1m11.795699279s
READ   - Takes(s): 71.8, Count: 999969, OPS: 13936.2, Avg(us): 6749, Min(us): 772, Max(us): 110827, 99th(us): 37000, 99.9th(us): 57000, 99.99th(us): 92000
[2022/06/06 14:34:42.634 -05:00] [INFO] [client.go:754] ["[pd] stop fetching the pending tso requests due to context canceled"] [dc-location=global]
[2022/06/06 14:34:42.635 -05:00] [INFO] [client.go:692] ["[pd] exit tso dispatcher"] [dc-location=global]
