[2022/06/06 14:21:41.324 -05:00] [INFO] [client.go:378] ["[pd] create pd client with endpoints"] [pd-address="[10.10.1.4:2379]"]
[2022/06/06 14:21:41.332 -05:00] [INFO] [base_client.go:350] ["[pd] switch leader"] [new-leader=http://10.10.1.4:2379] [old-leader=]
[2022/06/06 14:21:41.332 -05:00] [INFO] [base_client.go:105] ["[pd] init cluster id"] [cluster-id=7106192817000404639]
[2022/06/06 14:21:41.332 -05:00] [INFO] [client.go:673] ["[pd] tso dispatcher created"] [dc-location=global]
***************** properties *****************
"tikv.type"="raw"
"tikv.batchsize"="128"
"insertproportion"="0"
"scanproportion"="0"
"tikv.pd"="10.10.1.4:2379"
"tikv.conncount"="128"
"dotransactions"="true"
"threadcount"="45"
"operationcount"="1000000"
"updateproportion"="0"
"workload"="core"
"verbose"="false"
"recordcount"="1000000"
"debug.pprof"=":6060"
"readallfields"="true"
"readproportion"="1"
"requestdistribution"="uniform"
**********************************************
READ   - Takes(s): 10.0, Count: 145216, OPS: 14574.0, Avg(us): 3086, Min(us): 826, Max(us): 86033, 99th(us): 12000, 99.9th(us): 29000, 99.99th(us): 84000
READ   - Takes(s): 20.0, Count: 291233, OPS: 14588.8, Avg(us): 3079, Min(us): 798, Max(us): 86033, 99th(us): 12000, 99.9th(us): 21000, 99.99th(us): 82000
READ   - Takes(s): 30.0, Count: 438109, OPS: 14621.8, Avg(us): 3071, Min(us): 798, Max(us): 87002, 99th(us): 12000, 99.9th(us): 20000, 99.99th(us): 82000
READ   - Takes(s): 40.0, Count: 583697, OPS: 14606.0, Avg(us): 3073, Min(us): 798, Max(us): 90513, 99th(us): 12000, 99.9th(us): 20000, 99.99th(us): 84000
READ   - Takes(s): 50.0, Count: 729184, OPS: 14594.5, Avg(us): 3075, Min(us): 798, Max(us): 90513, 99th(us): 12000, 99.9th(us): 20000, 99.99th(us): 82000
READ   - Takes(s): 60.0, Count: 875713, OPS: 14604.3, Avg(us): 3073, Min(us): 798, Max(us): 90513, 99th(us): 12000, 99.9th(us): 20000, 99.99th(us): 83000
Run finished, takes 1m8.874635904s
READ   - Takes(s): 68.8, Count: 999987, OPS: 14526.8, Avg(us): 3061, Min(us): 798, Max(us): 90513, 99th(us): 12000, 99.9th(us): 20000, 99.99th(us): 82000
[2022/06/06 14:22:50.208 -05:00] [INFO] [client.go:754] ["[pd] stop fetching the pending tso requests due to context canceled"] [dc-location=global]
[2022/06/06 14:22:50.208 -05:00] [INFO] [client.go:692] ["[pd] exit tso dispatcher"] [dc-location=global]
