[2022/06/06 14:35:54.523 -05:00] [INFO] [client.go:378] ["[pd] create pd client with endpoints"] [pd-address="[10.10.1.4:2379]"]
[2022/06/06 14:35:54.529 -05:00] [INFO] [base_client.go:350] ["[pd] switch leader"] [new-leader=http://10.10.1.4:2379] [old-leader=]
[2022/06/06 14:35:54.529 -05:00] [INFO] [base_client.go:105] ["[pd] init cluster id"] [cluster-id=7106192817000404639]
[2022/06/06 14:35:54.530 -05:00] [INFO] [client.go:673] ["[pd] tso dispatcher created"] [dc-location=global]
***************** properties *****************
"workload"="core"
"recordcount"="1000000"
"updateproportion"="0"
"tikv.pd"="10.10.1.4:2379"
"scanproportion"="0"
"insertproportion"="0"
"readproportion"="1"
"debug.pprof"=":6060"
"operationcount"="1000000"
"readallfields"="true"
"tikv.batchsize"="128"
"requestdistribution"="uniform"
"tikv.conncount"="128"
"tikv.type"="raw"
"threadcount"="105"
"verbose"="false"
"dotransactions"="true"
**********************************************
READ   - Takes(s): 10.0, Count: 138397, OPS: 13895.6, Avg(us): 7566, Min(us): 800, Max(us): 190840, 99th(us): 48000, 99.9th(us): 67000, 99.99th(us): 92000
READ   - Takes(s): 20.0, Count: 279311, OPS: 13995.7, Avg(us): 7504, Min(us): 800, Max(us): 190840, 99th(us): 47000, 99.9th(us): 67000, 99.99th(us): 99000
READ   - Takes(s): 30.0, Count: 418855, OPS: 13981.9, Avg(us): 7507, Min(us): 800, Max(us): 190840, 99th(us): 45000, 99.9th(us): 67000, 99.99th(us): 99000
READ   - Takes(s): 40.0, Count: 560252, OPS: 14021.4, Avg(us): 7484, Min(us): 800, Max(us): 190840, 99th(us): 45000, 99.9th(us): 66000, 99.99th(us): 99000
READ   - Takes(s): 50.0, Count: 700342, OPS: 14018.9, Avg(us): 7484, Min(us): 800, Max(us): 190840, 99th(us): 44000, 99.9th(us): 65000, 99.99th(us): 98000
READ   - Takes(s): 60.0, Count: 840497, OPS: 14018.3, Avg(us): 7484, Min(us): 800, Max(us): 190840, 99th(us): 44000, 99.9th(us): 65000, 99.99th(us): 97000
READ   - Takes(s): 70.0, Count: 979506, OPS: 14001.5, Avg(us): 7491, Min(us): 800, Max(us): 190840, 99th(us): 44000, 99.9th(us): 65000, 99.99th(us): 97000
Run finished, takes 1m11.714773548s
READ   - Takes(s): 71.7, Count: 999914, OPS: 13951.4, Avg(us): 7442, Min(us): 800, Max(us): 190840, 99th(us): 44000, 99.9th(us): 66000, 99.99th(us): 97000
[2022/06/06 14:37:06.246 -05:00] [INFO] [client.go:754] ["[pd] stop fetching the pending tso requests due to context canceled"] [dc-location=global]
[2022/06/06 14:37:06.246 -05:00] [INFO] [client.go:692] ["[pd] exit tso dispatcher"] [dc-location=global]
