[2022/06/06 14:26:20.686 -05:00] [INFO] [client.go:378] ["[pd] create pd client with endpoints"] [pd-address="[10.10.1.4:2379]"]
[2022/06/06 14:26:20.694 -05:00] [INFO] [base_client.go:350] ["[pd] switch leader"] [new-leader=http://10.10.1.4:2379] [old-leader=]
[2022/06/06 14:26:20.694 -05:00] [INFO] [base_client.go:105] ["[pd] init cluster id"] [cluster-id=7106192817000404639]
[2022/06/06 14:26:20.694 -05:00] [INFO] [client.go:673] ["[pd] tso dispatcher created"] [dc-location=global]
***************** properties *****************
"insertproportion"="0"
"recordcount"="1000000"
"tikv.batchsize"="128"
"tikv.pd"="10.10.1.4:2379"
"readallfields"="true"
"threadcount"="65"
"workload"="core"
"updateproportion"="0"
"operationcount"="1000000"
"dotransactions"="true"
"tikv.conncount"="128"
"tikv.type"="raw"
"readproportion"="1"
"verbose"="false"
"scanproportion"="0"
"debug.pprof"=":6060"
"requestdistribution"="uniform"
**********************************************
READ   - Takes(s): 10.0, Count: 139043, OPS: 13957.0, Avg(us): 4662, Min(us): 928, Max(us): 101336, 99th(us): 23000, 99.9th(us): 57000, 99.99th(us): 93000
READ   - Takes(s): 20.0, Count: 281647, OPS: 14109.1, Avg(us): 4604, Min(us): 829, Max(us): 101336, 99th(us): 23000, 99.9th(us): 41000, 99.99th(us): 92000
READ   - Takes(s): 30.0, Count: 422410, OPS: 14098.1, Avg(us): 4605, Min(us): 829, Max(us): 101336, 99th(us): 23000, 99.9th(us): 40000, 99.99th(us): 89000
READ   - Takes(s): 40.0, Count: 563854, OPS: 14109.7, Avg(us): 4600, Min(us): 829, Max(us): 101336, 99th(us): 23000, 99.9th(us): 39000, 99.99th(us): 90000
READ   - Takes(s): 50.0, Count: 703527, OPS: 14081.2, Avg(us): 4609, Min(us): 760, Max(us): 101336, 99th(us): 23000, 99.9th(us): 38000, 99.99th(us): 90000
READ   - Takes(s): 60.0, Count: 845488, OPS: 14100.4, Avg(us): 4601, Min(us): 751, Max(us): 101336, 99th(us): 23000, 99.9th(us): 37000, 99.99th(us): 88000
READ   - Takes(s): 70.0, Count: 985645, OPS: 14088.2, Avg(us): 4605, Min(us): 751, Max(us): 101336, 99th(us): 23000, 99.9th(us): 37000, 99.99th(us): 87000
Run finished, takes 1m11.338323087s
READ   - Takes(s): 71.3, Count: 999960, OPS: 14024.7, Avg(us): 4587, Min(us): 751, Max(us): 101336, 99th(us): 23000, 99.9th(us): 38000, 99.99th(us): 88000
[2022/06/06 14:27:32.033 -05:00] [INFO] [client.go:754] ["[pd] stop fetching the pending tso requests due to context canceled"] [dc-location=global]
[2022/06/06 14:27:32.033 -05:00] [INFO] [client.go:692] ["[pd] exit tso dispatcher"] [dc-location=global]
