[2022/06/06 14:25:09.859 -05:00] [INFO] [client.go:378] ["[pd] create pd client with endpoints"] [pd-address="[10.10.1.4:2379]"]
[2022/06/06 14:25:09.865 -05:00] [INFO] [base_client.go:350] ["[pd] switch leader"] [new-leader=http://10.10.1.4:2379] [old-leader=]
[2022/06/06 14:25:09.865 -05:00] [INFO] [base_client.go:105] ["[pd] init cluster id"] [cluster-id=7106192817000404639]
[2022/06/06 14:25:09.866 -05:00] [INFO] [client.go:673] ["[pd] tso dispatcher created"] [dc-location=global]
***************** properties *****************
"tikv.type"="raw"
"readproportion"="1"
"tikv.conncount"="128"
"workload"="core"
"verbose"="false"
"dotransactions"="true"
"updateproportion"="0"
"recordcount"="1000000"
"tikv.batchsize"="128"
"requestdistribution"="uniform"
"operationcount"="1000000"
"tikv.pd"="10.10.1.4:2379"
"debug.pprof"=":6060"
"insertproportion"="0"
"scanproportion"="0"
"readallfields"="true"
"threadcount"="60"
**********************************************
READ   - Takes(s): 10.0, Count: 141272, OPS: 14180.5, Avg(us): 4234, Min(us): 845, Max(us): 93900, 99th(us): 21000, 99.9th(us): 52000, 99.99th(us): 91000
READ   - Takes(s): 20.0, Count: 283989, OPS: 14226.3, Avg(us): 4204, Min(us): 845, Max(us): 93900, 99th(us): 20000, 99.9th(us): 33000, 99.99th(us): 91000
READ   - Takes(s): 30.0, Count: 425869, OPS: 14213.4, Avg(us): 4215, Min(us): 839, Max(us): 105723, 99th(us): 20000, 99.9th(us): 34000, 99.99th(us): 92000
READ   - Takes(s): 40.0, Count: 567010, OPS: 14188.6, Avg(us): 4222, Min(us): 839, Max(us): 105723, 99th(us): 20000, 99.9th(us): 34000, 99.99th(us): 93000
READ   - Takes(s): 50.0, Count: 709787, OPS: 14206.4, Avg(us): 4216, Min(us): 821, Max(us): 105723, 99th(us): 20000, 99.9th(us): 33000, 99.99th(us): 91000
READ   - Takes(s): 60.0, Count: 851146, OPS: 14194.7, Avg(us): 4219, Min(us): 797, Max(us): 105723, 99th(us): 20000, 99.9th(us): 33000, 99.99th(us): 91000
READ   - Takes(s): 70.0, Count: 993914, OPS: 14206.4, Avg(us): 4209, Min(us): 711, Max(us): 105723, 99th(us): 20000, 99.9th(us): 33000, 99.99th(us): 90000
Run finished, takes 1m10.724735967s
READ   - Takes(s): 70.7, Count: 999959, OPS: 14146.4, Avg(us): 4197, Min(us): 711, Max(us): 105723, 99th(us): 20000, 99.9th(us): 34000, 99.99th(us): 91000
[2022/06/06 14:26:20.591 -05:00] [INFO] [client.go:754] ["[pd] stop fetching the pending tso requests due to context canceled"] [dc-location=global]
[2022/06/06 14:26:20.591 -05:00] [INFO] [client.go:692] ["[pd] exit tso dispatcher"] [dc-location=global]
