[2022/06/06 14:29:55.293 -05:00] [INFO] [client.go:378] ["[pd] create pd client with endpoints"] [pd-address="[10.10.1.4:2379]"]
[2022/06/06 14:29:55.299 -05:00] [INFO] [base_client.go:350] ["[pd] switch leader"] [new-leader=http://10.10.1.4:2379] [old-leader=]
[2022/06/06 14:29:55.299 -05:00] [INFO] [base_client.go:105] ["[pd] init cluster id"] [cluster-id=7106192817000404639]
[2022/06/06 14:29:55.299 -05:00] [INFO] [client.go:673] ["[pd] tso dispatcher created"] [dc-location=global]
***************** properties *****************
"tikv.pd"="10.10.1.4:2379"
"recordcount"="1000000"
"operationcount"="1000000"
"debug.pprof"=":6060"
"scanproportion"="0"
"workload"="core"
"readallfields"="true"
"readproportion"="1"
"tikv.type"="raw"
"dotransactions"="true"
"requestdistribution"="uniform"
"tikv.batchsize"="128"
"verbose"="false"
"insertproportion"="0"
"updateproportion"="0"
"tikv.conncount"="128"
"threadcount"="80"
**********************************************
READ   - Takes(s): 10.0, Count: 140220, OPS: 14082.9, Avg(us): 5688, Min(us): 857, Max(us): 102394, 99th(us): 31000, 99.9th(us): 54000, 99.99th(us): 97000
READ   - Takes(s): 20.0, Count: 280579, OPS: 14059.4, Avg(us): 5688, Min(us): 857, Max(us): 102394, 99th(us): 30000, 99.9th(us): 54000, 99.99th(us): 95000
READ   - Takes(s): 30.0, Count: 421215, OPS: 14060.8, Avg(us): 5685, Min(us): 857, Max(us): 102394, 99th(us): 30000, 99.9th(us): 49000, 99.99th(us): 93000
READ   - Takes(s): 40.0, Count: 561657, OPS: 14056.6, Avg(us): 5685, Min(us): 835, Max(us): 102394, 99th(us): 31000, 99.9th(us): 50000, 99.99th(us): 94000
READ   - Takes(s): 50.0, Count: 701466, OPS: 14041.5, Avg(us): 5691, Min(us): 822, Max(us): 102394, 99th(us): 31000, 99.9th(us): 51000, 99.99th(us): 93000
READ   - Takes(s): 60.0, Count: 841905, OPS: 14041.9, Avg(us): 5690, Min(us): 758, Max(us): 102394, 99th(us): 31000, 99.9th(us): 51000, 99.99th(us): 90000
READ   - Takes(s): 70.0, Count: 983457, OPS: 14058.1, Avg(us): 5682, Min(us): 758, Max(us): 102394, 99th(us): 31000, 99.9th(us): 50000, 99.99th(us): 87000
Run finished, takes 1m11.647332571s
READ   - Takes(s): 71.6, Count: 999996, OPS: 13965.6, Avg(us): 5652, Min(us): 758, Max(us): 102394, 99th(us): 31000, 99.9th(us): 50000, 99.99th(us): 87000
[2022/06/06 14:31:06.948 -05:00] [INFO] [client.go:754] ["[pd] stop fetching the pending tso requests due to context canceled"] [dc-location=global]
[2022/06/06 14:31:06.948 -05:00] [INFO] [client.go:692] ["[pd] exit tso dispatcher"] [dc-location=global]
