[2022/06/06 14:20:33.241 -05:00] [INFO] [client.go:378] ["[pd] create pd client with endpoints"] [pd-address="[10.10.1.4:2379]"]
[2022/06/06 14:20:33.246 -05:00] [INFO] [base_client.go:350] ["[pd] switch leader"] [new-leader=http://10.10.1.4:2379] [old-leader=]
[2022/06/06 14:20:33.246 -05:00] [INFO] [base_client.go:105] ["[pd] init cluster id"] [cluster-id=7106192817000404639]
[2022/06/06 14:20:33.247 -05:00] [INFO] [client.go:673] ["[pd] tso dispatcher created"] [dc-location=global]
***************** properties *****************
"workload"="core"
"insertproportion"="0"
"tikv.type"="raw"
"requestdistribution"="uniform"
"debug.pprof"=":6060"
"tikv.batchsize"="128"
"operationcount"="1000000"
"readallfields"="true"
"threadcount"="40"
"dotransactions"="true"
"recordcount"="1000000"
"updateproportion"="0"
"readproportion"="1"
"tikv.conncount"="128"
"verbose"="false"
"tikv.pd"="10.10.1.4:2379"
"scanproportion"="0"
**********************************************
READ   - Takes(s): 10.0, Count: 146745, OPS: 14731.5, Avg(us): 2713, Min(us): 869, Max(us): 98587, 99th(us): 9000, 99.9th(us): 26000, 99.99th(us): 95000
READ   - Takes(s): 20.0, Count: 295417, OPS: 14799.4, Avg(us): 2697, Min(us): 799, Max(us): 98587, 99th(us): 9000, 99.9th(us): 16000, 99.99th(us): 87000
READ   - Takes(s): 30.0, Count: 444389, OPS: 14832.2, Avg(us): 2689, Min(us): 799, Max(us): 98587, 99th(us): 9000, 99.9th(us): 15000, 99.99th(us): 83000
READ   - Takes(s): 40.0, Count: 592108, OPS: 14817.0, Avg(us): 2691, Min(us): 799, Max(us): 98587, 99th(us): 9000, 99.9th(us): 15000, 99.99th(us): 83000
READ   - Takes(s): 50.0, Count: 741639, OPS: 14844.3, Avg(us): 2686, Min(us): 799, Max(us): 98587, 99th(us): 9000, 99.9th(us): 15000, 99.99th(us): 82000
READ   - Takes(s): 60.0, Count: 891008, OPS: 14859.8, Avg(us): 2683, Min(us): 799, Max(us): 98587, 99th(us): 9000, 99.9th(us): 15000, 99.99th(us): 83000
Run finished, takes 1m7.983787761s
READ   - Takes(s): 67.9, Count: 999994, OPS: 14717.9, Avg(us): 2685, Min(us): 799, Max(us): 98587, 99th(us): 9000, 99.9th(us): 15000, 99.99th(us): 84000
[2022/06/06 14:21:41.232 -05:00] [INFO] [client.go:754] ["[pd] stop fetching the pending tso requests due to context canceled"] [dc-location=global]
[2022/06/06 14:21:41.232 -05:00] [INFO] [client.go:692] ["[pd] exit tso dispatcher"] [dc-location=global]
