[2022/06/06 14:19:22.725 -05:00] [INFO] [client.go:378] ["[pd] create pd client with endpoints"] [pd-address="[10.10.1.4:2379]"]
[2022/06/06 14:19:22.734 -05:00] [INFO] [base_client.go:350] ["[pd] switch leader"] [new-leader=http://10.10.1.4:2379] [old-leader=]
[2022/06/06 14:19:22.735 -05:00] [INFO] [base_client.go:105] ["[pd] init cluster id"] [cluster-id=7106192817000404639]
[2022/06/06 14:19:22.735 -05:00] [INFO] [client.go:673] ["[pd] tso dispatcher created"] [dc-location=global]
***************** properties *****************
"readproportion"="1"
"debug.pprof"=":6060"
"insertproportion"="0"
"recordcount"="1000000"
"verbose"="false"
"tikv.type"="raw"
"operationcount"="1000000"
"requestdistribution"="uniform"
"tikv.batchsize"="128"
"dotransactions"="true"
"readallfields"="true"
"threadcount"="35"
"scanproportion"="0"
"updateproportion"="0"
"tikv.pd"="10.10.1.4:2379"
"tikv.conncount"="128"
"workload"="core"
**********************************************
READ   - Takes(s): 10.0, Count: 142371, OPS: 14292.4, Avg(us): 2447, Min(us): 894, Max(us): 92436, 99th(us): 8000, 99.9th(us): 16000, 99.99th(us): 87000
READ   - Takes(s): 20.0, Count: 285454, OPS: 14300.0, Avg(us): 2441, Min(us): 877, Max(us): 98841, 99th(us): 8000, 99.9th(us): 13000, 99.99th(us): 82000
READ   - Takes(s): 30.0, Count: 428607, OPS: 14305.4, Avg(us): 2439, Min(us): 877, Max(us): 98841, 99th(us): 8000, 99.9th(us): 13000, 99.99th(us): 81000
READ   - Takes(s): 40.0, Count: 572552, OPS: 14327.7, Avg(us): 2435, Min(us): 877, Max(us): 98841, 99th(us): 8000, 99.9th(us): 12000, 99.99th(us): 76000
READ   - Takes(s): 50.0, Count: 714753, OPS: 14306.1, Avg(us): 2438, Min(us): 757, Max(us): 103724, 99th(us): 8000, 99.9th(us): 12000, 99.99th(us): 81000
READ   - Takes(s): 60.0, Count: 858437, OPS: 14316.6, Avg(us): 2436, Min(us): 757, Max(us): 103724, 99th(us): 8000, 99.9th(us): 12000, 99.99th(us): 76000
READ   - Takes(s): 70.0, Count: 999599, OPS: 14287.9, Avg(us): 2435, Min(us): 757, Max(us): 103724, 99th(us): 8000, 99.9th(us): 12000, 99.99th(us): 78000
Run finished, takes 1m10.408267181s
READ   - Takes(s): 70.4, Count: 999983, OPS: 14210.5, Avg(us): 2435, Min(us): 757, Max(us): 103724, 99th(us): 8000, 99.9th(us): 12000, 99.99th(us): 78000
[2022/06/06 14:20:33.144 -05:00] [INFO] [client.go:754] ["[pd] stop fetching the pending tso requests due to context canceled"] [dc-location=global]
[2022/06/06 14:20:33.144 -05:00] [INFO] [client.go:692] ["[pd] exit tso dispatcher"] [dc-location=global]
