[2022/06/06 14:15:23.069 -05:00] [INFO] [client.go:378] ["[pd] create pd client with endpoints"] [pd-address="[10.10.1.4:2379]"]
[2022/06/06 14:15:23.077 -05:00] [INFO] [base_client.go:350] ["[pd] switch leader"] [new-leader=http://10.10.1.4:2379] [old-leader=]
[2022/06/06 14:15:23.077 -05:00] [INFO] [base_client.go:105] ["[pd] init cluster id"] [cluster-id=7106192817000404639]
[2022/06/06 14:15:23.078 -05:00] [INFO] [client.go:673] ["[pd] tso dispatcher created"] [dc-location=global]
***************** properties *****************
"recordcount"="1000000"
"debug.pprof"=":6060"
"updateproportion"="0"
"readallfields"="true"
"readproportion"="1"
"tikv.conncount"="128"
"verbose"="false"
"tikv.pd"="10.10.1.4:2379"
"insertproportion"="0"
"tikv.type"="raw"
"operationcount"="1000000"
"threadcount"="20"
"requestdistribution"="uniform"
"scanproportion"="0"
"tikv.batchsize"="128"
"dotransactions"="true"
"workload"="core"
**********************************************
READ   - Takes(s): 10.0, Count: 110762, OPS: 11122.3, Avg(us): 1794, Min(us): 856, Max(us): 95971, 99th(us): 4000, 99.9th(us): 7000, 99.99th(us): 62000
READ   - Takes(s): 20.0, Count: 222637, OPS: 11155.1, Avg(us): 1785, Min(us): 719, Max(us): 95971, 99th(us): 4000, 99.9th(us): 6000, 99.99th(us): 54000
READ   - Takes(s): 30.0, Count: 334743, OPS: 11173.6, Avg(us): 1781, Min(us): 719, Max(us): 95971, 99th(us): 4000, 99.9th(us): 5000, 99.99th(us): 56000
READ   - Takes(s): 40.0, Count: 447204, OPS: 11191.7, Avg(us): 1778, Min(us): 719, Max(us): 95971, 99th(us): 4000, 99.9th(us): 5000, 99.99th(us): 56000
READ   - Takes(s): 50.0, Count: 560004, OPS: 11209.1, Avg(us): 1775, Min(us): 719, Max(us): 95971, 99th(us): 4000, 99.9th(us): 5000, 99.99th(us): 56000
READ   - Takes(s): 60.0, Count: 671802, OPS: 11204.5, Avg(us): 1775, Min(us): 719, Max(us): 95971, 99th(us): 4000, 99.9th(us): 5000, 99.99th(us): 57000
READ   - Takes(s): 70.0, Count: 783907, OPS: 11205.3, Avg(us): 1775, Min(us): 719, Max(us): 95971, 99th(us): 4000, 99.9th(us): 5000, 99.99th(us): 56000
READ   - Takes(s): 80.0, Count: 896655, OPS: 11214.0, Avg(us): 1773, Min(us): 719, Max(us): 95971, 99th(us): 4000, 99.9th(us): 5000, 99.99th(us): 57000
Run finished, takes 1m29.404384236s
READ   - Takes(s): 89.4, Count: 1000000, OPS: 11190.4, Avg(us): 1773, Min(us): 719, Max(us): 95971, 99th(us): 4000, 99.9th(us): 5000, 99.99th(us): 57000
[2022/06/06 14:16:52.483 -05:00] [INFO] [client.go:754] ["[pd] stop fetching the pending tso requests due to context canceled"] [dc-location=global]
[2022/06/06 14:16:52.483 -05:00] [INFO] [client.go:692] ["[pd] exit tso dispatcher"] [dc-location=global]
