[2022/06/06 14:13:24.474 -05:00] [INFO] [client.go:378] ["[pd] create pd client with endpoints"] [pd-address="[10.10.1.4:2379]"]
[2022/06/06 14:13:24.480 -05:00] [INFO] [base_client.go:350] ["[pd] switch leader"] [new-leader=http://10.10.1.4:2379] [old-leader=]
[2022/06/06 14:13:24.480 -05:00] [INFO] [base_client.go:105] ["[pd] init cluster id"] [cluster-id=7106192817000404639]
[2022/06/06 14:13:24.480 -05:00] [INFO] [client.go:673] ["[pd] tso dispatcher created"] [dc-location=global]
***************** properties *****************
"tikv.batchsize"="128"
"tikv.pd"="10.10.1.4:2379"
"scanproportion"="0"
"requestdistribution"="uniform"
"threadcount"="15"
"operationcount"="1000000"
"tikv.conncount"="128"
"debug.pprof"=":6060"
"insertproportion"="0"
"workload"="core"
"tikv.type"="raw"
"recordcount"="1000000"
"verbose"="false"
"readproportion"="1"
"updateproportion"="0"
"readallfields"="true"
"dotransactions"="true"
**********************************************
READ   - Takes(s): 10.0, Count: 83128, OPS: 8342.4, Avg(us): 1791, Min(us): 965, Max(us): 84353, 99th(us): 4000, 99.9th(us): 5000, 99.99th(us): 37000
READ   - Takes(s): 20.0, Count: 167600, OPS: 8395.0, Avg(us): 1777, Min(us): 881, Max(us): 84353, 99th(us): 4000, 99.9th(us): 5000, 99.99th(us): 40000
READ   - Takes(s): 30.0, Count: 252315, OPS: 8420.5, Avg(us): 1771, Min(us): 881, Max(us): 84353, 99th(us): 4000, 99.9th(us): 5000, 99.99th(us): 41000
READ   - Takes(s): 40.0, Count: 336678, OPS: 8424.5, Avg(us): 1770, Min(us): 881, Max(us): 84353, 99th(us): 4000, 99.9th(us): 5000, 99.99th(us): 43000
READ   - Takes(s): 50.0, Count: 420884, OPS: 8423.7, Avg(us): 1770, Min(us): 881, Max(us): 84353, 99th(us): 4000, 99.9th(us): 5000, 99.99th(us): 45000
READ   - Takes(s): 60.0, Count: 505618, OPS: 8432.0, Avg(us): 1768, Min(us): 881, Max(us): 84353, 99th(us): 4000, 99.9th(us): 5000, 99.99th(us): 46000
READ   - Takes(s): 70.0, Count: 590448, OPS: 8439.3, Avg(us): 1767, Min(us): 881, Max(us): 84353, 99th(us): 4000, 99.9th(us): 5000, 99.99th(us): 46000
READ   - Takes(s): 80.0, Count: 675575, OPS: 8448.5, Avg(us): 1765, Min(us): 881, Max(us): 84353, 99th(us): 4000, 99.9th(us): 5000, 99.99th(us): 47000
READ   - Takes(s): 90.0, Count: 760603, OPS: 8454.5, Avg(us): 1763, Min(us): 881, Max(us): 84353, 99th(us): 4000, 99.9th(us): 5000, 99.99th(us): 46000
READ   - Takes(s): 100.0, Count: 845529, OPS: 8458.3, Avg(us): 1762, Min(us): 881, Max(us): 84353, 99th(us): 4000, 99.9th(us): 5000, 99.99th(us): 47000
READ   - Takes(s): 110.0, Count: 930302, OPS: 8460.0, Avg(us): 1762, Min(us): 868, Max(us): 84353, 99th(us): 4000, 99.9th(us): 5000, 99.99th(us): 47000
Run finished, takes 1m58.493763094s
READ   - Takes(s): 118.5, Count: 999987, OPS: 8441.7, Avg(us): 1762, Min(us): 868, Max(us): 84353, 99th(us): 4000, 99.9th(us): 5000, 99.99th(us): 47000
[2022/06/06 14:15:22.975 -05:00] [INFO] [client.go:754] ["[pd] stop fetching the pending tso requests due to context canceled"] [dc-location=global]
[2022/06/06 14:15:22.975 -05:00] [INFO] [client.go:692] ["[pd] exit tso dispatcher"] [dc-location=global]
