[2022/06/06 14:28:43.695 -05:00] [INFO] [client.go:378] ["[pd] create pd client with endpoints"] [pd-address="[10.10.1.4:2379]"]
[2022/06/06 14:28:43.700 -05:00] [INFO] [base_client.go:350] ["[pd] switch leader"] [new-leader=http://10.10.1.4:2379] [old-leader=]
[2022/06/06 14:28:43.700 -05:00] [INFO] [base_client.go:105] ["[pd] init cluster id"] [cluster-id=7106192817000404639]
[2022/06/06 14:28:43.701 -05:00] [INFO] [client.go:673] ["[pd] tso dispatcher created"] [dc-location=global]
***************** properties *****************
"debug.pprof"=":6060"
"tikv.type"="raw"
"threadcount"="75"
"readallfields"="true"
"recordcount"="1000000"
"workload"="core"
"verbose"="false"
"scanproportion"="0"
"tikv.conncount"="128"
"tikv.pd"="10.10.1.4:2379"
"tikv.batchsize"="128"
"insertproportion"="0"
"updateproportion"="0"
"operationcount"="1000000"
"readproportion"="1"
"dotransactions"="true"
"requestdistribution"="uniform"
**********************************************
READ   - Takes(s): 10.0, Count: 138025, OPS: 13862.5, Avg(us): 5418, Min(us): 707, Max(us): 105571, 99th(us): 28000, 99.9th(us): 65000, 99.99th(us): 102000
READ   - Takes(s): 20.0, Count: 278170, OPS: 13938.6, Avg(us): 5380, Min(us): 707, Max(us): 105571, 99th(us): 27000, 99.9th(us): 57000, 99.99th(us): 99000
READ   - Takes(s): 30.0, Count: 420190, OPS: 14026.5, Avg(us): 5343, Min(us): 707, Max(us): 105571, 99th(us): 27000, 99.9th(us): 50000, 99.99th(us): 98000
READ   - Takes(s): 40.0, Count: 563126, OPS: 14093.4, Avg(us): 5315, Min(us): 707, Max(us): 105571, 99th(us): 28000, 99.9th(us): 48000, 99.99th(us): 92000
READ   - Takes(s): 50.0, Count: 703030, OPS: 14072.8, Avg(us): 5323, Min(us): 707, Max(us): 105571, 99th(us): 28000, 99.9th(us): 47000, 99.99th(us): 90000
READ   - Takes(s): 60.0, Count: 844277, OPS: 14081.4, Avg(us): 5318, Min(us): 707, Max(us): 105571, 99th(us): 28000, 99.9th(us): 48000, 99.99th(us): 89000
READ   - Takes(s): 70.0, Count: 983733, OPS: 14062.0, Avg(us): 5324, Min(us): 707, Max(us): 105571, 99th(us): 28000, 99.9th(us): 47000, 99.99th(us): 87000
Run finished, takes 1m11.497083222s
READ   - Takes(s): 71.5, Count: 999975, OPS: 13994.7, Avg(us): 5295, Min(us): 707, Max(us): 105571, 99th(us): 28000, 99.9th(us): 47000, 99.99th(us): 88000
[2022/06/06 14:29:55.199 -05:00] [INFO] [client.go:754] ["[pd] stop fetching the pending tso requests due to context canceled"] [dc-location=global]
[2022/06/06 14:29:55.199 -05:00] [INFO] [client.go:692] ["[pd] exit tso dispatcher"] [dc-location=global]
