[2022/06/06 14:34:42.729 -05:00] [INFO] [client.go:378] ["[pd] create pd client with endpoints"] [pd-address="[10.10.1.4:2379]"]
[2022/06/06 14:34:42.736 -05:00] [INFO] [base_client.go:350] ["[pd] switch leader"] [new-leader=http://10.10.1.4:2379] [old-leader=]
[2022/06/06 14:34:42.736 -05:00] [INFO] [base_client.go:105] ["[pd] init cluster id"] [cluster-id=7106192817000404639]
[2022/06/06 14:34:42.737 -05:00] [INFO] [client.go:673] ["[pd] tso dispatcher created"] [dc-location=global]
***************** properties *****************
"recordcount"="1000000"
"dotransactions"="true"
"scanproportion"="0"
"requestdistribution"="uniform"
"verbose"="false"
"insertproportion"="0"
"tikv.pd"="10.10.1.4:2379"
"workload"="core"
"tikv.conncount"="128"
"operationcount"="1000000"
"readproportion"="1"
"debug.pprof"=":6060"
"tikv.batchsize"="128"
"readallfields"="true"
"threadcount"="100"
"updateproportion"="0"
"tikv.type"="raw"
**********************************************
READ   - Takes(s): 10.0, Count: 138935, OPS: 13947.6, Avg(us): 7178, Min(us): 847, Max(us): 176056, 99th(us): 44000, 99.9th(us): 76000, 99.99th(us): 96000
READ   - Takes(s): 20.0, Count: 279495, OPS: 14001.8, Avg(us): 7142, Min(us): 790, Max(us): 176056, 99th(us): 44000, 99.9th(us): 70000, 99.99th(us): 94000
READ   - Takes(s): 30.0, Count: 419911, OPS: 14015.2, Avg(us): 7130, Min(us): 790, Max(us): 176056, 99th(us): 43000, 99.9th(us): 67000, 99.99th(us): 95000
READ   - Takes(s): 40.0, Count: 560362, OPS: 14022.7, Avg(us): 7126, Min(us): 790, Max(us): 176056, 99th(us): 42000, 99.9th(us): 66000, 99.99th(us): 96000
READ   - Takes(s): 50.0, Count: 700180, OPS: 14014.5, Avg(us): 7129, Min(us): 790, Max(us): 176056, 99th(us): 42000, 99.9th(us): 66000, 99.99th(us): 96000
READ   - Takes(s): 60.0, Count: 839733, OPS: 14004.6, Avg(us): 7133, Min(us): 790, Max(us): 176056, 99th(us): 42000, 99.9th(us): 65000, 99.99th(us): 96000
READ   - Takes(s): 70.0, Count: 979208, OPS: 13996.4, Avg(us): 7135, Min(us): 790, Max(us): 176056, 99th(us): 42000, 99.9th(us): 64000, 99.99th(us): 96000
Run finished, takes 1m11.690958642s
READ   - Takes(s): 71.7, Count: 1000000, OPS: 13956.3, Avg(us): 7090, Min(us): 790, Max(us): 176056, 99th(us): 41000, 99.9th(us): 64000, 99.99th(us): 96000
[2022/06/06 14:35:54.429 -05:00] [INFO] [client.go:754] ["[pd] stop fetching the pending tso requests due to context canceled"] [dc-location=global]
[2022/06/06 14:35:54.429 -05:00] [INFO] [client.go:692] ["[pd] exit tso dispatcher"] [dc-location=global]
