[2022/06/06 14:27:32.128 -05:00] [INFO] [client.go:378] ["[pd] create pd client with endpoints"] [pd-address="[10.10.1.4:2379]"]
[2022/06/06 14:27:32.134 -05:00] [INFO] [base_client.go:350] ["[pd] switch leader"] [new-leader=http://10.10.1.4:2379] [old-leader=]
[2022/06/06 14:27:32.134 -05:00] [INFO] [base_client.go:105] ["[pd] init cluster id"] [cluster-id=7106192817000404639]
[2022/06/06 14:27:32.135 -05:00] [INFO] [client.go:673] ["[pd] tso dispatcher created"] [dc-location=global]
***************** properties *****************
"debug.pprof"=":6060"
"tikv.conncount"="128"
"workload"="core"
"tikv.type"="raw"
"readproportion"="1"
"requestdistribution"="uniform"
"dotransactions"="true"
"tikv.batchsize"="128"
"threadcount"="70"
"readallfields"="true"
"tikv.pd"="10.10.1.4:2379"
"operationcount"="1000000"
"verbose"="false"
"insertproportion"="0"
"scanproportion"="0"
"recordcount"="1000000"
"updateproportion"="0"
**********************************************
READ   - Takes(s): 10.0, Count: 139655, OPS: 14024.9, Avg(us): 4997, Min(us): 838, Max(us): 92445, 99th(us): 25000, 99.9th(us): 56000, 99.99th(us): 92000
READ   - Takes(s): 20.0, Count: 278941, OPS: 13976.6, Avg(us): 5007, Min(us): 838, Max(us): 92445, 99th(us): 26000, 99.9th(us): 49000, 99.99th(us): 90000
READ   - Takes(s): 30.0, Count: 420748, OPS: 14044.8, Avg(us): 4980, Min(us): 838, Max(us): 92445, 99th(us): 26000, 99.9th(us): 47000, 99.99th(us): 89000
READ   - Takes(s): 40.0, Count: 562755, OPS: 14083.8, Avg(us): 4964, Min(us): 838, Max(us): 94919, 99th(us): 26000, 99.9th(us): 45000, 99.99th(us): 88000
READ   - Takes(s): 50.0, Count: 703514, OPS: 14082.2, Avg(us): 4964, Min(us): 762, Max(us): 102024, 99th(us): 26000, 99.9th(us): 45000, 99.99th(us): 90000
READ   - Takes(s): 60.0, Count: 844659, OPS: 14087.6, Avg(us): 4961, Min(us): 762, Max(us): 102024, 99th(us): 26000, 99.9th(us): 44000, 99.99th(us): 90000
READ   - Takes(s): 70.0, Count: 984295, OPS: 14069.9, Avg(us): 4965, Min(us): 762, Max(us): 102024, 99th(us): 26000, 99.9th(us): 44000, 99.99th(us): 89000
Run finished, takes 1m11.462829474s
READ   - Takes(s): 71.4, Count: 999950, OPS: 14000.9, Avg(us): 4939, Min(us): 762, Max(us): 102024, 99th(us): 26000, 99.9th(us): 44000, 99.99th(us): 89000
[2022/06/06 14:28:43.598 -05:00] [INFO] [client.go:754] ["[pd] stop fetching the pending tso requests due to context canceled"] [dc-location=global]
[2022/06/06 14:28:43.598 -05:00] [INFO] [client.go:692] ["[pd] exit tso dispatcher"] [dc-location=global]
