***************** properties *****************
"rocksdb.dir"="/mydata/local"
"threadcount"="65"
"workload"="core"
"rocksdb.write_buffer_size"="2097152"
"rocksdb.bytes_per_sync"="1048576"
"scanproportion"="0"
"rocksdb.disable_wal"="false"
"requestdistribution"="uniform"
"recordcount"="1000000"
"readallfields"="true"
"updateproportion"="0.5"
"rocksdb.wal_bytes_per_sync"="524288"
"dotransactions"="false"
"operationcount"="1000000"
"readproportion"="0.5"
"insertproportion"="0"
**********************************************
INSERT - Takes(s): 10.0, Count: 392263, OPS: 39200.0, Avg(us): 1441, Min(us): 10, Max(us): 68504, 99th(us): 8000, 99.9th(us): 22000, 99.99th(us): 38000
INSERT - Takes(s): 20.0, Count: 694581, OPS: 34728.8, Avg(us): 1662, Min(us): 10, Max(us): 68504, 99th(us): 14000, 99.9th(us): 39000, 99.99th(us): 56000
Run finished, takes 28.999326831s
INSERT - Takes(s): 29.0, Count: 999960, OPS: 34482.5, Avg(us): 1676, Min(us): 10, Max(us): 68504, 99th(us): 14000, 99.9th(us): 36000, 99.99th(us): 55000
