***************** properties *****************
"readallfields"="true"
"threadcount"="70"
"updateproportion"="0.5"
"scanproportion"="0"
"requestdistribution"="uniform"
"rocksdb.dir"="/mydata/local"
"readproportion"="0.5"
"rocksdb.write_buffer_size"="2097152"
"insertproportion"="0"
"rocksdb.bytes_per_sync"="1048576"
"dotransactions"="false"
"workload"="core"
"rocksdb.disable_wal"="false"
"recordcount"="1000000"
"operationcount"="1000000"
"rocksdb.wal_bytes_per_sync"="524288"
**********************************************
INSERT - Takes(s): 10.0, Count: 400405, OPS: 40040.0, Avg(us): 1527, Min(us): 9, Max(us): 51341, 99th(us): 9000, 99.9th(us): 28000, 99.99th(us): 51000
INSERT - Takes(s): 20.0, Count: 734200, OPS: 36710.2, Avg(us): 1689, Min(us): 9, Max(us): 169390, 99th(us): 13000, 99.9th(us): 31000, 99.99th(us): 72000
Run finished, takes 27.757025772s
INSERT - Takes(s): 27.8, Count: 999950, OPS: 36025.6, Avg(us): 1723, Min(us): 9, Max(us): 169390, 99th(us): 12000, 99.9th(us): 36000, 99.99th(us): 134000
