***************** properties *****************
"requestdistribution"="uniform"
"workload"="core"
"rocksdb.bytes_per_sync"="1048576"
"rocksdb.write_buffer_size"="2097152"
"dotransactions"="false"
"rocksdb.dir"="/mydata/local"
"scanproportion"="0"
"rocksdb.wal_bytes_per_sync"="524288"
"threadcount"="50"
"insertproportion"="0"
"recordcount"="1000000"
"rocksdb.disable_wal"="false"
"readproportion"="0.5"
"updateproportion"="0.5"
"operationcount"="1000000"
"readallfields"="true"
**********************************************
INSERT - Takes(s): 10.0, Count: 389676, OPS: 38967.5, Avg(us): 1092, Min(us): 10, Max(us): 122218, 99th(us): 7000, 99.9th(us): 20000, 99.99th(us): 85000
INSERT - Takes(s): 20.0, Count: 723321, OPS: 36164.2, Avg(us): 1195, Min(us): 9, Max(us): 122218, 99th(us): 9000, 99.9th(us): 20000, 99.99th(us): 66000
Run finished, takes 28.066685643s
INSERT - Takes(s): 28.1, Count: 1000000, OPS: 35629.9, Avg(us): 1213, Min(us): 8, Max(us): 122218, 99th(us): 9000, 99.9th(us): 25000, 99.99th(us): 85000
