***************** properties *****************
"dotransactions"="false"
"requestdistribution"="uniform"
"rocksdb.write_buffer_size"="2097152"
"operationcount"="1000000"
"threadcount"="45"
"rocksdb.wal_bytes_per_sync"="524288"
"rocksdb.disable_wal"="true"
"workload"="core"
"readproportion"="0.5"
"insertproportion"="0"
"updateproportion"="0.5"
"recordcount"="1000000"
"scanproportion"="0"
"rocksdb.dir"="/mydata/local"
"rocksdb.bytes_per_sync"="1048576"
"readallfields"="true"
**********************************************
INSERT - Takes(s): 10.0, Count: 466166, OPS: 46615.0, Avg(us): 798, Min(us): 6, Max(us): 110546, 99th(us): 10000, 99.9th(us): 40000, 99.99th(us): 97000
INSERT - Takes(s): 20.0, Count: 841207, OPS: 42059.7, Avg(us): 904, Min(us): 5, Max(us): 112241, 99th(us): 12000, 99.9th(us): 40000, 99.99th(us): 110000
Run finished, takes 24.019305013s
INSERT - Takes(s): 24.0, Count: 999989, OPS: 41633.5, Avg(us): 911, Min(us): 4, Max(us): 117539, 99th(us): 12000, 99.9th(us): 41000, 99.99th(us): 110000
