***************** properties *****************
"operationcount"="1000000"
"rocksdb.wal_bytes_per_sync"="524288"
"rocksdb.write_buffer_size"="2097152"
"workload"="core"
"rocksdb.dir"="/mydata/local"
"recordcount"="1000000"
"updateproportion"="0.5"
"threadcount"="70"
"readproportion"="0.5"
"rocksdb.bytes_per_sync"="1048576"
"scanproportion"="0"
"requestdistribution"="uniform"
"readallfields"="true"
"insertproportion"="0"
"rocksdb.disable_wal"="true"
"dotransactions"="false"
**********************************************
INSERT - Takes(s): 10.0, Count: 455369, OPS: 45534.8, Avg(us): 1293, Min(us): 4, Max(us): 85223, 99th(us): 16000, 99.9th(us): 43000, 99.99th(us): 70000
INSERT - Takes(s): 20.0, Count: 814437, OPS: 40719.4, Avg(us): 1480, Min(us): 4, Max(us): 85223, 99th(us): 18000, 99.9th(us): 42000, 99.99th(us): 69000
Run finished, takes 24.790282084s
INSERT - Takes(s): 24.8, Count: 999638, OPS: 40326.9, Avg(us): 1490, Min(us): 4, Max(us): 89299, 99th(us): 18000, 99.9th(us): 44000, 99.99th(us): 70000
