***************** properties *****************
"workload"="core"
"readproportion"="0.5"
"rocksdb.disable_wal"="true"
"rocksdb.dir"="/mydata/local"
"updateproportion"="0.5"
"requestdistribution"="uniform"
"rocksdb.bytes_per_sync"="1048576"
"operationcount"="1000000"
"recordcount"="1000000"
"rocksdb.wal_bytes_per_sync"="524288"
"dotransactions"="false"
"insertproportion"="0"
"scanproportion"="0"
"threadcount"="15"
"readallfields"="true"
"rocksdb.write_buffer_size"="2097152"
**********************************************
INSERT - Takes(s): 10.0, Count: 461628, OPS: 46157.9, Avg(us): 234, Min(us): 4, Max(us): 72301, 99th(us): 4000, 99.9th(us): 17000, 99.99th(us): 46000
INSERT - Takes(s): 20.0, Count: 815038, OPS: 40751.0, Avg(us): 277, Min(us): 4, Max(us): 72301, 99th(us): 4000, 99.9th(us): 17000, 99.99th(us): 55000
Run finished, takes 24.626484812s
INSERT - Takes(s): 24.6, Count: 999968, OPS: 40607.0, Avg(us): 277, Min(us): 4, Max(us): 97634, 99th(us): 4000, 99.9th(us): 18000, 99.99th(us): 66000
