***************** properties *****************
"operationcount"="1000000"
"readproportion"="0.5"
"rocksdb.disable_wal"="true"
"scanproportion"="0"
"readallfields"="true"
"requestdistribution"="uniform"
"rocksdb.bytes_per_sync"="1048576"
"recordcount"="1000000"
"rocksdb.dir"="/mydata/local"
"workload"="core"
"rocksdb.wal_bytes_per_sync"="524288"
"dotransactions"="false"
"threadcount"="10"
"insertproportion"="0"
"updateproportion"="0.5"
"rocksdb.write_buffer_size"="2097152"
**********************************************
INSERT - Takes(s): 10.0, Count: 461172, OPS: 46113.3, Avg(us): 140, Min(us): 4, Max(us): 71446, 99th(us): 3000, 99.9th(us): 15000, 99.99th(us): 47000
INSERT - Takes(s): 20.0, Count: 836133, OPS: 41805.4, Avg(us): 162, Min(us): 4, Max(us): 177626, 99th(us): 3000, 99.9th(us): 14000, 99.99th(us): 46000
Run finished, takes 23.764268371s
INSERT - Takes(s): 23.8, Count: 1000000, OPS: 42080.7, Avg(us): 159, Min(us): 4, Max(us): 177626, 99th(us): 3000, 99.9th(us): 14000, 99.99th(us): 54000
