***************** properties *****************
"workload"="core"
"rocksdb.dir"="/mydata/local"
"rocksdb.disable_wal"="true"
"rocksdb.write_buffer_size"="2097152"
"insertproportion"="0"
"updateproportion"="0.5"
"rocksdb.wal_bytes_per_sync"="524288"
"readproportion"="0.5"
"rocksdb.bytes_per_sync"="1048576"
"scanproportion"="0"
"threadcount"="35"
"operationcount"="1000000"
"readallfields"="true"
"recordcount"="1000000"
"requestdistribution"="uniform"
"dotransactions"="false"
**********************************************
INSERT - Takes(s): 10.0, Count: 452042, OPS: 45188.3, Avg(us): 633, Min(us): 5, Max(us): 78455, 99th(us): 11000, 99.9th(us): 35000, 99.99th(us): 68000
INSERT - Takes(s): 20.0, Count: 808073, OPS: 40397.2, Avg(us): 726, Min(us): 5, Max(us): 145959, 99th(us): 11000, 99.9th(us): 33000, 99.99th(us): 78000
Run finished, takes 25.053966399s
INSERT - Takes(s): 25.1, Count: 999983, OPS: 39913.2, Avg(us): 734, Min(us): 5, Max(us): 145959, 99th(us): 11000, 99.9th(us): 34000, 99.99th(us): 83000
