[2022/06/08 09:42:56.140 -05:00] [INFO] [client.go:378] ["[pd] create pd client with endpoints"] [pd-address="[10.10.1.4:2379]"]
[2022/06/08 09:42:56.148 -05:00] [INFO] [base_client.go:350] ["[pd] switch leader"] [new-leader=http://10.10.1.4:2379] [old-leader=]
[2022/06/08 09:42:56.148 -05:00] [INFO] [base_client.go:105] ["[pd] init cluster id"] [cluster-id=7106870844986743687]
[2022/06/08 09:42:56.148 -05:00] [INFO] [client.go:673] ["[pd] tso dispatcher created"] [dc-location=global]
***************** properties *****************
"scanproportion"="0"
"verbose"="false"
"tikv.type"="raw"
"recordcount"="1000000"
"tikv.conncount"="128"
"workload"="core"
"tikv.batchsize"="128"
"operationcount"="1000000"
"readproportion"="1"
"threadcount"="95"
"insertproportion"="0"
"readallfields"="true"
"debug.pprof"=":6060"
"tikv.pd"="10.10.1.4:2379"
"updateproportion"="0"
"dotransactions"="true"
"requestdistribution"="uniform"
**********************************************
READ   - Takes(s): 10.0, Count: 145943, OPS: 14662.1, Avg(us): 6492, Min(us): 866, Max(us): 111745, 99th(us): 35000, 99.9th(us): 61000, 99.99th(us): 102000
READ   - Takes(s): 20.0, Count: 292251, OPS: 14646.4, Avg(us): 6486, Min(us): 866, Max(us): 111745, 99th(us): 34000, 99.9th(us): 57000, 99.99th(us): 95000
READ   - Takes(s): 30.0, Count: 438989, OPS: 14655.5, Avg(us): 6480, Min(us): 829, Max(us): 111745, 99th(us): 33000, 99.9th(us): 55000, 99.99th(us): 94000
READ   - Takes(s): 40.0, Count: 586450, OPS: 14678.1, Avg(us): 6467, Min(us): 829, Max(us): 111745, 99th(us): 33000, 99.9th(us): 54000, 99.99th(us): 91000
READ   - Takes(s): 50.0, Count: 733376, OPS: 14681.1, Avg(us): 6466, Min(us): 829, Max(us): 111745, 99th(us): 33000, 99.9th(us): 54000, 99.99th(us): 94000
READ   - Takes(s): 60.0, Count: 879685, OPS: 14672.7, Avg(us): 6468, Min(us): 829, Max(us): 111745, 99th(us): 34000, 99.9th(us): 54000, 99.99th(us): 94000
Run finished, takes 1m8.553604305s
READ   - Takes(s): 68.5, Count: 999967, OPS: 14596.5, Avg(us): 6427, Min(us): 829, Max(us): 111745, 99th(us): 34000, 99.9th(us): 56000, 99.99th(us): 94000
[2022/06/08 09:44:04.703 -05:00] [INFO] [client.go:754] ["[pd] stop fetching the pending tso requests due to context canceled"] [dc-location=global]
[2022/06/08 09:44:04.703 -05:00] [INFO] [client.go:692] ["[pd] exit tso dispatcher"] [dc-location=global]
