[2022/06/08 09:31:42.767 -05:00] [INFO] [client.go:378] ["[pd] create pd client with endpoints"] [pd-address="[10.10.1.4:2379]"]
[2022/06/08 09:31:42.773 -05:00] [INFO] [base_client.go:350] ["[pd] switch leader"] [new-leader=http://10.10.1.4:2379] [old-leader=]
[2022/06/08 09:31:42.773 -05:00] [INFO] [base_client.go:105] ["[pd] init cluster id"] [cluster-id=7106870844986743687]
[2022/06/08 09:31:42.773 -05:00] [INFO] [client.go:673] ["[pd] tso dispatcher created"] [dc-location=global]
***************** properties *****************
"dotransactions"="true"
"requestdistribution"="uniform"
"verbose"="false"
"tikv.pd"="10.10.1.4:2379"
"threadcount"="45"
"operationcount"="1000000"
"tikv.type"="raw"
"scanproportion"="0"
"readproportion"="1"
"updateproportion"="0"
"debug.pprof"=":6060"
"insertproportion"="0"
"readallfields"="true"
"tikv.conncount"="128"
"recordcount"="1000000"
"tikv.batchsize"="128"
"workload"="core"
**********************************************
READ   - Takes(s): 10.0, Count: 151069, OPS: 15165.9, Avg(us): 2967, Min(us): 845, Max(us): 84670, 99th(us): 10000, 99.9th(us): 38000, 99.99th(us): 80000
READ   - Takes(s): 20.0, Count: 304621, OPS: 15260.7, Avg(us): 2943, Min(us): 845, Max(us): 84670, 99th(us): 10000, 99.9th(us): 20000, 99.99th(us): 78000
READ   - Takes(s): 30.0, Count: 458461, OPS: 15301.9, Avg(us): 2934, Min(us): 845, Max(us): 87139, 99th(us): 10000, 99.9th(us): 18000, 99.99th(us): 78000
READ   - Takes(s): 40.0, Count: 611632, OPS: 15305.7, Avg(us): 2932, Min(us): 841, Max(us): 87139, 99th(us): 10000, 99.9th(us): 18000, 99.99th(us): 77000
READ   - Takes(s): 50.0, Count: 765674, OPS: 15325.4, Avg(us): 2928, Min(us): 808, Max(us): 90114, 99th(us): 10000, 99.9th(us): 18000, 99.99th(us): 78000
READ   - Takes(s): 60.0, Count: 919603, OPS: 15336.7, Avg(us): 2925, Min(us): 808, Max(us): 90114, 99th(us): 10000, 99.9th(us): 18000, 99.99th(us): 78000
Run finished, takes 1m5.701636891s
READ   - Takes(s): 65.7, Count: 999990, OPS: 15229.3, Avg(us): 2923, Min(us): 808, Max(us): 90114, 99th(us): 10000, 99.9th(us): 18000, 99.99th(us): 79000
[2022/06/08 09:32:48.475 -05:00] [INFO] [client.go:754] ["[pd] stop fetching the pending tso requests due to context canceled"] [dc-location=global]
[2022/06/08 09:32:48.476 -05:00] [INFO] [client.go:692] ["[pd] exit tso dispatcher"] [dc-location=global]
