[2022/06/08 09:23:44.587 -05:00] [INFO] [client.go:378] ["[pd] create pd client with endpoints"] [pd-address="[10.10.1.4:2379]"]
[2022/06/08 09:23:44.594 -05:00] [INFO] [base_client.go:350] ["[pd] switch leader"] [new-leader=http://10.10.1.4:2379] [old-leader=]
[2022/06/08 09:23:44.594 -05:00] [INFO] [base_client.go:105] ["[pd] init cluster id"] [cluster-id=7106870844986743687]
[2022/06/08 09:23:44.594 -05:00] [INFO] [client.go:673] ["[pd] tso dispatcher created"] [dc-location=global]
***************** properties *****************
"scanproportion"="0"
"dotransactions"="true"
"workload"="core"
"tikv.type"="raw"
"recordcount"="1000000"
"tikv.pd"="10.10.1.4:2379"
"tikv.conncount"="128"
"operationcount"="1000000"
"insertproportion"="0"
"verbose"="false"
"tikv.batchsize"="128"
"readallfields"="true"
"threadcount"="15"
"updateproportion"="0"
"readproportion"="1"
"debug.pprof"=":6060"
"requestdistribution"="uniform"
**********************************************
READ   - Takes(s): 10.0, Count: 84954, OPS: 8524.2, Avg(us): 1753, Min(us): 868, Max(us): 81477, 99th(us): 3000, 99.9th(us): 6000, 99.99th(us): 78000
READ   - Takes(s): 20.0, Count: 171269, OPS: 8577.9, Avg(us): 1740, Min(us): 868, Max(us): 81477, 99th(us): 3000, 99.9th(us): 5000, 99.99th(us): 47000
READ   - Takes(s): 30.0, Count: 258257, OPS: 8618.3, Avg(us): 1731, Min(us): 868, Max(us): 81477, 99th(us): 3000, 99.9th(us): 5000, 99.99th(us): 50000
READ   - Takes(s): 40.0, Count: 345398, OPS: 8642.3, Avg(us): 1725, Min(us): 868, Max(us): 81477, 99th(us): 3000, 99.9th(us): 5000, 99.99th(us): 49000
READ   - Takes(s): 50.0, Count: 432630, OPS: 8658.5, Avg(us): 1722, Min(us): 868, Max(us): 81477, 99th(us): 3000, 99.9th(us): 5000, 99.99th(us): 48000
READ   - Takes(s): 60.0, Count: 520185, OPS: 8674.6, Avg(us): 1719, Min(us): 868, Max(us): 81477, 99th(us): 3000, 99.9th(us): 5000, 99.99th(us): 48000
READ   - Takes(s): 70.0, Count: 607750, OPS: 8686.3, Avg(us): 1716, Min(us): 868, Max(us): 81477, 99th(us): 3000, 99.9th(us): 5000, 99.99th(us): 48000
READ   - Takes(s): 80.0, Count: 695749, OPS: 8700.5, Avg(us): 1713, Min(us): 868, Max(us): 81477, 99th(us): 3000, 99.9th(us): 4000, 99.99th(us): 48000
READ   - Takes(s): 90.0, Count: 783673, OPS: 8710.7, Avg(us): 1711, Min(us): 868, Max(us): 81477, 99th(us): 3000, 99.9th(us): 4000, 99.99th(us): 48000
READ   - Takes(s): 100.0, Count: 871220, OPS: 8715.1, Avg(us): 1710, Min(us): 696, Max(us): 81477, 99th(us): 3000, 99.9th(us): 4000, 99.99th(us): 48000
READ   - Takes(s): 110.0, Count: 958921, OPS: 8720.1, Avg(us): 1709, Min(us): 696, Max(us): 81477, 99th(us): 3000, 99.9th(us): 4000, 99.99th(us): 48000
Run finished, takes 1m54.890181756s
READ   - Takes(s): 114.9, Count: 999988, OPS: 8706.4, Avg(us): 1708, Min(us): 696, Max(us): 81477, 99th(us): 3000, 99.9th(us): 4000, 99.99th(us): 47000
[2022/06/08 09:25:39.486 -05:00] [INFO] [client.go:754] ["[pd] stop fetching the pending tso requests due to context canceled"] [dc-location=global]
[2022/06/08 09:25:39.486 -05:00] [INFO] [client.go:692] ["[pd] exit tso dispatcher"] [dc-location=global]
