[2022/06/08 09:48:37.847 -05:00] [INFO] [client.go:378] ["[pd] create pd client with endpoints"] [pd-address="[10.10.1.4:2379]"]
[2022/06/08 09:48:37.852 -05:00] [INFO] [base_client.go:350] ["[pd] switch leader"] [new-leader=http://10.10.1.4:2379] [old-leader=]
[2022/06/08 09:48:37.852 -05:00] [INFO] [base_client.go:105] ["[pd] init cluster id"] [cluster-id=7106870844986743687]
[2022/06/08 09:48:37.853 -05:00] [INFO] [client.go:673] ["[pd] tso dispatcher created"] [dc-location=global]
***************** properties *****************
"insertproportion"="0"
"scanproportion"="0"
"requestdistribution"="uniform"
"debug.pprof"=":6060"
"workload"="core"
"readproportion"="1"
"operationcount"="1000000"
"verbose"="false"
"tikv.type"="raw"
"tikv.pd"="10.10.1.4:2379"
"threadcount"="120"
"updateproportion"="0"
"tikv.conncount"="128"
"dotransactions"="true"
"recordcount"="1000000"
"tikv.batchsize"="128"
"readallfields"="true"
**********************************************
READ   - Takes(s): 10.0, Count: 148395, OPS: 14907.7, Avg(us): 8067, Min(us): 901, Max(us): 108583, 99th(us): 44000, 99.9th(us): 72000, 99.99th(us): 98000
READ   - Takes(s): 20.0, Count: 295371, OPS: 14802.4, Avg(us): 8111, Min(us): 901, Max(us): 111548, 99th(us): 46000, 99.9th(us): 78000, 99.99th(us): 103000
READ   - Takes(s): 30.0, Count: 443898, OPS: 14819.2, Avg(us): 8097, Min(us): 862, Max(us): 111548, 99th(us): 47000, 99.9th(us): 73000, 99.99th(us): 99000
READ   - Takes(s): 40.0, Count: 591056, OPS: 14793.3, Avg(us): 8109, Min(us): 862, Max(us): 111548, 99th(us): 48000, 99.9th(us): 72000, 99.99th(us): 97000
READ   - Takes(s): 50.0, Count: 738255, OPS: 14778.6, Avg(us): 8116, Min(us): 760, Max(us): 112154, 99th(us): 48000, 99.9th(us): 72000, 99.99th(us): 99000
READ   - Takes(s): 60.0, Count: 884978, OPS: 14760.9, Avg(us): 8123, Min(us): 760, Max(us): 118734, 99th(us): 49000, 99.9th(us): 72000, 99.99th(us): 101000
Run finished, takes 1m8.136975807s
READ   - Takes(s): 68.1, Count: 999960, OPS: 14685.9, Avg(us): 8067, Min(us): 714, Max(us): 118734, 99th(us): 48000, 99.9th(us): 72000, 99.99th(us): 100000
[2022/06/08 09:49:45.991 -05:00] [INFO] [client.go:754] ["[pd] stop fetching the pending tso requests due to context canceled"] [dc-location=global]
[2022/06/08 09:49:45.991 -05:00] [INFO] [client.go:692] ["[pd] exit tso dispatcher"] [dc-location=global]
