[2022/06/08 09:47:29.715 -05:00] [INFO] [client.go:378] ["[pd] create pd client with endpoints"] [pd-address="[10.10.1.4:2379]"]
[2022/06/08 09:47:29.720 -05:00] [INFO] [base_client.go:350] ["[pd] switch leader"] [new-leader=http://10.10.1.4:2379] [old-leader=]
[2022/06/08 09:47:29.720 -05:00] [INFO] [base_client.go:105] ["[pd] init cluster id"] [cluster-id=7106870844986743687]
[2022/06/08 09:47:29.720 -05:00] [INFO] [client.go:673] ["[pd] tso dispatcher created"] [dc-location=global]
***************** properties *****************
"insertproportion"="0"
"scanproportion"="0"
"tikv.batchsize"="128"
"verbose"="false"
"updateproportion"="0"
"tikv.pd"="10.10.1.4:2379"
"readallfields"="true"
"debug.pprof"=":6060"
"readproportion"="1"
"workload"="core"
"tikv.type"="raw"
"threadcount"="115"
"requestdistribution"="uniform"
"dotransactions"="true"
"recordcount"="1000000"
"operationcount"="1000000"
"tikv.conncount"="128"
**********************************************
READ   - Takes(s): 10.0, Count: 146947, OPS: 14756.9, Avg(us): 7801, Min(us): 871, Max(us): 99156, 99th(us): 42000, 99.9th(us): 70000, 99.99th(us): 92000
READ   - Takes(s): 20.0, Count: 295577, OPS: 14810.1, Avg(us): 7766, Min(us): 851, Max(us): 102777, 99th(us): 44000, 99.9th(us): 68000, 99.99th(us): 94000
READ   - Takes(s): 30.0, Count: 442841, OPS: 14782.1, Avg(us): 7776, Min(us): 761, Max(us): 114316, 99th(us): 44000, 99.9th(us): 68000, 99.99th(us): 97000
READ   - Takes(s): 40.0, Count: 589256, OPS: 14746.9, Avg(us): 7793, Min(us): 761, Max(us): 114316, 99th(us): 45000, 99.9th(us): 68000, 99.99th(us): 97000
READ   - Takes(s): 50.0, Count: 737140, OPS: 14755.2, Avg(us): 7788, Min(us): 761, Max(us): 114316, 99th(us): 45000, 99.9th(us): 67000, 99.99th(us): 96000
READ   - Takes(s): 60.0, Count: 885557, OPS: 14769.7, Avg(us): 7780, Min(us): 761, Max(us): 114316, 99th(us): 44000, 99.9th(us): 67000, 99.99th(us): 95000
Run finished, takes 1m8.030108333s
READ   - Takes(s): 68.0, Count: 999925, OPS: 14707.9, Avg(us): 7728, Min(us): 761, Max(us): 114316, 99th(us): 44000, 99.9th(us): 66000, 99.99th(us): 95000
[2022/06/08 09:48:37.751 -05:00] [INFO] [client.go:754] ["[pd] stop fetching the pending tso requests due to context canceled"] [dc-location=global]
[2022/06/08 09:48:37.751 -05:00] [INFO] [client.go:692] ["[pd] exit tso dispatcher"] [dc-location=global]
