[2022/06/08 09:35:01.310 -05:00] [INFO] [client.go:378] ["[pd] create pd client with endpoints"] [pd-address="[10.10.1.4:2379]"]
[2022/06/08 09:35:01.316 -05:00] [INFO] [base_client.go:350] ["[pd] switch leader"] [new-leader=http://10.10.1.4:2379] [old-leader=]
[2022/06/08 09:35:01.316 -05:00] [INFO] [base_client.go:105] ["[pd] init cluster id"] [cluster-id=7106870844986743687]
[2022/06/08 09:35:01.317 -05:00] [INFO] [client.go:673] ["[pd] tso dispatcher created"] [dc-location=global]
***************** properties *****************
"tikv.type"="raw"
"dotransactions"="true"
"scanproportion"="0"
"updateproportion"="0"
"readproportion"="1"
"requestdistribution"="uniform"
"insertproportion"="0"
"verbose"="false"
"tikv.batchsize"="128"
"operationcount"="1000000"
"threadcount"="60"
"tikv.conncount"="128"
"workload"="core"
"recordcount"="1000000"
"debug.pprof"=":6060"
"tikv.pd"="10.10.1.4:2379"
"readallfields"="true"
**********************************************
READ   - Takes(s): 10.0, Count: 147179, OPS: 14748.7, Avg(us): 4070, Min(us): 860, Max(us): 89738, 99th(us): 18000, 99.9th(us): 40000, 99.99th(us): 85000
READ   - Takes(s): 20.0, Count: 295685, OPS: 14811.0, Avg(us): 4047, Min(us): 860, Max(us): 93048, 99th(us): 18000, 99.9th(us): 40000, 99.99th(us): 89000
READ   - Takes(s): 30.0, Count: 445341, OPS: 14862.6, Avg(us): 4031, Min(us): 848, Max(us): 93048, 99th(us): 18000, 99.9th(us): 37000, 99.99th(us): 88000
READ   - Takes(s): 40.0, Count: 594313, OPS: 14871.2, Avg(us): 4027, Min(us): 848, Max(us): 93048, 99th(us): 18000, 99.9th(us): 35000, 99.99th(us): 87000
READ   - Takes(s): 50.0, Count: 743757, OPS: 14885.9, Avg(us): 4023, Min(us): 848, Max(us): 93048, 99th(us): 18000, 99.9th(us): 35000, 99.99th(us): 85000
READ   - Takes(s): 60.0, Count: 893288, OPS: 14897.1, Avg(us): 4019, Min(us): 846, Max(us): 93593, 99th(us): 18000, 99.9th(us): 35000, 99.99th(us): 86000
Run finished, takes 1m7.678383182s
READ   - Takes(s): 67.6, Count: 999960, OPS: 14783.1, Avg(us): 4005, Min(us): 822, Max(us): 93593, 99th(us): 18000, 99.9th(us): 37000, 99.99th(us): 86000
[2022/06/08 09:36:08.998 -05:00] [INFO] [client.go:754] ["[pd] stop fetching the pending tso requests due to context canceled"] [dc-location=global]
[2022/06/08 09:36:08.998 -05:00] [INFO] [client.go:692] ["[pd] exit tso dispatcher"] [dc-location=global]
