[2022/06/08 09:36:09.093 -05:00] [INFO] [client.go:378] ["[pd] create pd client with endpoints"] [pd-address="[10.10.1.4:2379]"]
[2022/06/08 09:36:09.098 -05:00] [INFO] [base_client.go:350] ["[pd] switch leader"] [new-leader=http://10.10.1.4:2379] [old-leader=]
[2022/06/08 09:36:09.099 -05:00] [INFO] [base_client.go:105] ["[pd] init cluster id"] [cluster-id=7106870844986743687]
[2022/06/08 09:36:09.099 -05:00] [INFO] [client.go:673] ["[pd] tso dispatcher created"] [dc-location=global]
***************** properties *****************
"debug.pprof"=":6060"
"verbose"="false"
"tikv.type"="raw"
"updateproportion"="0"
"readallfields"="true"
"tikv.pd"="10.10.1.4:2379"
"operationcount"="1000000"
"dotransactions"="true"
"tikv.batchsize"="128"
"workload"="core"
"insertproportion"="0"
"recordcount"="1000000"
"threadcount"="65"
"tikv.conncount"="128"
"readproportion"="1"
"scanproportion"="0"
"requestdistribution"="uniform"
**********************************************
READ   - Takes(s): 10.0, Count: 147817, OPS: 14843.5, Avg(us): 4384, Min(us): 851, Max(us): 91350, 99th(us): 21000, 99.9th(us): 46000, 99.99th(us): 84000
READ   - Takes(s): 20.0, Count: 298908, OPS: 14976.7, Avg(us): 4337, Min(us): 795, Max(us): 91350, 99th(us): 21000, 99.9th(us): 43000, 99.99th(us): 82000
READ   - Takes(s): 30.0, Count: 450100, OPS: 15024.2, Avg(us): 4321, Min(us): 795, Max(us): 91350, 99th(us): 20000, 99.9th(us): 41000, 99.99th(us): 81000
READ   - Takes(s): 40.0, Count: 598494, OPS: 14978.0, Avg(us): 4333, Min(us): 795, Max(us): 91350, 99th(us): 20000, 99.9th(us): 40000, 99.99th(us): 80000
READ   - Takes(s): 50.0, Count: 748157, OPS: 14975.6, Avg(us): 4333, Min(us): 795, Max(us): 91350, 99th(us): 20000, 99.9th(us): 39000, 99.99th(us): 80000
READ   - Takes(s): 60.0, Count: 900321, OPS: 15015.8, Avg(us): 4321, Min(us): 795, Max(us): 91350, 99th(us): 20000, 99.9th(us): 38000, 99.99th(us): 79000
Run finished, takes 1m6.875482283s
READ   - Takes(s): 66.8, Count: 999960, OPS: 14961.9, Avg(us): 4298, Min(us): 795, Max(us): 91350, 99th(us): 20000, 99.9th(us): 34000, 99.99th(us): 79000
[2022/06/08 09:37:15.975 -05:00] [INFO] [client.go:754] ["[pd] stop fetching the pending tso requests due to context canceled"] [dc-location=global]
[2022/06/08 09:37:15.975 -05:00] [INFO] [client.go:692] ["[pd] exit tso dispatcher"] [dc-location=global]
