[2022/06/08 09:20:55.962 -05:00] [INFO] [client.go:378] ["[pd] create pd client with endpoints"] [pd-address="[10.10.1.4:2379]"]
[2022/06/08 09:20:55.968 -05:00] [INFO] [base_client.go:350] ["[pd] switch leader"] [new-leader=http://10.10.1.4:2379] [old-leader=]
[2022/06/08 09:20:55.968 -05:00] [INFO] [base_client.go:105] ["[pd] init cluster id"] [cluster-id=7106870844986743687]
[2022/06/08 09:20:55.968 -05:00] [INFO] [client.go:673] ["[pd] tso dispatcher created"] [dc-location=global]
***************** properties *****************
"updateproportion"="0"
"insertproportion"="0"
"recordcount"="1000000"
"tikv.pd"="10.10.1.4:2379"
"threadcount"="10"
"requestdistribution"="uniform"
"debug.pprof"=":6060"
"operationcount"="1000000"
"tikv.batchsize"="128"
"tikv.conncount"="128"
"verbose"="false"
"scanproportion"="0"
"readallfields"="true"
"readproportion"="1"
"workload"="core"
"tikv.type"="raw"
"dotransactions"="true"
**********************************************
READ   - Takes(s): 10.0, Count: 57830, OPS: 5805.0, Avg(us): 1715, Min(us): 1063, Max(us): 93449, 99th(us): 3000, 99.9th(us): 4000, 99.99th(us): 65000
READ   - Takes(s): 20.0, Count: 116764, OPS: 5849.3, Avg(us): 1700, Min(us): 1017, Max(us): 93449, 99th(us): 3000, 99.9th(us): 4000, 99.99th(us): 38000
READ   - Takes(s): 30.0, Count: 175911, OPS: 5871.1, Avg(us): 1693, Min(us): 1001, Max(us): 93449, 99th(us): 3000, 99.9th(us): 4000, 99.99th(us): 37000
READ   - Takes(s): 40.0, Count: 235193, OPS: 5885.4, Avg(us): 1688, Min(us): 1001, Max(us): 93449, 99th(us): 3000, 99.9th(us): 4000, 99.99th(us): 37000
READ   - Takes(s): 50.0, Count: 294665, OPS: 5897.8, Avg(us): 1685, Min(us): 979, Max(us): 93449, 99th(us): 3000, 99.9th(us): 4000, 99.99th(us): 37000
READ   - Takes(s): 60.0, Count: 353990, OPS: 5903.6, Avg(us): 1683, Min(us): 979, Max(us): 93449, 99th(us): 3000, 99.9th(us): 4000, 99.99th(us): 37000
READ   - Takes(s): 70.0, Count: 413471, OPS: 5909.9, Avg(us): 1681, Min(us): 979, Max(us): 93449, 99th(us): 3000, 99.9th(us): 4000, 99.99th(us): 37000
READ   - Takes(s): 80.0, Count: 472987, OPS: 5915.1, Avg(us): 1679, Min(us): 979, Max(us): 93449, 99th(us): 3000, 99.9th(us): 4000, 99.99th(us): 37000
READ   - Takes(s): 90.0, Count: 532378, OPS: 5917.8, Avg(us): 1678, Min(us): 979, Max(us): 93449, 99th(us): 3000, 99.9th(us): 4000, 99.99th(us): 37000
READ   - Takes(s): 100.0, Count: 591729, OPS: 5919.5, Avg(us): 1678, Min(us): 979, Max(us): 93449, 99th(us): 3000, 99.9th(us): 4000, 99.99th(us): 37000
READ   - Takes(s): 110.0, Count: 651375, OPS: 5923.6, Avg(us): 1677, Min(us): 979, Max(us): 93449, 99th(us): 3000, 99.9th(us): 4000, 99.99th(us): 37000
READ   - Takes(s): 120.0, Count: 711193, OPS: 5928.5, Avg(us): 1675, Min(us): 979, Max(us): 93449, 99th(us): 3000, 99.9th(us): 3000, 99.99th(us): 37000
READ   - Takes(s): 130.0, Count: 771220, OPS: 5934.2, Avg(us): 1674, Min(us): 979, Max(us): 93449, 99th(us): 3000, 99.9th(us): 3000, 99.99th(us): 37000
READ   - Takes(s): 140.0, Count: 831018, OPS: 5937.5, Avg(us): 1673, Min(us): 979, Max(us): 93449, 99th(us): 3000, 99.9th(us): 3000, 99.99th(us): 37000
READ   - Takes(s): 150.0, Count: 890975, OPS: 5941.3, Avg(us): 1672, Min(us): 972, Max(us): 93449, 99th(us): 3000, 99.9th(us): 3000, 99.99th(us): 37000
READ   - Takes(s): 160.0, Count: 950848, OPS: 5944.2, Avg(us): 1671, Min(us): 972, Max(us): 93449, 99th(us): 3000, 99.9th(us): 3000, 99.99th(us): 37000
Run finished, takes 2m48.521489892s
READ   - Takes(s): 168.5, Count: 999998, OPS: 5935.3, Avg(us): 1671, Min(us): 972, Max(us): 93449, 99th(us): 3000, 99.9th(us): 3000, 99.99th(us): 37000
[2022/06/08 09:23:44.491 -05:00] [INFO] [client.go:754] ["[pd] stop fetching the pending tso requests due to context canceled"] [dc-location=global]
[2022/06/08 09:23:44.491 -05:00] [INFO] [client.go:692] ["[pd] exit tso dispatcher"] [dc-location=global]
