[2022/06/08 09:27:06.048 -05:00] [INFO] [client.go:378] ["[pd] create pd client with endpoints"] [pd-address="[10.10.1.4:2379]"]
[2022/06/08 09:27:06.056 -05:00] [INFO] [base_client.go:350] ["[pd] switch leader"] [new-leader=http://10.10.1.4:2379] [old-leader=]
[2022/06/08 09:27:06.056 -05:00] [INFO] [base_client.go:105] ["[pd] init cluster id"] [cluster-id=7106870844986743687]
[2022/06/08 09:27:06.056 -05:00] [INFO] [client.go:673] ["[pd] tso dispatcher created"] [dc-location=global]
***************** properties *****************
"updateproportion"="0"
"readallfields"="true"
"requestdistribution"="uniform"
"readproportion"="1"
"threadcount"="25"
"verbose"="false"
"tikv.type"="raw"
"operationcount"="1000000"
"recordcount"="1000000"
"dotransactions"="true"
"tikv.conncount"="128"
"workload"="core"
"tikv.pd"="10.10.1.4:2379"
"insertproportion"="0"
"scanproportion"="0"
"debug.pprof"=":6060"
"tikv.batchsize"="128"
**********************************************
READ   - Takes(s): 10.0, Count: 130580, OPS: 13107.9, Avg(us): 1904, Min(us): 846, Max(us): 84063, 99th(us): 5000, 99.9th(us): 7000, 99.99th(us): 64000
READ   - Takes(s): 20.0, Count: 262455, OPS: 13147.9, Avg(us): 1894, Min(us): 811, Max(us): 84063, 99th(us): 5000, 99.9th(us): 7000, 99.99th(us): 63000
READ   - Takes(s): 30.0, Count: 394226, OPS: 13157.6, Avg(us): 1892, Min(us): 811, Max(us): 84063, 99th(us): 5000, 99.9th(us): 6000, 99.99th(us): 63000
READ   - Takes(s): 40.0, Count: 524963, OPS: 13136.7, Avg(us): 1894, Min(us): 811, Max(us): 84063, 99th(us): 5000, 99.9th(us): 6000, 99.99th(us): 64000
READ   - Takes(s): 50.0, Count: 655916, OPS: 13128.4, Avg(us): 1895, Min(us): 811, Max(us): 84063, 99th(us): 5000, 99.9th(us): 6000, 99.99th(us): 65000
READ   - Takes(s): 60.0, Count: 787426, OPS: 13132.2, Avg(us): 1894, Min(us): 811, Max(us): 84063, 99th(us): 5000, 99.9th(us): 6000, 99.99th(us): 65000
READ   - Takes(s): 70.0, Count: 919241, OPS: 13139.2, Avg(us): 1893, Min(us): 806, Max(us): 84063, 99th(us): 5000, 99.9th(us): 6000, 99.99th(us): 65000
Run finished, takes 1m16.294957551s
READ   - Takes(s): 76.3, Count: 1000000, OPS: 13113.7, Avg(us): 1891, Min(us): 806, Max(us): 84063, 99th(us): 5000, 99.9th(us): 6000, 99.99th(us): 65000
[2022/06/08 09:28:22.352 -05:00] [INFO] [client.go:754] ["[pd] stop fetching the pending tso requests due to context canceled"] [dc-location=global]
[2022/06/08 09:28:22.352 -05:00] [INFO] [client.go:692] ["[pd] exit tso dispatcher"] [dc-location=global]
