[2022/06/08 09:28:22.450 -05:00] [INFO] [client.go:378] ["[pd] create pd client with endpoints"] [pd-address="[10.10.1.4:2379]"]
[2022/06/08 09:28:22.455 -05:00] [INFO] [base_client.go:350] ["[pd] switch leader"] [new-leader=http://10.10.1.4:2379] [old-leader=]
[2022/06/08 09:28:22.455 -05:00] [INFO] [base_client.go:105] ["[pd] init cluster id"] [cluster-id=7106870844986743687]
[2022/06/08 09:28:22.456 -05:00] [INFO] [client.go:673] ["[pd] tso dispatcher created"] [dc-location=global]
***************** properties *****************
"tikv.conncount"="128"
"insertproportion"="0"
"tikv.type"="raw"
"operationcount"="1000000"
"requestdistribution"="uniform"
"scanproportion"="0"
"recordcount"="1000000"
"tikv.batchsize"="128"
"threadcount"="30"
"workload"="core"
"debug.pprof"=":6060"
"dotransactions"="true"
"updateproportion"="0"
"verbose"="false"
"tikv.pd"="10.10.1.4:2379"
"readallfields"="true"
"readproportion"="1"
**********************************************
READ   - Takes(s): 10.0, Count: 145504, OPS: 14605.3, Avg(us): 2051, Min(us): 830, Max(us): 93276, 99th(us): 6000, 99.9th(us): 9000, 99.99th(us): 91000
READ   - Takes(s): 20.0, Count: 293431, OPS: 14699.4, Avg(us): 2034, Min(us): 729, Max(us): 93276, 99th(us): 5000, 99.9th(us): 8000, 99.99th(us): 71000
READ   - Takes(s): 30.0, Count: 439977, OPS: 14684.4, Avg(us): 2035, Min(us): 729, Max(us): 93276, 99th(us): 5000, 99.9th(us): 8000, 99.99th(us): 71000
READ   - Takes(s): 40.0, Count: 586537, OPS: 14677.3, Avg(us): 2036, Min(us): 729, Max(us): 93276, 99th(us): 5000, 99.9th(us): 8000, 99.99th(us): 72000
READ   - Takes(s): 50.0, Count: 733396, OPS: 14679.0, Avg(us): 2035, Min(us): 729, Max(us): 93276, 99th(us): 5000, 99.9th(us): 8000, 99.99th(us): 72000
READ   - Takes(s): 60.0, Count: 879532, OPS: 14668.0, Avg(us): 2036, Min(us): 729, Max(us): 93276, 99th(us): 5000, 99.9th(us): 8000, 99.99th(us): 71000
Run finished, takes 1m8.565392113s
READ   - Takes(s): 68.5, Count: 999990, OPS: 14592.6, Avg(us): 2035, Min(us): 714, Max(us): 93276, 99th(us): 5000, 99.9th(us): 8000, 99.99th(us): 71000
[2022/06/08 09:29:31.022 -05:00] [INFO] [client.go:754] ["[pd] stop fetching the pending tso requests due to context canceled"] [dc-location=global]
[2022/06/08 09:29:31.022 -05:00] [INFO] [client.go:692] ["[pd] exit tso dispatcher"] [dc-location=global]
