[2022/06/08 09:40:39.697 -05:00] [INFO] [client.go:378] ["[pd] create pd client with endpoints"] [pd-address="[10.10.1.4:2379]"]
[2022/06/08 09:40:39.704 -05:00] [INFO] [base_client.go:350] ["[pd] switch leader"] [new-leader=http://10.10.1.4:2379] [old-leader=]
[2022/06/08 09:40:39.704 -05:00] [INFO] [base_client.go:105] ["[pd] init cluster id"] [cluster-id=7106870844986743687]
[2022/06/08 09:40:39.705 -05:00] [INFO] [client.go:673] ["[pd] tso dispatcher created"] [dc-location=global]
***************** properties *****************
"tikv.batchsize"="128"
"operationcount"="1000000"
"insertproportion"="0"
"debug.pprof"=":6060"
"readproportion"="1"
"tikv.conncount"="128"
"tikv.pd"="10.10.1.4:2379"
"dotransactions"="true"
"updateproportion"="0"
"requestdistribution"="uniform"
"tikv.type"="raw"
"readallfields"="true"
"recordcount"="1000000"
"threadcount"="85"
"scanproportion"="0"
"verbose"="false"
"workload"="core"
**********************************************
READ   - Takes(s): 10.0, Count: 145358, OPS: 14595.6, Avg(us): 5829, Min(us): 867, Max(us): 109997, 99th(us): 31000, 99.9th(us): 64000, 99.99th(us): 102000
READ   - Takes(s): 20.0, Count: 294505, OPS: 14755.7, Avg(us): 5754, Min(us): 806, Max(us): 109997, 99th(us): 30000, 99.9th(us): 50000, 99.99th(us): 100000
READ   - Takes(s): 30.0, Count: 441628, OPS: 14741.2, Avg(us): 5763, Min(us): 806, Max(us): 109997, 99th(us): 30000, 99.9th(us): 49000, 99.99th(us): 98000
READ   - Takes(s): 40.0, Count: 589675, OPS: 14757.1, Avg(us): 5754, Min(us): 791, Max(us): 109997, 99th(us): 31000, 99.9th(us): 49000, 99.99th(us): 97000
READ   - Takes(s): 50.0, Count: 736698, OPS: 14746.1, Avg(us): 5758, Min(us): 679, Max(us): 109997, 99th(us): 31000, 99.9th(us): 49000, 99.99th(us): 90000
READ   - Takes(s): 60.0, Count: 885202, OPS: 14763.5, Avg(us): 5750, Min(us): 679, Max(us): 109997, 99th(us): 31000, 99.9th(us): 49000, 99.99th(us): 88000
Run finished, takes 1m8.20095096s
READ   - Takes(s): 68.2, Count: 999940, OPS: 14670.6, Avg(us): 5716, Min(us): 679, Max(us): 109997, 99th(us): 31000, 99.9th(us): 49000, 99.99th(us): 88000
[2022/06/08 09:41:47.906 -05:00] [INFO] [client.go:754] ["[pd] stop fetching the pending tso requests due to context canceled"] [dc-location=global]
[2022/06/08 09:41:47.907 -05:00] [INFO] [client.go:692] ["[pd] exit tso dispatcher"] [dc-location=global]
