[2022/06/08 09:37:16.070 -05:00] [INFO] [client.go:378] ["[pd] create pd client with endpoints"] [pd-address="[10.10.1.4:2379]"]
[2022/06/08 09:37:16.076 -05:00] [INFO] [base_client.go:350] ["[pd] switch leader"] [new-leader=http://10.10.1.4:2379] [old-leader=]
[2022/06/08 09:37:16.076 -05:00] [INFO] [base_client.go:105] ["[pd] init cluster id"] [cluster-id=7106870844986743687]
[2022/06/08 09:37:16.076 -05:00] [INFO] [client.go:673] ["[pd] tso dispatcher created"] [dc-location=global]
***************** properties *****************
"readallfields"="true"
"threadcount"="70"
"operationcount"="1000000"
"debug.pprof"=":6060"
"readproportion"="1"
"tikv.batchsize"="128"
"insertproportion"="0"
"verbose"="false"
"dotransactions"="true"
"scanproportion"="0"
"tikv.pd"="10.10.1.4:2379"
"requestdistribution"="uniform"
"tikv.conncount"="128"
"recordcount"="1000000"
"updateproportion"="0"
"tikv.type"="raw"
"workload"="core"
**********************************************
READ   - Takes(s): 10.0, Count: 148057, OPS: 14865.0, Avg(us): 4715, Min(us): 852, Max(us): 98992, 99th(us): 22000, 99.9th(us): 51000, 99.99th(us): 92000
READ   - Takes(s): 20.0, Count: 296346, OPS: 14846.8, Avg(us): 4712, Min(us): 783, Max(us): 98992, 99th(us): 22000, 99.9th(us): 43000, 99.99th(us): 89000
READ   - Takes(s): 30.0, Count: 446400, OPS: 14899.8, Avg(us): 4693, Min(us): 783, Max(us): 98992, 99th(us): 23000, 99.9th(us): 43000, 99.99th(us): 84000
READ   - Takes(s): 40.0, Count: 594639, OPS: 14880.8, Avg(us): 4698, Min(us): 783, Max(us): 98992, 99th(us): 23000, 99.9th(us): 42000, 99.99th(us): 83000
READ   - Takes(s): 50.0, Count: 743235, OPS: 14876.5, Avg(us): 4698, Min(us): 783, Max(us): 103290, 99th(us): 22000, 99.9th(us): 41000, 99.99th(us): 84000
READ   - Takes(s): 60.0, Count: 893125, OPS: 14895.3, Avg(us): 4692, Min(us): 783, Max(us): 107877, 99th(us): 22000, 99.9th(us): 41000, 99.99th(us): 89000
Run finished, takes 1m7.606129461s
READ   - Takes(s): 67.6, Count: 999950, OPS: 14799.9, Avg(us): 4678, Min(us): 783, Max(us): 107877, 99th(us): 22000, 99.9th(us): 43000, 99.99th(us): 89000
[2022/06/08 09:38:23.683 -05:00] [INFO] [client.go:754] ["[pd] stop fetching the pending tso requests due to context canceled"] [dc-location=global]
[2022/06/08 09:38:23.683 -05:00] [INFO] [client.go:692] ["[pd] exit tso dispatcher"] [dc-location=global]
