[2022/06/08 09:29:31.121 -05:00] [INFO] [client.go:378] ["[pd] create pd client with endpoints"] [pd-address="[10.10.1.4:2379]"]
[2022/06/08 09:29:31.129 -05:00] [INFO] [base_client.go:350] ["[pd] switch leader"] [new-leader=http://10.10.1.4:2379] [old-leader=]
[2022/06/08 09:29:31.129 -05:00] [INFO] [base_client.go:105] ["[pd] init cluster id"] [cluster-id=7106870844986743687]
[2022/06/08 09:29:31.129 -05:00] [INFO] [client.go:673] ["[pd] tso dispatcher created"] [dc-location=global]
***************** properties *****************
"readproportion"="1"
"dotransactions"="true"
"operationcount"="1000000"
"recordcount"="1000000"
"tikv.type"="raw"
"insertproportion"="0"
"tikv.conncount"="128"
"readallfields"="true"
"requestdistribution"="uniform"
"tikv.pd"="10.10.1.4:2379"
"tikv.batchsize"="128"
"debug.pprof"=":6060"
"updateproportion"="0"
"workload"="core"
"threadcount"="35"
"scanproportion"="0"
"verbose"="false"
**********************************************
READ   - Takes(s): 10.0, Count: 151177, OPS: 15174.5, Avg(us): 2304, Min(us): 855, Max(us): 87903, 99th(us): 7000, 99.9th(us): 14000, 99.99th(us): 76000
READ   - Takes(s): 20.0, Count: 302776, OPS: 15165.9, Avg(us): 2301, Min(us): 777, Max(us): 87903, 99th(us): 7000, 99.9th(us): 11000, 99.99th(us): 71000
READ   - Takes(s): 30.0, Count: 454885, OPS: 15181.9, Avg(us): 2298, Min(us): 777, Max(us): 87903, 99th(us): 7000, 99.9th(us): 11000, 99.99th(us): 75000
READ   - Takes(s): 40.0, Count: 606538, OPS: 15177.8, Avg(us): 2298, Min(us): 774, Max(us): 87903, 99th(us): 7000, 99.9th(us): 11000, 99.99th(us): 74000
READ   - Takes(s): 50.0, Count: 758396, OPS: 15179.3, Avg(us): 2297, Min(us): 774, Max(us): 88785, 99th(us): 7000, 99.9th(us): 11000, 99.99th(us): 75000
READ   - Takes(s): 60.0, Count: 911387, OPS: 15199.3, Avg(us): 2294, Min(us): 774, Max(us): 88785, 99th(us): 7000, 99.9th(us): 11000, 99.99th(us): 75000
Run finished, takes 1m6.143166875s
READ   - Takes(s): 66.1, Count: 999983, OPS: 15127.1, Avg(us): 2295, Min(us): 774, Max(us): 88785, 99th(us): 7000, 99.9th(us): 11000, 99.99th(us): 76000
[2022/06/08 09:30:37.273 -05:00] [INFO] [client.go:754] ["[pd] stop fetching the pending tso requests due to context canceled"] [dc-location=global]
[2022/06/08 09:30:37.273 -05:00] [INFO] [client.go:692] ["[pd] exit tso dispatcher"] [dc-location=global]
