***************** properties *****************
"threadcount"="25"
"workload"="core"
"rocksdb.disable_wal"="false"
"dotransactions"="false"
"rocksdb.dir"="/mydata/local"
"readallfields"="true"
"rocksdb.bytes_per_sync"="1048576"
"updateproportion"="0.5"
"scanproportion"="0"
"rocksdb.wal_bytes_per_sync"="524288"
"requestdistribution"="uniform"
"readproportion"="0.5"
"recordcount"="1000000"
"rocksdb.write_buffer_size"="2097152"
"insertproportion"="0"
"operationcount"="1000000"
**********************************************
INSERT - Takes(s): 10.0, Count: 409945, OPS: 40988.2, Avg(us): 501, Min(us): 9, Max(us): 59033, 99th(us): 6000, 99.9th(us): 24000, 99.99th(us): 53000
INSERT - Takes(s): 20.0, Count: 733294, OPS: 36663.4, Avg(us): 573, Min(us): 9, Max(us): 85899, 99th(us): 6000, 99.9th(us): 22000, 99.99th(us): 57000
Run finished, takes 27.286544442s
INSERT - Takes(s): 27.3, Count: 1000000, OPS: 36648.6, Avg(us): 573, Min(us): 9, Max(us): 85899, 99th(us): 6000, 99.9th(us): 22000, 99.99th(us): 57000
