***************** properties *****************
"rocksdb.disable_wal"="false"
"readallfields"="true"
"recordcount"="1000000"
"operationcount"="1000000"
"updateproportion"="0.5"
"rocksdb.wal_bytes_per_sync"="524288"
"scanproportion"="0"
"threadcount"="35"
"workload"="core"
"rocksdb.write_buffer_size"="2097152"
"readproportion"="0.5"
"requestdistribution"="uniform"
"insertproportion"="0"
"dotransactions"="false"
"rocksdb.dir"="/mydata/local"
"rocksdb.bytes_per_sync"="1048576"
**********************************************
INSERT - Takes(s): 10.0, Count: 386761, OPS: 38665.6, Avg(us): 751, Min(us): 10, Max(us): 110855, 99th(us): 6000, 99.9th(us): 17000, 99.99th(us): 80000
INSERT - Takes(s): 20.0, Count: 709359, OPS: 35466.7, Avg(us): 835, Min(us): 10, Max(us): 110855, 99th(us): 7000, 99.9th(us): 20000, 99.99th(us): 60000
Run finished, takes 28.418297254s
INSERT - Takes(s): 28.4, Count: 999985, OPS: 35188.5, Avg(us): 842, Min(us): 9, Max(us): 110855, 99th(us): 7000, 99.9th(us): 21000, 99.99th(us): 59000
