***************** properties *****************
"readallfields"="true"
"operationcount"="1000000"
"scanproportion"="0"
"rocksdb.wal_bytes_per_sync"="524288"
"workload"="core"
"threadcount"="40"
"recordcount"="1000000"
"rocksdb.write_buffer_size"="2097152"
"updateproportion"="0.5"
"rocksdb.bytes_per_sync"="1048576"
"dotransactions"="false"
"requestdistribution"="uniform"
"rocksdb.disable_wal"="false"
"rocksdb.dir"="/mydata/local"
"readproportion"="0.5"
"insertproportion"="0"
**********************************************
INSERT - Takes(s): 10.0, Count: 384771, OPS: 38476.2, Avg(us): 870, Min(us): 10, Max(us): 110748, 99th(us): 6000, 99.9th(us): 18000, 99.99th(us): 67000
INSERT - Takes(s): 20.0, Count: 710631, OPS: 35530.9, Avg(us): 957, Min(us): 9, Max(us): 110748, 99th(us): 7000, 99.9th(us): 20000, 99.99th(us): 68000
Run finished, takes 28.303397564s
INSERT - Takes(s): 28.3, Count: 1000000, OPS: 35331.9, Avg(us): 964, Min(us): 8, Max(us): 110748, 99th(us): 7000, 99.9th(us): 22000, 99.99th(us): 68000
