***************** properties *****************
"rocksdb.dir"="/mydata/local"
"scanproportion"="0"
"insertproportion"="0"
"recordcount"="1000000"
"rocksdb.write_buffer_size"="2097152"
"workload"="core"
"updateproportion"="0.5"
"threadcount"="15"
"dotransactions"="false"
"readallfields"="true"
"rocksdb.bytes_per_sync"="1048576"
"rocksdb.wal_bytes_per_sync"="524288"
"rocksdb.disable_wal"="false"
"readproportion"="0.5"
"operationcount"="1000000"
"requestdistribution"="uniform"
**********************************************
INSERT - Takes(s): 10.0, Count: 393617, OPS: 39357.9, Avg(us): 296, Min(us): 9, Max(us): 109777, 99th(us): 3000, 99.9th(us): 14000, 99.99th(us): 54000
INSERT - Takes(s): 20.0, Count: 720765, OPS: 36036.8, Avg(us): 332, Min(us): 9, Max(us): 109777, 99th(us): 4000, 99.9th(us): 13000, 99.99th(us): 50000
Run finished, takes 27.52970238s
INSERT - Takes(s): 27.5, Count: 999974, OPS: 36326.1, Avg(us): 328, Min(us): 9, Max(us): 109777, 99th(us): 4000, 99.9th(us): 15000, 99.99th(us): 50000
