***************** properties *****************
"insertproportion"="0"
"workload"="core"
"updateproportion"="0.5"
"rocksdb.wal_bytes_per_sync"="524288"
"rocksdb.bytes_per_sync"="1048576"
"readproportion"="0.5"
"dotransactions"="false"
"rocksdb.dir"="/mydata/local"
"requestdistribution"="uniform"
"recordcount"="1000000"
"readallfields"="true"
"threadcount"="30"
"rocksdb.write_buffer_size"="2097152"
"rocksdb.disable_wal"="false"
"scanproportion"="0"
"operationcount"="1000000"
**********************************************
INSERT - Takes(s): 10.0, Count: 397409, OPS: 39731.2, Avg(us): 626, Min(us): 9, Max(us): 128539, 99th(us): 6000, 99.9th(us): 26000, 99.99th(us): 64000
INSERT - Takes(s): 20.0, Count: 754025, OPS: 37699.2, Avg(us): 668, Min(us): 8, Max(us): 128539, 99th(us): 6000, 99.9th(us): 25000, 99.99th(us): 65000
Run finished, takes 27.264323482s
INSERT - Takes(s): 27.3, Count: 999990, OPS: 36678.0, Avg(us): 690, Min(us): 8, Max(us): 128539, 99th(us): 6000, 99.9th(us): 25000, 99.99th(us): 68000
