[2022/06/07 10:49:53.983 -05:00] [INFO] [client.go:378] ["[pd] create pd client with endpoints"] [pd-address="[10.10.1.4:2379]"]
[2022/06/07 10:49:53.988 -05:00] [INFO] [base_client.go:350] ["[pd] switch leader"] [new-leader=http://10.10.1.4:2379] [old-leader=]
[2022/06/07 10:49:53.988 -05:00] [INFO] [base_client.go:105] ["[pd] init cluster id"] [cluster-id=7106506722672181532]
[2022/06/07 10:49:53.988 -05:00] [INFO] [client.go:673] ["[pd] tso dispatcher created"] [dc-location=global]
***************** properties *****************
"updateproportion"="0"
"insertproportion"="0.05"
"workload"="core"
"scanproportion"="0"
"verbose"="false"
"debug.pprof"=":6060"
"tikv.conncount"="128"
"operationcount"="1000000"
"recordcount"="1000000"
"tikv.pd"="10.10.1.4:2379"
"readproportion"="0.95"
"threadcount"="110"
"tikv.batchsize"="128"
"dotransactions"="true"
"readallfields"="true"
"requestdistribution"="latest"
"tikv.type"="raw"
**********************************************
INSERT - Takes(s): 9.9, Count: 4777, OPS: 480.1, Avg(us): 32768, Min(us): 6689, Max(us): 79345, 99th(us): 69000, 99.9th(us): 78000, 99.99th(us): 80000
READ   - Takes(s): 10.0, Count: 91645, OPS: 9205.2, Avg(us): 10262, Min(us): 868, Max(us): 142446, 99th(us): 52000, 99.9th(us): 65000, 99.99th(us): 117000
INSERT - Takes(s): 19.9, Count: 9381, OPS: 470.2, Avg(us): 33624, Min(us): 6216, Max(us): 91484, 99th(us): 75000, 99.9th(us): 86000, 99.99th(us): 92000
READ   - Takes(s): 20.0, Count: 178600, OPS: 8950.0, Avg(us): 10522, Min(us): 868, Max(us): 142446, 99th(us): 54000, 99.9th(us): 67000, 99.99th(us): 116000
INSERT - Takes(s): 29.9, Count: 14083, OPS: 470.2, Avg(us): 34125, Min(us): 6194, Max(us): 91484, 99th(us): 74000, 99.9th(us): 85000, 99.99th(us): 90000
READ   - Takes(s): 30.0, Count: 266877, OPS: 8909.1, Avg(us): 10542, Min(us): 868, Max(us): 142446, 99th(us): 52000, 99.9th(us): 66000, 99.99th(us): 115000
INSERT - Takes(s): 39.9, Count: 18398, OPS: 460.5, Avg(us): 34401, Min(us): 6194, Max(us): 99302, 99th(us): 74000, 99.9th(us): 86000, 99.99th(us): 94000
READ   - Takes(s): 40.0, Count: 348064, OPS: 8711.3, Avg(us): 10800, Min(us): 714, Max(us): 142446, 99th(us): 53000, 99.9th(us): 67000, 99.99th(us): 106000
INSERT - Takes(s): 49.9, Count: 22982, OPS: 460.1, Avg(us): 34406, Min(us): 6194, Max(us): 99302, 99th(us): 73000, 99.9th(us): 85000, 99.99th(us): 90000
READ   - Takes(s): 50.0, Count: 436069, OPS: 8729.2, Avg(us): 10779, Min(us): 714, Max(us): 142446, 99th(us): 52000, 99.9th(us): 66000, 99.99th(us): 105000
INSERT - Takes(s): 59.9, Count: 27533, OPS: 459.3, Avg(us): 34502, Min(us): 6194, Max(us): 99302, 99th(us): 72000, 99.9th(us): 85000, 99.99th(us): 92000
READ   - Takes(s): 60.0, Count: 520152, OPS: 8675.7, Avg(us): 10842, Min(us): 714, Max(us): 142446, 99th(us): 52000, 99.9th(us): 65000, 99.99th(us): 93000
INSERT - Takes(s): 69.9, Count: 31399, OPS: 448.9, Avg(us): 34619, Min(us): 6194, Max(us): 99302, 99th(us): 73000, 99.9th(us): 85000, 99.99th(us): 90000
READ   - Takes(s): 70.0, Count: 593562, OPS: 8484.9, Avg(us): 11121, Min(us): 714, Max(us): 142446, 99th(us): 53000, 99.9th(us): 66000, 99.99th(us): 84000
INSERT - Takes(s): 79.9, Count: 36316, OPS: 454.2, Avg(us): 34418, Min(us): 6194, Max(us): 99302, 99th(us): 72000, 99.9th(us): 85000, 99.99th(us): 92000
READ   - Takes(s): 80.0, Count: 687328, OPS: 8596.4, Avg(us): 10965, Min(us): 714, Max(us): 142446, 99th(us): 53000, 99.9th(us): 65000, 99.99th(us): 82000
INSERT - Takes(s): 89.9, Count: 41301, OPS: 459.2, Avg(us): 34307, Min(us): 6194, Max(us): 99302, 99th(us): 72000, 99.9th(us): 84000, 99.99th(us): 90000
READ   - Takes(s): 90.0, Count: 779212, OPS: 8662.2, Avg(us): 10867, Min(us): 714, Max(us): 142446, 99th(us): 52000, 99.9th(us): 65000, 99.99th(us): 81000
INSERT - Takes(s): 99.9, Count: 46006, OPS: 460.3, Avg(us): 34481, Min(us): 4556, Max(us): 117003, 99th(us): 72000, 99.9th(us): 85000, 99.99th(us): 99000
READ   - Takes(s): 100.0, Count: 866977, OPS: 8673.6, Avg(us): 10839, Min(us): 714, Max(us): 142446, 99th(us): 52000, 99.9th(us): 65000, 99.99th(us): 85000
Run finished, takes 1m49.747777197s
INSERT - Takes(s): 109.7, Count: 50300, OPS: 458.5, Avg(us): 34385, Min(us): 4556, Max(us): 117003, 99th(us): 72000, 99.9th(us): 85000, 99.99th(us): 99000
READ   - Takes(s): 109.7, Count: 949600, OPS: 8656.2, Avg(us): 10794, Min(us): 714, Max(us): 142446, 99th(us): 52000, 99.9th(us): 65000, 99.99th(us): 83000
[2022/06/07 10:51:43.737 -05:00] [INFO] [client.go:754] ["[pd] stop fetching the pending tso requests due to context canceled"] [dc-location=global]
[2022/06/07 10:51:43.737 -05:00] [INFO] [client.go:692] ["[pd] exit tso dispatcher"] [dc-location=global]
