[2022/06/07 10:31:22.556 -05:00] [INFO] [client.go:378] ["[pd] create pd client with endpoints"] [pd-address="[10.10.1.4:2379]"]
[2022/06/07 10:31:22.561 -05:00] [INFO] [base_client.go:350] ["[pd] switch leader"] [new-leader=http://10.10.1.4:2379] [old-leader=]
[2022/06/07 10:31:22.561 -05:00] [INFO] [base_client.go:105] ["[pd] init cluster id"] [cluster-id=7106506722672181532]
[2022/06/07 10:31:22.561 -05:00] [INFO] [client.go:673] ["[pd] tso dispatcher created"] [dc-location=global]
***************** properties *****************
"insertproportion"="0.05"
"tikv.type"="raw"
"scanproportion"="0"
"threadcount"="60"
"dotransactions"="true"
"recordcount"="1000000"
"tikv.conncount"="128"
"debug.pprof"=":6060"
"tikv.batchsize"="128"
"requestdistribution"="latest"
"operationcount"="1000000"
"workload"="core"
"tikv.pd"="10.10.1.4:2379"
"updateproportion"="0"
"verbose"="false"
"readproportion"="0.95"
"readallfields"="true"
**********************************************
INSERT - Takes(s): 10.0, Count: 4702, OPS: 472.3, Avg(us): 19819, Min(us): 6544, Max(us): 44066, 99th(us): 37000, 99.9th(us): 43000, 99.99th(us): 45000
READ   - Takes(s): 10.0, Count: 87618, OPS: 8793.6, Avg(us): 5762, Min(us): 759, Max(us): 88065, 99th(us): 24000, 99.9th(us): 38000, 99.99th(us): 82000
INSERT - Takes(s): 20.0, Count: 9898, OPS: 496.0, Avg(us): 19644, Min(us): 5002, Max(us): 98190, 99th(us): 37000, 99.9th(us): 47000, 99.99th(us): 99000
READ   - Takes(s): 20.0, Count: 184470, OPS: 9240.3, Avg(us): 5431, Min(us): 700, Max(us): 88065, 99th(us): 23000, 99.9th(us): 40000, 99.99th(us): 83000
INSERT - Takes(s): 30.0, Count: 14394, OPS: 480.5, Avg(us): 19879, Min(us): 5002, Max(us): 98190, 99th(us): 37000, 99.9th(us): 45000, 99.99th(us): 86000
READ   - Takes(s): 30.0, Count: 271442, OPS: 9059.1, Avg(us): 5557, Min(us): 700, Max(us): 88065, 99th(us): 24000, 99.9th(us): 36000, 99.99th(us): 82000
INSERT - Takes(s): 40.0, Count: 19139, OPS: 479.0, Avg(us): 19999, Min(us): 5002, Max(us): 98190, 99th(us): 37000, 99.9th(us): 43000, 99.99th(us): 86000
READ   - Takes(s): 40.0, Count: 361545, OPS: 9046.8, Avg(us): 5561, Min(us): 700, Max(us): 88065, 99th(us): 23000, 99.9th(us): 34000, 99.99th(us): 80000
INSERT - Takes(s): 50.0, Count: 23855, OPS: 477.5, Avg(us): 20075, Min(us): 5002, Max(us): 98190, 99th(us): 37000, 99.9th(us): 44000, 99.99th(us): 86000
READ   - Takes(s): 50.0, Count: 450970, OPS: 9026.0, Avg(us): 5571, Min(us): 700, Max(us): 88065, 99th(us): 23000, 99.9th(us): 34000, 99.99th(us): 74000
INSERT - Takes(s): 60.0, Count: 28751, OPS: 479.5, Avg(us): 20013, Min(us): 5002, Max(us): 98190, 99th(us): 37000, 99.9th(us): 44000, 99.99th(us): 86000
READ   - Takes(s): 60.0, Count: 544018, OPS: 9072.5, Avg(us): 5541, Min(us): 700, Max(us): 88065, 99th(us): 23000, 99.9th(us): 33000, 99.99th(us): 71000
INSERT - Takes(s): 70.0, Count: 33221, OPS: 474.9, Avg(us): 20132, Min(us): 5002, Max(us): 98190, 99th(us): 37000, 99.9th(us): 47000, 99.99th(us): 86000
READ   - Takes(s): 70.0, Count: 632792, OPS: 9044.6, Avg(us): 5562, Min(us): 700, Max(us): 88065, 99th(us): 23000, 99.9th(us): 33000, 99.99th(us): 71000
INSERT - Takes(s): 80.0, Count: 37816, OPS: 473.0, Avg(us): 20140, Min(us): 5002, Max(us): 98190, 99th(us): 37000, 99.9th(us): 47000, 99.99th(us): 86000
READ   - Takes(s): 80.0, Count: 721630, OPS: 9024.5, Avg(us): 5578, Min(us): 700, Max(us): 88065, 99th(us): 23000, 99.9th(us): 33000, 99.99th(us): 69000
INSERT - Takes(s): 90.0, Count: 42478, OPS: 472.2, Avg(us): 20207, Min(us): 5002, Max(us): 98190, 99th(us): 37000, 99.9th(us): 48000, 99.99th(us): 85000
READ   - Takes(s): 90.0, Count: 809804, OPS: 9001.5, Avg(us): 5590, Min(us): 700, Max(us): 88065, 99th(us): 23000, 99.9th(us): 33000, 99.99th(us): 68000
INSERT - Takes(s): 100.0, Count: 46769, OPS: 467.9, Avg(us): 20279, Min(us): 5002, Max(us): 98190, 99th(us): 38000, 99.9th(us): 52000, 99.99th(us): 85000
READ   - Takes(s): 100.0, Count: 891522, OPS: 8918.5, Avg(us): 5648, Min(us): 700, Max(us): 88065, 99th(us): 23000, 99.9th(us): 33000, 99.99th(us): 69000
Run finished, takes 1m46.419047149s
INSERT - Takes(s): 106.4, Count: 49798, OPS: 468.1, Avg(us): 20201, Min(us): 5002, Max(us): 98190, 99th(us): 37000, 99.9th(us): 50000, 99.99th(us): 85000
READ   - Takes(s): 106.4, Count: 950162, OPS: 8931.6, Avg(us): 5600, Min(us): 700, Max(us): 88065, 99th(us): 23000, 99.9th(us): 33000, 99.99th(us): 69000
[2022/06/07 10:33:08.981 -05:00] [INFO] [client.go:754] ["[pd] stop fetching the pending tso requests due to context canceled"] [dc-location=global]
[2022/06/07 10:33:08.981 -05:00] [INFO] [client.go:692] ["[pd] exit tso dispatcher"] [dc-location=global]
