[2022/06/07 10:04:35.406 -05:00] [INFO] [client.go:378] ["[pd] create pd client with endpoints"] [pd-address="[10.10.1.4:2379]"]
[2022/06/07 10:04:35.411 -05:00] [INFO] [base_client.go:350] ["[pd] switch leader"] [new-leader=http://10.10.1.4:2379] [old-leader=]
[2022/06/07 10:04:35.411 -05:00] [INFO] [base_client.go:105] ["[pd] init cluster id"] [cluster-id=7106506722672181532]
[2022/06/07 10:04:35.411 -05:00] [INFO] [client.go:673] ["[pd] tso dispatcher created"] [dc-location=global]
***************** properties *****************
"scanproportion"="0"
"dotransactions"="true"
"readallfields"="true"
"updateproportion"="0"
"tikv.type"="raw"
"recordcount"="1000000"
"threadcount"="5"
"requestdistribution"="latest"
"tikv.conncount"="128"
"tikv.batchsize"="128"
"tikv.pd"="10.10.1.4:2379"
"operationcount"="1000000"
"readproportion"="0.95"
"workload"="core"
"verbose"="false"
"insertproportion"="0.05"
"debug.pprof"=":6060"
**********************************************
INSERT - Takes(s): 9.9, Count: 1194, OPS: 121.1, Avg(us): 7248, Min(us): 5171, Max(us): 18056, 99th(us): 10000, 99.9th(us): 16000, 99.99th(us): 19000
READ   - Takes(s): 10.0, Count: 22074, OPS: 2216.9, Avg(us): 1852, Min(us): 1087, Max(us): 122339, 99th(us): 4000, 99.9th(us): 8000, 99.99th(us): 118000
INSERT - Takes(s): 19.9, Count: 2366, OPS: 119.1, Avg(us): 7276, Min(us): 5171, Max(us): 50865, 99th(us): 11000, 99.9th(us): 16000, 99.99th(us): 51000
READ   - Takes(s): 20.0, Count: 44957, OPS: 2252.7, Avg(us): 1821, Min(us): 1087, Max(us): 122339, 99th(us): 3000, 99.9th(us): 5000, 99.99th(us): 75000
INSERT - Takes(s): 29.9, Count: 3591, OPS: 120.3, Avg(us): 7262, Min(us): 5171, Max(us): 50865, 99th(us): 10000, 99.9th(us): 15000, 99.99th(us): 51000
READ   - Takes(s): 30.0, Count: 68143, OPS: 2274.7, Avg(us): 1798, Min(us): 1072, Max(us): 122339, 99th(us): 3000, 99.9th(us): 5000, 99.99th(us): 61000
INSERT - Takes(s): 39.9, Count: 4807, OPS: 120.6, Avg(us): 7267, Min(us): 5171, Max(us): 50865, 99th(us): 10000, 99.9th(us): 15000, 99.99th(us): 51000
READ   - Takes(s): 40.0, Count: 91379, OPS: 2286.9, Avg(us): 1786, Min(us): 1023, Max(us): 122339, 99th(us): 3000, 99.9th(us): 5000, 99.99th(us): 49000
INSERT - Takes(s): 49.9, Count: 6060, OPS: 121.5, Avg(us): 7262, Min(us): 5171, Max(us): 50865, 99th(us): 10000, 99.9th(us): 14000, 99.99th(us): 51000
READ   - Takes(s): 50.0, Count: 114748, OPS: 2296.9, Avg(us): 1775, Min(us): 1023, Max(us): 122339, 99th(us): 3000, 99.9th(us): 5000, 99.99th(us): 49000
INSERT - Takes(s): 59.9, Count: 7315, OPS: 122.2, Avg(us): 7268, Min(us): 5171, Max(us): 50865, 99th(us): 10000, 99.9th(us): 15000, 99.99th(us): 51000
READ   - Takes(s): 60.0, Count: 138175, OPS: 2304.6, Avg(us): 1766, Min(us): 949, Max(us): 122339, 99th(us): 3000, 99.9th(us): 4000, 99.99th(us): 45000
INSERT - Takes(s): 69.9, Count: 8618, OPS: 123.4, Avg(us): 7255, Min(us): 5171, Max(us): 50865, 99th(us): 10000, 99.9th(us): 14000, 99.99th(us): 51000
READ   - Takes(s): 70.0, Count: 161798, OPS: 2312.8, Avg(us): 1757, Min(us): 949, Max(us): 122339, 99th(us): 3000, 99.9th(us): 4000, 99.99th(us): 43000
INSERT - Takes(s): 79.9, Count: 9868, OPS: 123.6, Avg(us): 7250, Min(us): 5171, Max(us): 50865, 99th(us): 10000, 99.9th(us): 14000, 99.99th(us): 51000
READ   - Takes(s): 80.0, Count: 185527, OPS: 2320.3, Avg(us): 1750, Min(us): 949, Max(us): 122339, 99th(us): 3000, 99.9th(us): 4000, 99.99th(us): 43000
INSERT - Takes(s): 89.9, Count: 11140, OPS: 124.0, Avg(us): 7242, Min(us): 5171, Max(us): 50865, 99th(us): 10000, 99.9th(us): 14000, 99.99th(us): 41000
READ   - Takes(s): 90.0, Count: 209152, OPS: 2325.0, Avg(us): 1746, Min(us): 949, Max(us): 122339, 99th(us): 3000, 99.9th(us): 4000, 99.99th(us): 43000
INSERT - Takes(s): 99.9, Count: 12359, OPS: 123.8, Avg(us): 7234, Min(us): 5171, Max(us): 50865, 99th(us): 10000, 99.9th(us): 14000, 99.99th(us): 41000
READ   - Takes(s): 100.0, Count: 233115, OPS: 2332.1, Avg(us): 1741, Min(us): 949, Max(us): 122339, 99th(us): 3000, 99.9th(us): 4000, 99.99th(us): 42000
INSERT - Takes(s): 109.9, Count: 13627, OPS: 124.0, Avg(us): 7231, Min(us): 5171, Max(us): 50865, 99th(us): 10000, 99.9th(us): 14000, 99.99th(us): 42000
READ   - Takes(s): 110.0, Count: 256808, OPS: 2335.5, Avg(us): 1738, Min(us): 949, Max(us): 122339, 99th(us): 3000, 99.9th(us): 4000, 99.99th(us): 41000
INSERT - Takes(s): 119.9, Count: 14877, OPS: 124.1, Avg(us): 7233, Min(us): 5171, Max(us): 50865, 99th(us): 10000, 99.9th(us): 14000, 99.99th(us): 49000
READ   - Takes(s): 120.0, Count: 280657, OPS: 2339.6, Avg(us): 1735, Min(us): 949, Max(us): 122339, 99th(us): 3000, 99.9th(us): 4000, 99.99th(us): 40000
INSERT - Takes(s): 129.9, Count: 16167, OPS: 124.5, Avg(us): 7235, Min(us): 5171, Max(us): 50865, 99th(us): 10000, 99.9th(us): 14000, 99.99th(us): 49000
READ   - Takes(s): 130.0, Count: 304239, OPS: 2341.1, Avg(us): 1732, Min(us): 949, Max(us): 122339, 99th(us): 3000, 99.9th(us): 4000, 99.99th(us): 40000
INSERT - Takes(s): 139.9, Count: 17390, OPS: 124.3, Avg(us): 7237, Min(us): 5171, Max(us): 50865, 99th(us): 10000, 99.9th(us): 14000, 99.99th(us): 49000
READ   - Takes(s): 140.0, Count: 327863, OPS: 2342.6, Avg(us): 1731, Min(us): 949, Max(us): 122339, 99th(us): 3000, 99.9th(us): 4000, 99.99th(us): 40000
INSERT - Takes(s): 149.9, Count: 18651, OPS: 124.5, Avg(us): 7236, Min(us): 5171, Max(us): 50865, 99th(us): 10000, 99.9th(us): 13000, 99.99th(us): 49000
READ   - Takes(s): 150.0, Count: 351361, OPS: 2343.1, Avg(us): 1731, Min(us): 949, Max(us): 122339, 99th(us): 3000, 99.9th(us): 4000, 99.99th(us): 40000
INSERT - Takes(s): 159.9, Count: 19894, OPS: 124.4, Avg(us): 7233, Min(us): 5171, Max(us): 50865, 99th(us): 10000, 99.9th(us): 13000, 99.99th(us): 49000
READ   - Takes(s): 160.0, Count: 375197, OPS: 2345.6, Avg(us): 1729, Min(us): 949, Max(us): 122339, 99th(us): 3000, 99.9th(us): 4000, 99.99th(us): 40000
INSERT - Takes(s): 169.9, Count: 21085, OPS: 124.1, Avg(us): 7229, Min(us): 5171, Max(us): 50865, 99th(us): 10000, 99.9th(us): 13000, 99.99th(us): 42000
READ   - Takes(s): 170.0, Count: 399473, OPS: 2350.4, Avg(us): 1726, Min(us): 949, Max(us): 122339, 99th(us): 3000, 99.9th(us): 4000, 99.99th(us): 40000
INSERT - Takes(s): 179.9, Count: 22391, OPS: 124.5, Avg(us): 7228, Min(us): 5171, Max(us): 50865, 99th(us): 10000, 99.9th(us): 13000, 99.99th(us): 42000
READ   - Takes(s): 180.0, Count: 423142, OPS: 2351.3, Avg(us): 1725, Min(us): 949, Max(us): 122339, 99th(us): 3000, 99.9th(us): 4000, 99.99th(us): 40000
INSERT - Takes(s): 189.9, Count: 23651, OPS: 124.6, Avg(us): 7228, Min(us): 5171, Max(us): 50865, 99th(us): 10000, 99.9th(us): 13000, 99.99th(us): 42000
READ   - Takes(s): 190.0, Count: 446607, OPS: 2351.1, Avg(us): 1725, Min(us): 949, Max(us): 122339, 99th(us): 3000, 99.9th(us): 4000, 99.99th(us): 39000
INSERT - Takes(s): 199.9, Count: 24900, OPS: 124.6, Avg(us): 7226, Min(us): 5171, Max(us): 50865, 99th(us): 10000, 99.9th(us): 13000, 99.99th(us): 42000
READ   - Takes(s): 200.0, Count: 470330, OPS: 2352.2, Avg(us): 1724, Min(us): 949, Max(us): 122339, 99th(us): 3000, 99.9th(us): 4000, 99.99th(us): 39000
INSERT - Takes(s): 209.9, Count: 26117, OPS: 124.5, Avg(us): 7222, Min(us): 5171, Max(us): 50865, 99th(us): 10000, 99.9th(us): 13000, 99.99th(us): 45000
READ   - Takes(s): 210.0, Count: 494258, OPS: 2354.1, Avg(us): 1723, Min(us): 949, Max(us): 122339, 99th(us): 3000, 99.9th(us): 4000, 99.99th(us): 39000
INSERT - Takes(s): 219.9, Count: 27404, OPS: 124.6, Avg(us): 7224, Min(us): 5171, Max(us): 50865, 99th(us): 10000, 99.9th(us): 13000, 99.99th(us): 45000
READ   - Takes(s): 220.0, Count: 517712, OPS: 2353.7, Avg(us): 1723, Min(us): 949, Max(us): 122339, 99th(us): 3000, 99.9th(us): 4000, 99.99th(us): 39000
INSERT - Takes(s): 229.9, Count: 28685, OPS: 124.8, Avg(us): 7222, Min(us): 5171, Max(us): 50865, 99th(us): 10000, 99.9th(us): 13000, 99.99th(us): 45000
READ   - Takes(s): 230.0, Count: 541205, OPS: 2353.5, Avg(us): 1722, Min(us): 949, Max(us): 122339, 99th(us): 3000, 99.9th(us): 4000, 99.99th(us): 39000
INSERT - Takes(s): 239.9, Count: 29871, OPS: 124.5, Avg(us): 7222, Min(us): 5171, Max(us): 50865, 99th(us): 10000, 99.9th(us): 13000, 99.99th(us): 45000
READ   - Takes(s): 240.0, Count: 564982, OPS: 2354.5, Avg(us): 1722, Min(us): 949, Max(us): 122339, 99th(us): 3000, 99.9th(us): 4000, 99.99th(us): 39000
INSERT - Takes(s): 249.9, Count: 31128, OPS: 124.6, Avg(us): 7221, Min(us): 5171, Max(us): 50865, 99th(us): 10000, 99.9th(us): 13000, 99.99th(us): 42000
READ   - Takes(s): 250.0, Count: 588658, OPS: 2355.0, Avg(us): 1722, Min(us): 949, Max(us): 122339, 99th(us): 3000, 99.9th(us): 4000, 99.99th(us): 39000
INSERT - Takes(s): 259.9, Count: 32332, OPS: 124.4, Avg(us): 7221, Min(us): 5171, Max(us): 50865, 99th(us): 10000, 99.9th(us): 13000, 99.99th(us): 42000
READ   - Takes(s): 260.0, Count: 612458, OPS: 2356.0, Avg(us): 1722, Min(us): 874, Max(us): 122339, 99th(us): 3000, 99.9th(us): 4000, 99.99th(us): 39000
INSERT - Takes(s): 269.9, Count: 33555, OPS: 124.3, Avg(us): 7219, Min(us): 5171, Max(us): 50865, 99th(us): 10000, 99.9th(us): 13000, 99.99th(us): 42000
READ   - Takes(s): 270.0, Count: 636314, OPS: 2357.1, Avg(us): 1721, Min(us): 874, Max(us): 122339, 99th(us): 3000, 99.9th(us): 4000, 99.99th(us): 39000
INSERT - Takes(s): 279.9, Count: 34746, OPS: 124.2, Avg(us): 7219, Min(us): 5171, Max(us): 50865, 99th(us): 10000, 99.9th(us): 13000, 99.99th(us): 42000
READ   - Takes(s): 280.0, Count: 660136, OPS: 2358.0, Avg(us): 1721, Min(us): 874, Max(us): 122339, 99th(us): 3000, 99.9th(us): 4000, 99.99th(us): 39000
INSERT - Takes(s): 289.9, Count: 36025, OPS: 124.3, Avg(us): 7218, Min(us): 5171, Max(us): 50865, 99th(us): 10000, 99.9th(us): 13000, 99.99th(us): 42000
READ   - Takes(s): 290.0, Count: 683764, OPS: 2358.2, Avg(us): 1721, Min(us): 874, Max(us): 122339, 99th(us): 3000, 99.9th(us): 4000, 99.99th(us): 39000
INSERT - Takes(s): 299.9, Count: 37308, OPS: 124.4, Avg(us): 7217, Min(us): 5171, Max(us): 50865, 99th(us): 10000, 99.9th(us): 13000, 99.99th(us): 42000
READ   - Takes(s): 300.0, Count: 707306, OPS: 2358.0, Avg(us): 1720, Min(us): 874, Max(us): 122339, 99th(us): 3000, 99.9th(us): 4000, 99.99th(us): 39000
INSERT - Takes(s): 309.9, Count: 38616, OPS: 124.6, Avg(us): 7214, Min(us): 5171, Max(us): 50865, 99th(us): 10000, 99.9th(us): 13000, 99.99th(us): 42000
READ   - Takes(s): 310.0, Count: 730927, OPS: 2358.2, Avg(us): 1720, Min(us): 874, Max(us): 122339, 99th(us): 3000, 99.9th(us): 4000, 99.99th(us): 39000
INSERT - Takes(s): 319.9, Count: 39805, OPS: 124.4, Avg(us): 7213, Min(us): 5171, Max(us): 50865, 99th(us): 10000, 99.9th(us): 13000, 99.99th(us): 42000
READ   - Takes(s): 320.0, Count: 754896, OPS: 2359.4, Avg(us): 1719, Min(us): 864, Max(us): 122339, 99th(us): 3000, 99.9th(us): 4000, 99.99th(us): 39000
INSERT - Takes(s): 329.9, Count: 41051, OPS: 124.5, Avg(us): 7214, Min(us): 5171, Max(us): 50865, 99th(us): 10000, 99.9th(us): 13000, 99.99th(us): 42000
READ   - Takes(s): 330.0, Count: 778697, OPS: 2360.0, Avg(us): 1719, Min(us): 864, Max(us): 122339, 99th(us): 3000, 99.9th(us): 4000, 99.99th(us): 39000
INSERT - Takes(s): 339.9, Count: 42297, OPS: 124.5, Avg(us): 7213, Min(us): 5171, Max(us): 50865, 99th(us): 10000, 99.9th(us): 13000, 99.99th(us): 42000
READ   - Takes(s): 340.0, Count: 802605, OPS: 2360.9, Avg(us): 1718, Min(us): 864, Max(us): 122339, 99th(us): 3000, 99.9th(us): 4000, 99.99th(us): 39000
INSERT - Takes(s): 349.9, Count: 43550, OPS: 124.5, Avg(us): 7212, Min(us): 5171, Max(us): 50865, 99th(us): 10000, 99.9th(us): 13000, 99.99th(us): 42000
READ   - Takes(s): 350.0, Count: 826293, OPS: 2361.1, Avg(us): 1718, Min(us): 864, Max(us): 122339, 99th(us): 3000, 99.9th(us): 4000, 99.99th(us): 39000
INSERT - Takes(s): 359.9, Count: 44810, OPS: 124.5, Avg(us): 7213, Min(us): 5171, Max(us): 50865, 99th(us): 10000, 99.9th(us): 13000, 99.99th(us): 42000
READ   - Takes(s): 360.0, Count: 849881, OPS: 2361.1, Avg(us): 1718, Min(us): 864, Max(us): 122339, 99th(us): 3000, 99.9th(us): 4000, 99.99th(us): 39000
INSERT - Takes(s): 369.9, Count: 46069, OPS: 124.6, Avg(us): 7216, Min(us): 5171, Max(us): 50865, 99th(us): 10000, 99.9th(us): 13000, 99.99th(us): 42000
READ   - Takes(s): 370.0, Count: 873159, OPS: 2360.2, Avg(us): 1718, Min(us): 864, Max(us): 122339, 99th(us): 3000, 99.9th(us): 4000, 99.99th(us): 38000
INSERT - Takes(s): 379.9, Count: 47387, OPS: 124.7, Avg(us): 7219, Min(us): 5171, Max(us): 50865, 99th(us): 10000, 99.9th(us): 13000, 99.99th(us): 42000
READ   - Takes(s): 380.0, Count: 896335, OPS: 2359.0, Avg(us): 1718, Min(us): 724, Max(us): 122339, 99th(us): 3000, 99.9th(us): 4000, 99.99th(us): 38000
INSERT - Takes(s): 389.9, Count: 48643, OPS: 124.8, Avg(us): 7220, Min(us): 5171, Max(us): 50865, 99th(us): 10000, 99.9th(us): 13000, 99.99th(us): 44000
READ   - Takes(s): 390.0, Count: 919866, OPS: 2358.9, Avg(us): 1718, Min(us): 724, Max(us): 122339, 99th(us): 3000, 99.9th(us): 4000, 99.99th(us): 38000
INSERT - Takes(s): 399.9, Count: 49911, OPS: 124.8, Avg(us): 7221, Min(us): 5171, Max(us): 50865, 99th(us): 10000, 99.9th(us): 13000, 99.99th(us): 44000
READ   - Takes(s): 400.0, Count: 943334, OPS: 2358.6, Avg(us): 1718, Min(us): 724, Max(us): 122339, 99th(us): 3000, 99.9th(us): 4000, 99.99th(us): 38000
Run finished, takes 6m43.854589422s
INSERT - Takes(s): 403.7, Count: 50266, OPS: 124.5, Avg(us): 7220, Min(us): 5171, Max(us): 50865, 99th(us): 10000, 99.9th(us): 13000, 99.99th(us): 42000
READ   - Takes(s): 403.8, Count: 949734, OPS: 2351.9, Avg(us): 1719, Min(us): 724, Max(us): 122339, 99th(us): 3000, 99.9th(us): 4000, 99.99th(us): 38000
[2022/06/07 10:11:19.266 -05:00] [INFO] [client.go:754] ["[pd] stop fetching the pending tso requests due to context canceled"] [dc-location=global]
[2022/06/07 10:11:19.266 -05:00] [INFO] [client.go:692] ["[pd] exit tso dispatcher"] [dc-location=global]
