[2022/06/07 10:51:43.933 -05:00] [INFO] [client.go:378] ["[pd] create pd client with endpoints"] [pd-address="[10.10.1.4:2379]"]
[2022/06/07 10:51:43.936 -05:00] [INFO] [base_client.go:350] ["[pd] switch leader"] [new-leader=http://10.10.1.4:2379] [old-leader=]
[2022/06/07 10:51:43.936 -05:00] [INFO] [base_client.go:105] ["[pd] init cluster id"] [cluster-id=7106506722672181532]
[2022/06/07 10:51:43.937 -05:00] [INFO] [client.go:673] ["[pd] tso dispatcher created"] [dc-location=global]
***************** properties *****************
"workload"="core"
"threadcount"="115"
"dotransactions"="true"
"recordcount"="1000000"
"scanproportion"="0"
"tikv.batchsize"="128"
"updateproportion"="0"
"requestdistribution"="latest"
"tikv.conncount"="128"
"readallfields"="true"
"insertproportion"="0.05"
"debug.pprof"=":6060"
"readproportion"="0.95"
"operationcount"="1000000"
"tikv.pd"="10.10.1.4:2379"
"tikv.type"="raw"
"verbose"="false"
**********************************************
INSERT - Takes(s): 9.9, Count: 3576, OPS: 360.8, Avg(us): 39038, Min(us): 7869, Max(us): 91795, 99th(us): 81000, 99.9th(us): 90000, 99.99th(us): 92000
READ   - Takes(s): 10.0, Count: 66850, OPS: 6712.8, Avg(us): 15072, Min(us): 980, Max(us): 96125, 99th(us): 60000, 99.9th(us): 86000, 99.99th(us): 91000
INSERT - Takes(s): 19.9, Count: 8171, OPS: 410.4, Avg(us): 36227, Min(us): 5962, Max(us): 91795, 99th(us): 77000, 99.9th(us): 88000, 99.99th(us): 92000
READ   - Takes(s): 20.0, Count: 153577, OPS: 7695.0, Avg(us): 13022, Min(us): 738, Max(us): 96125, 99th(us): 56000, 99.9th(us): 71000, 99.99th(us): 90000
INSERT - Takes(s): 29.9, Count: 12407, OPS: 414.8, Avg(us): 36086, Min(us): 5962, Max(us): 122083, 99th(us): 78000, 99.9th(us): 92000, 99.99th(us): 118000
READ   - Takes(s): 30.0, Count: 232952, OPS: 7775.9, Avg(us): 12863, Min(us): 738, Max(us): 132940, 99th(us): 58000, 99.9th(us): 79000, 99.99th(us): 108000
INSERT - Takes(s): 39.9, Count: 16685, OPS: 418.0, Avg(us): 35558, Min(us): 5798, Max(us): 122083, 99th(us): 78000, 99.9th(us): 92000, 99.99th(us): 118000
READ   - Takes(s): 40.0, Count: 315463, OPS: 7894.9, Avg(us): 12679, Min(us): 738, Max(us): 132940, 99th(us): 59000, 99.9th(us): 76000, 99.99th(us): 105000
INSERT - Takes(s): 49.9, Count: 21272, OPS: 426.2, Avg(us): 35740, Min(us): 5798, Max(us): 122083, 99th(us): 77000, 99.9th(us): 90000, 99.99th(us): 117000
READ   - Takes(s): 50.0, Count: 403287, OPS: 8072.5, Avg(us): 12350, Min(us): 738, Max(us): 132940, 99th(us): 57000, 99.9th(us): 73000, 99.99th(us): 103000
INSERT - Takes(s): 59.9, Count: 25596, OPS: 427.2, Avg(us): 35614, Min(us): 5798, Max(us): 122083, 99th(us): 77000, 99.9th(us): 89000, 99.99th(us): 117000
READ   - Takes(s): 60.0, Count: 486170, OPS: 8108.5, Avg(us): 12296, Min(us): 738, Max(us): 132940, 99th(us): 57000, 99.9th(us): 72000, 99.99th(us): 98000
INSERT - Takes(s): 69.9, Count: 30090, OPS: 430.4, Avg(us): 35847, Min(us): 5798, Max(us): 122083, 99th(us): 77000, 99.9th(us): 89000, 99.99th(us): 115000
READ   - Takes(s): 70.0, Count: 573461, OPS: 8197.2, Avg(us): 12135, Min(us): 738, Max(us): 132940, 99th(us): 56000, 99.9th(us): 71000, 99.99th(us): 97000
INSERT - Takes(s): 79.9, Count: 34501, OPS: 431.7, Avg(us): 36360, Min(us): 5798, Max(us): 122083, 99th(us): 77000, 99.9th(us): 89000, 99.99th(us): 115000
READ   - Takes(s): 80.0, Count: 656551, OPS: 8211.2, Avg(us): 12081, Min(us): 738, Max(us): 132940, 99th(us): 56000, 99.9th(us): 70000, 99.99th(us): 93000
INSERT - Takes(s): 89.9, Count: 39093, OPS: 434.8, Avg(us): 36383, Min(us): 5798, Max(us): 122083, 99th(us): 77000, 99.9th(us): 91000, 99.99th(us): 115000
READ   - Takes(s): 90.0, Count: 743616, OPS: 8266.2, Avg(us): 11985, Min(us): 738, Max(us): 132940, 99th(us): 55000, 99.9th(us): 70000, 99.99th(us): 92000
INSERT - Takes(s): 99.9, Count: 43485, OPS: 435.2, Avg(us): 36583, Min(us): 5762, Max(us): 127774, 99th(us): 78000, 99.9th(us): 92000, 99.99th(us): 115000
READ   - Takes(s): 100.0, Count: 826906, OPS: 8272.5, Avg(us): 11964, Min(us): 738, Max(us): 132940, 99th(us): 56000, 99.9th(us): 70000, 99.99th(us): 92000
INSERT - Takes(s): 109.9, Count: 47518, OPS: 432.3, Avg(us): 36621, Min(us): 5762, Max(us): 127774, 99th(us): 78000, 99.9th(us): 92000, 99.99th(us): 115000
READ   - Takes(s): 110.0, Count: 903397, OPS: 8215.8, Avg(us): 12056, Min(us): 738, Max(us): 132940, 99th(us): 56000, 99.9th(us): 70000, 99.99th(us): 91000
Run finished, takes 1m55.680693336s
INSERT - Takes(s): 115.6, Count: 49955, OPS: 432.2, Avg(us): 36390, Min(us): 5658, Max(us): 127774, 99th(us): 78000, 99.9th(us): 92000, 99.99th(us): 115000
READ   - Takes(s): 115.6, Count: 949969, OPS: 8215.0, Avg(us): 11984, Min(us): 738, Max(us): 132940, 99th(us): 56000, 99.9th(us): 70000, 99.99th(us): 91000
[2022/06/07 10:53:39.619 -05:00] [INFO] [client.go:754] ["[pd] stop fetching the pending tso requests due to context canceled"] [dc-location=global]
[2022/06/07 10:53:39.619 -05:00] [INFO] [client.go:692] ["[pd] exit tso dispatcher"] [dc-location=global]
