[2022/06/07 10:26:02.868 -05:00] [INFO] [client.go:378] ["[pd] create pd client with endpoints"] [pd-address="[10.10.1.4:2379]"]
[2022/06/07 10:26:02.875 -05:00] [INFO] [base_client.go:350] ["[pd] switch leader"] [new-leader=http://10.10.1.4:2379] [old-leader=]
[2022/06/07 10:26:02.875 -05:00] [INFO] [base_client.go:105] ["[pd] init cluster id"] [cluster-id=7106506722672181532]
[2022/06/07 10:26:02.875 -05:00] [INFO] [client.go:673] ["[pd] tso dispatcher created"] [dc-location=global]
***************** properties *****************
"operationcount"="1000000"
"threadcount"="45"
"requestdistribution"="latest"
"tikv.batchsize"="128"
"readproportion"="0.95"
"updateproportion"="0"
"verbose"="false"
"insertproportion"="0.05"
"tikv.pd"="10.10.1.4:2379"
"tikv.type"="raw"
"workload"="core"
"readallfields"="true"
"dotransactions"="true"
"scanproportion"="0"
"tikv.conncount"="128"
"debug.pprof"=":6060"
"recordcount"="1000000"
**********************************************
INSERT - Takes(s): 9.9, Count: 5534, OPS: 559.1, Avg(us): 14863, Min(us): 5415, Max(us): 105541, 99th(us): 26000, 99.9th(us): 33000, 99.99th(us): 106000
READ   - Takes(s): 10.0, Count: 105002, OPS: 10538.4, Avg(us): 3482, Min(us): 709, Max(us): 93785, 99th(us): 15000, 99.9th(us): 24000, 99.99th(us): 92000
INSERT - Takes(s): 19.9, Count: 10546, OPS: 530.0, Avg(us): 15162, Min(us): 5415, Max(us): 105541, 99th(us): 27000, 99.9th(us): 32000, 99.99th(us): 106000
READ   - Takes(s): 20.0, Count: 199808, OPS: 10008.6, Avg(us): 3685, Min(us): 709, Max(us): 93785, 99th(us): 16000, 99.9th(us): 23000, 99.99th(us): 91000
INSERT - Takes(s): 29.9, Count: 15287, OPS: 511.3, Avg(us): 15374, Min(us): 5415, Max(us): 105541, 99th(us): 28000, 99.9th(us): 33000, 99.99th(us): 56000
READ   - Takes(s): 30.0, Count: 290099, OPS: 9681.8, Avg(us): 3825, Min(us): 709, Max(us): 93785, 99th(us): 16000, 99.9th(us): 23000, 99.99th(us): 83000
INSERT - Takes(s): 39.9, Count: 19967, OPS: 500.4, Avg(us): 15549, Min(us): 5415, Max(us): 105541, 99th(us): 28000, 99.9th(us): 33000, 99.99th(us): 106000
READ   - Takes(s): 40.0, Count: 377723, OPS: 9451.7, Avg(us): 3925, Min(us): 686, Max(us): 93785, 99th(us): 16000, 99.9th(us): 23000, 99.99th(us): 79000
INSERT - Takes(s): 49.9, Count: 24916, OPS: 499.3, Avg(us): 15537, Min(us): 5415, Max(us): 105541, 99th(us): 27000, 99.9th(us): 33000, 99.99th(us): 72000
READ   - Takes(s): 50.0, Count: 473002, OPS: 9467.0, Avg(us): 3920, Min(us): 686, Max(us): 93785, 99th(us): 16000, 99.9th(us): 23000, 99.99th(us): 78000
INSERT - Takes(s): 59.9, Count: 29731, OPS: 496.4, Avg(us): 15501, Min(us): 5415, Max(us): 105541, 99th(us): 27000, 99.9th(us): 33000, 99.99th(us): 72000
READ   - Takes(s): 60.0, Count: 566260, OPS: 9443.4, Avg(us): 3936, Min(us): 686, Max(us): 93785, 99th(us): 16000, 99.9th(us): 23000, 99.99th(us): 72000
INSERT - Takes(s): 69.9, Count: 34905, OPS: 499.4, Avg(us): 15482, Min(us): 5415, Max(us): 105541, 99th(us): 27000, 99.9th(us): 33000, 99.99th(us): 71000
READ   - Takes(s): 70.0, Count: 665181, OPS: 9507.6, Avg(us): 3906, Min(us): 686, Max(us): 93785, 99th(us): 16000, 99.9th(us): 23000, 99.99th(us): 71000
INSERT - Takes(s): 79.9, Count: 39911, OPS: 499.5, Avg(us): 15505, Min(us): 5415, Max(us): 105541, 99th(us): 27000, 99.9th(us): 33000, 99.99th(us): 71000
READ   - Takes(s): 80.0, Count: 760123, OPS: 9505.9, Avg(us): 3904, Min(us): 686, Max(us): 93785, 99th(us): 16000, 99.9th(us): 23000, 99.99th(us): 70000
INSERT - Takes(s): 89.9, Count: 44685, OPS: 497.1, Avg(us): 15579, Min(us): 5415, Max(us): 105541, 99th(us): 27000, 99.9th(us): 34000, 99.99th(us): 70000
READ   - Takes(s): 90.0, Count: 851787, OPS: 9468.1, Avg(us): 3920, Min(us): 686, Max(us): 93785, 99th(us): 16000, 99.9th(us): 23000, 99.99th(us): 69000
INSERT - Takes(s): 99.9, Count: 49058, OPS: 491.1, Avg(us): 15671, Min(us): 5415, Max(us): 105541, 99th(us): 27000, 99.9th(us): 34000, 99.99th(us): 70000
READ   - Takes(s): 100.0, Count: 936305, OPS: 9366.5, Avg(us): 3967, Min(us): 686, Max(us): 93785, 99th(us): 16000, 99.9th(us): 23000, 99.99th(us): 70000
Run finished, takes 1m41.745120962s
INSERT - Takes(s): 101.6, Count: 49794, OPS: 489.9, Avg(us): 15638, Min(us): 5415, Max(us): 105541, 99th(us): 27000, 99.9th(us): 34000, 99.99th(us): 70000
READ   - Takes(s): 101.7, Count: 950193, OPS: 9342.4, Avg(us): 3955, Min(us): 686, Max(us): 93785, 99th(us): 16000, 99.9th(us): 23000, 99.99th(us): 70000
[2022/06/07 10:27:44.621 -05:00] [INFO] [client.go:754] ["[pd] stop fetching the pending tso requests due to context canceled"] [dc-location=global]
[2022/06/07 10:27:44.621 -05:00] [INFO] [client.go:692] ["[pd] exit tso dispatcher"] [dc-location=global]
