[2022/06/07 10:53:39.849 -05:00] [INFO] [client.go:378] ["[pd] create pd client with endpoints"] [pd-address="[10.10.1.4:2379]"]
[2022/06/07 10:53:39.854 -05:00] [INFO] [base_client.go:350] ["[pd] switch leader"] [new-leader=http://10.10.1.4:2379] [old-leader=]
[2022/06/07 10:53:39.854 -05:00] [INFO] [base_client.go:105] ["[pd] init cluster id"] [cluster-id=7106506722672181532]
[2022/06/07 10:53:39.855 -05:00] [INFO] [client.go:673] ["[pd] tso dispatcher created"] [dc-location=global]
***************** properties *****************
"requestdistribution"="latest"
"readproportion"="0.95"
"updateproportion"="0"
"scanproportion"="0"
"tikv.conncount"="128"
"tikv.pd"="10.10.1.4:2379"
"readallfields"="true"
"tikv.type"="raw"
"threadcount"="120"
"insertproportion"="0.05"
"debug.pprof"=":6060"
"dotransactions"="true"
"recordcount"="1000000"
"operationcount"="1000000"
"tikv.batchsize"="128"
"workload"="core"
"verbose"="false"
**********************************************
INSERT - Takes(s): 9.9, Count: 4797, OPS: 482.6, Avg(us): 37528, Min(us): 5718, Max(us): 91459, 99th(us): 78000, 99.9th(us): 85000, 99.99th(us): 91000
READ   - Takes(s): 10.0, Count: 93286, OPS: 9368.0, Avg(us): 10899, Min(us): 940, Max(us): 168388, 99th(us): 56000, 99.9th(us): 69000, 99.99th(us): 104000
INSERT - Takes(s): 19.9, Count: 9062, OPS: 454.4, Avg(us): 37666, Min(us): 5718, Max(us): 113384, 99th(us): 79000, 99.9th(us): 95000, 99.99th(us): 114000
READ   - Takes(s): 20.0, Count: 173545, OPS: 8695.7, Avg(us): 11835, Min(us): 829, Max(us): 168388, 99th(us): 57000, 99.9th(us): 71000, 99.99th(us): 104000
INSERT - Takes(s): 29.9, Count: 13598, OPS: 454.2, Avg(us): 37481, Min(us): 5718, Max(us): 116953, 99th(us): 79000, 99.9th(us): 98000, 99.99th(us): 114000
READ   - Takes(s): 30.0, Count: 258889, OPS: 8641.8, Avg(us): 11911, Min(us): 786, Max(us): 168388, 99th(us): 57000, 99.9th(us): 72000, 99.99th(us): 109000
INSERT - Takes(s): 39.9, Count: 17934, OPS: 449.0, Avg(us): 37488, Min(us): 5718, Max(us): 116953, 99th(us): 81000, 99.9th(us): 97000, 99.99th(us): 114000
READ   - Takes(s): 40.0, Count: 342232, OPS: 8564.9, Avg(us): 12038, Min(us): 786, Max(us): 168388, 99th(us): 58000, 99.9th(us): 73000, 99.99th(us): 104000
INSERT - Takes(s): 49.9, Count: 22169, OPS: 443.9, Avg(us): 37909, Min(us): 5718, Max(us): 116953, 99th(us): 81000, 99.9th(us): 97000, 99.99th(us): 114000
READ   - Takes(s): 50.0, Count: 422036, OPS: 8447.9, Avg(us): 12203, Min(us): 786, Max(us): 168388, 99th(us): 58000, 99.9th(us): 74000, 99.99th(us): 103000
INSERT - Takes(s): 59.9, Count: 26631, OPS: 444.3, Avg(us): 38059, Min(us): 5718, Max(us): 116953, 99th(us): 82000, 99.9th(us): 97000, 99.99th(us): 114000
READ   - Takes(s): 60.0, Count: 504952, OPS: 8421.8, Avg(us): 12231, Min(us): 786, Max(us): 168388, 99th(us): 59000, 99.9th(us): 73000, 99.99th(us): 102000
INSERT - Takes(s): 69.9, Count: 31028, OPS: 443.6, Avg(us): 38271, Min(us): 5718, Max(us): 116953, 99th(us): 82000, 99.9th(us): 98000, 99.99th(us): 109000
READ   - Takes(s): 70.0, Count: 588170, OPS: 8407.5, Avg(us): 12241, Min(us): 777, Max(us): 168388, 99th(us): 58000, 99.9th(us): 73000, 99.99th(us): 101000
INSERT - Takes(s): 79.9, Count: 35308, OPS: 441.7, Avg(us): 38250, Min(us): 5718, Max(us): 116953, 99th(us): 82000, 99.9th(us): 99000, 99.99th(us): 114000
READ   - Takes(s): 80.0, Count: 668897, OPS: 8365.6, Avg(us): 12312, Min(us): 777, Max(us): 168388, 99th(us): 59000, 99.9th(us): 73000, 99.99th(us): 101000
INSERT - Takes(s): 89.9, Count: 39838, OPS: 442.9, Avg(us): 38276, Min(us): 5718, Max(us): 144105, 99th(us): 82000, 99.9th(us): 102000, 99.99th(us): 131000
READ   - Takes(s): 90.0, Count: 753223, OPS: 8373.1, Avg(us): 12294, Min(us): 777, Max(us): 168388, 99th(us): 58000, 99.9th(us): 73000, 99.99th(us): 104000
INSERT - Takes(s): 99.9, Count: 44089, OPS: 441.2, Avg(us): 38339, Min(us): 5718, Max(us): 144105, 99th(us): 82000, 99.9th(us): 102000, 99.99th(us): 130000
READ   - Takes(s): 100.0, Count: 834264, OPS: 8346.2, Avg(us): 12338, Min(us): 767, Max(us): 168388, 99th(us): 58000, 99.9th(us): 73000, 99.99th(us): 103000
INSERT - Takes(s): 109.9, Count: 48261, OPS: 439.0, Avg(us): 38440, Min(us): 5718, Max(us): 144105, 99th(us): 82000, 99.9th(us): 101000, 99.99th(us): 130000
READ   - Takes(s): 110.0, Count: 915556, OPS: 8326.4, Avg(us): 12372, Min(us): 767, Max(us): 168388, 99th(us): 58000, 99.9th(us): 72000, 99.99th(us): 102000
Run finished, takes 1m53.486733537s
INSERT - Takes(s): 113.4, Count: 50111, OPS: 441.8, Avg(us): 38059, Min(us): 5718, Max(us): 144105, 99th(us): 82000, 99.9th(us): 100000, 99.99th(us): 129000
READ   - Takes(s): 113.4, Count: 949849, OPS: 8372.8, Avg(us): 12215, Min(us): 747, Max(us): 168388, 99th(us): 58000, 99.9th(us): 72000, 99.99th(us): 102000
[2022/06/07 10:55:33.343 -05:00] [INFO] [client.go:754] ["[pd] stop fetching the pending tso requests due to context canceled"] [dc-location=global]
[2022/06/07 10:55:33.343 -05:00] [INFO] [client.go:692] ["[pd] exit tso dispatcher"] [dc-location=global]
