[2022/06/07 10:22:35.042 -05:00] [INFO] [client.go:378] ["[pd] create pd client with endpoints"] [pd-address="[10.10.1.4:2379]"]
[2022/06/07 10:22:35.047 -05:00] [INFO] [base_client.go:350] ["[pd] switch leader"] [new-leader=http://10.10.1.4:2379] [old-leader=]
[2022/06/07 10:22:35.047 -05:00] [INFO] [base_client.go:105] ["[pd] init cluster id"] [cluster-id=7106506722672181532]
[2022/06/07 10:22:35.047 -05:00] [INFO] [client.go:673] ["[pd] tso dispatcher created"] [dc-location=global]
***************** properties *****************
"operationcount"="1000000"
"recordcount"="1000000"
"insertproportion"="0.05"
"dotransactions"="true"
"tikv.batchsize"="128"
"readproportion"="0.95"
"tikv.type"="raw"
"threadcount"="35"
"readallfields"="true"
"scanproportion"="0"
"requestdistribution"="latest"
"verbose"="false"
"updateproportion"="0"
"debug.pprof"=":6060"
"tikv.pd"="10.10.1.4:2379"
"tikv.conncount"="128"
"workload"="core"
**********************************************
INSERT - Takes(s): 9.9, Count: 5498, OPS: 553.2, Avg(us): 12093, Min(us): 5769, Max(us): 48088, 99th(us): 20000, 99.9th(us): 25000, 99.99th(us): 49000
READ   - Takes(s): 10.0, Count: 104153, OPS: 10451.9, Avg(us): 2703, Min(us): 655, Max(us): 95569, 99th(us): 10000, 99.9th(us): 16000, 99.99th(us): 93000
INSERT - Takes(s): 19.9, Count: 10868, OPS: 545.1, Avg(us): 12198, Min(us): 4645, Max(us): 72350, 99th(us): 20000, 99.9th(us): 46000, 99.99th(us): 60000
READ   - Takes(s): 20.0, Count: 205039, OPS: 10270.0, Avg(us): 2750, Min(us): 644, Max(us): 95569, 99th(us): 10000, 99.9th(us): 15000, 99.99th(us): 79000
INSERT - Takes(s): 29.9, Count: 16077, OPS: 537.0, Avg(us): 12305, Min(us): 4645, Max(us): 72350, 99th(us): 20000, 99.9th(us): 27000, 99.99th(us): 60000
READ   - Takes(s): 30.0, Count: 303153, OPS: 10117.0, Avg(us): 2793, Min(us): 644, Max(us): 95569, 99th(us): 10000, 99.9th(us): 15000, 99.99th(us): 72000
INSERT - Takes(s): 39.9, Count: 20933, OPS: 524.1, Avg(us): 12439, Min(us): 4645, Max(us): 72350, 99th(us): 20000, 99.9th(us): 26000, 99.99th(us): 52000
READ   - Takes(s): 40.0, Count: 394470, OPS: 9870.4, Avg(us): 2871, Min(us): 644, Max(us): 95569, 99th(us): 10000, 99.9th(us): 16000, 99.99th(us): 72000
INSERT - Takes(s): 49.9, Count: 26209, OPS: 524.8, Avg(us): 12451, Min(us): 4645, Max(us): 72350, 99th(us): 20000, 99.9th(us): 26000, 99.99th(us): 57000
READ   - Takes(s): 50.0, Count: 496947, OPS: 9946.0, Avg(us): 2847, Min(us): 623, Max(us): 95569, 99th(us): 10000, 99.9th(us): 16000, 99.99th(us): 66000
INSERT - Takes(s): 59.9, Count: 31092, OPS: 518.7, Avg(us): 12510, Min(us): 4645, Max(us): 72350, 99th(us): 20000, 99.9th(us): 25000, 99.99th(us): 55000
READ   - Takes(s): 60.0, Count: 589750, OPS: 9834.9, Avg(us): 2884, Min(us): 623, Max(us): 95569, 99th(us): 10000, 99.9th(us): 16000, 99.99th(us): 66000
INSERT - Takes(s): 69.9, Count: 35935, OPS: 513.8, Avg(us): 12609, Min(us): 4645, Max(us): 72350, 99th(us): 20000, 99.9th(us): 26000, 99.99th(us): 68000
READ   - Takes(s): 70.0, Count: 681730, OPS: 9743.9, Avg(us): 2912, Min(us): 623, Max(us): 95569, 99th(us): 10000, 99.9th(us): 16000, 99.99th(us): 66000
INSERT - Takes(s): 79.9, Count: 40841, OPS: 510.9, Avg(us): 12646, Min(us): 4645, Max(us): 72350, 99th(us): 21000, 99.9th(us): 26000, 99.99th(us): 66000
READ   - Takes(s): 80.0, Count: 772782, OPS: 9664.0, Avg(us): 2938, Min(us): 623, Max(us): 95569, 99th(us): 10000, 99.9th(us): 16000, 99.99th(us): 64000
INSERT - Takes(s): 89.9, Count: 45178, OPS: 502.3, Avg(us): 12759, Min(us): 4645, Max(us): 85169, 99th(us): 21000, 99.9th(us): 28000, 99.99th(us): 82000
READ   - Takes(s): 90.0, Count: 853256, OPS: 9484.3, Avg(us): 2999, Min(us): 623, Max(us): 95569, 99th(us): 11000, 99.9th(us): 16000, 99.99th(us): 68000
INSERT - Takes(s): 99.9, Count: 49974, OPS: 500.1, Avg(us): 12787, Min(us): 4645, Max(us): 92602, 99th(us): 21000, 99.9th(us): 28000, 99.99th(us): 83000
READ   - Takes(s): 100.0, Count: 944576, OPS: 9449.1, Avg(us): 3009, Min(us): 623, Max(us): 95569, 99th(us): 11000, 99.9th(us): 16000, 99.99th(us): 72000
Run finished, takes 1m40.997436808s
INSERT - Takes(s): 100.9, Count: 50218, OPS: 497.5, Avg(us): 12771, Min(us): 4645, Max(us): 92602, 99th(us): 21000, 99.9th(us): 28000, 99.99th(us): 82000
READ   - Takes(s): 101.0, Count: 949767, OPS: 9407.2, Avg(us): 3006, Min(us): 623, Max(us): 95569, 99th(us): 11000, 99.9th(us): 16000, 99.99th(us): 73000
[2022/06/07 10:24:16.046 -05:00] [INFO] [client.go:754] ["[pd] stop fetching the pending tso requests due to context canceled"] [dc-location=global]
[2022/06/07 10:24:16.046 -05:00] [INFO] [client.go:692] ["[pd] exit tso dispatcher"] [dc-location=global]
