[2022/06/07 10:47:58.967 -05:00] [INFO] [client.go:378] ["[pd] create pd client with endpoints"] [pd-address="[10.10.1.4:2379]"]
[2022/06/07 10:47:58.971 -05:00] [INFO] [base_client.go:350] ["[pd] switch leader"] [new-leader=http://10.10.1.4:2379] [old-leader=]
[2022/06/07 10:47:58.971 -05:00] [INFO] [base_client.go:105] ["[pd] init cluster id"] [cluster-id=7106506722672181532]
[2022/06/07 10:47:58.971 -05:00] [INFO] [client.go:673] ["[pd] tso dispatcher created"] [dc-location=global]
***************** properties *****************
"requestdistribution"="latest"
"tikv.type"="raw"
"workload"="core"
"readallfields"="true"
"dotransactions"="true"
"verbose"="false"
"tikv.pd"="10.10.1.4:2379"
"readproportion"="0.95"
"updateproportion"="0"
"tikv.batchsize"="128"
"threadcount"="105"
"recordcount"="1000000"
"debug.pprof"=":6060"
"tikv.conncount"="128"
"insertproportion"="0.05"
"operationcount"="1000000"
"scanproportion"="0"
**********************************************
INSERT - Takes(s): 9.9, Count: 4735, OPS: 475.9, Avg(us): 33641, Min(us): 5916, Max(us): 91540, 99th(us): 73000, 99.9th(us): 88000, 99.99th(us): 92000
READ   - Takes(s): 10.0, Count: 90859, OPS: 9126.9, Avg(us): 9758, Min(us): 873, Max(us): 108767, 99th(us): 50000, 99.9th(us): 70000, 99.99th(us): 104000
INSERT - Takes(s): 19.9, Count: 9017, OPS: 452.0, Avg(us): 33752, Min(us): 5916, Max(us): 123107, 99th(us): 73000, 99.9th(us): 89000, 99.99th(us): 124000
READ   - Takes(s): 20.0, Count: 173104, OPS: 8674.7, Avg(us): 10346, Min(us): 873, Max(us): 108767, 99th(us): 52000, 99.9th(us): 71000, 99.99th(us): 104000
INSERT - Takes(s): 29.9, Count: 13726, OPS: 458.3, Avg(us): 33422, Min(us): 5916, Max(us): 123107, 99th(us): 71000, 99.9th(us): 88000, 99.99th(us): 121000
READ   - Takes(s): 30.0, Count: 261815, OPS: 8740.2, Avg(us): 10256, Min(us): 873, Max(us): 108767, 99th(us): 51000, 99.9th(us): 67000, 99.99th(us): 102000
INSERT - Takes(s): 39.9, Count: 18001, OPS: 450.6, Avg(us): 33504, Min(us): 5916, Max(us): 123107, 99th(us): 71000, 99.9th(us): 85000, 99.99th(us): 121000
READ   - Takes(s): 40.0, Count: 341461, OPS: 8546.1, Avg(us): 10511, Min(us): 873, Max(us): 108767, 99th(us): 51000, 99.9th(us): 66000, 99.99th(us): 102000
INSERT - Takes(s): 49.9, Count: 22325, OPS: 447.0, Avg(us): 33647, Min(us): 5916, Max(us): 123107, 99th(us): 71000, 99.9th(us): 85000, 99.99th(us): 119000
READ   - Takes(s): 50.0, Count: 422351, OPS: 8454.6, Avg(us): 10629, Min(us): 814, Max(us): 108767, 99th(us): 50000, 99.9th(us): 65000, 99.99th(us): 99000
INSERT - Takes(s): 59.9, Count: 26644, OPS: 444.4, Avg(us): 33853, Min(us): 5916, Max(us): 123107, 99th(us): 71000, 99.9th(us): 86000, 99.99th(us): 119000
READ   - Takes(s): 60.0, Count: 506949, OPS: 8455.5, Avg(us): 10627, Min(us): 775, Max(us): 108767, 99th(us): 50000, 99.9th(us): 66000, 99.99th(us): 99000
INSERT - Takes(s): 69.9, Count: 31004, OPS: 443.2, Avg(us): 33851, Min(us): 5916, Max(us): 123107, 99th(us): 70000, 99.9th(us): 85000, 99.99th(us): 115000
READ   - Takes(s): 70.0, Count: 589959, OPS: 8433.4, Avg(us): 10659, Min(us): 775, Max(us): 108767, 99th(us): 50000, 99.9th(us): 65000, 99.99th(us): 98000
INSERT - Takes(s): 79.9, Count: 35302, OPS: 441.6, Avg(us): 34025, Min(us): 5916, Max(us): 123107, 99th(us): 70000, 99.9th(us): 84000, 99.99th(us): 115000
READ   - Takes(s): 80.0, Count: 672353, OPS: 8409.1, Avg(us): 10686, Min(us): 775, Max(us): 108767, 99th(us): 50000, 99.9th(us): 64000, 99.99th(us): 98000
INSERT - Takes(s): 89.9, Count: 39763, OPS: 442.1, Avg(us): 34142, Min(us): 5916, Max(us): 123107, 99th(us): 70000, 99.9th(us): 84000, 99.99th(us): 115000
READ   - Takes(s): 90.0, Count: 755662, OPS: 8400.5, Avg(us): 10689, Min(us): 775, Max(us): 108767, 99th(us): 50000, 99.9th(us): 64000, 99.99th(us): 97000
INSERT - Takes(s): 99.9, Count: 44069, OPS: 440.9, Avg(us): 34195, Min(us): 5916, Max(us): 123107, 99th(us): 71000, 99.9th(us): 85000, 99.99th(us): 115000
READ   - Takes(s): 100.0, Count: 836616, OPS: 8369.9, Avg(us): 10730, Min(us): 775, Max(us): 108767, 99th(us): 50000, 99.9th(us): 64000, 99.99th(us): 96000
INSERT - Takes(s): 109.9, Count: 47991, OPS: 436.5, Avg(us): 34317, Min(us): 5916, Max(us): 123107, 99th(us): 71000, 99.9th(us): 85000, 99.99th(us): 115000
READ   - Takes(s): 110.0, Count: 909489, OPS: 8271.5, Avg(us): 10869, Min(us): 775, Max(us): 108767, 99th(us): 50000, 99.9th(us): 64000, 99.99th(us): 96000
Run finished, takes 1m54.812379908s
INSERT - Takes(s): 114.8, Count: 50063, OPS: 436.2, Avg(us): 34140, Min(us): 5916, Max(us): 123107, 99th(us): 71000, 99.9th(us): 85000, 99.99th(us): 106000
READ   - Takes(s): 114.8, Count: 949849, OPS: 8276.3, Avg(us): 10788, Min(us): 775, Max(us): 108767, 99th(us): 50000, 99.9th(us): 64000, 99.99th(us): 96000
[2022/06/07 10:49:53.785 -05:00] [INFO] [client.go:754] ["[pd] stop fetching the pending tso requests due to context canceled"] [dc-location=global]
[2022/06/07 10:49:53.785 -05:00] [INFO] [client.go:692] ["[pd] exit tso dispatcher"] [dc-location=global]
