[2022/06/07 10:33:09.180 -05:00] [INFO] [client.go:378] ["[pd] create pd client with endpoints"] [pd-address="[10.10.1.4:2379]"]
[2022/06/07 10:33:09.190 -05:00] [INFO] [base_client.go:350] ["[pd] switch leader"] [new-leader=http://10.10.1.4:2379] [old-leader=]
[2022/06/07 10:33:09.190 -05:00] [INFO] [base_client.go:105] ["[pd] init cluster id"] [cluster-id=7106506722672181532]
[2022/06/07 10:33:09.190 -05:00] [INFO] [client.go:673] ["[pd] tso dispatcher created"] [dc-location=global]
***************** properties *****************
"readallfields"="true"
"updateproportion"="0"
"tikv.type"="raw"
"scanproportion"="0"
"threadcount"="65"
"insertproportion"="0.05"
"verbose"="false"
"dotransactions"="true"
"tikv.pd"="10.10.1.4:2379"
"readproportion"="0.95"
"requestdistribution"="latest"
"debug.pprof"=":6060"
"recordcount"="1000000"
"operationcount"="1000000"
"tikv.batchsize"="128"
"workload"="core"
"tikv.conncount"="128"
**********************************************
INSERT - Takes(s): 10.0, Count: 4901, OPS: 492.4, Avg(us): 21368, Min(us): 7098, Max(us): 59036, 99th(us): 41000, 99.9th(us): 55000, 99.99th(us): 60000
READ   - Takes(s): 10.0, Count: 91562, OPS: 9195.2, Avg(us): 5930, Min(us): 825, Max(us): 86456, 99th(us): 27000, 99.9th(us): 41000, 99.99th(us): 76000
INSERT - Takes(s): 20.0, Count: 9431, OPS: 472.7, Avg(us): 21462, Min(us): 6675, Max(us): 62876, 99th(us): 41000, 99.9th(us): 51000, 99.99th(us): 63000
READ   - Takes(s): 20.0, Count: 177354, OPS: 8886.6, Avg(us): 6167, Min(us): 825, Max(us): 86456, 99th(us): 27000, 99.9th(us): 40000, 99.99th(us): 62000
INSERT - Takes(s): 30.0, Count: 14236, OPS: 475.3, Avg(us): 21469, Min(us): 6209, Max(us): 65160, 99th(us): 41000, 99.9th(us): 52000, 99.99th(us): 65000
READ   - Takes(s): 30.0, Count: 269373, OPS: 8991.8, Avg(us): 6084, Min(us): 788, Max(us): 86456, 99th(us): 26000, 99.9th(us): 38000, 99.99th(us): 60000
INSERT - Takes(s): 40.0, Count: 18957, OPS: 474.5, Avg(us): 21594, Min(us): 6209, Max(us): 71874, 99th(us): 41000, 99.9th(us): 54000, 99.99th(us): 68000
READ   - Takes(s): 40.0, Count: 359394, OPS: 8994.4, Avg(us): 6076, Min(us): 788, Max(us): 86456, 99th(us): 26000, 99.9th(us): 38000, 99.99th(us): 62000
INSERT - Takes(s): 50.0, Count: 23488, OPS: 470.2, Avg(us): 21654, Min(us): 6209, Max(us): 71874, 99th(us): 41000, 99.9th(us): 54000, 99.99th(us): 66000
READ   - Takes(s): 50.0, Count: 447745, OPS: 8962.5, Avg(us): 6104, Min(us): 788, Max(us): 86456, 99th(us): 26000, 99.9th(us): 38000, 99.99th(us): 60000
INSERT - Takes(s): 60.0, Count: 28324, OPS: 472.4, Avg(us): 21644, Min(us): 6209, Max(us): 110311, 99th(us): 41000, 99.9th(us): 54000, 99.99th(us): 103000
READ   - Takes(s): 60.0, Count: 539593, OPS: 8999.6, Avg(us): 6073, Min(us): 687, Max(us): 100997, 99th(us): 26000, 99.9th(us): 38000, 99.99th(us): 75000
INSERT - Takes(s): 70.0, Count: 33006, OPS: 471.8, Avg(us): 21725, Min(us): 6209, Max(us): 110311, 99th(us): 41000, 99.9th(us): 54000, 99.99th(us): 94000
READ   - Takes(s): 70.0, Count: 627553, OPS: 8970.5, Avg(us): 6089, Min(us): 687, Max(us): 100997, 99th(us): 26000, 99.9th(us): 38000, 99.99th(us): 74000
INSERT - Takes(s): 80.0, Count: 37679, OPS: 471.3, Avg(us): 21664, Min(us): 6209, Max(us): 110311, 99th(us): 41000, 99.9th(us): 54000, 99.99th(us): 94000
READ   - Takes(s): 80.0, Count: 716299, OPS: 8958.5, Avg(us): 6102, Min(us): 687, Max(us): 100997, 99th(us): 26000, 99.9th(us): 38000, 99.99th(us): 70000
INSERT - Takes(s): 90.0, Count: 42548, OPS: 473.0, Avg(us): 21778, Min(us): 6209, Max(us): 110311, 99th(us): 41000, 99.9th(us): 55000, 99.99th(us): 86000
READ   - Takes(s): 90.0, Count: 808526, OPS: 8987.9, Avg(us): 6071, Min(us): 687, Max(us): 100997, 99th(us): 26000, 99.9th(us): 37000, 99.99th(us): 66000
INSERT - Takes(s): 100.0, Count: 47021, OPS: 470.4, Avg(us): 21850, Min(us): 6209, Max(us): 110311, 99th(us): 41000, 99.9th(us): 54000, 99.99th(us): 86000
READ   - Takes(s): 100.0, Count: 893862, OPS: 8942.4, Avg(us): 6104, Min(us): 687, Max(us): 100997, 99th(us): 26000, 99.9th(us): 37000, 99.99th(us): 70000
Run finished, takes 1m46.422451338s
INSERT - Takes(s): 106.4, Count: 49911, OPS: 469.2, Avg(us): 21763, Min(us): 5135, Max(us): 110311, 99th(us): 41000, 99.9th(us): 54000, 99.99th(us): 86000
READ   - Takes(s): 106.4, Count: 950048, OPS: 8930.7, Avg(us): 6065, Min(us): 687, Max(us): 100997, 99th(us): 26000, 99.9th(us): 37000, 99.99th(us): 69000
[2022/06/07 10:34:55.614 -05:00] [INFO] [client.go:754] ["[pd] stop fetching the pending tso requests due to context canceled"] [dc-location=global]
[2022/06/07 10:34:55.614 -05:00] [INFO] [client.go:692] ["[pd] exit tso dispatcher"] [dc-location=global]
