[2022/06/07 10:24:16.242 -05:00] [INFO] [client.go:378] ["[pd] create pd client with endpoints"] [pd-address="[10.10.1.4:2379]"]
[2022/06/07 10:24:16.248 -05:00] [INFO] [base_client.go:350] ["[pd] switch leader"] [new-leader=http://10.10.1.4:2379] [old-leader=]
[2022/06/07 10:24:16.248 -05:00] [INFO] [base_client.go:105] ["[pd] init cluster id"] [cluster-id=7106506722672181532]
[2022/06/07 10:24:16.248 -05:00] [INFO] [client.go:673] ["[pd] tso dispatcher created"] [dc-location=global]
***************** properties *****************
"operationcount"="1000000"
"recordcount"="1000000"
"readallfields"="true"
"scanproportion"="0"
"tikv.type"="raw"
"dotransactions"="true"
"updateproportion"="0"
"verbose"="false"
"tikv.conncount"="128"
"debug.pprof"=":6060"
"requestdistribution"="latest"
"workload"="core"
"insertproportion"="0.05"
"threadcount"="40"
"tikv.pd"="10.10.1.4:2379"
"tikv.batchsize"="128"
"readproportion"="0.95"
**********************************************
INSERT - Takes(s): 9.9, Count: 4733, OPS: 476.4, Avg(us): 14105, Min(us): 5755, Max(us): 92312, 99th(us): 25000, 99.9th(us): 32000, 99.99th(us): 37000
READ   - Takes(s): 10.0, Count: 91015, OPS: 9131.9, Avg(us): 3641, Min(us): 715, Max(us): 84514, 99th(us): 14000, 99.9th(us): 27000, 99.99th(us): 79000
INSERT - Takes(s): 19.9, Count: 9930, OPS: 498.1, Avg(us): 13935, Min(us): 5755, Max(us): 92312, 99th(us): 25000, 99.9th(us): 32000, 99.99th(us): 93000
READ   - Takes(s): 20.0, Count: 190263, OPS: 9529.1, Avg(us): 3459, Min(us): 682, Max(us): 84514, 99th(us): 14000, 99.9th(us): 24000, 99.99th(us): 77000
INSERT - Takes(s): 29.9, Count: 14020, OPS: 468.4, Avg(us): 14463, Min(us): 5755, Max(us): 92312, 99th(us): 25000, 99.9th(us): 32000, 99.99th(us): 80000
READ   - Takes(s): 30.0, Count: 268049, OPS: 8945.0, Avg(us): 3702, Min(us): 682, Max(us): 84514, 99th(us): 14000, 99.9th(us): 22000, 99.99th(us): 75000
INSERT - Takes(s): 39.9, Count: 19071, OPS: 477.6, Avg(us): 14362, Min(us): 5755, Max(us): 92312, 99th(us): 25000, 99.9th(us): 32000, 99.99th(us): 80000
READ   - Takes(s): 40.0, Count: 362613, OPS: 9073.0, Avg(us): 3639, Min(us): 682, Max(us): 90698, 99th(us): 14000, 99.9th(us): 22000, 99.99th(us): 75000
INSERT - Takes(s): 49.9, Count: 24187, OPS: 484.4, Avg(us): 14248, Min(us): 5755, Max(us): 92312, 99th(us): 25000, 99.9th(us): 31000, 99.99th(us): 78000
READ   - Takes(s): 50.0, Count: 459783, OPS: 9201.9, Avg(us): 3583, Min(us): 682, Max(us): 90698, 99th(us): 14000, 99.9th(us): 21000, 99.99th(us): 74000
INSERT - Takes(s): 59.9, Count: 28818, OPS: 480.8, Avg(us): 14276, Min(us): 5186, Max(us): 92312, 99th(us): 25000, 99.9th(us): 31000, 99.99th(us): 80000
READ   - Takes(s): 60.0, Count: 549808, OPS: 9168.6, Avg(us): 3599, Min(us): 682, Max(us): 90698, 99th(us): 14000, 99.9th(us): 20000, 99.99th(us): 72000
INSERT - Takes(s): 69.9, Count: 34154, OPS: 488.4, Avg(us): 14190, Min(us): 5186, Max(us): 92312, 99th(us): 24000, 99.9th(us): 30000, 99.99th(us): 80000
READ   - Takes(s): 70.0, Count: 649074, OPS: 9277.0, Avg(us): 3550, Min(us): 672, Max(us): 90698, 99th(us): 13000, 99.9th(us): 20000, 99.99th(us): 73000
INSERT - Takes(s): 79.9, Count: 39215, OPS: 490.6, Avg(us): 14201, Min(us): 5186, Max(us): 92312, 99th(us): 24000, 99.9th(us): 32000, 99.99th(us): 80000
READ   - Takes(s): 80.0, Count: 742522, OPS: 9285.4, Avg(us): 3542, Min(us): 672, Max(us): 90698, 99th(us): 13000, 99.9th(us): 20000, 99.99th(us): 72000
INSERT - Takes(s): 89.9, Count: 43599, OPS: 484.8, Avg(us): 14302, Min(us): 5186, Max(us): 92312, 99th(us): 25000, 99.9th(us): 34000, 99.99th(us): 78000
READ   - Takes(s): 90.0, Count: 825378, OPS: 9174.3, Avg(us): 3589, Min(us): 672, Max(us): 90698, 99th(us): 13000, 99.9th(us): 20000, 99.99th(us): 71000
INSERT - Takes(s): 99.9, Count: 47637, OPS: 476.7, Avg(us): 14429, Min(us): 5186, Max(us): 92312, 99th(us): 25000, 99.9th(us): 44000, 99.99th(us): 91000
READ   - Takes(s): 100.0, Count: 902841, OPS: 9031.4, Avg(us): 3651, Min(us): 672, Max(us): 90698, 99th(us): 14000, 99.9th(us): 20000, 99.99th(us): 72000
Run finished, takes 1m46.424795662s
INSERT - Takes(s): 106.4, Count: 50080, OPS: 470.9, Avg(us): 14470, Min(us): 5186, Max(us): 92312, 99th(us): 25000, 99.9th(us): 40000, 99.99th(us): 90000
READ   - Takes(s): 106.4, Count: 949920, OPS: 8928.6, Avg(us): 3676, Min(us): 672, Max(us): 90698, 99th(us): 14000, 99.9th(us): 20000, 99.99th(us): 72000
[2022/06/07 10:26:02.674 -05:00] [INFO] [client.go:754] ["[pd] stop fetching the pending tso requests due to context canceled"] [dc-location=global]
[2022/06/07 10:26:02.674 -05:00] [INFO] [client.go:692] ["[pd] exit tso dispatcher"] [dc-location=global]
