[2022/06/07 10:20:50.625 -05:00] [INFO] [client.go:378] ["[pd] create pd client with endpoints"] [pd-address="[10.10.1.4:2379]"]
[2022/06/07 10:20:50.629 -05:00] [INFO] [base_client.go:350] ["[pd] switch leader"] [new-leader=http://10.10.1.4:2379] [old-leader=]
[2022/06/07 10:20:50.629 -05:00] [INFO] [base_client.go:105] ["[pd] init cluster id"] [cluster-id=7106506722672181532]
[2022/06/07 10:20:50.630 -05:00] [INFO] [client.go:673] ["[pd] tso dispatcher created"] [dc-location=global]
***************** properties *****************
"threadcount"="30"
"insertproportion"="0.05"
"recordcount"="1000000"
"tikv.pd"="10.10.1.4:2379"
"tikv.batchsize"="128"
"dotransactions"="true"
"workload"="core"
"updateproportion"="0"
"tikv.conncount"="128"
"readallfields"="true"
"debug.pprof"=":6060"
"scanproportion"="0"
"readproportion"="0.95"
"tikv.type"="raw"
"verbose"="false"
"operationcount"="1000000"
"requestdistribution"="latest"
**********************************************
INSERT - Takes(s): 10.0, Count: 5132, OPS: 515.4, Avg(us): 11131, Min(us): 5436, Max(us): 45503, 99th(us): 18000, 99.9th(us): 22000, 99.99th(us): 46000
READ   - Takes(s): 10.0, Count: 95318, OPS: 9567.1, Avg(us): 2529, Min(us): 682, Max(us): 101461, 99th(us): 9000, 99.9th(us): 14000, 99.99th(us): 101000
INSERT - Takes(s): 20.0, Count: 10318, OPS: 517.0, Avg(us): 11138, Min(us): 5436, Max(us): 64123, 99th(us): 18000, 99.9th(us): 38000, 99.99th(us): 60000
READ   - Takes(s): 20.0, Count: 193959, OPS: 9715.9, Avg(us): 2483, Min(us): 654, Max(us): 101461, 99th(us): 8000, 99.9th(us): 13000, 99.99th(us): 70000
INSERT - Takes(s): 30.0, Count: 14530, OPS: 485.0, Avg(us): 11437, Min(us): 5436, Max(us): 65045, 99th(us): 19000, 99.9th(us): 40000, 99.99th(us): 65000
READ   - Takes(s): 30.0, Count: 275301, OPS: 9188.1, Avg(us): 2648, Min(us): 654, Max(us): 101461, 99th(us): 9000, 99.9th(us): 14000, 99.99th(us): 68000
INSERT - Takes(s): 40.0, Count: 19269, OPS: 482.3, Avg(us): 11486, Min(us): 5436, Max(us): 65045, 99th(us): 19000, 99.9th(us): 37000, 99.99th(us): 65000
READ   - Takes(s): 40.0, Count: 364786, OPS: 9128.1, Avg(us): 2665, Min(us): 654, Max(us): 101461, 99th(us): 9000, 99.9th(us): 14000, 99.99th(us): 68000
INSERT - Takes(s): 50.0, Count: 24356, OPS: 487.5, Avg(us): 11445, Min(us): 5030, Max(us): 65045, 99th(us): 18000, 99.9th(us): 32000, 99.99th(us): 64000
READ   - Takes(s): 50.0, Count: 464248, OPS: 9291.9, Avg(us): 2613, Min(us): 654, Max(us): 101461, 99th(us): 9000, 99.9th(us): 13000, 99.99th(us): 66000
INSERT - Takes(s): 60.0, Count: 29230, OPS: 487.5, Avg(us): 11457, Min(us): 5030, Max(us): 65045, 99th(us): 18000, 99.9th(us): 24000, 99.99th(us): 64000
READ   - Takes(s): 60.0, Count: 558383, OPS: 9312.2, Avg(us): 2606, Min(us): 617, Max(us): 101461, 99th(us): 9000, 99.9th(us): 13000, 99.99th(us): 66000
INSERT - Takes(s): 70.0, Count: 34175, OPS: 488.5, Avg(us): 11498, Min(us): 5030, Max(us): 90344, 99th(us): 18000, 99.9th(us): 25000, 99.99th(us): 79000
READ   - Takes(s): 70.0, Count: 651874, OPS: 9317.4, Avg(us): 2601, Min(us): 617, Max(us): 101461, 99th(us): 9000, 99.9th(us): 13000, 99.99th(us): 69000
INSERT - Takes(s): 80.0, Count: 38718, OPS: 484.2, Avg(us): 11584, Min(us): 5030, Max(us): 90344, 99th(us): 19000, 99.9th(us): 27000, 99.99th(us): 79000
READ   - Takes(s): 80.0, Count: 737363, OPS: 9221.3, Avg(us): 2629, Min(us): 617, Max(us): 101461, 99th(us): 9000, 99.9th(us): 13000, 99.99th(us): 68000
INSERT - Takes(s): 90.0, Count: 43260, OPS: 480.9, Avg(us): 11666, Min(us): 5030, Max(us): 90344, 99th(us): 19000, 99.9th(us): 30000, 99.99th(us): 81000
READ   - Takes(s): 90.0, Count: 821133, OPS: 9127.5, Avg(us): 2656, Min(us): 617, Max(us): 101461, 99th(us): 9000, 99.9th(us): 13000, 99.99th(us): 68000
INSERT - Takes(s): 100.0, Count: 47898, OPS: 479.2, Avg(us): 11688, Min(us): 5030, Max(us): 92186, 99th(us): 19000, 99.9th(us): 37000, 99.99th(us): 82000
READ   - Takes(s): 100.0, Count: 908960, OPS: 9093.0, Avg(us): 2667, Min(us): 617, Max(us): 101461, 99th(us): 9000, 99.9th(us): 13000, 99.99th(us): 70000
Run finished, takes 1m44.214853187s
INSERT - Takes(s): 104.2, Count: 50019, OPS: 480.2, Avg(us): 11642, Min(us): 5030, Max(us): 92186, 99th(us): 19000, 99.9th(us): 34000, 99.99th(us): 82000
READ   - Takes(s): 104.2, Count: 949970, OPS: 9118.8, Avg(us): 2644, Min(us): 617, Max(us): 101461, 99th(us): 9000, 99.9th(us): 13000, 99.99th(us): 70000
[2022/06/07 10:22:34.846 -05:00] [INFO] [client.go:754] ["[pd] stop fetching the pending tso requests due to context canceled"] [dc-location=global]
[2022/06/07 10:22:34.846 -05:00] [INFO] [client.go:692] ["[pd] exit tso dispatcher"] [dc-location=global]
