[2022/06/07 10:46:03.946 -05:00] [INFO] [client.go:378] ["[pd] create pd client with endpoints"] [pd-address="[10.10.1.4:2379]"]
[2022/06/07 10:46:03.953 -05:00] [INFO] [base_client.go:350] ["[pd] switch leader"] [new-leader=http://10.10.1.4:2379] [old-leader=]
[2022/06/07 10:46:03.953 -05:00] [INFO] [base_client.go:105] ["[pd] init cluster id"] [cluster-id=7106506722672181532]
[2022/06/07 10:46:03.954 -05:00] [INFO] [client.go:673] ["[pd] tso dispatcher created"] [dc-location=global]
***************** properties *****************
"insertproportion"="0.05"
"readallfields"="true"
"debug.pprof"=":6060"
"tikv.batchsize"="128"
"dotransactions"="true"
"recordcount"="1000000"
"threadcount"="100"
"workload"="core"
"updateproportion"="0"
"readproportion"="0.95"
"verbose"="false"
"tikv.pd"="10.10.1.4:2379"
"operationcount"="1000000"
"tikv.conncount"="128"
"requestdistribution"="latest"
"scanproportion"="0"
"tikv.type"="raw"
**********************************************
INSERT - Takes(s): 9.9, Count: 3121, OPS: 313.8, Avg(us): 34473, Min(us): 9699, Max(us): 81191, 99th(us): 72000, 99.9th(us): 80000, 99.99th(us): 82000
READ   - Takes(s): 10.0, Count: 59306, OPS: 5959.2, Avg(us): 14979, Min(us): 861, Max(us): 90216, 99th(us): 56000, 99.9th(us): 66000, 99.99th(us): 74000
INSERT - Takes(s): 19.9, Count: 8062, OPS: 404.2, Avg(us): 32677, Min(us): 6201, Max(us): 85777, 99th(us): 69000, 99.9th(us): 80000, 99.99th(us): 86000
READ   - Takes(s): 20.0, Count: 152943, OPS: 7665.6, Avg(us): 11319, Min(us): 759, Max(us): 90216, 99th(us): 50000, 99.9th(us): 64000, 99.99th(us): 76000
INSERT - Takes(s): 29.9, Count: 12705, OPS: 424.3, Avg(us): 32706, Min(us): 6201, Max(us): 91093, 99th(us): 67000, 99.9th(us): 79000, 99.99th(us): 86000
READ   - Takes(s): 30.0, Count: 242020, OPS: 8080.3, Avg(us): 10649, Min(us): 759, Max(us): 90216, 99th(us): 48000, 99.9th(us): 62000, 99.99th(us): 74000
INSERT - Takes(s): 39.9, Count: 16827, OPS: 421.3, Avg(us): 32822, Min(us): 6201, Max(us): 91093, 99th(us): 66000, 99.9th(us): 77000, 99.99th(us): 84000
READ   - Takes(s): 40.0, Count: 320078, OPS: 8011.6, Avg(us): 10745, Min(us): 759, Max(us): 90216, 99th(us): 47000, 99.9th(us): 60000, 99.99th(us): 73000
INSERT - Takes(s): 49.9, Count: 20916, OPS: 418.8, Avg(us): 32966, Min(us): 6201, Max(us): 92883, 99th(us): 66000, 99.9th(us): 77000, 99.99th(us): 92000
READ   - Takes(s): 50.0, Count: 396890, OPS: 7945.5, Avg(us): 10837, Min(us): 759, Max(us): 90216, 99th(us): 47000, 99.9th(us): 60000, 99.99th(us): 73000
INSERT - Takes(s): 59.9, Count: 25675, OPS: 428.3, Avg(us): 32657, Min(us): 6201, Max(us): 92883, 99th(us): 66000, 99.9th(us): 77000, 99.99th(us): 92000
READ   - Takes(s): 60.0, Count: 487842, OPS: 8137.2, Avg(us): 10558, Min(us): 697, Max(us): 90216, 99th(us): 46000, 99.9th(us): 59000, 99.99th(us): 73000
INSERT - Takes(s): 69.9, Count: 30260, OPS: 432.6, Avg(us): 32522, Min(us): 6201, Max(us): 103611, 99th(us): 66000, 99.9th(us): 79000, 99.99th(us): 93000
READ   - Takes(s): 70.0, Count: 575460, OPS: 8226.5, Avg(us): 10431, Min(us): 697, Max(us): 91670, 99th(us): 46000, 99.9th(us): 60000, 99.99th(us): 79000
INSERT - Takes(s): 79.9, Count: 34741, OPS: 434.6, Avg(us): 32745, Min(us): 6201, Max(us): 103611, 99th(us): 66000, 99.9th(us): 80000, 99.99th(us): 93000
READ   - Takes(s): 80.0, Count: 659987, OPS: 8254.8, Avg(us): 10377, Min(us): 697, Max(us): 91670, 99th(us): 46000, 99.9th(us): 60000, 99.99th(us): 76000
INSERT - Takes(s): 89.9, Count: 38969, OPS: 433.3, Avg(us): 33001, Min(us): 6201, Max(us): 132857, 99th(us): 67000, 99.9th(us): 85000, 99.99th(us): 116000
READ   - Takes(s): 90.0, Count: 737324, OPS: 8196.9, Avg(us): 10440, Min(us): 697, Max(us): 97438, 99th(us): 46000, 99.9th(us): 60000, 99.99th(us): 84000
INSERT - Takes(s): 99.9, Count: 43197, OPS: 432.2, Avg(us): 32972, Min(us): 6201, Max(us): 132857, 99th(us): 67000, 99.9th(us): 84000, 99.99th(us): 116000
READ   - Takes(s): 100.0, Count: 818140, OPS: 8185.3, Avg(us): 10461, Min(us): 697, Max(us): 97438, 99th(us): 46000, 99.9th(us): 60000, 99.99th(us): 82000
INSERT - Takes(s): 109.9, Count: 48184, OPS: 438.3, Avg(us): 32705, Min(us): 6201, Max(us): 132857, 99th(us): 66000, 99.9th(us): 82000, 99.99th(us): 116000
READ   - Takes(s): 110.0, Count: 911016, OPS: 8285.6, Avg(us): 10324, Min(us): 697, Max(us): 97438, 99th(us): 46000, 99.9th(us): 59000, 99.99th(us): 81000
Run finished, takes 1m54.792146061s
INSERT - Takes(s): 114.7, Count: 50224, OPS: 437.7, Avg(us): 32507, Min(us): 5912, Max(us): 132857, 99th(us): 66000, 99.9th(us): 82000, 99.99th(us): 116000
READ   - Takes(s): 114.7, Count: 949746, OPS: 8277.1, Avg(us): 10251, Min(us): 697, Max(us): 97438, 99th(us): 45000, 99.9th(us): 59000, 99.99th(us): 80000
[2022/06/07 10:47:58.747 -05:00] [INFO] [client.go:754] ["[pd] stop fetching the pending tso requests due to context canceled"] [dc-location=global]
[2022/06/07 10:47:58.747 -05:00] [INFO] [client.go:692] ["[pd] exit tso dispatcher"] [dc-location=global]
