[2022/06/07 10:36:46.703 -05:00] [INFO] [client.go:378] ["[pd] create pd client with endpoints"] [pd-address="[10.10.1.4:2379]"]
[2022/06/07 10:36:46.708 -05:00] [INFO] [base_client.go:350] ["[pd] switch leader"] [new-leader=http://10.10.1.4:2379] [old-leader=]
[2022/06/07 10:36:46.709 -05:00] [INFO] [base_client.go:105] ["[pd] init cluster id"] [cluster-id=7106506722672181532]
[2022/06/07 10:36:46.709 -05:00] [INFO] [client.go:673] ["[pd] tso dispatcher created"] [dc-location=global]
***************** properties *****************
"workload"="core"
"debug.pprof"=":6060"
"tikv.pd"="10.10.1.4:2379"
"operationcount"="1000000"
"tikv.batchsize"="128"
"scanproportion"="0"
"readallfields"="true"
"readproportion"="0.95"
"updateproportion"="0"
"tikv.conncount"="128"
"verbose"="false"
"requestdistribution"="latest"
"insertproportion"="0.05"
"threadcount"="75"
"tikv.type"="raw"
"dotransactions"="true"
"recordcount"="1000000"
**********************************************
INSERT - Takes(s): 10.0, Count: 4608, OPS: 462.8, Avg(us): 23916, Min(us): 5836, Max(us): 83720, 99th(us): 47000, 99.9th(us): 69000, 99.99th(us): 84000
READ   - Takes(s): 10.0, Count: 89929, OPS: 9025.8, Avg(us): 7091, Min(us): 790, Max(us): 86224, 99th(us): 30000, 99.9th(us): 50000, 99.99th(us): 86000
INSERT - Takes(s): 20.0, Count: 9208, OPS: 461.4, Avg(us): 24105, Min(us): 5836, Max(us): 84965, 99th(us): 49000, 99.9th(us): 72000, 99.99th(us): 85000
READ   - Takes(s): 20.0, Count: 177128, OPS: 8872.7, Avg(us): 7193, Min(us): 790, Max(us): 86224, 99th(us): 32000, 99.9th(us): 50000, 99.99th(us): 78000
INSERT - Takes(s): 30.0, Count: 13962, OPS: 466.1, Avg(us): 24250, Min(us): 5789, Max(us): 84965, 99th(us): 49000, 99.9th(us): 71000, 99.99th(us): 84000
READ   - Takes(s): 30.0, Count: 264404, OPS: 8824.3, Avg(us): 7209, Min(us): 790, Max(us): 86224, 99th(us): 32000, 99.9th(us): 47000, 99.99th(us): 71000
INSERT - Takes(s): 40.0, Count: 18458, OPS: 462.0, Avg(us): 24425, Min(us): 5789, Max(us): 84965, 99th(us): 49000, 99.9th(us): 67000, 99.99th(us): 84000
READ   - Takes(s): 40.0, Count: 348492, OPS: 8720.3, Avg(us): 7295, Min(us): 790, Max(us): 86224, 99th(us): 32000, 99.9th(us): 47000, 99.99th(us): 70000
INSERT - Takes(s): 50.0, Count: 22914, OPS: 458.7, Avg(us): 24533, Min(us): 5789, Max(us): 84965, 99th(us): 48000, 99.9th(us): 65000, 99.99th(us): 80000
READ   - Takes(s): 50.0, Count: 433458, OPS: 8675.6, Avg(us): 7336, Min(us): 790, Max(us): 86224, 99th(us): 32000, 99.9th(us): 46000, 99.99th(us): 68000
INSERT - Takes(s): 60.0, Count: 27624, OPS: 460.7, Avg(us): 24564, Min(us): 5789, Max(us): 84965, 99th(us): 48000, 99.9th(us): 63000, 99.99th(us): 81000
READ   - Takes(s): 60.0, Count: 524143, OPS: 8741.1, Avg(us): 7272, Min(us): 790, Max(us): 88500, 99th(us): 31000, 99.9th(us): 46000, 99.99th(us): 70000
INSERT - Takes(s): 70.0, Count: 32187, OPS: 460.1, Avg(us): 24608, Min(us): 5789, Max(us): 84965, 99th(us): 48000, 99.9th(us): 62000, 99.99th(us): 80000
READ   - Takes(s): 70.0, Count: 610904, OPS: 8731.8, Avg(us): 7279, Min(us): 769, Max(us): 88500, 99th(us): 31000, 99.9th(us): 46000, 99.99th(us): 70000
INSERT - Takes(s): 80.0, Count: 36448, OPS: 455.9, Avg(us): 24736, Min(us): 5789, Max(us): 84965, 99th(us): 48000, 99.9th(us): 62000, 99.99th(us): 80000
READ   - Takes(s): 80.0, Count: 692776, OPS: 8663.7, Avg(us): 7341, Min(us): 769, Max(us): 88500, 99th(us): 32000, 99.9th(us): 45000, 99.99th(us): 68000
INSERT - Takes(s): 90.0, Count: 40217, OPS: 447.1, Avg(us): 24955, Min(us): 5789, Max(us): 84965, 99th(us): 49000, 99.9th(us): 62000, 99.99th(us): 78000
READ   - Takes(s): 90.0, Count: 765369, OPS: 8507.6, Avg(us): 7489, Min(us): 769, Max(us): 88500, 99th(us): 32000, 99.9th(us): 45000, 99.99th(us): 68000
INSERT - Takes(s): 100.0, Count: 44754, OPS: 447.7, Avg(us): 24958, Min(us): 5789, Max(us): 84965, 99th(us): 49000, 99.9th(us): 63000, 99.99th(us): 78000
READ   - Takes(s): 100.0, Count: 848452, OPS: 8487.6, Avg(us): 7505, Min(us): 769, Max(us): 91881, 99th(us): 32000, 99.9th(us): 46000, 99.99th(us): 71000
INSERT - Takes(s): 110.0, Count: 49414, OPS: 449.4, Avg(us): 24947, Min(us): 5231, Max(us): 111713, 99th(us): 49000, 99.9th(us): 63000, 99.99th(us): 84000
READ   - Takes(s): 110.0, Count: 935525, OPS: 8507.6, Avg(us): 7482, Min(us): 769, Max(us): 98839, 99th(us): 32000, 99.9th(us): 46000, 99.99th(us): 82000
Run finished, takes 1m51.731320435s
INSERT - Takes(s): 111.7, Count: 50171, OPS: 449.2, Avg(us): 24857, Min(us): 5231, Max(us): 111713, 99th(us): 49000, 99.9th(us): 63000, 99.99th(us): 81000
READ   - Takes(s): 111.7, Count: 949804, OPS: 8503.6, Avg(us): 7443, Min(us): 769, Max(us): 98839, 99th(us): 32000, 99.9th(us): 46000, 99.99th(us): 82000
[2022/06/07 10:38:38.441 -05:00] [INFO] [client.go:754] ["[pd] stop fetching the pending tso requests due to context canceled"] [dc-location=global]
[2022/06/07 10:38:38.441 -05:00] [INFO] [client.go:692] ["[pd] exit tso dispatcher"] [dc-location=global]
