[2022/06/07 10:17:07.091 -05:00] [INFO] [client.go:378] ["[pd] create pd client with endpoints"] [pd-address="[10.10.1.4:2379]"]
[2022/06/07 10:17:07.094 -05:00] [INFO] [base_client.go:350] ["[pd] switch leader"] [new-leader=http://10.10.1.4:2379] [old-leader=]
[2022/06/07 10:17:07.094 -05:00] [INFO] [base_client.go:105] ["[pd] init cluster id"] [cluster-id=7106506722672181532]
[2022/06/07 10:17:07.095 -05:00] [INFO] [client.go:673] ["[pd] tso dispatcher created"] [dc-location=global]
***************** properties *****************
"scanproportion"="0"
"tikv.pd"="10.10.1.4:2379"
"insertproportion"="0.05"
"updateproportion"="0"
"verbose"="false"
"workload"="core"
"readproportion"="0.95"
"tikv.batchsize"="128"
"operationcount"="1000000"
"debug.pprof"=":6060"
"recordcount"="1000000"
"readallfields"="true"
"requestdistribution"="latest"
"tikv.type"="raw"
"tikv.conncount"="128"
"threadcount"="20"
"dotransactions"="true"
**********************************************
INSERT - Takes(s): 10.0, Count: 4278, OPS: 429.5, Avg(us): 9235, Min(us): 5134, Max(us): 42313, 99th(us): 14000, 99.9th(us): 21000, 99.99th(us): 43000
READ   - Takes(s): 10.0, Count: 83329, OPS: 8360.1, Avg(us): 1908, Min(us): 695, Max(us): 74613, 99th(us): 5000, 99.9th(us): 11000, 99.99th(us): 55000
INSERT - Takes(s): 20.0, Count: 8828, OPS: 442.3, Avg(us): 9306, Min(us): 5113, Max(us): 54861, 99th(us): 14000, 99.9th(us): 25000, 99.99th(us): 55000
READ   - Takes(s): 20.0, Count: 166797, OPS: 8353.5, Avg(us): 1888, Min(us): 695, Max(us): 74613, 99th(us): 5000, 99.9th(us): 8000, 99.99th(us): 50000
INSERT - Takes(s): 30.0, Count: 13093, OPS: 437.0, Avg(us): 9343, Min(us): 5113, Max(us): 69605, 99th(us): 14000, 99.9th(us): 21000, 99.99th(us): 59000
READ   - Takes(s): 30.0, Count: 247035, OPS: 8243.5, Avg(us): 1916, Min(us): 695, Max(us): 74613, 99th(us): 5000, 99.9th(us): 7000, 99.99th(us): 55000
INSERT - Takes(s): 40.0, Count: 17341, OPS: 434.0, Avg(us): 9349, Min(us): 5113, Max(us): 69605, 99th(us): 14000, 99.9th(us): 20000, 99.99th(us): 59000
READ   - Takes(s): 40.0, Count: 328763, OPS: 8225.8, Avg(us): 1923, Min(us): 695, Max(us): 74613, 99th(us): 5000, 99.9th(us): 7000, 99.99th(us): 52000
INSERT - Takes(s): 50.0, Count: 21473, OPS: 429.8, Avg(us): 9385, Min(us): 5113, Max(us): 69605, 99th(us): 14000, 99.9th(us): 20000, 99.99th(us): 61000
READ   - Takes(s): 50.0, Count: 408440, OPS: 8174.2, Avg(us): 1937, Min(us): 695, Max(us): 74613, 99th(us): 5000, 99.9th(us): 7000, 99.99th(us): 54000
INSERT - Takes(s): 60.0, Count: 25407, OPS: 423.7, Avg(us): 9441, Min(us): 5113, Max(us): 69605, 99th(us): 15000, 99.9th(us): 23000, 99.99th(us): 61000
READ   - Takes(s): 60.0, Count: 484146, OPS: 8073.5, Avg(us): 1966, Min(us): 695, Max(us): 85222, 99th(us): 5000, 99.9th(us): 8000, 99.99th(us): 54000
INSERT - Takes(s): 70.0, Count: 29829, OPS: 426.4, Avg(us): 9392, Min(us): 4785, Max(us): 69605, 99th(us): 15000, 99.9th(us): 22000, 99.99th(us): 61000
READ   - Takes(s): 70.0, Count: 571449, OPS: 8167.4, Avg(us): 1942, Min(us): 695, Max(us): 85222, 99th(us): 5000, 99.9th(us): 7000, 99.99th(us): 53000
INSERT - Takes(s): 80.0, Count: 34321, OPS: 429.2, Avg(us): 9388, Min(us): 4785, Max(us): 69605, 99th(us): 14000, 99.9th(us): 21000, 99.99th(us): 59000
READ   - Takes(s): 80.0, Count: 655949, OPS: 8202.7, Avg(us): 1931, Min(us): 695, Max(us): 85222, 99th(us): 5000, 99.9th(us): 7000, 99.99th(us): 51000
INSERT - Takes(s): 90.0, Count: 38655, OPS: 429.7, Avg(us): 9389, Min(us): 4785, Max(us): 69605, 99th(us): 14000, 99.9th(us): 21000, 99.99th(us): 59000
READ   - Takes(s): 90.0, Count: 738106, OPS: 8204.1, Avg(us): 1930, Min(us): 666, Max(us): 85222, 99th(us): 5000, 99.9th(us): 7000, 99.99th(us): 50000
INSERT - Takes(s): 100.0, Count: 42890, OPS: 429.1, Avg(us): 9412, Min(us): 4785, Max(us): 73743, 99th(us): 14000, 99.9th(us): 22000, 99.99th(us): 70000
READ   - Takes(s): 100.0, Count: 818947, OPS: 8192.2, Avg(us): 1932, Min(us): 666, Max(us): 85222, 99th(us): 5000, 99.9th(us): 7000, 99.99th(us): 52000
INSERT - Takes(s): 110.0, Count: 47142, OPS: 428.7, Avg(us): 9432, Min(us): 4785, Max(us): 74352, 99th(us): 15000, 99.9th(us): 23000, 99.99th(us): 73000
READ   - Takes(s): 110.0, Count: 898077, OPS: 8166.8, Avg(us): 1937, Min(us): 666, Max(us): 85222, 99th(us): 5000, 99.9th(us): 8000, 99.99th(us): 53000
Run finished, takes 1m57.768353031s
INSERT - Takes(s): 117.7, Count: 49876, OPS: 423.7, Avg(us): 9435, Min(us): 4785, Max(us): 74352, 99th(us): 15000, 99.9th(us): 23000, 99.99th(us): 73000
READ   - Takes(s): 117.7, Count: 950124, OPS: 8070.1, Avg(us): 1946, Min(us): 666, Max(us): 85222, 99th(us): 5000, 99.9th(us): 8000, 99.99th(us): 54000
[2022/06/07 10:19:04.864 -05:00] [INFO] [client.go:754] ["[pd] stop fetching the pending tso requests due to context canceled"] [dc-location=global]
[2022/06/07 10:19:04.864 -05:00] [INFO] [client.go:692] ["[pd] exit tso dispatcher"] [dc-location=global]
