***************** properties *****************
"rocksdb.bytes_per_sync"="1048576"
"updateproportion"="0.5"
"readallfields"="true"
"operationcount"="1000000"
"requestdistribution"="uniform"
"scanproportion"="0"
"threadcount"="1"
"recordcount"="1000000"
"readproportion"="0.5"
"workload"="core"
"rocksdb.dir"="/mydata/local"
"rocksdb.wal_bytes_per_sync"="524288"
"dotransactions"="false"
"insertproportion"="0"
"rocksdb.disable_wal"="true"
"rocksdb.write_buffer_size"="2097152"
**********************************************
INSERT - Takes(s): 10.0, Count: 171053, OPS: 17104.3, Avg(us): 29, Min(us): 2, Max(us): 645494, 99th(us): 1000, 99.9th(us): 1000, 99.99th(us): 1000
INSERT - Takes(s): 20.0, Count: 318594, OPS: 15929.7, Avg(us): 32, Min(us): 2, Max(us): 645494, 99th(us): 1000, 99.9th(us): 1000, 99.99th(us): 103000
INSERT - Takes(s): 30.0, Count: 448404, OPS: 14946.6, Avg(us): 37, Min(us): 2, Max(us): 645494, 99th(us): 1000, 99.9th(us): 1000, 99.99th(us): 107000
INSERT - Takes(s): 40.0, Count: 566169, OPS: 14153.9, Avg(us): 41, Min(us): 2, Max(us): 645494, 99th(us): 1000, 99.9th(us): 1000, 99.99th(us): 109000
INSERT - Takes(s): 50.0, Count: 676898, OPS: 13537.9, Avg(us): 44, Min(us): 2, Max(us): 645494, 99th(us): 1000, 99.9th(us): 1000, 99.99th(us): 118000
INSERT - Takes(s): 60.0, Count: 792823, OPS: 13213.5, Avg(us): 45, Min(us): 2, Max(us): 645494, 99th(us): 1000, 99.9th(us): 1000, 99.99th(us): 169000
INSERT - Takes(s): 70.0, Count: 902417, OPS: 12891.5, Avg(us): 48, Min(us): 2, Max(us): 645494, 99th(us): 1000, 99.9th(us): 1000, 99.99th(us): 174000
Run finished, takes 1m19.229258158s
INSERT - Takes(s): 79.2, Count: 1000000, OPS: 12621.6, Avg(us): 49, Min(us): 2, Max(us): 645494, 99th(us): 1000, 99.9th(us): 1000, 99.99th(us): 239000
