***************** properties *****************
"recordcount"="1000000"
"rocksdb.disable_wal"="true"
"requestdistribution"="uniform"
"operationcount"="1000000"
"threadcount"="75"
"workload"="core"
"rocksdb.write_buffer_size"="2097152"
"readproportion"="0.5"
"rocksdb.dir"="/mydata/local"
"readallfields"="true"
"rocksdb.wal_bytes_per_sync"="524288"
"scanproportion"="0"
"dotransactions"="false"
"updateproportion"="0.5"
"insertproportion"="0"
"rocksdb.bytes_per_sync"="1048576"
**********************************************
INSERT - Takes(s): 10.0, Count: 455443, OPS: 45542.6, Avg(us): 1393, Min(us): 5, Max(us): 103207, 99th(us): 17000, 99.9th(us): 47000, 99.99th(us): 80000
INSERT - Takes(s): 20.0, Count: 847613, OPS: 42372.3, Avg(us): 1526, Min(us): 4, Max(us): 103207, 99th(us): 18000, 99.9th(us): 49000, 99.99th(us): 79000
Run finished, takes 24.016563475s
INSERT - Takes(s): 24.0, Count: 999974, OPS: 41637.5, Avg(us): 1546, Min(us): 4, Max(us): 103207, 99th(us): 18000, 99.9th(us): 48000, 99.99th(us): 79000
