[2022/06/06 13:40:06.481 -05:00] [INFO] [client.go:378] ["[pd] create pd client with endpoints"] [pd-address="[10.10.1.4:2379]"]
[2022/06/06 13:40:06.489 -05:00] [INFO] [base_client.go:350] ["[pd] switch leader"] [new-leader=http://10.10.1.4:2379] [old-leader=]
[2022/06/06 13:40:06.489 -05:00] [INFO] [base_client.go:105] ["[pd] init cluster id"] [cluster-id=7106192817000404639]
[2022/06/06 13:40:06.489 -05:00] [INFO] [client.go:673] ["[pd] tso dispatcher created"] [dc-location=global]
***************** properties *****************
"dotransactions"="true"
"operationcount"="1000000"
"tikv.type"="raw"
"recordcount"="1000000"
"threadcount"="20"
"verbose"="false"
"scanproportion"="0"
"requestdistribution"="uniform"
"tikv.pd"="10.10.1.4:2379"
"readproportion"="0.95"
"tikv.conncount"="128"
"tikv.batchsize"="128"
"insertproportion"="0"
"readallfields"="true"
"updateproportion"="0.05"
"workload"="core"
"debug.pprof"=":6060"
**********************************************
READ   - Takes(s): 10.0, Count: 87566, OPS: 8790.2, Avg(us): 1783, Min(us): 858, Max(us): 91153, 99th(us): 4000, 99.9th(us): 10000, 99.99th(us): 54000
UPDATE - Takes(s): 9.9, Count: 4642, OPS: 467.3, Avg(us): 9203, Min(us): 6648, Max(us): 76083, 99th(us): 13000, 99.9th(us): 24000, 99.99th(us): 67000
READ   - Takes(s): 20.0, Count: 176095, OPS: 8821.6, Avg(us): 1768, Min(us): 858, Max(us): 91153, 99th(us): 4000, 99.9th(us): 6000, 99.99th(us): 49000
UPDATE - Takes(s): 19.9, Count: 9262, OPS: 464.6, Avg(us): 9332, Min(us): 6648, Max(us): 76083, 99th(us): 15000, 99.9th(us): 45000, 99.99th(us): 77000
READ   - Takes(s): 30.0, Count: 264921, OPS: 8842.0, Avg(us): 1764, Min(us): 858, Max(us): 91153, 99th(us): 3000, 99.9th(us): 5000, 99.99th(us): 50000
UPDATE - Takes(s): 29.9, Count: 13917, OPS: 464.9, Avg(us): 9292, Min(us): 6420, Max(us): 76083, 99th(us): 14000, 99.9th(us): 48000, 99.99th(us): 67000
READ   - Takes(s): 40.0, Count: 354156, OPS: 8862.4, Avg(us): 1759, Min(us): 827, Max(us): 91153, 99th(us): 3000, 99.9th(us): 5000, 99.99th(us): 50000
UPDATE - Takes(s): 39.9, Count: 18640, OPS: 466.8, Avg(us): 9262, Min(us): 6212, Max(us): 76083, 99th(us): 14000, 99.9th(us): 47000, 99.99th(us): 68000
READ   - Takes(s): 50.0, Count: 443636, OPS: 8879.5, Avg(us): 1755, Min(us): 827, Max(us): 91153, 99th(us): 3000, 99.9th(us): 5000, 99.99th(us): 50000
UPDATE - Takes(s): 49.9, Count: 23360, OPS: 467.8, Avg(us): 9239, Min(us): 6212, Max(us): 76083, 99th(us): 14000, 99.9th(us): 44000, 99.99th(us): 67000
READ   - Takes(s): 60.0, Count: 532854, OPS: 8886.6, Avg(us): 1753, Min(us): 827, Max(us): 91153, 99th(us): 3000, 99.9th(us): 5000, 99.99th(us): 51000
UPDATE - Takes(s): 59.9, Count: 28056, OPS: 468.1, Avg(us): 9230, Min(us): 6212, Max(us): 76083, 99th(us): 14000, 99.9th(us): 44000, 99.99th(us): 67000
READ   - Takes(s): 70.0, Count: 622362, OPS: 8895.8, Avg(us): 1752, Min(us): 827, Max(us): 91153, 99th(us): 3000, 99.9th(us): 5000, 99.99th(us): 51000
UPDATE - Takes(s): 69.9, Count: 32735, OPS: 468.1, Avg(us): 9216, Min(us): 6212, Max(us): 76083, 99th(us): 14000, 99.9th(us): 40000, 99.99th(us): 61000
READ   - Takes(s): 80.0, Count: 711807, OPS: 8901.9, Avg(us): 1751, Min(us): 827, Max(us): 91153, 99th(us): 3000, 99.9th(us): 5000, 99.99th(us): 50000
UPDATE - Takes(s): 79.9, Count: 37471, OPS: 468.8, Avg(us): 9200, Min(us): 6212, Max(us): 76083, 99th(us): 14000, 99.9th(us): 37000, 99.99th(us): 61000
READ   - Takes(s): 90.0, Count: 801887, OPS: 8913.7, Avg(us): 1751, Min(us): 827, Max(us): 91153, 99th(us): 3000, 99.9th(us): 5000, 99.99th(us): 51000
UPDATE - Takes(s): 89.9, Count: 42006, OPS: 467.1, Avg(us): 9193, Min(us): 6212, Max(us): 76083, 99th(us): 14000, 99.9th(us): 36000, 99.99th(us): 62000
READ   - Takes(s): 100.0, Count: 891687, OPS: 8920.3, Avg(us): 1750, Min(us): 827, Max(us): 91153, 99th(us): 3000, 99.9th(us): 5000, 99.99th(us): 51000
UPDATE - Takes(s): 99.9, Count: 46620, OPS: 466.5, Avg(us): 9186, Min(us): 6212, Max(us): 76083, 99th(us): 14000, 99.9th(us): 36000, 99.99th(us): 67000
Run finished, takes 1m47.213653795s
READ   - Takes(s): 107.2, Count: 950312, OPS: 8866.9, Avg(us): 1749, Min(us): 827, Max(us): 91153, 99th(us): 3000, 99.9th(us): 5000, 99.99th(us): 50000
UPDATE - Takes(s): 107.1, Count: 49688, OPS: 463.7, Avg(us): 9177, Min(us): 6212, Max(us): 76083, 99th(us): 13000, 99.9th(us): 34000, 99.99th(us): 67000
[2022/06/06 13:41:53.704 -05:00] [INFO] [client.go:754] ["[pd] stop fetching the pending tso requests due to context canceled"] [dc-location=global]
[2022/06/06 13:41:53.704 -05:00] [INFO] [client.go:692] ["[pd] exit tso dispatcher"] [dc-location=global]
