[2022/06/06 13:53:46.149 -05:00] [INFO] [client.go:378] ["[pd] create pd client with endpoints"] [pd-address="[10.10.1.4:2379]"]
[2022/06/06 13:53:46.154 -05:00] [INFO] [base_client.go:350] ["[pd] switch leader"] [new-leader=http://10.10.1.4:2379] [old-leader=]
[2022/06/06 13:53:46.154 -05:00] [INFO] [base_client.go:105] ["[pd] init cluster id"] [cluster-id=7106192817000404639]
[2022/06/06 13:53:46.155 -05:00] [INFO] [client.go:673] ["[pd] tso dispatcher created"] [dc-location=global]
***************** properties *****************
"tikv.batchsize"="128"
"scanproportion"="0"
"threadcount"="80"
"debug.pprof"=":6060"
"tikv.type"="raw"
"workload"="core"
"dotransactions"="true"
"readproportion"="0.95"
"recordcount"="1000000"
"verbose"="false"
"insertproportion"="0"
"tikv.conncount"="128"
"readallfields"="true"
"tikv.pd"="10.10.1.4:2379"
"requestdistribution"="uniform"
"operationcount"="1000000"
"updateproportion"="0.05"
**********************************************
READ   - Takes(s): 10.0, Count: 158466, OPS: 15914.1, Avg(us): 4099, Min(us): 693, Max(us): 101389, 99th(us): 22000, 99.9th(us): 54000, 99.99th(us): 95000
UPDATE - Takes(s): 9.9, Count: 8328, OPS: 839.0, Avg(us): 17765, Min(us): 4771, Max(us): 105289, 99th(us): 47000, 99.9th(us): 85000, 99.99th(us): 106000
READ   - Takes(s): 20.0, Count: 317768, OPS: 15918.2, Avg(us): 4087, Min(us): 693, Max(us): 101389, 99th(us): 21000, 99.9th(us): 42000, 99.99th(us): 90000
UPDATE - Takes(s): 19.9, Count: 16760, OPS: 840.8, Avg(us): 17744, Min(us): 4771, Max(us): 110317, 99th(us): 47000, 99.9th(us): 85000, 99.99th(us): 106000
READ   - Takes(s): 30.0, Count: 479275, OPS: 15998.4, Avg(us): 4059, Min(us): 693, Max(us): 101389, 99th(us): 20000, 99.9th(us): 41000, 99.99th(us): 92000
UPDATE - Takes(s): 29.9, Count: 25399, OPS: 848.7, Avg(us): 17662, Min(us): 4771, Max(us): 113769, 99th(us): 46000, 99.9th(us): 85000, 99.99th(us): 106000
READ   - Takes(s): 40.0, Count: 642025, OPS: 16067.6, Avg(us): 4039, Min(us): 693, Max(us): 101389, 99th(us): 20000, 99.9th(us): 41000, 99.99th(us): 91000
UPDATE - Takes(s): 39.9, Count: 34029, OPS: 852.3, Avg(us): 17595, Min(us): 4771, Max(us): 113769, 99th(us): 46000, 99.9th(us): 83000, 99.99th(us): 106000
READ   - Takes(s): 50.0, Count: 802237, OPS: 16058.3, Avg(us): 4042, Min(us): 673, Max(us): 101389, 99th(us): 20000, 99.9th(us): 41000, 99.99th(us): 91000
UPDATE - Takes(s): 49.9, Count: 42370, OPS: 848.7, Avg(us): 17654, Min(us): 4771, Max(us): 113769, 99th(us): 46000, 99.9th(us): 85000, 99.99th(us): 107000
Run finished, takes 59.711984256s
READ   - Takes(s): 59.7, Count: 949888, OPS: 15919.2, Avg(us): 4023, Min(us): 673, Max(us): 101389, 99th(us): 20000, 99.9th(us): 41000, 99.99th(us): 91000
UPDATE - Takes(s): 59.6, Count: 50110, OPS: 840.2, Avg(us): 17649, Min(us): 4771, Max(us): 141361, 99th(us): 46000, 99.9th(us): 91000, 99.99th(us): 117000
[2022/06/06 13:54:45.868 -05:00] [INFO] [client.go:754] ["[pd] stop fetching the pending tso requests due to context canceled"] [dc-location=global]
[2022/06/06 13:54:45.868 -05:00] [INFO] [client.go:692] ["[pd] exit tso dispatcher"] [dc-location=global]
