[2022/06/06 13:49:51.851 -05:00] [INFO] [client.go:378] ["[pd] create pd client with endpoints"] [pd-address="[10.10.1.4:2379]"]
[2022/06/06 13:49:51.857 -05:00] [INFO] [base_client.go:350] ["[pd] switch leader"] [new-leader=http://10.10.1.4:2379] [old-leader=]
[2022/06/06 13:49:51.858 -05:00] [INFO] [base_client.go:105] ["[pd] init cluster id"] [cluster-id=7106192817000404639]
[2022/06/06 13:49:51.858 -05:00] [INFO] [client.go:673] ["[pd] tso dispatcher created"] [dc-location=global]
***************** properties *****************
"debug.pprof"=":6060"
"threadcount"="60"
"operationcount"="1000000"
"scanproportion"="0"
"updateproportion"="0.05"
"verbose"="false"
"recordcount"="1000000"
"insertproportion"="0"
"requestdistribution"="uniform"
"readproportion"="0.95"
"workload"="core"
"readallfields"="true"
"tikv.pd"="10.10.1.4:2379"
"dotransactions"="true"
"tikv.conncount"="128"
"tikv.batchsize"="128"
"tikv.type"="raw"
**********************************************
READ   - Takes(s): 10.0, Count: 161244, OPS: 16190.4, Avg(us): 2993, Min(us): 663, Max(us): 97681, 99th(us): 12000, 99.9th(us): 50000, 99.99th(us): 95000
UPDATE - Takes(s): 9.9, Count: 8334, OPS: 839.0, Avg(us): 13813, Min(us): 5485, Max(us): 113894, 99th(us): 29000, 99.9th(us): 82000, 99.99th(us): 114000
READ   - Takes(s): 20.0, Count: 325582, OPS: 16312.3, Avg(us): 2948, Min(us): 663, Max(us): 97681, 99th(us): 12000, 99.9th(us): 37000, 99.99th(us): 91000
UPDATE - Takes(s): 19.9, Count: 17046, OPS: 855.1, Avg(us): 13864, Min(us): 5403, Max(us): 113894, 99th(us): 30000, 99.9th(us): 89000, 99.99th(us): 108000
READ   - Takes(s): 30.0, Count: 489950, OPS: 16353.9, Avg(us): 2936, Min(us): 663, Max(us): 97681, 99th(us): 12000, 99.9th(us): 29000, 99.99th(us): 87000
UPDATE - Takes(s): 29.9, Count: 25702, OPS: 858.6, Avg(us): 13834, Min(us): 5403, Max(us): 113894, 99th(us): 30000, 99.9th(us): 85000, 99.99th(us): 108000
READ   - Takes(s): 40.0, Count: 653609, OPS: 16356.9, Avg(us): 2935, Min(us): 663, Max(us): 97681, 99th(us): 12000, 99.9th(us): 26000, 99.99th(us): 86000
UPDATE - Takes(s): 39.9, Count: 34210, OPS: 856.7, Avg(us): 13858, Min(us): 4959, Max(us): 113894, 99th(us): 29000, 99.9th(us): 84000, 99.99th(us): 108000
READ   - Takes(s): 50.0, Count: 819252, OPS: 16395.2, Avg(us): 2926, Min(us): 663, Max(us): 97681, 99th(us): 12000, 99.9th(us): 25000, 99.99th(us): 86000
UPDATE - Takes(s): 49.9, Count: 42841, OPS: 857.8, Avg(us): 13869, Min(us): 4959, Max(us): 113894, 99th(us): 29000, 99.9th(us): 86000, 99.99th(us): 108000
Run finished, takes 58.459418906s
READ   - Takes(s): 58.4, Count: 950216, OPS: 16265.7, Avg(us): 2917, Min(us): 635, Max(us): 97681, 99th(us): 12000, 99.9th(us): 26000, 99.99th(us): 88000
UPDATE - Takes(s): 58.4, Count: 49744, OPS: 851.9, Avg(us): 13838, Min(us): 4959, Max(us): 114292, 99th(us): 29000, 99.9th(us): 86000, 99.99th(us): 108000
[2022/06/06 13:50:50.318 -05:00] [INFO] [client.go:754] ["[pd] stop fetching the pending tso requests due to context canceled"] [dc-location=global]
[2022/06/06 13:50:50.318 -05:00] [INFO] [client.go:692] ["[pd] exit tso dispatcher"] [dc-location=global]
