[2022/06/06 13:58:44.139 -05:00] [INFO] [client.go:378] ["[pd] create pd client with endpoints"] [pd-address="[10.10.1.4:2379]"]
[2022/06/06 13:58:44.145 -05:00] [INFO] [base_client.go:350] ["[pd] switch leader"] [new-leader=http://10.10.1.4:2379] [old-leader=]
[2022/06/06 13:58:44.145 -05:00] [INFO] [base_client.go:105] ["[pd] init cluster id"] [cluster-id=7106192817000404639]
[2022/06/06 13:58:44.145 -05:00] [INFO] [client.go:673] ["[pd] tso dispatcher created"] [dc-location=global]
***************** properties *****************
"tikv.type"="raw"
"tikv.conncount"="128"
"workload"="core"
"tikv.batchsize"="128"
"operationcount"="1000000"
"threadcount"="105"
"updateproportion"="0.05"
"insertproportion"="0"
"verbose"="false"
"debug.pprof"=":6060"
"requestdistribution"="uniform"
"readproportion"="0.95"
"dotransactions"="true"
"readallfields"="true"
"tikv.pd"="10.10.1.4:2379"
"recordcount"="1000000"
"scanproportion"="0"
**********************************************
READ   - Takes(s): 10.0, Count: 156680, OPS: 15732.4, Avg(us): 5486, Min(us): 718, Max(us): 109495, 99th(us): 31000, 99.9th(us): 65000, 99.99th(us): 108000
UPDATE - Takes(s): 9.9, Count: 8200, OPS: 826.0, Avg(us): 22772, Min(us): 5530, Max(us): 128422, 99th(us): 66000, 99.9th(us): 99000, 99.99th(us): 129000
READ   - Takes(s): 20.0, Count: 315287, OPS: 15796.5, Avg(us): 5464, Min(us): 718, Max(us): 109495, 99th(us): 31000, 99.9th(us): 60000, 99.99th(us): 103000
UPDATE - Takes(s): 19.9, Count: 16519, OPS: 828.9, Avg(us): 22538, Min(us): 5258, Max(us): 128422, 99th(us): 66000, 99.9th(us): 97000, 99.99th(us): 125000
READ   - Takes(s): 30.0, Count: 472330, OPS: 15765.9, Avg(us): 5472, Min(us): 718, Max(us): 109495, 99th(us): 31000, 99.9th(us): 59000, 99.99th(us): 92000
UPDATE - Takes(s): 29.9, Count: 24832, OPS: 829.7, Avg(us): 22509, Min(us): 5258, Max(us): 134989, 99th(us): 67000, 99.9th(us): 95000, 99.99th(us): 125000
READ   - Takes(s): 40.0, Count: 630617, OPS: 15781.6, Avg(us): 5463, Min(us): 703, Max(us): 109495, 99th(us): 31000, 99.9th(us): 58000, 99.99th(us): 90000
UPDATE - Takes(s): 39.9, Count: 33142, OPS: 830.0, Avg(us): 22512, Min(us): 5258, Max(us): 134989, 99th(us): 68000, 99.9th(us): 95000, 99.99th(us): 124000
READ   - Takes(s): 50.0, Count: 788118, OPS: 15775.2, Avg(us): 5460, Min(us): 664, Max(us): 109495, 99th(us): 31000, 99.9th(us): 59000, 99.99th(us): 92000
UPDATE - Takes(s): 49.9, Count: 41410, OPS: 829.4, Avg(us): 22628, Min(us): 5258, Max(us): 134989, 99th(us): 67000, 99.9th(us): 97000, 99.99th(us): 125000
READ   - Takes(s): 60.0, Count: 948698, OPS: 15822.4, Avg(us): 5404, Min(us): 664, Max(us): 109495, 99th(us): 30000, 99.9th(us): 58000, 99.99th(us): 91000
UPDATE - Takes(s): 59.9, Count: 50114, OPS: 836.2, Avg(us): 22394, Min(us): 5258, Max(us): 134989, 99th(us): 67000, 99.9th(us): 97000, 99.99th(us): 124000
Run finished, takes 1m0.331643212s
READ   - Takes(s): 60.3, Count: 949746, OPS: 15752.8, Avg(us): 5400, Min(us): 664, Max(us): 109495, 99th(us): 30000, 99.9th(us): 58000, 99.99th(us): 92000
UPDATE - Takes(s): 60.3, Count: 50166, OPS: 832.5, Avg(us): 22380, Min(us): 5258, Max(us): 134989, 99th(us): 67000, 99.9th(us): 97000, 99.99th(us): 124000
[2022/06/06 13:59:44.478 -05:00] [INFO] [client.go:754] ["[pd] stop fetching the pending tso requests due to context canceled"] [dc-location=global]
[2022/06/06 13:59:44.478 -05:00] [INFO] [client.go:692] ["[pd] exit tso dispatcher"] [dc-location=global]
