[2022/06/06 13:45:49.654 -05:00] [INFO] [client.go:378] ["[pd] create pd client with endpoints"] [pd-address="[10.10.1.4:2379]"]
[2022/06/06 13:45:49.661 -05:00] [INFO] [base_client.go:350] ["[pd] switch leader"] [new-leader=http://10.10.1.4:2379] [old-leader=]
[2022/06/06 13:45:49.661 -05:00] [INFO] [base_client.go:105] ["[pd] init cluster id"] [cluster-id=7106192817000404639]
[2022/06/06 13:45:49.661 -05:00] [INFO] [client.go:673] ["[pd] tso dispatcher created"] [dc-location=global]
***************** properties *****************
"readallfields"="true"
"tikv.conncount"="128"
"recordcount"="1000000"
"threadcount"="40"
"requestdistribution"="uniform"
"tikv.pd"="10.10.1.4:2379"
"insertproportion"="0"
"tikv.batchsize"="128"
"workload"="core"
"tikv.type"="raw"
"updateproportion"="0.05"
"verbose"="false"
"scanproportion"="0"
"readproportion"="0.95"
"debug.pprof"=":6060"
"operationcount"="1000000"
"dotransactions"="true"
**********************************************
READ   - Takes(s): 10.0, Count: 152408, OPS: 15299.2, Avg(us): 2065, Min(us): 701, Max(us): 100660, 99th(us): 7000, 99.9th(us): 20000, 99.99th(us): 81000
UPDATE - Takes(s): 9.9, Count: 8021, OPS: 810.7, Avg(us): 10403, Min(us): 4895, Max(us): 112042, 99th(us): 18000, 99.9th(us): 63000, 99.99th(us): 113000
READ   - Takes(s): 20.0, Count: 306704, OPS: 15364.5, Avg(us): 2048, Min(us): 701, Max(us): 100660, 99th(us): 7000, 99.9th(us): 11000, 99.99th(us): 85000
UPDATE - Takes(s): 19.9, Count: 16076, OPS: 808.1, Avg(us): 10478, Min(us): 4895, Max(us): 112042, 99th(us): 18000, 99.9th(us): 67000, 99.99th(us): 100000
READ   - Takes(s): 30.0, Count: 460758, OPS: 15378.2, Avg(us): 2044, Min(us): 661, Max(us): 100660, 99th(us): 6000, 99.9th(us): 11000, 99.99th(us): 81000
UPDATE - Takes(s): 29.9, Count: 24176, OPS: 808.7, Avg(us): 10467, Min(us): 4895, Max(us): 112042, 99th(us): 18000, 99.9th(us): 64000, 99.99th(us): 96000
READ   - Takes(s): 40.0, Count: 614547, OPS: 15378.4, Avg(us): 2042, Min(us): 661, Max(us): 100660, 99th(us): 7000, 99.9th(us): 11000, 99.99th(us): 79000
UPDATE - Takes(s): 39.9, Count: 32251, OPS: 808.4, Avg(us): 10484, Min(us): 4895, Max(us): 112042, 99th(us): 18000, 99.9th(us): 65000, 99.99th(us): 95000
READ   - Takes(s): 50.0, Count: 768562, OPS: 15382.9, Avg(us): 2037, Min(us): 661, Max(us): 100660, 99th(us): 6000, 99.9th(us): 10000, 99.99th(us): 78000
UPDATE - Takes(s): 49.9, Count: 40239, OPS: 806.5, Avg(us): 10576, Min(us): 4895, Max(us): 112042, 99th(us): 19000, 99.9th(us): 65000, 99.99th(us): 93000
READ   - Takes(s): 60.0, Count: 923298, OPS: 15398.1, Avg(us): 2031, Min(us): 661, Max(us): 100660, 99th(us): 6000, 99.9th(us): 10000, 99.99th(us): 78000
UPDATE - Takes(s): 59.9, Count: 48270, OPS: 805.9, Avg(us): 10647, Min(us): 4895, Max(us): 112042, 99th(us): 19000, 99.9th(us): 67000, 99.99th(us): 95000
Run finished, takes 1m2.34479822s
READ   - Takes(s): 62.3, Count: 950302, OPS: 15252.1, Avg(us): 2028, Min(us): 661, Max(us): 100660, 99th(us): 6000, 99.9th(us): 10000, 99.99th(us): 78000
UPDATE - Takes(s): 62.2, Count: 49698, OPS: 798.5, Avg(us): 10646, Min(us): 4895, Max(us): 112042, 99th(us): 19000, 99.9th(us): 67000, 99.99th(us): 95000
[2022/06/06 13:46:52.007 -05:00] [INFO] [client.go:754] ["[pd] stop fetching the pending tso requests due to context canceled"] [dc-location=global]
[2022/06/06 13:46:52.007 -05:00] [INFO] [client.go:692] ["[pd] exit tso dispatcher"] [dc-location=global]
