[2022/06/06 13:34:16.789 -05:00] [INFO] [client.go:378] ["[pd] create pd client with endpoints"] [pd-address="[10.10.1.4:2379]"]
[2022/06/06 13:34:16.797 -05:00] [INFO] [base_client.go:350] ["[pd] switch leader"] [new-leader=http://10.10.1.4:2379] [old-leader=]
[2022/06/06 13:34:16.797 -05:00] [INFO] [base_client.go:105] ["[pd] init cluster id"] [cluster-id=7106192817000404639]
[2022/06/06 13:34:16.797 -05:00] [INFO] [client.go:673] ["[pd] tso dispatcher created"] [dc-location=global]
***************** properties *****************
"updateproportion"="0.05"
"dotransactions"="true"
"workload"="core"
"scanproportion"="0"
"tikv.conncount"="128"
"tikv.pd"="10.10.1.4:2379"
"operationcount"="1000000"
"insertproportion"="0"
"readallfields"="true"
"tikv.batchsize"="128"
"tikv.type"="raw"
"recordcount"="1000000"
"verbose"="false"
"requestdistribution"="uniform"
"readproportion"="0.95"
"debug.pprof"=":6060"
"threadcount"="10"
**********************************************
READ   - Takes(s): 10.0, Count: 44067, OPS: 4421.8, Avg(us): 1796, Min(us): 1079, Max(us): 82275, 99th(us): 3000, 99.9th(us): 5000, 99.99th(us): 35000
UPDATE - Takes(s): 9.9, Count: 2315, OPS: 233.4, Avg(us): 8727, Min(us): 6936, Max(us): 34931, 99th(us): 12000, 99.9th(us): 19000, 99.99th(us): 35000
READ   - Takes(s): 20.0, Count: 89214, OPS: 4468.3, Avg(us): 1773, Min(us): 1079, Max(us): 82275, 99th(us): 3000, 99.9th(us): 4000, 99.99th(us): 31000
UPDATE - Takes(s): 19.9, Count: 4663, OPS: 234.1, Avg(us): 8693, Min(us): 6936, Max(us): 34931, 99th(us): 11000, 99.9th(us): 15000, 99.99th(us): 35000
READ   - Takes(s): 30.0, Count: 134636, OPS: 4493.0, Avg(us): 1763, Min(us): 1070, Max(us): 82275, 99th(us): 3000, 99.9th(us): 4000, 99.99th(us): 32000
UPDATE - Takes(s): 29.9, Count: 7001, OPS: 234.0, Avg(us): 8674, Min(us): 6783, Max(us): 34931, 99th(us): 11000, 99.9th(us): 13000, 99.99th(us): 35000
READ   - Takes(s): 40.0, Count: 180533, OPS: 4517.2, Avg(us): 1756, Min(us): 1051, Max(us): 82275, 99th(us): 3000, 99.9th(us): 4000, 99.99th(us): 32000
UPDATE - Takes(s): 39.9, Count: 9306, OPS: 233.1, Avg(us): 8649, Min(us): 6783, Max(us): 34931, 99th(us): 11000, 99.9th(us): 13000, 99.99th(us): 35000
READ   - Takes(s): 50.0, Count: 225911, OPS: 4521.3, Avg(us): 1753, Min(us): 1025, Max(us): 82275, 99th(us): 3000, 99.9th(us): 4000, 99.99th(us): 33000
UPDATE - Takes(s): 49.9, Count: 11655, OPS: 233.5, Avg(us): 8647, Min(us): 6783, Max(us): 42348, 99th(us): 11000, 99.9th(us): 13000, 99.99th(us): 42000
READ   - Takes(s): 60.0, Count: 271285, OPS: 4524.0, Avg(us): 1751, Min(us): 1025, Max(us): 82275, 99th(us): 3000, 99.9th(us): 4000, 99.99th(us): 34000
UPDATE - Takes(s): 59.9, Count: 14021, OPS: 234.0, Avg(us): 8643, Min(us): 6783, Max(us): 44366, 99th(us): 11000, 99.9th(us): 13000, 99.99th(us): 43000
READ   - Takes(s): 70.0, Count: 316486, OPS: 4523.4, Avg(us): 1751, Min(us): 943, Max(us): 82275, 99th(us): 3000, 99.9th(us): 4000, 99.99th(us): 34000
UPDATE - Takes(s): 69.9, Count: 16382, OPS: 234.3, Avg(us): 8640, Min(us): 6783, Max(us): 44366, 99th(us): 11000, 99.9th(us): 13000, 99.99th(us): 43000
READ   - Takes(s): 80.0, Count: 361489, OPS: 4520.6, Avg(us): 1751, Min(us): 936, Max(us): 82275, 99th(us): 3000, 99.9th(us): 4000, 99.99th(us): 34000
UPDATE - Takes(s): 79.9, Count: 18748, OPS: 234.6, Avg(us): 8645, Min(us): 6783, Max(us): 44366, 99th(us): 11000, 99.9th(us): 13000, 99.99th(us): 43000
READ   - Takes(s): 90.0, Count: 406845, OPS: 4522.2, Avg(us): 1750, Min(us): 936, Max(us): 82275, 99th(us): 3000, 99.9th(us): 4000, 99.99th(us): 34000
UPDATE - Takes(s): 89.9, Count: 21106, OPS: 234.7, Avg(us): 8646, Min(us): 6783, Max(us): 44366, 99th(us): 11000, 99.9th(us): 13000, 99.99th(us): 42000
READ   - Takes(s): 100.0, Count: 452340, OPS: 4525.0, Avg(us): 1748, Min(us): 936, Max(us): 82275, 99th(us): 3000, 99.9th(us): 4000, 99.99th(us): 34000
UPDATE - Takes(s): 99.9, Count: 23464, OPS: 234.8, Avg(us): 8643, Min(us): 6783, Max(us): 44366, 99th(us): 11000, 99.9th(us): 13000, 99.99th(us): 42000
READ   - Takes(s): 110.0, Count: 497657, OPS: 4525.6, Avg(us): 1748, Min(us): 936, Max(us): 82275, 99th(us): 3000, 99.9th(us): 4000, 99.99th(us): 34000
UPDATE - Takes(s): 109.9, Count: 25858, OPS: 235.2, Avg(us): 8638, Min(us): 6783, Max(us): 44366, 99th(us): 11000, 99.9th(us): 13000, 99.99th(us): 42000
READ   - Takes(s): 120.0, Count: 542930, OPS: 4525.7, Avg(us): 1747, Min(us): 936, Max(us): 82275, 99th(us): 3000, 99.9th(us): 4000, 99.99th(us): 34000
UPDATE - Takes(s): 119.9, Count: 28258, OPS: 235.6, Avg(us): 8638, Min(us): 6783, Max(us): 44366, 99th(us): 11000, 99.9th(us): 13000, 99.99th(us): 42000
READ   - Takes(s): 130.0, Count: 587991, OPS: 4524.2, Avg(us): 1746, Min(us): 936, Max(us): 82275, 99th(us): 3000, 99.9th(us): 4000, 99.99th(us): 34000
UPDATE - Takes(s): 129.9, Count: 30719, OPS: 236.4, Avg(us): 8637, Min(us): 6783, Max(us): 45335, 99th(us): 11000, 99.9th(us): 13000, 99.99th(us): 42000
READ   - Takes(s): 140.0, Count: 633480, OPS: 4526.0, Avg(us): 1745, Min(us): 936, Max(us): 82275, 99th(us): 3000, 99.9th(us): 4000, 99.99th(us): 34000
UPDATE - Takes(s): 139.9, Count: 33062, OPS: 236.3, Avg(us): 8637, Min(us): 6783, Max(us): 45335, 99th(us): 11000, 99.9th(us): 13000, 99.99th(us): 42000
READ   - Takes(s): 150.0, Count: 678661, OPS: 4525.4, Avg(us): 1745, Min(us): 936, Max(us): 82275, 99th(us): 3000, 99.9th(us): 4000, 99.99th(us): 34000
UPDATE - Takes(s): 149.9, Count: 35428, OPS: 236.3, Avg(us): 8641, Min(us): 6783, Max(us): 45335, 99th(us): 11000, 99.9th(us): 13000, 99.99th(us): 43000
READ   - Takes(s): 160.0, Count: 724101, OPS: 4526.6, Avg(us): 1745, Min(us): 913, Max(us): 82275, 99th(us): 3000, 99.9th(us): 4000, 99.99th(us): 34000
UPDATE - Takes(s): 159.9, Count: 37779, OPS: 236.2, Avg(us): 8642, Min(us): 6783, Max(us): 45335, 99th(us): 11000, 99.9th(us): 13000, 99.99th(us): 43000
READ   - Takes(s): 170.0, Count: 769136, OPS: 4525.2, Avg(us): 1745, Min(us): 913, Max(us): 82275, 99th(us): 3000, 99.9th(us): 4000, 99.99th(us): 34000
UPDATE - Takes(s): 169.9, Count: 40203, OPS: 236.6, Avg(us): 8642, Min(us): 6783, Max(us): 45335, 99th(us): 11000, 99.9th(us): 13000, 99.99th(us): 42000
READ   - Takes(s): 180.0, Count: 814536, OPS: 4526.1, Avg(us): 1744, Min(us): 913, Max(us): 82275, 99th(us): 3000, 99.9th(us): 4000, 99.99th(us): 34000
UPDATE - Takes(s): 179.9, Count: 42570, OPS: 236.6, Avg(us): 8643, Min(us): 6783, Max(us): 45335, 99th(us): 11000, 99.9th(us): 14000, 99.99th(us): 42000
READ   - Takes(s): 190.0, Count: 859149, OPS: 4522.7, Avg(us): 1744, Min(us): 913, Max(us): 82275, 99th(us): 3000, 99.9th(us): 4000, 99.99th(us): 34000
UPDATE - Takes(s): 189.9, Count: 45093, OPS: 237.4, Avg(us): 8642, Min(us): 6673, Max(us): 45335, 99th(us): 11000, 99.9th(us): 14000, 99.99th(us): 43000
READ   - Takes(s): 200.0, Count: 904850, OPS: 4525.0, Avg(us): 1744, Min(us): 913, Max(us): 82275, 99th(us): 3000, 99.9th(us): 4000, 99.99th(us): 34000
UPDATE - Takes(s): 199.9, Count: 47389, OPS: 237.0, Avg(us): 8641, Min(us): 6673, Max(us): 45335, 99th(us): 11000, 99.9th(us): 14000, 99.99th(us): 43000
READ   - Takes(s): 210.0, Count: 949016, OPS: 4519.8, Avg(us): 1744, Min(us): 913, Max(us): 82275, 99th(us): 3000, 99.9th(us): 4000, 99.99th(us): 34000
UPDATE - Takes(s): 209.9, Count: 49709, OPS: 236.8, Avg(us): 8642, Min(us): 6673, Max(us): 45335, 99th(us): 11000, 99.9th(us): 13000, 99.99th(us): 43000
Run finished, takes 3m31.362106012s
READ   - Takes(s): 211.3, Count: 950234, OPS: 4496.5, Avg(us): 1744, Min(us): 913, Max(us): 82275, 99th(us): 3000, 99.9th(us): 4000, 99.99th(us): 34000
UPDATE - Takes(s): 211.3, Count: 49766, OPS: 235.5, Avg(us): 8642, Min(us): 6673, Max(us): 45335, 99th(us): 11000, 99.9th(us): 13000, 99.99th(us): 43000
[2022/06/06 13:37:48.160 -05:00] [INFO] [client.go:754] ["[pd] stop fetching the pending tso requests due to context canceled"] [dc-location=global]
[2022/06/06 13:37:48.160 -05:00] [INFO] [client.go:692] ["[pd] exit tso dispatcher"] [dc-location=global]
