[2022/06/06 13:48:52.830 -05:00] [INFO] [client.go:378] ["[pd] create pd client with endpoints"] [pd-address="[10.10.1.4:2379]"]
[2022/06/06 13:48:52.836 -05:00] [INFO] [base_client.go:350] ["[pd] switch leader"] [new-leader=http://10.10.1.4:2379] [old-leader=]
[2022/06/06 13:48:52.836 -05:00] [INFO] [base_client.go:105] ["[pd] init cluster id"] [cluster-id=7106192817000404639]
[2022/06/06 13:48:52.836 -05:00] [INFO] [client.go:673] ["[pd] tso dispatcher created"] [dc-location=global]
***************** properties *****************
"tikv.type"="raw"
"operationcount"="1000000"
"readproportion"="0.95"
"recordcount"="1000000"
"tikv.conncount"="128"
"debug.pprof"=":6060"
"verbose"="false"
"updateproportion"="0.05"
"workload"="core"
"tikv.pd"="10.10.1.4:2379"
"tikv.batchsize"="128"
"dotransactions"="true"
"scanproportion"="0"
"requestdistribution"="uniform"
"threadcount"="55"
"readallfields"="true"
"insertproportion"="0"
**********************************************
READ   - Takes(s): 10.0, Count: 158874, OPS: 15950.6, Avg(us): 2738, Min(us): 678, Max(us): 97907, 99th(us): 11000, 99.9th(us): 42000, 99.99th(us): 91000
UPDATE - Takes(s): 9.9, Count: 8312, OPS: 839.4, Avg(us): 13566, Min(us): 4981, Max(us): 115545, 99th(us): 30000, 99.9th(us): 69000, 99.99th(us): 114000
READ   - Takes(s): 20.0, Count: 323250, OPS: 16194.7, Avg(us): 2698, Min(us): 678, Max(us): 97907, 99th(us): 11000, 99.9th(us): 31000, 99.99th(us): 89000
UPDATE - Takes(s): 19.9, Count: 16931, OPS: 850.7, Avg(us): 13231, Min(us): 4981, Max(us): 115545, 99th(us): 29000, 99.9th(us): 76000, 99.99th(us): 114000
READ   - Takes(s): 30.0, Count: 486621, OPS: 16242.1, Avg(us): 2691, Min(us): 678, Max(us): 97907, 99th(us): 11000, 99.9th(us): 23000, 99.99th(us): 87000
UPDATE - Takes(s): 29.9, Count: 25541, OPS: 854.1, Avg(us): 13103, Min(us): 4981, Max(us): 115545, 99th(us): 28000, 99.9th(us): 70000, 99.99th(us): 106000
READ   - Takes(s): 40.0, Count: 650807, OPS: 16286.3, Avg(us): 2682, Min(us): 677, Max(us): 105331, 99th(us): 10000, 99.9th(us): 21000, 99.99th(us): 90000
UPDATE - Takes(s): 39.9, Count: 34215, OPS: 857.5, Avg(us): 13053, Min(us): 4981, Max(us): 115545, 99th(us): 27000, 99.9th(us): 70000, 99.99th(us): 112000
READ   - Takes(s): 50.0, Count: 811505, OPS: 16243.0, Avg(us): 2690, Min(us): 677, Max(us): 105331, 99th(us): 11000, 99.9th(us): 20000, 99.99th(us): 89000
UPDATE - Takes(s): 49.9, Count: 42635, OPS: 854.4, Avg(us): 13072, Min(us): 4981, Max(us): 115545, 99th(us): 27000, 99.9th(us): 73000, 99.99th(us): 106000
Run finished, takes 58.902458757s
READ   - Takes(s): 58.9, Count: 949924, OPS: 16138.1, Avg(us): 2680, Min(us): 677, Max(us): 105331, 99th(us): 11000, 99.9th(us): 20000, 99.99th(us): 88000
UPDATE - Takes(s): 58.8, Count: 50030, OPS: 850.8, Avg(us): 13024, Min(us): 4981, Max(us): 115545, 99th(us): 27000, 99.9th(us): 76000, 99.99th(us): 106000
[2022/06/06 13:49:51.740 -05:00] [INFO] [client.go:754] ["[pd] stop fetching the pending tso requests due to context canceled"] [dc-location=global]
[2022/06/06 13:49:51.740 -05:00] [INFO] [client.go:692] ["[pd] exit tso dispatcher"] [dc-location=global]
