[2022/06/06 13:56:44.394 -05:00] [INFO] [client.go:378] ["[pd] create pd client with endpoints"] [pd-address="[10.10.1.4:2379]"]
[2022/06/06 13:56:44.399 -05:00] [INFO] [base_client.go:350] ["[pd] switch leader"] [new-leader=http://10.10.1.4:2379] [old-leader=]
[2022/06/06 13:56:44.399 -05:00] [INFO] [base_client.go:105] ["[pd] init cluster id"] [cluster-id=7106192817000404639]
[2022/06/06 13:56:44.400 -05:00] [INFO] [client.go:673] ["[pd] tso dispatcher created"] [dc-location=global]
***************** properties *****************
"readproportion"="0.95"
"tikv.type"="raw"
"verbose"="false"
"dotransactions"="true"
"operationcount"="1000000"
"debug.pprof"=":6060"
"readallfields"="true"
"workload"="core"
"threadcount"="95"
"requestdistribution"="uniform"
"tikv.pd"="10.10.1.4:2379"
"recordcount"="1000000"
"tikv.conncount"="128"
"tikv.batchsize"="128"
"updateproportion"="0.05"
"scanproportion"="0"
"insertproportion"="0"
**********************************************
READ   - Takes(s): 10.0, Count: 159041, OPS: 15979.6, Avg(us): 4860, Min(us): 694, Max(us): 102984, 99th(us): 26000, 99.9th(us): 53000, 99.99th(us): 98000
UPDATE - Takes(s): 9.9, Count: 8489, OPS: 854.3, Avg(us): 20511, Min(us): 5168, Max(us): 138170, 99th(us): 57000, 99.9th(us): 95000, 99.99th(us): 139000
READ   - Takes(s): 20.0, Count: 320671, OPS: 16071.4, Avg(us): 4823, Min(us): 646, Max(us): 102984, 99th(us): 26000, 99.9th(us): 48000, 99.99th(us): 96000
UPDATE - Takes(s): 19.9, Count: 17027, OPS: 854.0, Avg(us): 20484, Min(us): 5168, Max(us): 138170, 99th(us): 58000, 99.9th(us): 91000, 99.99th(us): 123000
READ   - Takes(s): 30.0, Count: 481555, OPS: 16075.2, Avg(us): 4815, Min(us): 646, Max(us): 102984, 99th(us): 26000, 99.9th(us): 47000, 99.99th(us): 95000
UPDATE - Takes(s): 29.9, Count: 25658, OPS: 856.9, Avg(us): 20462, Min(us): 5168, Max(us): 138170, 99th(us): 57000, 99.9th(us): 89000, 99.99th(us): 123000
READ   - Takes(s): 40.0, Count: 642963, OPS: 16093.1, Avg(us): 4814, Min(us): 646, Max(us): 102984, 99th(us): 26000, 99.9th(us): 47000, 99.99th(us): 95000
UPDATE - Takes(s): 39.9, Count: 34096, OPS: 853.7, Avg(us): 20426, Min(us): 5100, Max(us): 138170, 99th(us): 56000, 99.9th(us): 90000, 99.99th(us): 123000
READ   - Takes(s): 50.0, Count: 804551, OPS: 16106.2, Avg(us): 4810, Min(us): 646, Max(us): 102984, 99th(us): 26000, 99.9th(us): 47000, 99.99th(us): 94000
UPDATE - Takes(s): 49.9, Count: 42678, OPS: 854.6, Avg(us): 20390, Min(us): 4805, Max(us): 138170, 99th(us): 56000, 99.9th(us): 87000, 99.99th(us): 122000
Run finished, takes 59.539526467s
READ   - Takes(s): 59.5, Count: 949655, OPS: 15962.7, Avg(us): 4793, Min(us): 646, Max(us): 111529, 99th(us): 26000, 99.9th(us): 47000, 99.99th(us): 96000
UPDATE - Takes(s): 59.5, Count: 50312, OPS: 845.9, Avg(us): 20321, Min(us): 4805, Max(us): 144325, 99th(us): 56000, 99.9th(us): 91000, 99.99th(us): 123000
[2022/06/06 13:57:43.940 -05:00] [INFO] [client.go:754] ["[pd] stop fetching the pending tso requests due to context canceled"] [dc-location=global]
[2022/06/06 13:57:43.940 -05:00] [INFO] [client.go:692] ["[pd] exit tso dispatcher"] [dc-location=global]
