[2022/06/06 13:50:50.455 -05:00] [INFO] [client.go:378] ["[pd] create pd client with endpoints"] [pd-address="[10.10.1.4:2379]"]
[2022/06/06 13:50:50.460 -05:00] [INFO] [base_client.go:350] ["[pd] switch leader"] [new-leader=http://10.10.1.4:2379] [old-leader=]
[2022/06/06 13:50:50.460 -05:00] [INFO] [base_client.go:105] ["[pd] init cluster id"] [cluster-id=7106192817000404639]
[2022/06/06 13:50:50.461 -05:00] [INFO] [client.go:673] ["[pd] tso dispatcher created"] [dc-location=global]
***************** properties *****************
"operationcount"="1000000"
"debug.pprof"=":6060"
"tikv.batchsize"="128"
"tikv.type"="raw"
"threadcount"="65"
"verbose"="false"
"dotransactions"="true"
"updateproportion"="0.05"
"workload"="core"
"insertproportion"="0"
"readproportion"="0.95"
"recordcount"="1000000"
"tikv.pd"="10.10.1.4:2379"
"readallfields"="true"
"scanproportion"="0"
"requestdistribution"="uniform"
"tikv.conncount"="128"
**********************************************
READ   - Takes(s): 10.0, Count: 161847, OPS: 16248.8, Avg(us): 3226, Min(us): 688, Max(us): 110198, 99th(us): 14000, 99.9th(us): 46000, 99.99th(us): 92000
UPDATE - Takes(s): 9.9, Count: 8433, OPS: 849.1, Avg(us): 14908, Min(us): 5467, Max(us): 133737, 99th(us): 32000, 99.9th(us): 85000, 99.99th(us): 134000
READ   - Takes(s): 20.0, Count: 326470, OPS: 16355.8, Avg(us): 3187, Min(us): 662, Max(us): 110198, 99th(us): 14000, 99.9th(us): 41000, 99.99th(us): 89000
UPDATE - Takes(s): 19.9, Count: 17182, OPS: 862.1, Avg(us): 14862, Min(us): 4987, Max(us): 133737, 99th(us): 32000, 99.9th(us): 80000, 99.99th(us): 110000
READ   - Takes(s): 30.0, Count: 491677, OPS: 16410.9, Avg(us): 3175, Min(us): 662, Max(us): 110198, 99th(us): 13000, 99.9th(us): 38000, 99.99th(us): 88000
UPDATE - Takes(s): 29.9, Count: 25743, OPS: 860.1, Avg(us): 14886, Min(us): 4987, Max(us): 133737, 99th(us): 32000, 99.9th(us): 78000, 99.99th(us): 110000
READ   - Takes(s): 40.0, Count: 655828, OPS: 16411.9, Avg(us): 3173, Min(us): 662, Max(us): 110198, 99th(us): 13000, 99.9th(us): 33000, 99.99th(us): 87000
UPDATE - Takes(s): 39.9, Count: 34407, OPS: 861.7, Avg(us): 14859, Min(us): 4987, Max(us): 133737, 99th(us): 32000, 99.9th(us): 78000, 99.99th(us): 108000
READ   - Takes(s): 50.0, Count: 822079, OPS: 16454.6, Avg(us): 3161, Min(us): 662, Max(us): 110198, 99th(us): 13000, 99.9th(us): 31000, 99.99th(us): 88000
UPDATE - Takes(s): 49.9, Count: 43344, OPS: 868.1, Avg(us): 14801, Min(us): 4987, Max(us): 133737, 99th(us): 32000, 99.9th(us): 80000, 99.99th(us): 113000
Run finished, takes 58.322190336s
READ   - Takes(s): 58.3, Count: 950044, OPS: 16300.7, Avg(us): 3146, Min(us): 662, Max(us): 110198, 99th(us): 13000, 99.9th(us): 25000, 99.99th(us): 87000
UPDATE - Takes(s): 58.3, Count: 49916, OPS: 856.9, Avg(us): 14742, Min(us): 4987, Max(us): 133737, 99th(us): 32000, 99.9th(us): 76000, 99.99th(us): 113000
[2022/06/06 13:51:48.784 -05:00] [INFO] [client.go:754] ["[pd] stop fetching the pending tso requests due to context canceled"] [dc-location=global]
[2022/06/06 13:51:48.784 -05:00] [INFO] [client.go:692] ["[pd] exit tso dispatcher"] [dc-location=global]
