[2022/06/06 14:01:45.994 -05:00] [INFO] [client.go:378] ["[pd] create pd client with endpoints"] [pd-address="[10.10.1.4:2379]"]
[2022/06/06 14:01:45.999 -05:00] [INFO] [base_client.go:350] ["[pd] switch leader"] [new-leader=http://10.10.1.4:2379] [old-leader=]
[2022/06/06 14:01:45.999 -05:00] [INFO] [base_client.go:105] ["[pd] init cluster id"] [cluster-id=7106192817000404639]
[2022/06/06 14:01:45.999 -05:00] [INFO] [client.go:673] ["[pd] tso dispatcher created"] [dc-location=global]
***************** properties *****************
"recordcount"="1000000"
"workload"="core"
"requestdistribution"="uniform"
"tikv.type"="raw"
"threadcount"="120"
"scanproportion"="0"
"operationcount"="1000000"
"verbose"="false"
"debug.pprof"=":6060"
"tikv.pd"="10.10.1.4:2379"
"tikv.batchsize"="128"
"dotransactions"="true"
"updateproportion"="0.05"
"tikv.conncount"="128"
"insertproportion"="0"
"readproportion"="0.95"
"readallfields"="true"
**********************************************
READ   - Takes(s): 10.0, Count: 157564, OPS: 15827.8, Avg(us): 6288, Min(us): 748, Max(us): 134477, 99th(us): 37000, 99.9th(us): 73000, 99.99th(us): 131000
UPDATE - Takes(s): 9.9, Count: 8237, OPS: 832.5, Avg(us): 25023, Min(us): 5637, Max(us): 160170, 99th(us): 70000, 99.9th(us): 106000, 99.99th(us): 158000
READ   - Takes(s): 20.0, Count: 317511, OPS: 15911.5, Avg(us): 6233, Min(us): 692, Max(us): 134477, 99th(us): 36000, 99.9th(us): 62000, 99.99th(us): 130000
UPDATE - Takes(s): 19.9, Count: 16560, OPS: 832.4, Avg(us): 25092, Min(us): 5637, Max(us): 160170, 99th(us): 71000, 99.9th(us): 95000, 99.99th(us): 131000
READ   - Takes(s): 30.0, Count: 474990, OPS: 15856.9, Avg(us): 6242, Min(us): 692, Max(us): 134477, 99th(us): 36000, 99.9th(us): 61000, 99.99th(us): 105000
UPDATE - Takes(s): 29.9, Count: 24861, OPS: 831.6, Avg(us): 25260, Min(us): 5637, Max(us): 160170, 99th(us): 73000, 99.9th(us): 101000, 99.99th(us): 153000
READ   - Takes(s): 40.0, Count: 634939, OPS: 15891.4, Avg(us): 6227, Min(us): 692, Max(us): 134477, 99th(us): 36000, 99.9th(us): 61000, 99.99th(us): 105000
UPDATE - Takes(s): 39.9, Count: 33111, OPS: 830.0, Avg(us): 25283, Min(us): 5637, Max(us): 160170, 99th(us): 74000, 99.9th(us): 101000, 99.99th(us): 153000
READ   - Takes(s): 50.0, Count: 793240, OPS: 15879.2, Avg(us): 6226, Min(us): 692, Max(us): 134477, 99th(us): 35000, 99.9th(us): 61000, 99.99th(us): 100000
UPDATE - Takes(s): 49.9, Count: 41555, OPS: 832.9, Avg(us): 25291, Min(us): 5637, Max(us): 160170, 99th(us): 74000, 99.9th(us): 101000, 99.99th(us): 148000
READ   - Takes(s): 60.0, Count: 949579, OPS: 15838.3, Avg(us): 6192, Min(us): 692, Max(us): 134477, 99th(us): 35000, 99.9th(us): 61000, 99.99th(us): 98000
UPDATE - Takes(s): 59.9, Count: 49662, OPS: 829.2, Avg(us): 25257, Min(us): 5624, Max(us): 160170, 99th(us): 74000, 99.9th(us): 101000, 99.99th(us): 134000
Run finished, takes 1m0.304528039s
READ   - Takes(s): 60.3, Count: 950247, OPS: 15769.3, Avg(us): 6189, Min(us): 692, Max(us): 134477, 99th(us): 35000, 99.9th(us): 61000, 99.99th(us): 98000
UPDATE - Takes(s): 60.2, Count: 49712, OPS: 825.8, Avg(us): 25241, Min(us): 5624, Max(us): 160170, 99th(us): 74000, 99.9th(us): 101000, 99.99th(us): 148000
[2022/06/06 14:02:46.305 -05:00] [INFO] [client.go:754] ["[pd] stop fetching the pending tso requests due to context canceled"] [dc-location=global]
[2022/06/06 14:02:46.305 -05:00] [INFO] [client.go:692] ["[pd] exit tso dispatcher"] [dc-location=global]
