[2022/06/06 13:44:38.097 -05:00] [INFO] [client.go:378] ["[pd] create pd client with endpoints"] [pd-address="[10.10.1.4:2379]"]
[2022/06/06 13:44:38.102 -05:00] [INFO] [base_client.go:350] ["[pd] switch leader"] [new-leader=http://10.10.1.4:2379] [old-leader=]
[2022/06/06 13:44:38.102 -05:00] [INFO] [base_client.go:105] ["[pd] init cluster id"] [cluster-id=7106192817000404639]
[2022/06/06 13:44:38.103 -05:00] [INFO] [client.go:673] ["[pd] tso dispatcher created"] [dc-location=global]
***************** properties *****************
"insertproportion"="0"
"tikv.type"="raw"
"readallfields"="true"
"operationcount"="1000000"
"verbose"="false"
"threadcount"="35"
"workload"="core"
"tikv.pd"="10.10.1.4:2379"
"tikv.conncount"="128"
"tikv.batchsize"="128"
"dotransactions"="true"
"updateproportion"="0.05"
"scanproportion"="0"
"recordcount"="1000000"
"debug.pprof"=":6060"
"requestdistribution"="uniform"
"readproportion"="0.95"
**********************************************
READ   - Takes(s): 10.0, Count: 132055, OPS: 13255.9, Avg(us): 2095, Min(us): 782, Max(us): 93181, 99th(us): 6000, 99.9th(us): 13000, 99.99th(us): 76000
UPDATE - Takes(s): 9.9, Count: 6932, OPS: 699.4, Avg(us): 10338, Min(us): 5624, Max(us): 106688, 99th(us): 17000, 99.9th(us): 75000, 99.99th(us): 107000
READ   - Takes(s): 20.0, Count: 265267, OPS: 13288.6, Avg(us): 2079, Min(us): 758, Max(us): 93181, 99th(us): 6000, 99.9th(us): 11000, 99.99th(us): 72000
UPDATE - Takes(s): 19.9, Count: 14052, OPS: 705.7, Avg(us): 10343, Min(us): 5624, Max(us): 106688, 99th(us): 17000, 99.9th(us): 69000, 99.99th(us): 105000
READ   - Takes(s): 30.0, Count: 398151, OPS: 13288.5, Avg(us): 2076, Min(us): 720, Max(us): 93181, 99th(us): 6000, 99.9th(us): 10000, 99.99th(us): 72000
UPDATE - Takes(s): 29.9, Count: 21141, OPS: 706.8, Avg(us): 10335, Min(us): 5527, Max(us): 106688, 99th(us): 17000, 99.9th(us): 64000, 99.99th(us): 89000
READ   - Takes(s): 40.0, Count: 532038, OPS: 13313.4, Avg(us): 2071, Min(us): 720, Max(us): 93181, 99th(us): 6000, 99.9th(us): 10000, 99.99th(us): 72000
UPDATE - Takes(s): 39.9, Count: 28330, OPS: 709.8, Avg(us): 10300, Min(us): 5527, Max(us): 106688, 99th(us): 17000, 99.9th(us): 63000, 99.99th(us): 89000
READ   - Takes(s): 50.0, Count: 666856, OPS: 13347.3, Avg(us): 2066, Min(us): 720, Max(us): 93181, 99th(us): 6000, 99.9th(us): 10000, 99.99th(us): 71000
UPDATE - Takes(s): 49.9, Count: 35432, OPS: 709.9, Avg(us): 10284, Min(us): 5509, Max(us): 106688, 99th(us): 17000, 99.9th(us): 64000, 99.99th(us): 87000
READ   - Takes(s): 60.0, Count: 801243, OPS: 13362.5, Avg(us): 2064, Min(us): 720, Max(us): 93181, 99th(us): 6000, 99.9th(us): 10000, 99.99th(us): 71000
UPDATE - Takes(s): 59.9, Count: 42570, OPS: 710.5, Avg(us): 10252, Min(us): 5351, Max(us): 106688, 99th(us): 17000, 99.9th(us): 63000, 99.99th(us): 84000
READ   - Takes(s): 70.0, Count: 936468, OPS: 13385.4, Avg(us): 2062, Min(us): 665, Max(us): 93181, 99th(us): 6000, 99.9th(us): 10000, 99.99th(us): 71000
UPDATE - Takes(s): 69.9, Count: 49594, OPS: 709.4, Avg(us): 10242, Min(us): 5351, Max(us): 106688, 99th(us): 17000, 99.9th(us): 62000, 99.99th(us): 84000
Run finished, takes 1m11.428498803s
READ   - Takes(s): 71.4, Count: 949715, OPS: 13303.5, Avg(us): 2060, Min(us): 665, Max(us): 93181, 99th(us): 6000, 99.9th(us): 10000, 99.99th(us): 71000
UPDATE - Takes(s): 71.3, Count: 50269, OPS: 704.7, Avg(us): 10235, Min(us): 5351, Max(us): 106688, 99th(us): 17000, 99.9th(us): 61000, 99.99th(us): 84000
[2022/06/06 13:45:49.532 -05:00] [INFO] [client.go:754] ["[pd] stop fetching the pending tso requests due to context canceled"] [dc-location=global]
[2022/06/06 13:45:49.532 -05:00] [INFO] [client.go:692] ["[pd] exit tso dispatcher"] [dc-location=global]
