[2022/06/06 13:52:47.235 -05:00] [INFO] [client.go:378] ["[pd] create pd client with endpoints"] [pd-address="[10.10.1.4:2379]"]
[2022/06/06 13:52:47.243 -05:00] [INFO] [base_client.go:350] ["[pd] switch leader"] [new-leader=http://10.10.1.4:2379] [old-leader=]
[2022/06/06 13:52:47.243 -05:00] [INFO] [base_client.go:105] ["[pd] init cluster id"] [cluster-id=7106192817000404639]
[2022/06/06 13:52:47.243 -05:00] [INFO] [client.go:673] ["[pd] tso dispatcher created"] [dc-location=global]
***************** properties *****************
"scanproportion"="0"
"recordcount"="1000000"
"readproportion"="0.95"
"tikv.conncount"="128"
"readallfields"="true"
"tikv.pd"="10.10.1.4:2379"
"insertproportion"="0"
"tikv.batchsize"="128"
"threadcount"="75"
"updateproportion"="0.05"
"debug.pprof"=":6060"
"tikv.type"="raw"
"dotransactions"="true"
"requestdistribution"="uniform"
"operationcount"="1000000"
"verbose"="false"
"workload"="core"
**********************************************
READ   - Takes(s): 10.0, Count: 161600, OPS: 16227.6, Avg(us): 3745, Min(us): 653, Max(us): 106170, 99th(us): 18000, 99.9th(us): 44000, 99.99th(us): 98000
UPDATE - Takes(s): 9.9, Count: 8538, OPS: 860.0, Avg(us): 16687, Min(us): 5283, Max(us): 127023, 99th(us): 44000, 99.9th(us): 94000, 99.99th(us): 128000
READ   - Takes(s): 20.0, Count: 325405, OPS: 16304.4, Avg(us): 3724, Min(us): 653, Max(us): 106170, 99th(us): 18000, 99.9th(us): 35000, 99.99th(us): 97000
UPDATE - Takes(s): 19.9, Count: 17204, OPS: 863.3, Avg(us): 16503, Min(us): 5283, Max(us): 127023, 99th(us): 42000, 99.9th(us): 86000, 99.99th(us): 121000
READ   - Takes(s): 30.0, Count: 487829, OPS: 16283.6, Avg(us): 3728, Min(us): 653, Max(us): 106170, 99th(us): 18000, 99.9th(us): 32000, 99.99th(us): 86000
UPDATE - Takes(s): 29.9, Count: 25782, OPS: 861.5, Avg(us): 16491, Min(us): 5160, Max(us): 127023, 99th(us): 41000, 99.9th(us): 83000, 99.99th(us): 112000
READ   - Takes(s): 40.0, Count: 650525, OPS: 16280.2, Avg(us): 3725, Min(us): 632, Max(us): 106170, 99th(us): 18000, 99.9th(us): 31000, 99.99th(us): 93000
UPDATE - Takes(s): 39.9, Count: 34385, OPS: 861.2, Avg(us): 16539, Min(us): 5145, Max(us): 127023, 99th(us): 41000, 99.9th(us): 86000, 99.99th(us): 108000
READ   - Takes(s): 50.0, Count: 811662, OPS: 16246.8, Avg(us): 3727, Min(us): 632, Max(us): 106170, 99th(us): 18000, 99.9th(us): 30000, 99.99th(us): 88000
UPDATE - Takes(s): 49.9, Count: 42893, OPS: 859.1, Avg(us): 16664, Min(us): 5145, Max(us): 127023, 99th(us): 42000, 99.9th(us): 85000, 99.99th(us): 108000
Run finished, takes 58.8083593s
READ   - Takes(s): 58.8, Count: 949797, OPS: 16162.2, Avg(us): 3710, Min(us): 632, Max(us): 106170, 99th(us): 18000, 99.9th(us): 31000, 99.99th(us): 87000
UPDATE - Takes(s): 58.7, Count: 50175, OPS: 854.2, Avg(us): 16588, Min(us): 5145, Max(us): 127023, 99th(us): 42000, 99.9th(us): 83000, 99.99th(us): 107000
[2022/06/06 13:53:46.053 -05:00] [INFO] [client.go:754] ["[pd] stop fetching the pending tso requests due to context canceled"] [dc-location=global]
[2022/06/06 13:53:46.053 -05:00] [INFO] [client.go:692] ["[pd] exit tso dispatcher"] [dc-location=global]
