[2022/06/06 13:55:45.587 -05:00] [INFO] [client.go:378] ["[pd] create pd client with endpoints"] [pd-address="[10.10.1.4:2379]"]
[2022/06/06 13:55:45.593 -05:00] [INFO] [base_client.go:350] ["[pd] switch leader"] [new-leader=http://10.10.1.4:2379] [old-leader=]
[2022/06/06 13:55:45.593 -05:00] [INFO] [base_client.go:105] ["[pd] init cluster id"] [cluster-id=7106192817000404639]
[2022/06/06 13:55:45.593 -05:00] [INFO] [client.go:673] ["[pd] tso dispatcher created"] [dc-location=global]
***************** properties *****************
"readallfields"="true"
"threadcount"="90"
"tikv.batchsize"="128"
"verbose"="false"
"workload"="core"
"insertproportion"="0"
"tikv.pd"="10.10.1.4:2379"
"tikv.type"="raw"
"requestdistribution"="uniform"
"readproportion"="0.95"
"operationcount"="1000000"
"recordcount"="1000000"
"debug.pprof"=":6060"
"tikv.conncount"="128"
"updateproportion"="0.05"
"dotransactions"="true"
"scanproportion"="0"
**********************************************
READ   - Takes(s): 10.0, Count: 159450, OPS: 16020.5, Avg(us): 4517, Min(us): 674, Max(us): 97924, 99th(us): 23000, 99.9th(us): 55000, 99.99th(us): 93000
UPDATE - Takes(s): 9.9, Count: 8498, OPS: 856.3, Avg(us): 20843, Min(us): 5919, Max(us): 119871, 99th(us): 53000, 99.9th(us): 87000, 99.99th(us): 120000
READ   - Takes(s): 20.0, Count: 324527, OPS: 16264.7, Avg(us): 4460, Min(us): 674, Max(us): 97924, 99th(us): 23000, 99.9th(us): 47000, 99.99th(us): 92000
UPDATE - Takes(s): 19.9, Count: 16991, OPS: 852.8, Avg(us): 20485, Min(us): 5770, Max(us): 119871, 99th(us): 53000, 99.9th(us): 87000, 99.99th(us): 120000
READ   - Takes(s): 30.0, Count: 487235, OPS: 16266.7, Avg(us): 4467, Min(us): 674, Max(us): 97924, 99th(us): 23000, 99.9th(us): 45000, 99.99th(us): 92000
UPDATE - Takes(s): 29.9, Count: 25536, OPS: 853.4, Avg(us): 20240, Min(us): 5646, Max(us): 132174, 99th(us): 52000, 99.9th(us): 87000, 99.99th(us): 120000
READ   - Takes(s): 40.0, Count: 657088, OPS: 16446.6, Avg(us): 4420, Min(us): 669, Max(us): 97924, 99th(us): 23000, 99.9th(us): 43000, 99.99th(us): 92000
UPDATE - Takes(s): 39.9, Count: 34562, OPS: 865.7, Avg(us): 19890, Min(us): 4900, Max(us): 132174, 99th(us): 51000, 99.9th(us): 81000, 99.99th(us): 119000
READ   - Takes(s): 50.0, Count: 817338, OPS: 16362.1, Avg(us): 4449, Min(us): 667, Max(us): 97924, 99th(us): 23000, 99.9th(us): 42000, 99.99th(us): 91000
UPDATE - Takes(s): 49.9, Count: 43124, OPS: 863.8, Avg(us): 19801, Min(us): 4900, Max(us): 132174, 99th(us): 52000, 99.9th(us): 86000, 99.99th(us): 119000
Run finished, takes 58.703149547s
READ   - Takes(s): 58.7, Count: 949934, OPS: 16195.1, Avg(us): 4443, Min(us): 667, Max(us): 97924, 99th(us): 23000, 99.9th(us): 43000, 99.99th(us): 91000
UPDATE - Takes(s): 58.6, Count: 50056, OPS: 853.8, Avg(us): 19640, Min(us): 4900, Max(us): 132772, 99th(us): 52000, 99.9th(us): 89000, 99.99th(us): 120000
[2022/06/06 13:56:44.298 -05:00] [INFO] [client.go:754] ["[pd] stop fetching the pending tso requests due to context canceled"] [dc-location=global]
[2022/06/06 13:56:44.298 -05:00] [INFO] [client.go:692] ["[pd] exit tso dispatcher"] [dc-location=global]
